<?xml version="1.0" ?>
<testsuite errors="0" failures="0" name="TestStringMethods-20160312150459" tests="1" time="0.000">
	<testcase classname="TestStringMethods" name="test_equal" time="0.000"/>
	<system-out>
<![CDATA[]]>	</system-out>
	<system-err>
<![CDATA[]]>	</system-err>
</testsuite>
