<?xml version="1.0" ?>
<testsuite errors="35" failures="0" name="InequalityTest-20160321122223" tests="35" time="34.240">
	<testcase classname="InequalityTest" name="test_IsSignPreface_1" time="0.711">
		<error message="'  best regards ' != '  #z           '
-   best regards 
+   #z           
" type="AssertionError">
<![CDATA[Traceback (most recent call last):
  File "C:/Users/CHRIS/PycharmProjects/Requests/Requests.py", line 25, in test_IsSignPreface_1
    self.assertEqual(Actuval, expected)
AssertionError: '  best regards ' != '  #z           '
-   best regards 
+   #z           

]]>		</error>
	</testcase>
	<testcase classname="InequalityTest" name="test_IsSignPreface_10" time="0.686">
		<error message="'thanks for your time and i hope to see you monday cordially adam bayer' != 'thanks for your time and i hope to see you monday #z        adam bayer'
- thanks for your time and i hope to see you monday cordially adam bayer
?                                                   ^^^^^^^^^
+ thanks for your time and i hope to see you monday #z        adam bayer
?                                                   ^^^^^^^^^
" type="AssertionError">
<![CDATA[Traceback (most recent call last):
  File "C:/Users/CHRIS/PycharmProjects/Requests/Requests.py", line 62, in test_IsSignPreface_10
    self.assertEqual(Actuval, expected)
AssertionError: 'thanks for your time and i hope to see you monday cordially adam bayer' != 'thanks for your time and i hope to see you monday #z        adam bayer'
- thanks for your time and i hope to see you monday cordially adam bayer
?                                                   ^^^^^^^^^
+ thanks for your time and i hope to see you monday #z        adam bayer
?                                                   ^^^^^^^^^

]]>		</error>
	</testcase>
	<testcase classname="InequalityTest" name="test_IsSignPreface_11" time="1.357">
		<error message="&quot;call me if you need some help thanks lee o'donnell&quot; != &quot;call me if you need some help #z     lee o'donnell&quot;
- call me if you need some help thanks lee o'donnell
?                               ^^^^^^
+ call me if you need some help #z     lee o'donnell
?                               ^^^^^^
" type="AssertionError">
<![CDATA[Traceback (most recent call last):
  File "C:/Users/CHRIS/PycharmProjects/Requests/Requests.py", line 67, in test_IsSignPreface_11
    self.assertEqual(Actuval, expected)
AssertionError: "call me if you need some help thanks lee o'donnell" != "call me if you need some help #z     lee o'donnell"
- call me if you need some help thanks lee o'donnell
?                               ^^^^^^
+ call me if you need some help #z     lee o'donnell
?                               ^^^^^^

]]>		</error>
	</testcase>
	<testcase classname="InequalityTest" name="test_IsSignPreface_12" time="0.629">
		<error message="'email  john.fox@idrc.org regards bruce richards' != 'email  john.fox@idrc.org #z      bruce richards'
- email  john.fox@idrc.org regards bruce richards
?                          ^^^^^^^
+ email  john.fox@idrc.org #z      bruce richards
?                          ^^^^^^^
" type="AssertionError">
<![CDATA[Traceback (most recent call last):
  File "C:/Users/CHRIS/PycharmProjects/Requests/Requests.py", line 72, in test_IsSignPreface_12
    self.assertEqual(Actuval, expected)
AssertionError: 'email  john.fox@idrc.org regards bruce richards' != 'email  john.fox@idrc.org #z      bruce richards'
- email  john.fox@idrc.org regards bruce richards
?                          ^^^^^^^
+ email  john.fox@idrc.org #z      bruce richards
?                          ^^^^^^^

]]>		</error>
	</testcase>
	<testcase classname="InequalityTest" name="test_IsSignPreface_14" time="0.663">
		<error message="'i have lost thanks for your help sean ' != 'i have lost #z                   sean '
- i have lost thanks for your help sean 
+ i have lost #z                   sean 
" type="AssertionError">
<![CDATA[Traceback (most recent call last):
  File "C:/Users/CHRIS/PycharmProjects/Requests/Requests.py", line 77, in test_IsSignPreface_14
    self.assertEqual(Actuval, expected)
AssertionError: 'i have lost thanks for your help sean ' != 'i have lost #z                   sean '
- i have lost thanks for your help sean 
+ i have lost #z                   sean 

]]>		</error>
	</testcase>
	<testcase classname="InequalityTest" name="test_IsSignPreface_15" time="2.911">
		<error message="'think about that every time i go there     take care ' != 'think about that every time i go there     #z        '
- think about that every time i go there     take care 
?                                            ^^^^^^^^^
+ think about that every time i go there     #z        
?                                            ^^^^^^^^^
" type="AssertionError">
<![CDATA[Traceback (most recent call last):
  File "C:/Users/CHRIS/PycharmProjects/Requests/Requests.py", line 82, in test_IsSignPreface_15
    self.assertEqual(Actuval, expected)
AssertionError: 'think about that every time i go there     take care ' != 'think about that every time i go there     #z        '
- think about that every time i go there     take care 
?                                            ^^^^^^^^^
+ think about that every time i go there     #z        
?                                            ^^^^^^^^^

]]>		</error>
	</testcase>
	<testcase classname="InequalityTest" name="test_IsSignPreface_16" time="0.701">
		<error message="'coun[20 chars]nada and they are posting with man south thanks again centrina' != 'coun[20 chars]nada and they are posting with man south #z           centrina'
- counter party is transcanada and they are posting with man south thanks again centrina
?                                                                  ^^^^^^^^^^^^
+ counter party is transcanada and they are posting with man south #z           centrina
?                                                                  ^^^^^^^^^^^^
" type="AssertionError">
<![CDATA[Traceback (most recent call last):
  File "C:/Users/CHRIS/PycharmProjects/Requests/Requests.py", line 87, in test_IsSignPreface_16
    self.assertEqual(Actuval, expected)
AssertionError: 'coun[20 chars]nada and they are posting with man south thanks again centrina' != 'coun[20 chars]nada and they are posting with man south #z           centrina'
- counter party is transcanada and they are posting with man south thanks again centrina
?                                                                  ^^^^^^^^^^^^
+ counter party is transcanada and they are posting with man south #z           centrina
?                                                                  ^^^^^^^^^^^^

]]>		</error>
	</testcase>
	<testcase classname="InequalityTest" name="test_IsSignPreface_17" time="0.655">
		<error message="'offe[18 chars]d winter strips online at the time thanks in advance neal wood' != 'offe[18 chars]d winter strips online at the time #z                neal wood'
- offering the summer and winter strips online at the time thanks in advance neal wood
?                                                          ^^^^^^^^^^^^^^^^^
+ offering the summer and winter strips online at the time #z                neal wood
?                                                          ^^^^^^^^^^^^^^^^^
" type="AssertionError">
<![CDATA[Traceback (most recent call last):
  File "C:/Users/CHRIS/PycharmProjects/Requests/Requests.py", line 92, in test_IsSignPreface_17
    self.assertEqual(Actuval, expected)
AssertionError: 'offe[18 chars]d winter strips online at the time thanks in advance neal wood' != 'offe[18 chars]d winter strips online at the time #z                neal wood'
- offering the summer and winter strips online at the time thanks in advance neal wood
?                                                          ^^^^^^^^^^^^^^^^^
+ offering the summer and winter strips online at the time #z                neal wood
?                                                          ^^^^^^^^^^^^^^^^^

]]>		</error>
	</testcase>
	<testcase classname="InequalityTest" name="test_IsSignPreface_18" time="1.310">
		<error message="'email  so i can get in contact all the best cacio carvalho' != 'email  so i can get in contact #z           cacio carvalho'
- email  so i can get in contact all the best cacio carvalho
?                                ^^^^^^^^^^^^
+ email  so i can get in contact #z           cacio carvalho
?                                ^^^^^^^^^^^^
" type="AssertionError">
<![CDATA[Traceback (most recent call last):
  File "C:/Users/CHRIS/PycharmProjects/Requests/Requests.py", line 97, in test_IsSignPreface_18
    self.assertEqual(Actuval, expected)
AssertionError: 'email  so i can get in contact all the best cacio carvalho' != 'email  so i can get in contact #z           cacio carvalho'
- email  so i can get in contact all the best cacio carvalho
?                                ^^^^^^^^^^^^
+ email  so i can get in contact #z           cacio carvalho
?                                ^^^^^^^^^^^^

]]>		</error>
	</testcase>
	<testcase classname="InequalityTest" name="test_IsSignPreface_2" time="0.642">
		<error message="'  regards ' != '  #z      '
-   regards 
+   #z      
" type="AssertionError">
<![CDATA[Traceback (most recent call last):
  File "C:/Users/CHRIS/PycharmProjects/Requests/Requests.py", line 30, in test_IsSignPreface_2
    self.assertEqual(Actuval, expected)
AssertionError: '  regards ' != '  #z      '
-   regards 
+   #z      

]]>		</error>
	</testcase>
	<testcase classname="InequalityTest" name="test_IsSignPreface_21" time="0.671">
		<error message="'i have lost thanks for your help sean ' != 'i have lost #z                   sean '
- i have lost thanks for your help sean 
+ i have lost #z                   sean 
" type="AssertionError">
<![CDATA[Traceback (most recent call last):
  File "C:/Users/CHRIS/PycharmProjects/Requests/Requests.py", line 103, in test_IsSignPreface_21
    self.assertEqual(Actuval, expected)
AssertionError: 'i have lost thanks for your help sean ' != 'i have lost #z                   sean '
- i have lost thanks for your help sean 
+ i have lost #z                   sean 

]]>		</error>
	</testcase>
	<testcase classname="InequalityTest" name="test_IsSignPreface_23" time="1.346">
		<error message="'effo[18 chars]ic sanity at the iso please call if you have any questions dan' != 'effo[18 chars]ic sanity at the iso #z                                    dan'
- efforts to seek economic sanity at the iso please call if you have any questions dan
+ efforts to seek economic sanity at the iso #z                                    dan
" type="AssertionError">
<![CDATA[Traceback (most recent call last):
  File "C:/Users/CHRIS/PycharmProjects/Requests/Requests.py", line 108, in test_IsSignPreface_23
    self.assertEqual(Actuval, expected)
AssertionError: 'effo[18 chars]ic sanity at the iso please call if you have any questions dan' != 'effo[18 chars]ic sanity at the iso #z                                    dan'
- efforts to seek economic sanity at the iso please call if you have any questions dan
+ efforts to seek economic sanity at the iso #z                                    dan

]]>		</error>
	</testcase>
	<testcase classname="InequalityTest" name="test_IsSignPreface_25" time="1.732">
		<error message="'let [19 chars] me to give you more specific info thanks for your help brandi' != 'let [19 chars] me to give you more specific info #z                   brandi'
- let me know if you need me to give you more specific info thanks for your help brandi
?                                                           ^^^^^^^^^^^^^^^^^^^^
+ let me know if you need me to give you more specific info #z                   brandi
?                                                           ^^^^^^^^^^^^^^^^^^^^
" type="AssertionError">
<![CDATA[Traceback (most recent call last):
  File "C:/Users/CHRIS/PycharmProjects/Requests/Requests.py", line 114, in test_IsSignPreface_25
    self.assertEqual(Actuval, expected)
AssertionError: 'let [19 chars] me to give you more specific info thanks for your help brandi' != 'let [19 chars] me to give you more specific info #z                   brandi'
- let me know if you need me to give you more specific info thanks for your help brandi
?                                                           ^^^^^^^^^^^^^^^^^^^^
+ let me know if you need me to give you more specific info #z                   brandi
?                                                           ^^^^^^^^^^^^^^^^^^^^

]]>		</error>
	</testcase>
	<testcase classname="InequalityTest" name="test_IsSignPreface_26" time="0.650">
		<error message="'let you know all of the details see you soon eric' != 'let you know all of the details #z           eric'
- let you know all of the details see you soon eric
?                                 ^^^^^^^^^^^^
+ let you know all of the details #z           eric
?                                 ^^^^^^^^^^^^
" type="AssertionError">
<![CDATA[Traceback (most recent call last):
  File "C:/Users/CHRIS/PycharmProjects/Requests/Requests.py", line 119, in test_IsSignPreface_26
    self.assertEqual(Actuval, expected)
AssertionError: 'let you know all of the details see you soon eric' != 'let you know all of the details #z           eric'
- let you know all of the details see you soon eric
?                                 ^^^^^^^^^^^^
+ let you know all of the details #z           eric
?                                 ^^^^^^^^^^^^

]]>		</error>
	</testcase>
	<testcase classname="InequalityTest" name="test_IsSignPreface_27" time="0.676">
		<error message="'the wedding date   did they say  anything to you have a great day lu   m' != 'the wedding date   did they say  anything to you #z               lu   m'
- the wedding date   did they say  anything to you have a great day lu   m
?                                                  ^^^^^^^^^^^^^^^^
+ the wedding date   did they say  anything to you #z               lu   m
?                                                  ^^^^^^^^^^^^^^^^
" type="AssertionError">
<![CDATA[Traceback (most recent call last):
  File "C:/Users/CHRIS/PycharmProjects/Requests/Requests.py", line 124, in test_IsSignPreface_27
    self.assertEqual(Actuval, expected)
AssertionError: 'the wedding date   did they say  anything to you have a great day lu   m' != 'the wedding date   did they say  anything to you #z               lu   m'
- the wedding date   did they say  anything to you have a great day lu   m
?                                                  ^^^^^^^^^^^^^^^^
+ the wedding date   did they say  anything to you #z               lu   m
?                                                  ^^^^^^^^^^^^^^^^

]]>		</error>
	</testcase>
	<testcase classname="InequalityTest" name="test_IsSignPreface_28" time="0.683">
		<error message="'home with you have a good day lu   m' != 'home with you #z              lu   m'
- home with you have a good day lu   m
+ home with you #z              lu   m
" type="AssertionError">
<![CDATA[Traceback (most recent call last):
  File "C:/Users/CHRIS/PycharmProjects/Requests/Requests.py", line 129, in test_IsSignPreface_28
    self.assertEqual(Actuval, expected)
AssertionError: 'home with you have a good day lu   m' != 'home with you #z              lu   m'
- home with you have a good day lu   m
+ home with you #z              lu   m

]]>		</error>
	</testcase>
	<testcase classname="InequalityTest" name="test_IsSignPreface_3" time="0.644">
		<error message="'  cheers ' != '  #z     '
-   cheers 
+   #z     
" type="AssertionError">
<![CDATA[Traceback (most recent call last):
  File "C:/Users/CHRIS/PycharmProjects/Requests/Requests.py", line 36, in test_IsSignPreface_3
    self.assertEqual(Actuval, expected)
AssertionError: '  cheers ' != '  #z     '
-   cheers 
+   #z     

]]>		</error>
	</testcase>
	<testcase classname="InequalityTest" name="test_IsSignPreface_31" time="0.695">
		<error message="'real[21 chars] would make him very happy for his birthday see you soon cindy' != 'real[21 chars] would make him very happy for his birthday #z           cindy'
- really--a pound of coffee would make him very happy for his birthday see you soon cindy
?                                                                      ^^^^^^^^^^^^
+ really--a pound of coffee would make him very happy for his birthday #z           cindy
?                                                                      ^^^^^^^^^^^^
" type="AssertionError">
<![CDATA[Traceback (most recent call last):
  File "C:/Users/CHRIS/PycharmProjects/Requests/Requests.py", line 134, in test_IsSignPreface_31
    self.assertEqual(Actuval, expected)
AssertionError: 'real[21 chars] would make him very happy for his birthday see you soon cindy' != 'real[21 chars] would make him very happy for his birthday #z           cindy'
- really--a pound of coffee would make him very happy for his birthday see you soon cindy
?                                                                      ^^^^^^^^^^^^
+ really--a pound of coffee would make him very happy for his birthday #z           cindy
?                                                                      ^^^^^^^^^^^^

]]>		</error>
	</testcase>
	<testcase classname="InequalityTest" name="test_IsSignPreface_36" time="0.686">
		<error message="'it through the door  later rusty r.glover  p.e.' != 'it through the door  #z    rusty r.glover  p.e.'
- it through the door  later rusty r.glover  p.e.
?                      ^^^^^
+ it through the door  #z    rusty r.glover  p.e.
?                      ^^^^^
" type="AssertionError">
<![CDATA[Traceback (most recent call last):
  File "C:/Users/CHRIS/PycharmProjects/Requests/Requests.py", line 140, in test_IsSignPreface_36
    self.assertEqual(Actuval, expected)
AssertionError: 'it through the door  later rusty r.glover  p.e.' != 'it through the door  #z    rusty r.glover  p.e.'
- it through the door  later rusty r.glover  p.e.
?                      ^^^^^
+ it through the door  #z    rusty r.glover  p.e.
?                      ^^^^^

]]>		</error>
	</testcase>
	<testcase classname="InequalityTest" name="test_IsSignPreface_37" time="1.391">
		<error message="'713-871-8326 or jrv@teamlead.com take care jill' != '713-871-8326 or jrv@teamlead.com #z        jill'
- 713-871-8326 or jrv@teamlead.com take care jill
?                                  ^^^^^^^^^
+ 713-871-8326 or jrv@teamlead.com #z        jill
?                                  ^^^^^^^^^
" type="AssertionError">
<![CDATA[Traceback (most recent call last):
  File "C:/Users/CHRIS/PycharmProjects/Requests/Requests.py", line 145, in test_IsSignPreface_37
    self.assertEqual(Actuval, expected)
AssertionError: '713-871-8326 or jrv@teamlead.com take care jill' != '713-871-8326 or jrv@teamlead.com #z        jill'
- 713-871-8326 or jrv@teamlead.com take care jill
?                                  ^^^^^^^^^
+ 713-871-8326 or jrv@teamlead.com #z        jill
?                                  ^^^^^^^^^

]]>		</error>
	</testcase>
	<testcase classname="InequalityTest" name="test_IsSignPreface_38" time="0.635">
		<error message="' have not completed  thanks, phillip rick here ' != ' have not completed  #z      phillip rick here '
-  have not completed  thanks, phillip rick here 
?                      ^^^^^^^
+  have not completed  #z      phillip rick here 
?                      ^^^^^^^
" type="AssertionError">
<![CDATA[Traceback (most recent call last):
  File "C:/Users/CHRIS/PycharmProjects/Requests/Requests.py", line 152, in test_IsSignPreface_38
    self.assertEqual(Actuval, expected)
AssertionError: ' have not completed  thanks, phillip rick here ' != ' have not completed  #z      phillip rick here '
-  have not completed  thanks, phillip rick here 
?                      ^^^^^^^
+  have not completed  #z      phillip rick here 
?                      ^^^^^^^

]]>		</error>
	</testcase>
	<testcase classname="InequalityTest" name="test_IsSignPreface_4" time="0.656">
		<error message="'  yours truly ' != '  #z          '
-   yours truly 
+   #z          
" type="AssertionError">
<![CDATA[Traceback (most recent call last):
  File "C:/Users/CHRIS/PycharmProjects/Requests/Requests.py", line 41, in test_IsSignPreface_4
    self.assertEqual(Actuval, expected)
AssertionError: '  yours truly ' != '  #z          '
-   yours truly 
+   #z          

]]>		</error>
	</testcase>
	<testcase classname="InequalityTest" name="test_IsSignPreface_46" time="2.070">
		<error message="' call  sincerely, jim meyer ps ' != ' call  #z         jim meyer ps '
-  call  sincerely, jim meyer ps 
+  call  #z         jim meyer ps 
" type="AssertionError">
<![CDATA[Traceback (most recent call last):
  File "C:/Users/CHRIS/PycharmProjects/Requests/Requests.py", line 158, in test_IsSignPreface_46
    self.assertEqual(Actuval, expected)
AssertionError: ' call  sincerely, jim meyer ps ' != ' call  #z         jim meyer ps '
-  call  sincerely, jim meyer ps 
+  call  #z         jim meyer ps 

]]>		</error>
	</testcase>
	<testcase classname="InequalityTest" name="test_IsSignPreface_5" time="0.616">
		<error message="'  take care ' != '  #z        '
-   take care 
+   #z        
" type="AssertionError">
<![CDATA[Traceback (most recent call last):
  File "C:/Users/CHRIS/PycharmProjects/Requests/Requests.py", line 46, in test_IsSignPreface_5
    self.assertEqual(Actuval, expected)
AssertionError: '  take care ' != '  #z        '
-   take care 
+   #z        

]]>		</error>
	</testcase>
	<testcase classname="InequalityTest" name="test_IsSignPreface_50" time="2.050">
		<error message="'  best regards, jeanie  ' != '  #z            jeanie  '
-   best regards, jeanie  
+   #z            jeanie  
" type="AssertionError">
<![CDATA[Traceback (most recent call last):
  File "C:/Users/CHRIS/PycharmProjects/Requests/Requests.py", line 164, in test_IsSignPreface_50
    self.assertEqual(Actuval, expected)
AssertionError: '  best regards, jeanie  ' != '  #z            jeanie  '
-   best regards, jeanie  
+   #z            jeanie  

]]>		</error>
	</testcase>
	<testcase classname="InequalityTest" name="test_IsSignPreface_52" time="0.717">
		<error message="' decision  with best regards,  maksym yegorychev mba ' != ' decision  #z                  maksym yegorychev mba '
-  decision  with best regards,  maksym yegorychev mba 
+  decision  #z                  maksym yegorychev mba 
" type="AssertionError">
<![CDATA[Traceback (most recent call last):
  File "C:/Users/CHRIS/PycharmProjects/Requests/Requests.py", line 170, in test_IsSignPreface_52
    self.assertEqual(Actuval, expected)
AssertionError: ' decision  with best regards,  maksym yegorychev mba ' != ' decision  #z                  maksym yegorychev mba '
-  decision  with best regards,  maksym yegorychev mba 
+  decision  #z                  maksym yegorychev mba 

]]>		</error>
	</testcase>
	<testcase classname="InequalityTest" name="test_IsSignPreface_53" time="0.722">
		<error message="'  regards, ' != '  #z       '
-   regards, 
+   #z       
" type="AssertionError">
<![CDATA[Traceback (most recent call last):
  File "C:/Users/CHRIS/PycharmProjects/Requests/Requests.py", line 176, in test_IsSignPreface_53
    self.assertEqual(Actuval, expected)
AssertionError: '  regards, ' != '  #z       '
-   regards, 
+   #z       

]]>		</error>
	</testcase>
	<testcase classname="InequalityTest" name="test_IsSignPreface_54" time="0.661">
		<error message="'  kind regards ' != '  #z           '
-   kind regards 
+   #z           
" type="AssertionError">
<![CDATA[Traceback (most recent call last):
  File "C:/Users/CHRIS/PycharmProjects/Requests/Requests.py", line 181, in test_IsSignPreface_54
    self.assertEqual(Actuval, expected)
AssertionError: '  kind regards ' != '  #z           '
-   kind regards 
+   #z           

]]>		</error>
	</testcase>
	<testcase classname="InequalityTest" name="test_IsSignPreface_55" time="1.362">
		<error message="'  warm regards ' != '  #z           '
-   warm regards 
+   #z           
" type="AssertionError">
<![CDATA[Traceback (most recent call last):
  File "C:/Users/CHRIS/PycharmProjects/Requests/Requests.py", line 186, in test_IsSignPreface_55
    self.assertEqual(Actuval, expected)
AssertionError: '  warm regards ' != '  #z           '
-   warm regards 
+   #z           

]]>		</error>
	</testcase>
	<testcase classname="InequalityTest" name="test_IsSignPreface_57" time="1.285">
		<error message="'  thanks and regards ' != '  #z                 '
-   thanks and regards 
+   #z                 
" type="AssertionError">
<![CDATA[Traceback (most recent call last):
  File "C:/Users/CHRIS/PycharmProjects/Requests/Requests.py", line 192, in test_IsSignPreface_57
    self.assertEqual(Actuval, expected)
AssertionError: '  thanks and regards ' != '  #z                 '
-   thanks and regards 
+   #z                 

]]>		</error>
	</testcase>
	<testcase classname="InequalityTest" name="test_IsSignPreface_58" time="0.674">
		<error message="'  thanks, ' != '  #z      '
-   thanks, 
+   #z      
" type="AssertionError">
<![CDATA[Traceback (most recent call last):
  File "C:/Users/CHRIS/PycharmProjects/Requests/Requests.py", line 197, in test_IsSignPreface_58
    self.assertEqual(Actuval, expected)
AssertionError: '  thanks, ' != '  #z      '
-   thanks, 
+   #z      

]]>		</error>
	</testcase>
	<testcase classname="InequalityTest" name="test_IsSignPreface_6" time="1.394">
		<error message="'know more on this question later today sincerely george w.richards' != 'know more on this question later today #z        george w.richards'
- know more on this question later today sincerely george w.richards
?                                        ^^^^^^^^^
+ know more on this question later today #z        george w.richards
?                                        ^^^^^^^^^
" type="AssertionError">
<![CDATA[Traceback (most recent call last):
  File "C:/Users/CHRIS/PycharmProjects/Requests/Requests.py", line 51, in test_IsSignPreface_6
    self.assertEqual(Actuval, expected)
AssertionError: 'know more on this question later today sincerely george w.richards' != 'know more on this question later today #z        george w.richards'
- know more on this question later today sincerely george w.richards
?                                        ^^^^^^^^^
+ know more on this question later today #z        george w.richards
?                                        ^^^^^^^^^

]]>		</error>
	</testcase>
	<testcase classname="InequalityTest" name="test_IsSignPreface_60" time="0.665">
		<error message="'  thanks again ' != '  #z           '
-   thanks again 
+   #z           
" type="AssertionError">
<![CDATA[Traceback (most recent call last):
  File "C:/Users/CHRIS/PycharmProjects/Requests/Requests.py", line 202, in test_IsSignPreface_60
    self.assertEqual(Actuval, expected)
AssertionError: '  thanks again ' != '  #z           '
-   thanks again 
+   #z           

]]>		</error>
	</testcase>
	<testcase classname="InequalityTest" name="test_IsSignPreface_61" time="0.635">
		<error message="'  thanks in advance ' != '  #z                '
-   thanks in advance 
+   #z                
" type="AssertionError">
<![CDATA[Traceback (most recent call last):
  File "C:/Users/CHRIS/PycharmProjects/Requests/Requests.py", line 207, in test_IsSignPreface_61
    self.assertEqual(Actuval, expected)
AssertionError: '  thanks in advance ' != '  #z                '
-   thanks in advance 
+   #z                

]]>		</error>
	</testcase>
	<testcase classname="InequalityTest" name="test_IsSignPreface_9" time="0.657">
		<error message="'wk and 175.00 deposit they will be in by thursday or friday thank you lucy' != 'wk and 175.00 deposit they will be in by thursday or friday #z        lucy'
- wk and 175.00 deposit they will be in by thursday or friday thank you lucy
?                                                             ^^^^^^^^^
+ wk and 175.00 deposit they will be in by thursday or friday #z        lucy
?                                                             ^^^^^^^^^
" type="AssertionError">
<![CDATA[Traceback (most recent call last):
  File "C:/Users/CHRIS/PycharmProjects/Requests/Requests.py", line 57, in test_IsSignPreface_9
    self.assertEqual(Actuval, expected)
AssertionError: 'wk and 175.00 deposit they will be in by thursday or friday thank you lucy' != 'wk and 175.00 deposit they will be in by thursday or friday #z        lucy'
- wk and 175.00 deposit they will be in by thursday or friday thank you lucy
?                                                             ^^^^^^^^^
+ wk and 175.00 deposit they will be in by thursday or friday #z        lucy
?                                                             ^^^^^^^^^

]]>		</error>
	</testcase>
	<system-out>
<![CDATA[]]>	</system-out>
	<system-err>
<![CDATA[]]>	</system-err>
</testsuite>
