<?xml version="1.0" ?>
<testsuite errors="17" failures="0" name="InequalityTest-20160321124051" tests="17" time="15.647">
	<testcase classname="InequalityTest" name="test_iEmoticonTest_1" time="1.689">
		<error message="'      ' != ' a#   '
-       
+  a#   
" type="AssertionError">
<![CDATA[Traceback (most recent call last):
  File "C:/Users/CHRIS/PycharmProjects/Requests/Requests.py", line 22, in test_iEmoticonTest_1
    self.assertEqual(Actuval, expected)
AssertionError: '      ' != ' a#   '
-       
+  a#   

]]>		</error>
	</testcase>
	<testcase classname="InequalityTest" name="test_iEmoticonTest_10" time="1.890">
		<error message="' :c) ' != ' h#  '
-  :c) 
+  h#  
" type="AssertionError">
<![CDATA[Traceback (most recent call last):
  File "C:/Users/CHRIS/PycharmProjects/Requests/Requests.py", line 76, in test_iEmoticonTest_10
    self.assertEqual(Actuval, expected)
AssertionError: ' :c) ' != ' h#  '
-  :c) 
+  h#  

]]>		</error>
	</testcase>
	<testcase classname="InequalityTest" name="test_iEmoticonTest_11" time="1.300">
		<error message="'    ' != ' h# '
-     
+  h# 
" type="AssertionError">
<![CDATA[Traceback (most recent call last):
  File "C:/Users/CHRIS/PycharmProjects/Requests/Requests.py", line 82, in test_iEmoticonTest_11
    self.assertEqual(Actuval, expected)
AssertionError: '    ' != ' h# '
-     
+  h# 

]]>		</error>
	</testcase>
	<testcase classname="InequalityTest" name="test_iEmoticonTest_12" time="0.641">
		<error message="'    ' != ' h# '
-     
+  h# 
" type="AssertionError">
<![CDATA[Traceback (most recent call last):
  File "C:/Users/CHRIS/PycharmProjects/Requests/Requests.py", line 88, in test_iEmoticonTest_12
    self.assertEqual(Actuval, expected)
AssertionError: '    ' != ' h# '
-     
+  h# 

]]>		</error>
	</testcase>
	<testcase classname="InequalityTest" name="test_iEmoticonTest_13" time="0.639">
		<error message="' 8) ' != ' h# '
-  8) 
+  h# 
" type="AssertionError">
<![CDATA[Traceback (most recent call last):
  File "C:/Users/CHRIS/PycharmProjects/Requests/Requests.py", line 94, in test_iEmoticonTest_13
    self.assertEqual(Actuval, expected)
AssertionError: ' 8) ' != ' h# '
-  8) 
+  h# 

]]>		</error>
	</testcase>
	<testcase classname="InequalityTest" name="test_iEmoticonTest_14" time="0.610">
		<error message="'    ' != ' h# '
-     
+  h# 
" type="AssertionError">
<![CDATA[Traceback (most recent call last):
  File "C:/Users/CHRIS/PycharmProjects/Requests/Requests.py", line 100, in test_iEmoticonTest_14
    self.assertEqual(Actuval, expected)
AssertionError: '    ' != ' h# '
-     
+  h# 

]]>		</error>
	</testcase>
	<testcase classname="InequalityTest" name="test_iEmoticonTest_15" time="0.662">
		<error message="'     ' != ' h#  '
-      
+  h#  
" type="AssertionError">
<![CDATA[Traceback (most recent call last):
  File "C:/Users/CHRIS/PycharmProjects/Requests/Requests.py", line 106, in test_iEmoticonTest_15
    self.assertEqual(Actuval, expected)
AssertionError: '     ' != ' h#  '
-      
+  h#  

]]>		</error>
	</testcase>
	<testcase classname="InequalityTest" name="test_iEmoticonTest_16" time="0.663">
		<error message="'      ' != ' h#   '
-       
+  h#   
" type="AssertionError">
<![CDATA[Traceback (most recent call last):
  File "C:/Users/CHRIS/PycharmProjects/Requests/Requests.py", line 112, in test_iEmoticonTest_16
    self.assertEqual(Actuval, expected)
AssertionError: '      ' != ' h#   '
-       
+  h#   

]]>		</error>
	</testcase>
	<testcase classname="InequalityTest" name="test_iEmoticonTest_17" time="0.652">
		<error message="'      ' != ' h#   '
-       
+  h#   
" type="AssertionError">
<![CDATA[Traceback (most recent call last):
  File "C:/Users/CHRIS/PycharmProjects/Requests/Requests.py", line 118, in test_iEmoticonTest_17
    self.assertEqual(Actuval, expected)
AssertionError: '      ' != ' h#   '
-       
+  h#   

]]>		</error>
	</testcase>
	<testcase classname="InequalityTest" name="test_iEmoticonTest_2" time="0.657">
		<error message="'     ' != ' a#  '
-      
+  a#  
" type="AssertionError">
<![CDATA[Traceback (most recent call last):
  File "C:/Users/CHRIS/PycharmProjects/Requests/Requests.py", line 28, in test_iEmoticonTest_2
    self.assertEqual(Actuval, expected)
AssertionError: '     ' != ' a#  '
-      
+  a#  

]]>		</error>
	</testcase>
	<testcase classname="InequalityTest" name="test_iEmoticonTest_3" time="0.715">
		<error message="'    ' != ' a# '
-     
+  a# 
" type="AssertionError">
<![CDATA[Traceback (most recent call last):
  File "C:/Users/CHRIS/PycharmProjects/Requests/Requests.py", line 34, in test_iEmoticonTest_3
    self.assertEqual(Actuval, expected)
AssertionError: '    ' != ' a# '
-     
+  a# 

]]>		</error>
	</testcase>
	<testcase classname="InequalityTest" name="test_iEmoticonTest_4" time="1.370">
		<error message="'     ' != ' h#  '
-      
+  h#  
" type="AssertionError">
<![CDATA[Traceback (most recent call last):
  File "C:/Users/CHRIS/PycharmProjects/Requests/Requests.py", line 40, in test_iEmoticonTest_4
    self.assertEqual(Actuval, expected)
AssertionError: '     ' != ' h#  '
-      
+  h#  

]]>		</error>
	</testcase>
	<testcase classname="InequalityTest" name="test_iEmoticonTest_5" time="0.666">
		<error message="'    ' != ' h# '
-     
+  h# 
" type="AssertionError">
<![CDATA[Traceback (most recent call last):
  File "C:/Users/CHRIS/PycharmProjects/Requests/Requests.py", line 46, in test_iEmoticonTest_5
    self.assertEqual(Actuval, expected)
AssertionError: '    ' != ' h# '
-     
+  h# 

]]>		</error>
	</testcase>
	<testcase classname="InequalityTest" name="test_iEmoticonTest_6" time="1.453">
		<error message="' :d ' != ' h# '
-  :d 
+  h# 
" type="AssertionError">
<![CDATA[Traceback (most recent call last):
  File "C:/Users/CHRIS/PycharmProjects/Requests/Requests.py", line 52, in test_iEmoticonTest_6
    self.assertEqual(Actuval, expected)
AssertionError: ' :d ' != ' h# '
-  :d 
+  h# 

]]>		</error>
	</testcase>
	<testcase classname="InequalityTest" name="test_iEmoticonTest_7" time="0.698">
		<error message="' :o) ' != ' h#  '
-  :o) 
+  h#  
" type="AssertionError">
<![CDATA[Traceback (most recent call last):
  File "C:/Users/CHRIS/PycharmProjects/Requests/Requests.py", line 58, in test_iEmoticonTest_7
    self.assertEqual(Actuval, expected)
AssertionError: ' :o) ' != ' h#  '
-  :o) 
+  h#  

]]>		</error>
	</testcase>
	<testcase classname="InequalityTest" name="test_iEmoticonTest_8" time="0.661">
		<error message="'    ' != ' h# '
-     
+  h# 
" type="AssertionError">
<![CDATA[Traceback (most recent call last):
  File "C:/Users/CHRIS/PycharmProjects/Requests/Requests.py", line 64, in test_iEmoticonTest_8
    self.assertEqual(Actuval, expected)
AssertionError: '    ' != ' h# '
-     
+  h# 

]]>		</error>
	</testcase>
	<testcase classname="InequalityTest" name="test_iEmoticonTest_9" time="0.680">
		<error message="' :3 ' != ' h# '
-  :3 
+  h# 
" type="AssertionError">
<![CDATA[Traceback (most recent call last):
  File "C:/Users/CHRIS/PycharmProjects/Requests/Requests.py", line 70, in test_iEmoticonTest_9
    self.assertEqual(Actuval, expected)
AssertionError: ' :3 ' != ' h# '
-  :3 
+  h# 

]]>		</error>
	</testcase>
	<system-out>
<![CDATA[]]>	</system-out>
	<system-err>
<![CDATA[]]>	</system-err>
</testsuite>
