<?xml version="1.0" ?>
<testsuite errors="38" failures="0" name="InequalityTest-20160315122841" tests="39" time="23.731">
	<testcase classname="InequalityTest" name="test_fpDateTest_4" time="0.561"/>
	<testcase classname="InequalityTest" name="test_DateTest_4" time="0.766">
		<error message="' 12.08.2013 ' != ' #dt        '
-  12.08.2013 
+  #dt        
" type="AssertionError">
<![CDATA[Traceback (most recent call last):
  File "C:/Users/CHRIS/PycharmProjects/Requests/Requests.py", line 45, in test_DateTest_4
    self.assertEqual(Actuval, expectedText)
AssertionError: ' 12.08.2013 ' != ' #dt        '
-  12.08.2013 
+  #dt        

]]>		</error>
	</testcase>
	<testcase classname="InequalityTest" name="test_csDateTest_1" time="0.674">
		<error message="'fune[68 chars]d on 10 march 2015 in tegucigalpa  aged #   fr[61 chars]014 ' != 'fune[68 chars]d on #dt           in tegucigalpa  aged 62  fr[61 chars]    '
Diff is 743 characters long. Set self.maxDiff to None to see it." type="AssertionError">
<![CDATA[Traceback (most recent call last):
  File "C:/Users/CHRIS/PycharmProjects/Requests/Requests.py", line 142, in test_csDateTest_1
    self.assertEqual(Actuval, expectedText)
AssertionError: 'fune[68 chars]d on 10 march 2015 in tegucigalpa  aged #   fr[61 chars]014 ' != 'fune[68 chars]d on #dt           in tegucigalpa  aged 62  fr[61 chars]    '
Diff is 743 characters long. Set self.maxDiff to None to see it.
]]>		</error>
	</testcase>
	<testcase classname="InequalityTest" name="test_csDateTest_2" time="0.799">
		<error message="'the [37 chars]t on may 3, 1910  one amendment  to bar statue[47 chars]own ' != 'the [37 chars]t on #dt          one amendment  to bar statue[47 chars]own '
- the senate amended the bill  and passed it on may 3, 1910  one amendment  to bar statues of any person not dead #  years  was turned down 
?                                               ^^^^^^^^^^^                                                       ^^
+ the senate amended the bill  and passed it on #dt          one amendment  to bar statues of any person not dead 50 years  was turned down 
?                                               ^^^^^^^^^^^                                                       ^^
" type="AssertionError">
<![CDATA[Traceback (most recent call last):
  File "C:/Users/CHRIS/PycharmProjects/Requests/Requests.py", line 148, in test_csDateTest_2
    self.assertEqual(Actuval, expectedText)
AssertionError: 'the [37 chars]t on may 3, 1910  one amendment  to bar statue[47 chars]own ' != 'the [37 chars]t on #dt          one amendment  to bar statue[47 chars]own '
- the senate amended the bill  and passed it on may 3, 1910  one amendment  to bar statues of any person not dead #  years  was turned down 
?                                               ^^^^^^^^^^^                                                       ^^
+ the senate amended the bill  and passed it on #dt          one amendment  to bar statues of any person not dead 50 years  was turned down 
?                                               ^^^^^^^^^^^                                                       ^^

]]>		</error>
	</testcase>
	<testcase classname="InequalityTest" name="test_csDateTest_3" time="0.658">
		<error message="'on january 11, 1909  a committee of the amer[149 chars]ture' != 'on #dt               a committee of the amer[149 chars]ture'
- on january 11, 1909  a committee of the american institute of architects  aia  asked president #n                 to establish an independent federal agency to advise the government on architecture
?    ^ -----------------                                                                         ^^^^^^^^^^^^^^^^^^
+ on #dt               a committee of the american institute of architects  aia  asked president theodore roosevelt to establish an independent federal agency to advise the government on architecture
?    ^^^^^^^^^^^^^^^^^^                                                                          ^^^^^^^^^^^^^^^^^^
" type="AssertionError">
<![CDATA[Traceback (most recent call last):
  File "C:/Users/CHRIS/PycharmProjects/Requests/Requests.py", line 154, in test_csDateTest_3
    self.assertEqual(Actuval, expectedText)
AssertionError: 'on january 11, 1909  a committee of the amer[149 chars]ture' != 'on #dt               a committee of the amer[149 chars]ture'
- on january 11, 1909  a committee of the american institute of architects  aia  asked president #n                 to establish an independent federal agency to advise the government on architecture
?    ^ -----------------                                                                         ^^^^^^^^^^^^^^^^^^
+ on #dt               a committee of the american institute of architects  aia  asked president theodore roosevelt to establish an independent federal agency to advise the government on architecture
?    ^^^^^^^^^^^^^^^^^^                                                                          ^^^^^^^^^^^^^^^^^^

]]>		</error>
	</testcase>
	<testcase classname="InequalityTest" name="test_csDateTest_4" time="0.693">
		<error message="'in october 1910  president #n               [45 chars]910 ' != 'in #dt           president william howard ta[45 chars]    '
- in october 1910  president #n                  issued executive order #     october 25, 1910 
+ in #dt           president william howard taft issued executive order 1259  #dt              
" type="AssertionError">
<![CDATA[Traceback (most recent call last):
  File "C:/Users/CHRIS/PycharmProjects/Requests/Requests.py", line 160, in test_csDateTest_4
    self.assertEqual(Actuval, expectedText)
AssertionError: 'in october 1910  president #n               [45 chars]910 ' != 'in #dt           president william howard ta[45 chars]    '
- in october 1910  president #n                  issued executive order #     october 25, 1910 
+ in #dt           president william howard taft issued executive order 1259  #dt              

]]>		</error>
	</testcase>
	<testcase classname="InequalityTest" name="test_csDateTest_5" time="0.766">
		<error message="&quot;men'[24 chars] the #    winter olympics at lake placid, new [25 chars] 22 &quot; != &quot;men'[24 chars] the 1980 winter olympics at lake placid  new [25 chars]    &quot;
- men's ice hockey game during the #    winter olympics at lake placid, new york  on friday, february 22 
?                                  ^^^^                               ^              ^^^ ^^^^^^^^^^^^^^^
+ men's ice hockey game during the 1980 winter olympics at lake placid  new york  on #dt                 
?                                  ^^^^                               ^              ^ ^^^^^^^^^^^^^^^^^
" type="AssertionError">
<![CDATA[Traceback (most recent call last):
  File "C:/Users/CHRIS/PycharmProjects/Requests/Requests.py", line 166, in test_csDateTest_5
    self.assertEqual(Actuval, expectedText)
AssertionError: "men'[24 chars] the #    winter olympics at lake placid, new [25 chars] 22 " != "men'[24 chars] the 1980 winter olympics at lake placid  new [25 chars]    "
- men's ice hockey game during the #    winter olympics at lake placid, new york  on friday, february 22 
?                                  ^^^^                               ^              ^^^ ^^^^^^^^^^^^^^^
+ men's ice hockey game during the 1980 winter olympics at lake placid  new york  on #dt                 
?                                  ^^^^                               ^              ^ ^^^^^^^^^^^^^^^^^

]]>		</error>
	</testcase>
	<testcase classname="InequalityTest" name="test_csDateTest_6" time="0.637">
		<error message="&quot;monday 10 february 2014 boasting of uk cr[63 chars]ere &quot; != &quot;#dt                     boasting of uk cr[63 chars]ere &quot;
- monday 10 february 2014 boasting of uk credentials is actually sourced abroad as the blooms don't grow here 
? ^^^ ^^^^^^^^^^^^^^^^^^^
+ #dt                     boasting of uk credentials is actually sourced abroad as the blooms don't grow here 
? ^ ^^^^^^^^^^^^^^^^^^^^^
" type="AssertionError">
<![CDATA[Traceback (most recent call last):
  File "C:/Users/CHRIS/PycharmProjects/Requests/Requests.py", line 172, in test_csDateTest_6
    self.assertEqual(Actuval, expectedText)
AssertionError: "monday 10 february 2014 boasting of uk cr[63 chars]ere " != "#dt                     boasting of uk cr[63 chars]ere "
- monday 10 february 2014 boasting of uk credentials is actually sourced abroad as the blooms don't grow here 
? ^^^ ^^^^^^^^^^^^^^^^^^^
+ #dt                     boasting of uk credentials is actually sourced abroad as the blooms don't grow here 
? ^ ^^^^^^^^^^^^^^^^^^^^^

]]>		</error>
	</testcase>
	<testcase classname="InequalityTest" name="test_csDateTest_7" time="0.610">
		<error message="&quot;the [50 chars]d by #n       hock  premiered on espn on febru[50 chars]ies &quot; != &quot;the [50 chars]d by jonathan hock  premiered on espn on #dt  [50 chars]ies &quot;
- the documentary of miracles and men  which was directed by #n       hock  premiered on espn on february 8, 2015 as part of the channel's #  for #  series 
?                                                            ^ ^^^^^^                            ^^^^^^^^^^^^^^^^                          ^^     ^^
+ the documentary of miracles and men  which was directed by jonathan hock  premiered on espn on #dt              as part of the channel's 30 for 30 series 
?                                                            ^^ ^^^^^                            ^^^^^^^^^^^^^^^^                          ^^     ^^
" type="AssertionError">
<![CDATA[Traceback (most recent call last):
  File "C:/Users/CHRIS/PycharmProjects/Requests/Requests.py", line 178, in test_csDateTest_7
    self.assertEqual(Actuval, expectedText)
AssertionError: "the [50 chars]d by #n       hock  premiered on espn on febru[50 chars]ies " != "the [50 chars]d by jonathan hock  premiered on espn on #dt  [50 chars]ies "
- the documentary of miracles and men  which was directed by #n       hock  premiered on espn on february 8, 2015 as part of the channel's #  for #  series 
?                                                            ^ ^^^^^^                            ^^^^^^^^^^^^^^^^                          ^^     ^^
+ the documentary of miracles and men  which was directed by jonathan hock  premiered on espn on #dt              as part of the channel's 30 for 30 series 
?                                                            ^^ ^^^^^                            ^^^^^^^^^^^^^^^^                          ^^     ^^

]]>		</error>
	</testcase>
	<testcase classname="InequalityTest" name="test_fDateTest_1" time="0.629">
		<error message="'passed by the house on may 12  and the senate on may 17 ' != 'passed by the house on #dt     and the senate on #dt    '
- passed by the house on may 12  and the senate on may 17 
?                        ^^^^^^                    ^^^^^^
+ passed by the house on #dt     and the senate on #dt    
?                        ^^^^^^                    ^^^^^^
" type="AssertionError">
<![CDATA[Traceback (most recent call last):
  File "C:/Users/CHRIS/PycharmProjects/Requests/Requests.py", line 106, in test_fDateTest_1
    self.assertEqual(Actuval, expectedText)
AssertionError: 'passed by the house on may 12  and the senate on may 17 ' != 'passed by the house on #dt     and the senate on #dt    '
- passed by the house on may 12  and the senate on may 17 
?                        ^^^^^^                    ^^^^^^
+ passed by the house on #dt     and the senate on #dt    
?                        ^^^^^^                    ^^^^^^

]]>		</error>
	</testcase>
	<testcase classname="InequalityTest" name="test_fDateTest_3" time="0.614">
		<error message="'#n          was born on 19th september 1962' != 'cheri oteri was born on #dt                '
- #n          was born on 19th september 1962
+ cheri oteri was born on #dt                
" type="AssertionError">
<![CDATA[Traceback (most recent call last):
  File "C:/Users/CHRIS/PycharmProjects/Requests/Requests.py", line 118, in test_fDateTest_3
    self.assertEqual(Actuval, expectedText)
AssertionError: '#n          was born on 19th september 1962' != 'cheri oteri was born on #dt                '
- #n          was born on 19th september 1962
+ cheri oteri was born on #dt                

]]>		</error>
	</testcase>
	<testcase classname="InequalityTest" name="test_fDateTest_4" time="0.614">
		<error message="'the sensex on 6 july 2007 crossed another milestone' != 'the sensex on #dt         crossed another milestone'
- the sensex on 6 july 2007 crossed another milestone
?               ^^^^^^^^^^^
+ the sensex on #dt         crossed another milestone
?               ^^^^^^^^^^^
" type="AssertionError">
<![CDATA[Traceback (most recent call last):
  File "C:/Users/CHRIS/PycharmProjects/Requests/Requests.py", line 124, in test_fDateTest_4
    self.assertEqual(Actuval, expectedText)
AssertionError: 'the sensex on 6 july 2007 crossed another milestone' != 'the sensex on #dt         crossed another milestone'
- the sensex on 6 july 2007 crossed another milestone
?               ^^^^^^^^^^^
+ the sensex on #dt         crossed another milestone
?               ^^^^^^^^^^^

]]>		</error>
	</testcase>
	<testcase classname="InequalityTest" name="test_fDateTest_5" time="0.603">
		<error message="' #n        was born on sunday, january 10t[47 chars]hia ' != ' jim croce was born on #dt                [47 chars]hia '
-  #n        was born on sunday, january 10th, 1943 in a working-class section of philadelphia 
+  jim croce was born on #dt                        in a working-class section of philadelphia 
" type="AssertionError">
<![CDATA[Traceback (most recent call last):
  File "C:/Users/CHRIS/PycharmProjects/Requests/Requests.py", line 130, in test_fDateTest_5
    self.assertEqual(Actuval, expectedText)
AssertionError: ' #n        was born on sunday, january 10t[47 chars]hia ' != ' jim croce was born on #dt                [47 chars]hia '
-  #n        was born on sunday, january 10th, 1943 in a working-class section of philadelphia 
+  jim croce was born on #dt                        in a working-class section of philadelphia 

]]>		</error>
	</testcase>
	<testcase classname="InequalityTest" name="test_fDateTest_6" time="0.574">
		<error message="' google as a privately held company on september 4, 1998 ' != ' google as a privately held company on #dt               '
-  google as a privately held company on september 4, 1998 
+  google as a privately held company on #dt               
" type="AssertionError">
<![CDATA[Traceback (most recent call last):
  File "C:/Users/CHRIS/PycharmProjects/Requests/Requests.py", line 136, in test_fDateTest_6
    self.assertEqual(Actuval, expectedText)
AssertionError: ' google as a privately held company on september 4, 1998 ' != ' google as a privately held company on #dt               '
-  google as a privately held company on september 4, 1998 
+  google as a privately held company on #dt               

]]>		</error>
	</testcase>
	<testcase classname="InequalityTest" name="test_fpDateTest_1" time="0.572">
		<error message="&quot;i'm still using office #    so not entirely sure if it's the same for #    &quot; != &quot;i'm still using office 2004 so not entirely sure if it's the same for 2008 &quot;
- i'm still using office #    so not entirely sure if it's the same for #    
?                        ^^^^                                           ^^^^
+ i'm still using office 2004 so not entirely sure if it's the same for 2008 
?                        ^^^^                                           ^^^^
" type="AssertionError">
<![CDATA[Traceback (most recent call last):
  File "C:/Users/CHRIS/PycharmProjects/Requests/Requests.py", line 238, in test_fpDateTest_1
    self.assertEqual(Actuval, expectedText)
AssertionError: "i'm still using office #    so not entirely sure if it's the same for #    " != "i'm still using office 2004 so not entirely sure if it's the same for 2008 "
- i'm still using office #    so not entirely sure if it's the same for #    
?                        ^^^^                                           ^^^^
+ i'm still using office 2004 so not entirely sure if it's the same for 2008 
?                        ^^^^                                           ^^^^

]]>		</error>
	</testcase>
	<testcase classname="InequalityTest" name="test_fpDateTest_2" time="0.571">
		<error message="'vincent was born #n           smith in harrod' != 'vincent was born dorothy june smith in harrod'
- vincent was born #n           smith in harrod
?                  ^ ^^^^^^^^^^
+ vincent was born dorothy june smith in harrod
?                  ^^^^^^^^^^ ^
" type="AssertionError">
<![CDATA[Traceback (most recent call last):
  File "C:/Users/CHRIS/PycharmProjects/Requests/Requests.py", line 244, in test_fpDateTest_2
    self.assertEqual(Actuval, expectedText)
AssertionError: 'vincent was born #n           smith in harrod' != 'vincent was born dorothy june smith in harrod'
- vincent was born #n           smith in harrod
?                  ^ ^^^^^^^^^^
+ vincent was born dorothy june smith in harrod
?                  ^^^^^^^^^^ ^

]]>		</error>
	</testcase>
	<testcase classname="InequalityTest" name="test_fpDateTest_3" time="0.561">
		<error message="&quot;it may rain tomorrow so i'll follow the sun lyrics&quot; != &quot;it may rain tomorrow so i'll follow the #dt lyrics&quot;
- it may rain tomorrow so i'll follow the sun lyrics
?                                         ^^^
+ it may rain tomorrow so i'll follow the #dt lyrics
?                                         ^^^
" type="AssertionError">
<![CDATA[Traceback (most recent call last):
  File "C:/Users/CHRIS/PycharmProjects/Requests/Requests.py", line 250, in test_fpDateTest_3
    self.assertEqual(Actuval, expectedText)
AssertionError: "it may rain tomorrow so i'll follow the sun lyrics" != "it may rain tomorrow so i'll follow the #dt lyrics"
- it may rain tomorrow so i'll follow the sun lyrics
?                                         ^^^
+ it may rain tomorrow so i'll follow the #dt lyrics
?                                         ^^^

]]>		</error>
	</testcase>
	<testcase classname="InequalityTest" name="test_fpDateTest_5" time="0.567">
		<error message="'nati[13 chars]varco, inc. $nov from the largest community of[19 chars]ors ' != 'nati[13 chars]varco  inc. $nov from the largest community of[19 chars]ors '
- national oilwell varco, inc. $nov from the largest community of traders and investors 
?                       ^
+ national oilwell varco  inc. $nov from the largest community of traders and investors 
?                       ^
" type="AssertionError">
<![CDATA[Traceback (most recent call last):
  File "C:/Users/CHRIS/PycharmProjects/Requests/Requests.py", line 262, in test_fpDateTest_5
    self.assertEqual(Actuval, expectedText)
AssertionError: 'nati[13 chars]varco, inc. $nov from the largest community of[19 chars]ors ' != 'nati[13 chars]varco  inc. $nov from the largest community of[19 chars]ors '
- national oilwell varco, inc. $nov from the largest community of traders and investors 
?                       ^
+ national oilwell varco  inc. $nov from the largest community of traders and investors 
?                       ^

]]>		</error>
	</testcase>
	<testcase classname="InequalityTest" name="test_iDateTest_1" time="0.555">
		<error message="' june 13, 1910 ' != ' #dt           '
-  june 13, 1910 
+  #dt           
" type="AssertionError">
<![CDATA[Traceback (most recent call last):
  File "C:/Users/CHRIS/PycharmProjects/Requests/Requests.py", line 27, in test_iDateTest_1
    self.assertEqual(Actuval, expectedText)
AssertionError: ' june 13, 1910 ' != ' #dt           '
-  june 13, 1910 
+  #dt           

]]>		</error>
	</testcase>
	<testcase classname="InequalityTest" name="test_iDateTest_10" time="0.556">
		<error message="' friday the 13th ' != ' #dt             '
-  friday the 13th 
+  #dt             
" type="AssertionError">
<![CDATA[Traceback (most recent call last):
  File "C:/Users/CHRIS/PycharmProjects/Requests/Requests.py", line 81, in test_iDateTest_10
    self.assertEqual(Actuval, expectedText)
AssertionError: ' friday the 13th ' != ' #dt             '
-  friday the 13th 
+  #dt             

]]>		</error>
	</testcase>
	<testcase classname="InequalityTest" name="test_iDateTest_11" time="0.560">
		<error message="' tuesday, oct. 10th ' != ' #dt                '
-  tuesday, oct. 10th 
+  #dt                
" type="AssertionError">
<![CDATA[Traceback (most recent call last):
  File "C:/Users/CHRIS/PycharmProjects/Requests/Requests.py", line 87, in test_iDateTest_11
    self.assertEqual(Actuval, expectedText)
AssertionError: ' tuesday, oct. 10th ' != ' #dt                '
-  tuesday, oct. 10th 
+  #dt                

]]>		</error>
	</testcase>
	<testcase classname="InequalityTest" name="test_iDateTest_12" time="0.566">
		<error message="' feb. 2012 ' != ' #dt       '
-  feb. 2012 
+  #dt       
" type="AssertionError">
<![CDATA[Traceback (most recent call last):
  File "C:/Users/CHRIS/PycharmProjects/Requests/Requests.py", line 93, in test_iDateTest_12
    self.assertEqual(Actuval, expectedText)
AssertionError: ' feb. 2012 ' != ' #dt       '
-  feb. 2012 
+  #dt       

]]>		</error>
	</testcase>
	<testcase classname="InequalityTest" name="test_iDateTest_13" time="0.593">
		<error message="' dec 4th ' != ' #dt     '
-  dec 4th 
+  #dt     
" type="AssertionError">
<![CDATA[Traceback (most recent call last):
  File "C:/Users/CHRIS/PycharmProjects/Requests/Requests.py", line 99, in test_iDateTest_13
    self.assertEqual(Actuval, expectedText)
AssertionError: ' dec 4th ' != ' #dt     '
-  dec 4th 
+  #dt     

]]>		</error>
	</testcase>
	<testcase classname="InequalityTest" name="test_iDateTest_2" time="0.547">
		<error message="' 12/08/2012 ' != ' #dt        '
-  12/08/2012 
+  #dt        
" type="AssertionError">
<![CDATA[Traceback (most recent call last):
  File "C:/Users/CHRIS/PycharmProjects/Requests/Requests.py", line 33, in test_iDateTest_2
    self.assertEqual(Actuval, expectedText)
AssertionError: ' 12/08/2012 ' != ' #dt        '
-  12/08/2012 
+  #dt        

]]>		</error>
	</testcase>
	<testcase classname="InequalityTest" name="test_iDateTest_3" time="0.596">
		<error message="' 12-08-2012 ' != ' #dt        '
-  12-08-2012 
+  #dt        
" type="AssertionError">
<![CDATA[Traceback (most recent call last):
  File "C:/Users/CHRIS/PycharmProjects/Requests/Requests.py", line 39, in test_iDateTest_3
    self.assertEqual(Actuval, expectedText)
AssertionError: ' 12-08-2012 ' != ' #dt        '
-  12-08-2012 
+  #dt        

]]>		</error>
	</testcase>
	<testcase classname="InequalityTest" name="test_iDateTest_5" time="0.558">
		<error message="' march 9 ' != ' #dt     '
-  march 9 
+  #dt     
" type="AssertionError">
<![CDATA[Traceback (most recent call last):
  File "C:/Users/CHRIS/PycharmProjects/Requests/Requests.py", line 51, in test_iDateTest_5
    self.assertEqual(Actuval, expectedText)
AssertionError: ' march 9 ' != ' #dt     '
-  march 9 
+  #dt     

]]>		</error>
	</testcase>
	<testcase classname="InequalityTest" name="test_iDateTest_6" time="0.548">
		<error message="' january 8th ' != ' #dt         '
-  january 8th 
+  #dt         
" type="AssertionError">
<![CDATA[Traceback (most recent call last):
  File "C:/Users/CHRIS/PycharmProjects/Requests/Requests.py", line 57, in test_iDateTest_6
    self.assertEqual(Actuval, expectedText)
AssertionError: ' january 8th ' != ' #dt         '
-  january 8th 
+  #dt         

]]>		</error>
	</testcase>
	<testcase classname="InequalityTest" name="test_iDateTest_7" time="0.552">
		<error message="' february 2002 ' != ' #dt           '
-  february 2002 
+  #dt           
" type="AssertionError">
<![CDATA[Traceback (most recent call last):
  File "C:/Users/CHRIS/PycharmProjects/Requests/Requests.py", line 63, in test_iDateTest_7
    self.assertEqual(Actuval, expectedText)
AssertionError: ' february 2002 ' != ' #dt           '
-  february 2002 
+  #dt           

]]>		</error>
	</testcase>
	<testcase classname="InequalityTest" name="test_iDateTest_8" time="0.585">
		<error message="' wednesday  ' != ' #dt        '
-  wednesday  
+  #dt        
" type="AssertionError">
<![CDATA[Traceback (most recent call last):
  File "C:/Users/CHRIS/PycharmProjects/Requests/Requests.py", line 69, in test_iDateTest_8
    self.assertEqual(Actuval, expectedText)
AssertionError: ' wednesday  ' != ' #dt        '
-  wednesday  
+  #dt        

]]>		</error>
	</testcase>
	<testcase classname="InequalityTest" name="test_iDateTest_9" time="0.599">
		<error message="' february 1492 ' != ' #dt           '
-  february 1492 
+  #dt           
" type="AssertionError">
<![CDATA[Traceback (most recent call last):
  File "C:/Users/CHRIS/PycharmProjects/Requests/Requests.py", line 75, in test_iDateTest_9
    self.assertEqual(Actuval, expectedText)
AssertionError: ' february 1492 ' != ' #dt           '
-  february 1492 
+  #dt           

]]>		</error>
	</testcase>
	<testcase classname="InequalityTest" name="test_mcDateTest_1" time="0.583">
		<error message="'adam mckay  born april 17, 1968  is an american screenwrit[30 chars]tor ' != 'adam mckay  born #dt             is an american screenwrit[30 chars]tor '
- adam mckay  born april 17, 1968  is an american screenwriter  director  comedian  and actor 
?                  ^^^^^^^^^^^^^^
+ adam mckay  born #dt             is an american screenwriter  director  comedian  and actor 
?                  ^^^^^^^^^^^^^^
" type="AssertionError">
<![CDATA[Traceback (most recent call last):
  File "C:/Users/CHRIS/PycharmProjects/Requests/Requests.py", line 212, in test_mcDateTest_1
    self.assertEqual(Actuval, expectedText)
AssertionError: 'adam mckay  born april 17, 1968  is an american screenwrit[30 chars]tor ' != 'adam mckay  born #dt             is an american screenwrit[30 chars]tor '
- adam mckay  born april 17, 1968  is an american screenwriter  director  comedian  and actor 
?                  ^^^^^^^^^^^^^^
+ adam mckay  born #dt             is an american screenwriter  director  comedian  and actor 
?                  ^^^^^^^^^^^^^^

]]>		</error>
	</testcase>
	<testcase classname="InequalityTest" name="test_mcDateTest_2" time="0.616">
		<error message="'#n           rebhorn  september 1, 1948  [96 chars]ays ' != 'james robert rebhorn  #dt                [96 chars]ays '
- #n           rebhorn  september 1, 1948   march 21, 2014  was an american actor who appeared in over #   films  television series  and plays 
+ james robert rebhorn  #dt                 #dt             was an american actor who appeared in over 100 films  television series  and plays 
" type="AssertionError">
<![CDATA[Traceback (most recent call last):
  File "C:/Users/CHRIS/PycharmProjects/Requests/Requests.py", line 218, in test_mcDateTest_2
    self.assertEqual(Actuval, expectedText)
AssertionError: '#n           rebhorn  september 1, 1948  [96 chars]ays ' != 'james robert rebhorn  #dt                [96 chars]ays '
- #n           rebhorn  september 1, 1948   march 21, 2014  was an american actor who appeared in over #   films  television series  and plays 
+ james robert rebhorn  #dt                 #dt             was an american actor who appeared in over 100 films  television series  and plays 

]]>		</error>
	</testcase>
	<testcase classname="InequalityTest" name="test_mcDateTest_3" time="0.619">
		<error message="'eddie kehler november 20, 1966  was born in philadelphia  pennsylvania.' != 'eddie kehler #dt                was born in philadelphia  pennsylvania.'
- eddie kehler november 20, 1966  was born in philadelphia  pennsylvania.
?              ^^^^^^^^^^^^^^^^^
+ eddie kehler #dt                was born in philadelphia  pennsylvania.
?              ^^^^^^^^^^^^^^^^^
" type="AssertionError">
<![CDATA[Traceback (most recent call last):
  File "C:/Users/CHRIS/PycharmProjects/Requests/Requests.py", line 224, in test_mcDateTest_3
    self.assertEqual(Actuval, expectedText)
AssertionError: 'eddie kehler november 20, 1966  was born in philadelphia  pennsylvania.' != 'eddie kehler #dt                was born in philadelphia  pennsylvania.'
- eddie kehler november 20, 1966  was born in philadelphia  pennsylvania.
?              ^^^^^^^^^^^^^^^^^
+ eddie kehler #dt                was born in philadelphia  pennsylvania.
?              ^^^^^^^^^^^^^^^^^

]]>		</error>
	</testcase>
	<testcase classname="InequalityTest" name="test_mcDateTest_4" time="0.566">
		<error message="'#n             was born on october 27, 1953  in philadelphia' != 'robert picardo was born on #dt               in philadelphia'
- #n             was born on october 27, 1953  in philadelphia
+ robert picardo was born on #dt               in philadelphia
" type="AssertionError">
<![CDATA[Traceback (most recent call last):
  File "C:/Users/CHRIS/PycharmProjects/Requests/Requests.py", line 230, in test_mcDateTest_4
    self.assertEqual(Actuval, expectedText)
AssertionError: '#n             was born on october 27, 1953  in philadelphia' != 'robert picardo was born on #dt               in philadelphia'
- #n             was born on october 27, 1953  in philadelphia
+ robert picardo was born on #dt               in philadelphia

]]>		</error>
	</testcase>
	<testcase classname="InequalityTest" name="test_nlDateTest_1" time="0.573">
		<error message="'#n             started life out as martin[52 chars]935 ' != 'michael callan started life out as martin[52 chars]    '
- #n             started life out as martin harris calinieff in philadelphia on  november 22, 1935 
+ michael callan started life out as martin harris calinieff in philadelphia on  #dt               
" type="AssertionError">
<![CDATA[Traceback (most recent call last):
  File "C:/Users/CHRIS/PycharmProjects/Requests/Requests.py", line 270, in test_nlDateTest_1
    self.assertEqual(Actuval, expectedText)
AssertionError: '#n             started life out as martin[52 chars]935 ' != 'michael callan started life out as martin[52 chars]    '
- #n             started life out as martin harris calinieff in philadelphia on  november 22, 1935 
+ michael callan started life out as martin harris calinieff in philadelphia on  #dt               

]]>		</error>
	</testcase>
	<testcase classname="InequalityTest" name="test_pDateTest_1" time="0.601">
		<error message="' on 29 october 2007  the sensex crossed the #[93 chars]rk  ' != ' on #dt              the sensex crossed the 2[93 chars]rk  '
-  on 29 october 2007  the sensex crossed the #      mark for the first time with a massive 734.5-point gain  but closed below the #      mark  
?     ^^^^^ ^^^^^^^^^                         ^^^^^^                                                                               ^^^^^^
+  on #dt              the sensex crossed the 20,000 mark for the first time with a massive 734.5-point gain  but closed below the 20,000 mark  
?     ^^ ^^^^^^^^^^^^                         ^^^^^^                                                                               ^^^^^^
" type="AssertionError">
<![CDATA[Traceback (most recent call last):
  File "C:/Users/CHRIS/PycharmProjects/Requests/Requests.py", line 186, in test_pDateTest_1
    self.assertEqual(Actuval, expectedText)
AssertionError: ' on 29 october 2007  the sensex crossed the #[93 chars]rk  ' != ' on #dt              the sensex crossed the 2[93 chars]rk  '
-  on 29 october 2007  the sensex crossed the #      mark for the first time with a massive 734.5-point gain  but closed below the #      mark  
?     ^^^^^ ^^^^^^^^^                         ^^^^^^                                                                               ^^^^^^
+  on #dt              the sensex crossed the 20,000 mark for the first time with a massive 734.5-point gain  but closed below the 20,000 mark  
?     ^^ ^^^^^^^^^^^^                         ^^^^^^                                                                               ^^^^^^

]]>		</error>
	</testcase>
	<testcase classname="InequalityTest" name="test_pDateTest_2" time="0.625">
		<error message="'the [34 chars]d in march 2008  the month started out with th[102 chars] us ' != 'the [34 chars]d in #dt         the month started out with th[102 chars] us '
Diff is 651 characters long. Set self.maxDiff to None to see it." type="AssertionError">
<![CDATA[Traceback (most recent call last):
  File "C:/Users/CHRIS/PycharmProjects/Requests/Requests.py", line 192, in test_pDateTest_2
    self.assertEqual(Actuval, expectedText)
AssertionError: 'the [34 chars]d in march 2008  the month started out with th[102 chars] us ' != 'the [34 chars]d in #dt         the month started out with th[102 chars] us '
Diff is 651 characters long. Set self.maxDiff to None to see it.
]]>		</error>
	</testcase>
	<testcase classname="InequalityTest" name="test_pDateTest_3" time="0.573">
		<error message="' the texas chainsaw massacre  premiering october 17th, 2003  ' != ' the texas chainsaw massacre  premiering #dt                 '
-  the texas chainsaw massacre  premiering october 17th, 2003  
+  the texas chainsaw massacre  premiering #dt                 
" type="AssertionError">
<![CDATA[Traceback (most recent call last):
  File "C:/Users/CHRIS/PycharmProjects/Requests/Requests.py", line 198, in test_pDateTest_3
    self.assertEqual(Actuval, expectedText)
AssertionError: ' the texas chainsaw massacre  premiering october 17th, 2003  ' != ' the texas chainsaw massacre  premiering #dt                 '
-  the texas chainsaw massacre  premiering october 17th, 2003  
+  the texas chainsaw massacre  premiering #dt                 

]]>		</error>
	</testcase>
	<testcase classname="InequalityTest" name="test_pDateTest_4" time="0.690">
		<error message="&quot; lee[77 chars]d on december 24, 1959 unfortunately  the phil[132 chars]ty  &quot; != &quot; lee[77 chars]d on #dt                unfortunately  the phi[133 chars]ty  &quot;
-  lee daniels gave his parents an early christmas present when he entered the world on december 24, 1959 unfortunately  the philadelphia native was to have a difficult relationship with his police officer father who later reacted violently to his son's sexuality  
+  lee daniels gave his parents an early christmas present when he entered the world on #dt                unfortunately  the philadelphia native was to have a difficult relationship with his police officer father who later reacted violently to his son's sexuality  
" type="AssertionError">
<![CDATA[Traceback (most recent call last):
  File "C:/Users/CHRIS/PycharmProjects/Requests/Requests.py", line 204, in test_pDateTest_4
    self.assertEqual(Actuval, expectedText)
AssertionError: " lee[77 chars]d on december 24, 1959 unfortunately  the phil[132 chars]ty  " != " lee[77 chars]d on #dt                unfortunately  the phi[133 chars]ty  "
-  lee daniels gave his parents an early christmas present when he entered the world on december 24, 1959 unfortunately  the philadelphia native was to have a difficult relationship with his police officer father who later reacted violently to his son's sexuality  
+  lee daniels gave his parents an early christmas present when he entered the world on #dt                unfortunately  the philadelphia native was to have a difficult relationship with his police officer father who later reacted violently to his son's sexuality  

]]>		</error>
	</testcase>
	<system-out>
<![CDATA[]]>	</system-out>
	<system-err>
<![CDATA[]]>	</system-err>
</testsuite>
