<?xml version="1.0" ?>
<testsuite errors="1" failures="0" name="InequalityTest-20160406173958" tests="1" time="0.707">
	<testcase classname="InequalityTest" name="test_IsClassify_1" time="0.707">
		<error message="int() argument must be a string, a bytes-like object or a number, not 'dict'" type="TypeError">
<![CDATA[Traceback (most recent call last):
  File "C:/Users/CHRIS/PycharmProjects/Requests/Requests.py", line 24, in test_IsClassify_1
    Actuval=self.Ontobi_API(text)
  File "C:/Users/CHRIS/PycharmProjects/Requests/Requests.py", line 17, in Ontobi_API
    output = int(j["data"])
TypeError: int() argument must be a string, a bytes-like object or a number, not 'dict'
]]>		</error>
	</testcase>
	<system-out>
<![CDATA[200
]]>	</system-out>
	<system-err>
<![CDATA[]]>	</system-err>
</testsuite>
