<?xml version="1.0" ?>
<testsuite errors="93" failures="0" name="InequalityTest-20160315153858" tests="96" time="55.595">
	<testcase classname="InequalityTest" name="test_fpGreetingTest_1" time="0.584"/>
	<testcase classname="InequalityTest" name="test_fpGreetingTest_2" time="0.618"/>
	<testcase classname="InequalityTest" name="test_fpGreetingTest_3" time="0.600"/>
	<testcase classname="InequalityTest" name="test_GreetingTagger12" time="0.587">
		<error message="' hi sure to replace the id with your ' != ' #g sure to replace the id with your '
-  hi sure to replace the id with your 
?  ^^
+  #g sure to replace the id with your 
?  ^^
" type="AssertionError">
<![CDATA[Traceback (most recent call last):
  File "C:/Users/CHRIS/PycharmProjects/Requests/Requests.py", line 293, in test_GreetingTagger12
    self.assertEqual(Actuval, expected)
AssertionError: ' hi sure to replace the id with your ' != ' #g sure to replace the id with your '
-  hi sure to replace the id with your 
?  ^^
+  #g sure to replace the id with your 
?  ^^

]]>		</error>
	</testcase>
	<testcase classname="InequalityTest" name="test_GreetingTagger40" time="0.562">
		<error message="'  hello eric bass  thank you for regi ' != '  #g               thank you for regi '
-   hello eric bass  thank you for regi 
+   #g               thank you for regi 
" type="AssertionError">
<![CDATA[Traceback (most recent call last):
  File "C:/Users/CHRIS/PycharmProjects/Requests/Requests.py", line 461, in test_GreetingTagger40
    self.assertEqual(Actuval, expected)
AssertionError: '  hello eric bass  thank you for regi ' != '  #g               thank you for regi '
-   hello eric bass  thank you for regi 
+   #g               thank you for regi 

]]>		</error>
	</testcase>
	<testcase classname="InequalityTest" name="test_csGreetingTest_1" time="0.589">
		<error message="'mr. erickson  we all unloaded out of fate[37 chars]oks ' != '#g            we all unloaded out of fate[37 chars]oks '
- mr. erickson  we all unloaded out of fate therapeutics yesterday in our own books 
? ^^^^^^^^^^^^
+ #g            we all unloaded out of fate therapeutics yesterday in our own books 
? ^^^^^^^^^^^^
" type="AssertionError">
<![CDATA[Traceback (most recent call last):
  File "C:/Users/CHRIS/PycharmProjects/Requests/Requests.py", line 516, in test_csGreetingTest_1
    self.assertEqual(Actuval, expected)
AssertionError: 'mr. erickson  we all unloaded out of fate[37 chars]oks ' != '#g            we all unloaded out of fate[37 chars]oks '
- mr. erickson  we all unloaded out of fate therapeutics yesterday in our own books 
? ^^^^^^^^^^^^
+ #g            we all unloaded out of fate therapeutics yesterday in our own books 
? ^^^^^^^^^^^^

]]>		</error>
	</testcase>
	<testcase classname="InequalityTest" name="test_csGreetingTest_2" time="0.605">
		<error message="'dear sandra  the volume on the hedge will[80 chars]uct ' != '#g           the volume on the hedge will[80 chars]uct '
- dear sandra  the volume on the hedge will now respect the minimum volume and volume increment settings on the parent product 
? ^^^^^^^^^^^
+ #g           the volume on the hedge will now respect the minimum volume and volume increment settings on the parent product 
? ^^^^^^^^^^^
" type="AssertionError">
<![CDATA[Traceback (most recent call last):
  File "C:/Users/CHRIS/PycharmProjects/Requests/Requests.py", line 522, in test_csGreetingTest_2
    self.assertEqual(Actuval, expected)
AssertionError: 'dear sandra  the volume on the hedge will[80 chars]uct ' != '#g           the volume on the hedge will[80 chars]uct '
- dear sandra  the volume on the hedge will now respect the minimum volume and volume increment settings on the parent product 
? ^^^^^^^^^^^
+ #g           the volume on the hedge will now respect the minimum volume and volume increment settings on the parent product 
? ^^^^^^^^^^^

]]>		</error>
	</testcase>
	<testcase classname="InequalityTest" name="test_csGreetingTest_3" time="0.571">
		<error message="'mrs. clooney   please post the attached n[36 chars]ces ' != '#g             please post the attached n[36 chars]ces '
- mrs. clooney   please post the attached notice to the web under critical notices 
? ^^^^^^^^^^^^
+ #g             please post the attached notice to the web under critical notices 
? ^^^^^^^^^^^^
" type="AssertionError">
<![CDATA[Traceback (most recent call last):
  File "C:/Users/CHRIS/PycharmProjects/Requests/Requests.py", line 528, in test_csGreetingTest_3
    self.assertEqual(Actuval, expected)
AssertionError: 'mrs. clooney   please post the attached n[36 chars]ces ' != '#g             please post the attached n[36 chars]ces '
- mrs. clooney   please post the attached notice to the web under critical notices 
? ^^^^^^^^^^^^
+ #g             please post the attached notice to the web under critical notices 
? ^^^^^^^^^^^^

]]>		</error>
	</testcase>
	<testcase classname="InequalityTest" name="test_csGreetingTest_4" time="0.585">
		<error message="'michelle  i have executed the warranty de[42 chars]ent ' != '#g        i have executed the warranty de[42 chars]ent '
- michelle  i have executed the warranty deed  first amendment  and the escrow agreement 
? ^ ---------
+ #g        i have executed the warranty deed  first amendment  and the escrow agreement 
? ^^^^^^^^^^
" type="AssertionError">
<![CDATA[Traceback (most recent call last):
  File "C:/Users/CHRIS/PycharmProjects/Requests/Requests.py", line 534, in test_csGreetingTest_4
    self.assertEqual(Actuval, expected)
AssertionError: 'michelle  i have executed the warranty de[42 chars]ent ' != '#g        i have executed the warranty de[42 chars]ent '
- michelle  i have executed the warranty deed  first amendment  and the escrow agreement 
? ^ ---------
+ #g        i have executed the warranty deed  first amendment  and the escrow agreement 
? ^^^^^^^^^^

]]>		</error>
	</testcase>
	<testcase classname="InequalityTest" name="test_csGreetingTest_5" time="0.571">
		<error message="'richard  here is the power point presentation ' != '#g       here is the power point presentation '
- richard  here is the power point presentation 
? ^^^^^^^
+ #g       here is the power point presentation 
? ^^^^^^^
" type="AssertionError">
<![CDATA[Traceback (most recent call last):
  File "C:/Users/CHRIS/PycharmProjects/Requests/Requests.py", line 540, in test_csGreetingTest_5
    self.assertEqual(Actuval, expected)
AssertionError: 'richard  here is the power point presentation ' != '#g       here is the power point presentation '
- richard  here is the power point presentation 
? ^^^^^^^
+ #g       here is the power point presentation 
? ^^^^^^^

]]>		</error>
	</testcase>
	<testcase classname="InequalityTest" name="test_fGreetingTagge1" time="0.617">
		<error message="' hi christopher sure to replace the id with your ' != ' #g             sure to replace the id with your '
-  hi christopher sure to replace the id with your 
+  #g             sure to replace the id with your 
" type="AssertionError">
<![CDATA[Traceback (most recent call last):
  File "C:/Users/CHRIS/PycharmProjects/Requests/Requests.py", line 227, in test_fGreetingTagge1
    self.assertEqual(Actuval, expected)
AssertionError: ' hi christopher sure to replace the id with your ' != ' #g             sure to replace the id with your '
-  hi christopher sure to replace the id with your 
+  #g             sure to replace the id with your 

]]>		</error>
	</testcase>
	<testcase classname="InequalityTest" name="test_fGreetingTagger10" time="0.595">
		<error message="' hello mr. dasari  sure to replace the id with your ' != ' #g                sure to replace the id with your '
-  hello mr. dasari  sure to replace the id with your 
+  #g                sure to replace the id with your 
" type="AssertionError">
<![CDATA[Traceback (most recent call last):
  File "C:/Users/CHRIS/PycharmProjects/Requests/Requests.py", line 281, in test_fGreetingTagger10
    self.assertEqual(Actuval, expected)
AssertionError: ' hello mr. dasari  sure to replace the id with your ' != ' #g                sure to replace the id with your '
-  hello mr. dasari  sure to replace the id with your 
+  #g                sure to replace the id with your 

]]>		</error>
	</testcase>
	<testcase classname="InequalityTest" name="test_fGreetingTagger11" time="0.583">
		<error message="' pradeep sure to replace the id with your ' != ' #g      sure to replace the id with your '
-  pradeep sure to replace the id with your 
?  ^^^^^^^
+  #g      sure to replace the id with your 
?  ^^^^^^^
" type="AssertionError">
<![CDATA[Traceback (most recent call last):
  File "C:/Users/CHRIS/PycharmProjects/Requests/Requests.py", line 287, in test_fGreetingTagger11
    self.assertEqual(Actuval, expected)
AssertionError: ' pradeep sure to replace the id with your ' != ' #g      sure to replace the id with your '
-  pradeep sure to replace the id with your 
?  ^^^^^^^
+  #g      sure to replace the id with your 
?  ^^^^^^^

]]>		</error>
	</testcase>
	<testcase classname="InequalityTest" name="test_fGreetingTagger13" time="0.572">
		<error message="' hello sure to replace the id with your ' != ' #g    sure to replace the id with your '
-  hello sure to replace the id with your 
?  ^^^^^
+  #g    sure to replace the id with your 
?  ^^^^^
" type="AssertionError">
<![CDATA[Traceback (most recent call last):
  File "C:/Users/CHRIS/PycharmProjects/Requests/Requests.py", line 299, in test_fGreetingTagger13
    self.assertEqual(Actuval, expected)
AssertionError: ' hello sure to replace the id with your ' != ' #g    sure to replace the id with your '
-  hello sure to replace the id with your 
?  ^^^^^
+  #g    sure to replace the id with your 
?  ^^^^^

]]>		</error>
	</testcase>
	<testcase classname="InequalityTest" name="test_fGreetingTagger14" time="0.574">
		<error message="' to whom it may concern sure to replace the id with your ' != ' #g                     sure to replace the id with your '
-  to whom it may concern sure to replace the id with your 
+  #g                     sure to replace the id with your 
" type="AssertionError">
<![CDATA[Traceback (most recent call last):
  File "C:/Users/CHRIS/PycharmProjects/Requests/Requests.py", line 305, in test_fGreetingTagger14
    self.assertEqual(Actuval, expected)
AssertionError: ' to whom it may concern sure to replace the id with your ' != ' #g                     sure to replace the id with your '
-  to whom it may concern sure to replace the id with your 
+  #g                     sure to replace the id with your 

]]>		</error>
	</testcase>
	<testcase classname="InequalityTest" name="test_fGreetingTagger15" time="0.590">
		<error message="' hi, sure to replace the id with your ' != ' #g  sure to replace the id with your '
-  hi, sure to replace the id with your 
?  ^^^
+  #g  sure to replace the id with your 
?  ^^^
" type="AssertionError">
<![CDATA[Traceback (most recent call last):
  File "C:/Users/CHRIS/PycharmProjects/Requests/Requests.py", line 311, in test_fGreetingTagger15
    self.assertEqual(Actuval, expected)
AssertionError: ' hi, sure to replace the id with your ' != ' #g  sure to replace the id with your '
-  hi, sure to replace the id with your 
?  ^^^
+  #g  sure to replace the id with your 
?  ^^^

]]>		</error>
	</testcase>
	<testcase classname="InequalityTest" name="test_fGreetingTagger16" time="0.555">
		<error message="' hello, sure to replace the id with your ' != ' #g     sure to replace the id with your '
-  hello, sure to replace the id with your 
?  ^^^^^^
+  #g     sure to replace the id with your 
?  ^^^^^^
" type="AssertionError">
<![CDATA[Traceback (most recent call last):
  File "C:/Users/CHRIS/PycharmProjects/Requests/Requests.py", line 317, in test_fGreetingTagger16
    self.assertEqual(Actuval, expected)
AssertionError: ' hello, sure to replace the id with your ' != ' #g     sure to replace the id with your '
-  hello, sure to replace the id with your 
?  ^^^^^^
+  #g     sure to replace the id with your 
?  ^^^^^^

]]>		</error>
	</testcase>
	<testcase classname="InequalityTest" name="test_fGreetingTagger17" time="0.564">
		<error message="' to whom it may concern: sure to replace the id with your ' != ' #g                      sure to replace the id with your '
-  to whom it may concern: sure to replace the id with your 
+  #g                      sure to replace the id with your 
" type="AssertionError">
<![CDATA[Traceback (most recent call last):
  File "C:/Users/CHRIS/PycharmProjects/Requests/Requests.py", line 323, in test_fGreetingTagger17
    self.assertEqual(Actuval, expected)
AssertionError: ' to whom it may concern: sure to replace the id with your ' != ' #g                      sure to replace the id with your '
-  to whom it may concern: sure to replace the id with your 
+  #g                      sure to replace the id with your 

]]>		</error>
	</testcase>
	<testcase classname="InequalityTest" name="test_fGreetingTagger18" time="0.562">
		<error message="' dear mr. chris bagga sure to replace the id with your ' != ' #g                   sure to replace the id with your '
-  dear mr. chris bagga sure to replace the id with your 
+  #g                   sure to replace the id with your 
" type="AssertionError">
<![CDATA[Traceback (most recent call last):
  File "C:/Users/CHRIS/PycharmProjects/Requests/Requests.py", line 329, in test_fGreetingTagger18
    self.assertEqual(Actuval, expected)
AssertionError: ' dear mr. chris bagga sure to replace the id with your ' != ' #g                   sure to replace the id with your '
-  dear mr. chris bagga sure to replace the id with your 
+  #g                   sure to replace the id with your 

]]>		</error>
	</testcase>
	<testcase classname="InequalityTest" name="test_fGreetingTagger19" time="0.569">
		<error message="' hi mr. roberts  sure to replace the id with your ' != ' #g              sure to replace the id with your '
-  hi mr. roberts  sure to replace the id with your 
+  #g              sure to replace the id with your 
" type="AssertionError">
<![CDATA[Traceback (most recent call last):
  File "C:/Users/CHRIS/PycharmProjects/Requests/Requests.py", line 335, in test_fGreetingTagger19
    self.assertEqual(Actuval, expected)
AssertionError: ' hi mr. roberts  sure to replace the id with your ' != ' #g              sure to replace the id with your '
-  hi mr. roberts  sure to replace the id with your 
+  #g              sure to replace the id with your 

]]>		</error>
	</testcase>
	<testcase classname="InequalityTest" name="test_fGreetingTagger2" time="0.577">
		<error message="' mr. pradeep sure to replace the id with your ' != ' #g          sure to replace the id with your '
-  mr. pradeep sure to replace the id with your 
?  ^^^^^^^^^^^
+  #g          sure to replace the id with your 
?  ^^^^^^^^^^^
" type="AssertionError">
<![CDATA[Traceback (most recent call last):
  File "C:/Users/CHRIS/PycharmProjects/Requests/Requests.py", line 233, in test_fGreetingTagger2
    self.assertEqual(Actuval, expected)
AssertionError: ' mr. pradeep sure to replace the id with your ' != ' #g          sure to replace the id with your '
-  mr. pradeep sure to replace the id with your 
?  ^^^^^^^^^^^
+  #g          sure to replace the id with your 
?  ^^^^^^^^^^^

]]>		</error>
	</testcase>
	<testcase classname="InequalityTest" name="test_fGreetingTagger20" time="0.583">
		<error message="' hello mr. riley  sure to replace the id with your ' != ' #g               sure to replace the id with your '
-  hello mr. riley  sure to replace the id with your 
+  #g               sure to replace the id with your 
" type="AssertionError">
<![CDATA[Traceback (most recent call last):
  File "C:/Users/CHRIS/PycharmProjects/Requests/Requests.py", line 341, in test_fGreetingTagger20
    self.assertEqual(Actuval, expected)
AssertionError: ' hello mr. riley  sure to replace the id with your ' != ' #g               sure to replace the id with your '
-  hello mr. riley  sure to replace the id with your 
+  #g               sure to replace the id with your 

]]>		</error>
	</testcase>
	<testcase classname="InequalityTest" name="test_fGreetingTagger21" time="0.579">
		<error message="' hello william  sure to replace the id with your ' != ' #g             sure to replace the id with your '
-  hello william  sure to replace the id with your 
+  #g             sure to replace the id with your 
" type="AssertionError">
<![CDATA[Traceback (most recent call last):
  File "C:/Users/CHRIS/PycharmProjects/Requests/Requests.py", line 347, in test_fGreetingTagger21
    self.assertEqual(Actuval, expected)
AssertionError: ' hello william  sure to replace the id with your ' != ' #g             sure to replace the id with your '
-  hello william  sure to replace the id with your 
+  #g             sure to replace the id with your 

]]>		</error>
	</testcase>
	<testcase classname="InequalityTest" name="test_fGreetingTagger22" time="0.565">
		<error message="' dear pradeep  sure to replace the id with your ' != ' #g            sure to replace the id with your '
-  dear pradeep  sure to replace the id with your 
?  ^^^^^^^^^^^^
+  #g            sure to replace the id with your 
?  ^^^^^^^^^^^^
" type="AssertionError">
<![CDATA[Traceback (most recent call last):
  File "C:/Users/CHRIS/PycharmProjects/Requests/Requests.py", line 353, in test_fGreetingTagger22
    self.assertEqual(Actuval, expected)
AssertionError: ' dear pradeep  sure to replace the id with your ' != ' #g            sure to replace the id with your '
-  dear pradeep  sure to replace the id with your 
?  ^^^^^^^^^^^^
+  #g            sure to replace the id with your 
?  ^^^^^^^^^^^^

]]>		</error>
	</testcase>
	<testcase classname="InequalityTest" name="test_fGreetingTagger23" time="0.577">
		<error message="' dr. pradeep sure to replace the id with your ' != ' #g          sure to replace the id with your '
-  dr. pradeep sure to replace the id with your 
?  ^^^^^^^^^^^
+  #g          sure to replace the id with your 
?  ^^^^^^^^^^^
" type="AssertionError">
<![CDATA[Traceback (most recent call last):
  File "C:/Users/CHRIS/PycharmProjects/Requests/Requests.py", line 359, in test_fGreetingTagger23
    self.assertEqual(Actuval, expected)
AssertionError: ' dr. pradeep sure to replace the id with your ' != ' #g          sure to replace the id with your '
-  dr. pradeep sure to replace the id with your 
?  ^^^^^^^^^^^
+  #g          sure to replace the id with your 
?  ^^^^^^^^^^^

]]>		</error>
	</testcase>
	<testcase classname="InequalityTest" name="test_fGreetingTagger24" time="0.571">
		<error message="' pradeep bagga sure to replace the id with your ' != ' #g            sure to replace the id with your '
-  pradeep bagga sure to replace the id with your 
?  ^^^^^^^^^^ ^^
+  #g            sure to replace the id with your 
?  ^ ^^^^^^^^^^^
" type="AssertionError">
<![CDATA[Traceback (most recent call last):
  File "C:/Users/CHRIS/PycharmProjects/Requests/Requests.py", line 365, in test_fGreetingTagger24
    self.assertEqual(Actuval, expected)
AssertionError: ' pradeep bagga sure to replace the id with your ' != ' #g            sure to replace the id with your '
-  pradeep bagga sure to replace the id with your 
?  ^^^^^^^^^^ ^^
+  #g            sure to replace the id with your 
?  ^ ^^^^^^^^^^^

]]>		</error>
	</testcase>
	<testcase classname="InequalityTest" name="test_fGreetingTagger25" time="0.581">
		<error message="' chris sure to replace the id with your ' != ' #g    sure to replace the id with your '
-  chris sure to replace the id with your 
?  ^^^^^
+  #g    sure to replace the id with your 
?  ^^^^^
" type="AssertionError">
<![CDATA[Traceback (most recent call last):
  File "C:/Users/CHRIS/PycharmProjects/Requests/Requests.py", line 371, in test_fGreetingTagger25
    self.assertEqual(Actuval, expected)
AssertionError: ' chris sure to replace the id with your ' != ' #g    sure to replace the id with your '
-  chris sure to replace the id with your 
?  ^^^^^
+  #g    sure to replace the id with your 
?  ^^^^^

]]>		</error>
	</testcase>
	<testcase classname="InequalityTest" name="test_fGreetingTagger26" time="0.588">
		<error message="' bagga sure to replace the id with your ' != ' #g    sure to replace the id with your '
-  bagga sure to replace the id with your 
?  ^^ ^^
+  #g    sure to replace the id with your 
?  ^ ^^^
" type="AssertionError">
<![CDATA[Traceback (most recent call last):
  File "C:/Users/CHRIS/PycharmProjects/Requests/Requests.py", line 377, in test_fGreetingTagger26
    self.assertEqual(Actuval, expected)
AssertionError: ' bagga sure to replace the id with your ' != ' #g    sure to replace the id with your '
-  bagga sure to replace the id with your 
?  ^^ ^^
+  #g    sure to replace the id with your 
?  ^ ^^^

]]>		</error>
	</testcase>
	<testcase classname="InequalityTest" name="test_fGreetingTagger27" time="0.562">
		<error message="'  hi philip if you do have slides ' != '  #g        if you do have slides '
-   hi philip if you do have slides 
+   #g        if you do have slides 
" type="AssertionError">
<![CDATA[Traceback (most recent call last):
  File "C:/Users/CHRIS/PycharmProjects/Requests/Requests.py", line 383, in test_fGreetingTagger27
    self.assertEqual(Actuval, expected)
AssertionError: '  hi philip if you do have slides ' != '  #g        if you do have slides '
-   hi philip if you do have slides 
+   #g        if you do have slides 

]]>		</error>
	</testcase>
	<testcase classname="InequalityTest" name="test_fGreetingTagger28" time="0.564">
		<error message="'  hi all we are looking for a whea ' != '  #g     we are looking for a whea '
-   hi all we are looking for a whea 
?   ^^^^^^
+   #g     we are looking for a whea 
?   ^^^^^^
" type="AssertionError">
<![CDATA[Traceback (most recent call last):
  File "C:/Users/CHRIS/PycharmProjects/Requests/Requests.py", line 389, in test_fGreetingTagger28
    self.assertEqual(Actuval, expected)
AssertionError: '  hi all we are looking for a whea ' != '  #g     we are looking for a whea '
-   hi all we are looking for a whea 
?   ^^^^^^
+   #g     we are looking for a whea 
?   ^^^^^^

]]>		</error>
	</testcase>
	<testcase classname="InequalityTest" name="test_fGreetingTagger29" time="0.581">
		<error message="' hi, we have recieved ' != ' #g  we have recieved '
-  hi, we have recieved 
?  ^^^
+  #g  we have recieved 
?  ^^^
" type="AssertionError">
<![CDATA[Traceback (most recent call last):
  File "C:/Users/CHRIS/PycharmProjects/Requests/Requests.py", line 395, in test_fGreetingTagger29
    self.assertEqual(Actuval, expected)
AssertionError: ' hi, we have recieved ' != ' #g  we have recieved '
-  hi, we have recieved 
?  ^^^
+  #g  we have recieved 
?  ^^^

]]>		</error>
	</testcase>
	<testcase classname="InequalityTest" name="test_fGreetingTagger3" time="0.561">
		<error message="' pradeep  sure to replace the id with your ' != ' #g       sure to replace the id with your '
-  pradeep  sure to replace the id with your 
?  ^^^^^^^
+  #g       sure to replace the id with your 
?  ^^^^^^^
" type="AssertionError">
<![CDATA[Traceback (most recent call last):
  File "C:/Users/CHRIS/PycharmProjects/Requests/Requests.py", line 239, in test_fGreetingTagger3
    self.assertEqual(Actuval, expected)
AssertionError: ' pradeep  sure to replace the id with your ' != ' #g       sure to replace the id with your '
-  pradeep  sure to replace the id with your 
?  ^^^^^^^
+  #g       sure to replace the id with your 
?  ^^^^^^^

]]>		</error>
	</testcase>
	<testcase classname="InequalityTest" name="test_fGreetingTagger30" time="0.550">
		<error message="'  hi there, here are your anytime ' != '  #g        here are your anytime '
-   hi there, here are your anytime 
+   #g        here are your anytime 
" type="AssertionError">
<![CDATA[Traceback (most recent call last):
  File "C:/Users/CHRIS/PycharmProjects/Requests/Requests.py", line 401, in test_fGreetingTagger30
    self.assertEqual(Actuval, expected)
AssertionError: '  hi there, here are your anytime ' != '  #g        here are your anytime '
-   hi there, here are your anytime 
+   #g        here are your anytime 

]]>		</error>
	</testcase>
	<testcase classname="InequalityTest" name="test_fGreetingTagger31" time="0.607">
		<error message="'  hi john  #n   and mary are on ' != '  #g       greg and mary are on '
-   hi john  #n   and mary are on 
+   #g       greg and mary are on 
" type="AssertionError">
<![CDATA[Traceback (most recent call last):
  File "C:/Users/CHRIS/PycharmProjects/Requests/Requests.py", line 407, in test_fGreetingTagger31
    self.assertEqual(Actuval, expected)
AssertionError: '  hi john  #n   and mary are on ' != '  #g       greg and mary are on '
-   hi john  #n   and mary are on 
+   #g       greg and mary are on 

]]>		</error>
	</testcase>
	<testcase classname="InequalityTest" name="test_fGreetingTagger32" time="0.550">
		<error message="'  hi! where r u and how have u ' != '  #g  where r u and how have u '
-   hi! where r u and how have u 
?   ^^^
+   #g  where r u and how have u 
?   ^^^
" type="AssertionError">
<![CDATA[Traceback (most recent call last):
  File "C:/Users/CHRIS/PycharmProjects/Requests/Requests.py", line 413, in test_fGreetingTagger32
    self.assertEqual(Actuval, expected)
AssertionError: '  hi! where r u and how have u ' != '  #g  where r u and how have u '
-   hi! where r u and how have u 
?   ^^^
+   #g  where r u and how have u 
?   ^^^

]]>		</error>
	</testcase>
	<testcase classname="InequalityTest" name="test_fGreetingTagger33" time="0.564">
		<error message="&quot;  hi ladies, i'm hoping you can &quot; != &quot;  #g         i'm hoping you can &quot;
-   hi ladies, i'm hoping you can 
+   #g         i'm hoping you can 
" type="AssertionError">
<![CDATA[Traceback (most recent call last):
  File "C:/Users/CHRIS/PycharmProjects/Requests/Requests.py", line 419, in test_fGreetingTagger33
    self.assertEqual(Actuval, expected)
AssertionError: "  hi ladies, i'm hoping you can " != "  #g         i'm hoping you can "
-   hi ladies, i'm hoping you can 
+   #g         i'm hoping you can 

]]>		</error>
	</testcase>
	<testcase classname="InequalityTest" name="test_fGreetingTagger34" time="0.554">
		<error message="'  hi boys  will you please email ' != '  #g       will you please email '
-   hi boys  will you please email 
?   ^^^^^^^
+   #g       will you please email 
?   ^^^^^^^
" type="AssertionError">
<![CDATA[Traceback (most recent call last):
  File "C:/Users/CHRIS/PycharmProjects/Requests/Requests.py", line 425, in test_fGreetingTagger34
    self.assertEqual(Actuval, expected)
AssertionError: '  hi boys  will you please email ' != '  #g       will you please email '
-   hi boys  will you please email 
?   ^^^^^^^
+   #g       will you please email 
?   ^^^^^^^

]]>		</error>
	</testcase>
	<testcase classname="InequalityTest" name="test_fGreetingTagger35" time="0.567">
		<error message="'  hello everybody, the date of our ne ' != '  #g               the date of our ne '
-   hello everybody, the date of our ne 
+   #g               the date of our ne 
" type="AssertionError">
<![CDATA[Traceback (most recent call last):
  File "C:/Users/CHRIS/PycharmProjects/Requests/Requests.py", line 431, in test_fGreetingTagger35
    self.assertEqual(Actuval, expected)
AssertionError: '  hello everybody, the date of our ne ' != '  #g               the date of our ne '
-   hello everybody, the date of our ne 
+   #g               the date of our ne 

]]>		</error>
	</testcase>
	<testcase classname="InequalityTest" name="test_fGreetingTagger36" time="0.567">
		<error message="'  hello john   orbitz would likes ' != '  #g           orbitz would likes '
-   hello john   orbitz would likes 
+   #g           orbitz would likes 
" type="AssertionError">
<![CDATA[Traceback (most recent call last):
  File "C:/Users/CHRIS/PycharmProjects/Requests/Requests.py", line 437, in test_fGreetingTagger36
    self.assertEqual(Actuval, expected)
AssertionError: '  hello john   orbitz would likes ' != '  #g           orbitz would likes '
-   hello john   orbitz would likes 
+   #g           orbitz would likes 

]]>		</error>
	</testcase>
	<testcase classname="InequalityTest" name="test_fGreetingTagger37" time="0.556">
		<error message="'  hello all, i would greatly ' != '  #g         i would greatly '
-   hello all, i would greatly 
+   #g         i would greatly 
" type="AssertionError">
<![CDATA[Traceback (most recent call last):
  File "C:/Users/CHRIS/PycharmProjects/Requests/Requests.py", line 443, in test_fGreetingTagger37
    self.assertEqual(Actuval, expected)
AssertionError: '  hello all, i would greatly ' != '  #g         i would greatly '
-   hello all, i would greatly 
+   #g         i would greatly 

]]>		</error>
	</testcase>
	<testcase classname="InequalityTest" name="test_fGreetingTagger38" time="0.603">
		<error message="'  hello mr. arnold  i hope that thing ' != '  #g                i hope that thing '
-   hello mr. arnold  i hope that thing 
+   #g                i hope that thing 
" type="AssertionError">
<![CDATA[Traceback (most recent call last):
  File "C:/Users/CHRIS/PycharmProjects/Requests/Requests.py", line 449, in test_fGreetingTagger38
    self.assertEqual(Actuval, expected)
AssertionError: '  hello mr. arnold  i hope that thing ' != '  #g                i hope that thing '
-   hello mr. arnold  i hope that thing 
+   #g                i hope that thing 

]]>		</error>
	</testcase>
	<testcase classname="InequalityTest" name="test_fGreetingTagger39" time="0.604">
		<error message="'   hello, i have several changes ' != '   #g     i have several changes '
-    hello, i have several changes 
?    ^^^^^^
+    #g     i have several changes 
?    ^^^^^^
" type="AssertionError">
<![CDATA[Traceback (most recent call last):
  File "C:/Users/CHRIS/PycharmProjects/Requests/Requests.py", line 455, in test_fGreetingTagger39
    self.assertEqual(Actuval, expected)
AssertionError: '   hello, i have several changes ' != '   #g     i have several changes '
-    hello, i have several changes 
?    ^^^^^^
+    #g     i have several changes 
?    ^^^^^^

]]>		</error>
	</testcase>
	<testcase classname="InequalityTest" name="test_fGreetingTagger4" time="0.566">
		<error message="' gabe  sure to replace the id with your ' != ' #g    sure to replace the id with your '
-  gabe  sure to replace the id with your 
?   ^^^
+  #g    sure to replace the id with your 
?  + ^^
" type="AssertionError">
<![CDATA[Traceback (most recent call last):
  File "C:/Users/CHRIS/PycharmProjects/Requests/Requests.py", line 245, in test_fGreetingTagger4
    self.assertEqual(Actuval, expected)
AssertionError: ' gabe  sure to replace the id with your ' != ' #g    sure to replace the id with your '
-  gabe  sure to replace the id with your 
?   ^^^
+  #g    sure to replace the id with your 
?  + ^^

]]>		</error>
	</testcase>
	<testcase classname="InequalityTest" name="test_fGreetingTagger41" time="0.619">
		<error message="'  dear customer, thank you for purch ' != '  #g             thank you for purch '
-   dear customer, thank you for purch 
+   #g             thank you for purch 
" type="AssertionError">
<![CDATA[Traceback (most recent call last):
  File "C:/Users/CHRIS/PycharmProjects/Requests/Requests.py", line 467, in test_fGreetingTagger41
    self.assertEqual(Actuval, expected)
AssertionError: '  dear customer, thank you for purch ' != '  #g             thank you for purch '
-   dear customer, thank you for purch 
+   #g             thank you for purch 

]]>		</error>
	</testcase>
	<testcase classname="InequalityTest" name="test_fGreetingTagger42" time="0.574">
		<error message="'  dear ms. arnold  our #n      ' != '  #g               our october '
-   dear ms. arnold  our #n      
+   #g               our october 
" type="AssertionError">
<![CDATA[Traceback (most recent call last):
  File "C:/Users/CHRIS/PycharmProjects/Requests/Requests.py", line 473, in test_fGreetingTagger42
    self.assertEqual(Actuval, expected)
AssertionError: '  dear ms. arnold  our #n      ' != '  #g               our october '
-   dear ms. arnold  our #n      
+   #g               our october 

]]>		</error>
	</testcase>
	<testcase classname="InequalityTest" name="test_fGreetingTagger43" time="0.564">
		<error message="'  dear fellows, please remember ' != '  #g            please remember '
-   dear fellows, please remember 
+   #g            please remember 
" type="AssertionError">
<![CDATA[Traceback (most recent call last):
  File "C:/Users/CHRIS/PycharmProjects/Requests/Requests.py", line 479, in test_fGreetingTagger43
    self.assertEqual(Actuval, expected)
AssertionError: '  dear fellows, please remember ' != '  #g            please remember '
-   dear fellows, please remember 
+   #g            please remember 

]]>		</error>
	</testcase>
	<testcase classname="InequalityTest" name="test_fGreetingTagger44" time="0.564">
		<error message="'   dear friend   this is an urgent ' != '   #g            this is an urgent '
-    dear friend   this is an urgent 
+    #g            this is an urgent 
" type="AssertionError">
<![CDATA[Traceback (most recent call last):
  File "C:/Users/CHRIS/PycharmProjects/Requests/Requests.py", line 485, in test_fGreetingTagger44
    self.assertEqual(Actuval, expected)
AssertionError: '   dear friend   this is an urgent ' != '   #g            this is an urgent '
-    dear friend   this is an urgent 
+    #g            this is an urgent 

]]>		</error>
	</testcase>
	<testcase classname="InequalityTest" name="test_fGreetingTagger5" time="0.601">
		<error message="' gabe sure to replace the id with your ' != ' #g   sure to replace the id with your '
-  gabe sure to replace the id with your 
?   ^^^
+  #g   sure to replace the id with your 
?  + ^^
" type="AssertionError">
<![CDATA[Traceback (most recent call last):
  File "C:/Users/CHRIS/PycharmProjects/Requests/Requests.py", line 251, in test_fGreetingTagger5
    self.assertEqual(Actuval, expected)
AssertionError: ' gabe sure to replace the id with your ' != ' #g   sure to replace the id with your '
-  gabe sure to replace the id with your 
?   ^^^
+  #g   sure to replace the id with your 
?  + ^^

]]>		</error>
	</testcase>
	<testcase classname="InequalityTest" name="test_fGreetingTagger6" time="0.612">
		<error message="' hello rogers sure to replace the id with your ' != ' #g           sure to replace the id with your '
-  hello rogers sure to replace the id with your 
?  ^^^^^^^^ ^^^
+  #g           sure to replace the id with your 
?  ^ ^^^^^^^^^^
" type="AssertionError">
<![CDATA[Traceback (most recent call last):
  File "C:/Users/CHRIS/PycharmProjects/Requests/Requests.py", line 257, in test_fGreetingTagger6
    self.assertEqual(Actuval, expected)
AssertionError: ' hello rogers sure to replace the id with your ' != ' #g           sure to replace the id with your '
-  hello rogers sure to replace the id with your 
?  ^^^^^^^^ ^^^
+  #g           sure to replace the id with your 
?  ^ ^^^^^^^^^^

]]>		</error>
	</testcase>
	<testcase classname="InequalityTest" name="test_fGreetingTagger7" time="0.585">
		<error message="' hi peter sure to replace the id with your ' != ' #g       sure to replace the id with your '
-  hi peter sure to replace the id with your 
?  ^^^^^^^^
+  #g       sure to replace the id with your 
?  ^^^^^^^^
" type="AssertionError">
<![CDATA[Traceback (most recent call last):
  File "C:/Users/CHRIS/PycharmProjects/Requests/Requests.py", line 263, in test_fGreetingTagger7
    self.assertEqual(Actuval, expected)
AssertionError: ' hi peter sure to replace the id with your ' != ' #g       sure to replace the id with your '
-  hi peter sure to replace the id with your 
?  ^^^^^^^^
+  #g       sure to replace the id with your 
?  ^^^^^^^^

]]>		</error>
	</testcase>
	<testcase classname="InequalityTest" name="test_fGreetingTagger8" time="0.594">
		<error message="' hello ms. bhavana sure to replace the id with your ' != ' #g                sure to replace the id with your '
-  hello ms. bhavana sure to replace the id with your 
+  #g                sure to replace the id with your 
" type="AssertionError">
<![CDATA[Traceback (most recent call last):
  File "C:/Users/CHRIS/PycharmProjects/Requests/Requests.py", line 269, in test_fGreetingTagger8
    self.assertEqual(Actuval, expected)
AssertionError: ' hello ms. bhavana sure to replace the id with your ' != ' #g                sure to replace the id with your '
-  hello ms. bhavana sure to replace the id with your 
+  #g                sure to replace the id with your 

]]>		</error>
	</testcase>
	<testcase classname="InequalityTest" name="test_fGreetingTagger9" time="0.559">
		<error message="' ms. james sure to replace the id with your ' != ' #g        sure to replace the id with your '
-  ms. james sure to replace the id with your 
?  ^^^^^^^^^
+  #g        sure to replace the id with your 
?  ^^^^^^^^^
" type="AssertionError">
<![CDATA[Traceback (most recent call last):
  File "C:/Users/CHRIS/PycharmProjects/Requests/Requests.py", line 275, in test_fGreetingTagger9
    self.assertEqual(Actuval, expected)
AssertionError: ' ms. james sure to replace the id with your ' != ' #g        sure to replace the id with your '
-  ms. james sure to replace the id with your 
?  ^^^^^^^^^
+  #g        sure to replace the id with your 
?  ^^^^^^^^^

]]>		</error>
	</testcase>
	<testcase classname="InequalityTest" name="test_fGreetingTest_45" time="0.629">
		<error message="'hi mrs. donna e-mail information is a cop[40 chars]ound' != '#g            e-mail information is a cop[40 chars]ound'
- hi mrs. donna e-mail information is a copy of the official posting which can be found
? ^^^^^^^^^^^^^
+ #g            e-mail information is a copy of the official posting which can be found
? ^^^^^^^^^^^^^
" type="AssertionError">
<![CDATA[Traceback (most recent call last):
  File "C:/Users/CHRIS/PycharmProjects/Requests/Requests.py", line 491, in test_fGreetingTest_45
    self.assertEqual(Actuval, expected)
AssertionError: 'hi mrs. donna e-mail information is a cop[40 chars]ound' != '#g            e-mail information is a cop[40 chars]ound'
- hi mrs. donna e-mail information is a copy of the official posting which can be found
? ^^^^^^^^^^^^^
+ #g            e-mail information is a copy of the official posting which can be found
? ^^^^^^^^^^^^^

]]>		</error>
	</testcase>
	<testcase classname="InequalityTest" name="test_fGreetingTest_46" time="0.570">
		<error message="'hi all, please be advised that the locati[79 chars]fice' != '#g      please be advised that the locati[79 chars]fice'
- hi all, please be advised that the location of the meeting has been changed to the keyspan energy delivery hicksville office
? ^^^^^^^
+ #g      please be advised that the location of the meeting has been changed to the keyspan energy delivery hicksville office
? ^^^^^^^
" type="AssertionError">
<![CDATA[Traceback (most recent call last):
  File "C:/Users/CHRIS/PycharmProjects/Requests/Requests.py", line 497, in test_fGreetingTest_46
    self.assertEqual(Actuval, expected)
AssertionError: 'hi all, please be advised that the locati[79 chars]fice' != '#g      please be advised that the locati[79 chars]fice'
- hi all, please be advised that the location of the meeting has been changed to the keyspan energy delivery hicksville office
? ^^^^^^^
+ #g      please be advised that the location of the meeting has been changed to the keyspan energy delivery hicksville office
? ^^^^^^^

]]>		</error>
	</testcase>
	<testcase classname="InequalityTest" name="test_fGreetingTest_47" time="0.592">
		<error message="'hi ragan  we have received the executed e[39 chars]ment' != '#g        we have received the executed e[39 chars]ment'
- hi ragan  we have received the executed eei master power purchase and sale agreement
? ^^^^^ ^^
+ #g        we have received the executed eei master power purchase and sale agreement
? ^ ^^^^^^
" type="AssertionError">
<![CDATA[Traceback (most recent call last):
  File "C:/Users/CHRIS/PycharmProjects/Requests/Requests.py", line 503, in test_fGreetingTest_47
    self.assertEqual(Actuval, expected)
AssertionError: 'hi ragan  we have received the executed e[39 chars]ment' != '#g        we have received the executed e[39 chars]ment'
- hi ragan  we have received the executed eei master power purchase and sale agreement
? ^^^^^ ^^
+ #g        we have received the executed eei master power purchase and sale agreement
? ^ ^^^^^^

]]>		</error>
	</testcase>
	<testcase classname="InequalityTest" name="test_fGreetingTest_48" time="0.588">
		<error message="'dear richard  you will receive a printed [36 chars]mail' != '#g            you will receive a printed [36 chars]mail'
- dear richard  you will receive a printed datek online confirmation by postal mail
? ^^^^^^^^^^^^
+ #g            you will receive a printed datek online confirmation by postal mail
? ^^^^^^^^^^^^
" type="AssertionError">
<![CDATA[Traceback (most recent call last):
  File "C:/Users/CHRIS/PycharmProjects/Requests/Requests.py", line 509, in test_fGreetingTest_48
    self.assertEqual(Actuval, expected)
AssertionError: 'dear richard  you will receive a printed [36 chars]mail' != '#g            you will receive a printed [36 chars]mail'
- dear richard  you will receive a printed datek online confirmation by postal mail
? ^^^^^^^^^^^^
+ #g            you will receive a printed datek online confirmation by postal mail
? ^^^^^^^^^^^^

]]>		</error>
	</testcase>
	<testcase classname="InequalityTest" name="test_iGreetingTagger1" time="0.622">
		<error message="' hello mrs. brinn  ' != ' #g                '
-  hello mrs. brinn  
+  #g                
" type="AssertionError">
<![CDATA[Traceback (most recent call last):
  File "C:/Users/CHRIS/PycharmProjects/Requests/Requests.py", line 27, in test_iGreetingTagger1
    self.assertEqual(Actuval, expected)
AssertionError: ' hello mrs. brinn  ' != ' #g                '
-  hello mrs. brinn  
+  #g                

]]>		</error>
	</testcase>
	<testcase classname="InequalityTest" name="test_iGreetingTagger10" time="0.550">
		<error message="' dear mr. brinn  ' != ' #g              '
-  dear mr. brinn  
+  #g              
" type="AssertionError">
<![CDATA[Traceback (most recent call last):
  File "C:/Users/CHRIS/PycharmProjects/Requests/Requests.py", line 81, in test_iGreetingTagger10
    self.assertEqual(Actuval, expected)
AssertionError: ' dear mr. brinn  ' != ' #g              '
-  dear mr. brinn  
+  #g              

]]>		</error>
	</testcase>
	<testcase classname="InequalityTest" name="test_iGreetingTagger11" time="0.566">
		<error message="' dear gabe  ' != ' #g         '
-  dear gabe  
+  #g         
" type="AssertionError">
<![CDATA[Traceback (most recent call last):
  File "C:/Users/CHRIS/PycharmProjects/Requests/Requests.py", line 87, in test_iGreetingTagger11
    self.assertEqual(Actuval, expected)
AssertionError: ' dear gabe  ' != ' #g         '
-  dear gabe  
+  #g         

]]>		</error>
	</testcase>
	<testcase classname="InequalityTest" name="test_iGreetingTagger12" time="0.550">
		<error message="' hello everyone,  ' != ' #g               '
-  hello everyone,  
+  #g               
" type="AssertionError">
<![CDATA[Traceback (most recent call last):
  File "C:/Users/CHRIS/PycharmProjects/Requests/Requests.py", line 94, in test_iGreetingTagger12
    self.assertEqual(Actuval, expected)
AssertionError: ' hello everyone,  ' != ' #g               '
-  hello everyone,  
+  #g               

]]>		</error>
	</testcase>
	<testcase classname="InequalityTest" name="test_iGreetingTagger13" time="0.570">
		<error message="' hello all  ' != ' #g         '
-  hello all  
+  #g         
" type="AssertionError">
<![CDATA[Traceback (most recent call last):
  File "C:/Users/CHRIS/PycharmProjects/Requests/Requests.py", line 100, in test_iGreetingTagger13
    self.assertEqual(Actuval, expected)
AssertionError: ' hello all  ' != ' #g         '
-  hello all  
+  #g         

]]>		</error>
	</testcase>
	<testcase classname="InequalityTest" name="test_iGreetingTagger14" time="0.545">
		<error message="' hi guys,  ' != ' #g        '
-  hi guys,  
+  #g        
" type="AssertionError">
<![CDATA[Traceback (most recent call last):
  File "C:/Users/CHRIS/PycharmProjects/Requests/Requests.py", line 106, in test_iGreetingTagger14
    self.assertEqual(Actuval, expected)
AssertionError: ' hi guys,  ' != ' #g        '
-  hi guys,  
+  #g        

]]>		</error>
	</testcase>
	<testcase classname="InequalityTest" name="test_iGreetingTagger15" time="0.589">
		<error message="' hi team  ' != ' #g       '
-  hi team  
+  #g       
" type="AssertionError">
<![CDATA[Traceback (most recent call last):
  File "C:/Users/CHRIS/PycharmProjects/Requests/Requests.py", line 112, in test_iGreetingTagger15
    self.assertEqual(Actuval, expected)
AssertionError: ' hi team  ' != ' #g       '
-  hi team  
+  #g       

]]>		</error>
	</testcase>
	<testcase classname="InequalityTest" name="test_iGreetingTagger16" time="0.567">
		<error message="' hello again  ' != ' #g           '
-  hello again  
+  #g           
" type="AssertionError">
<![CDATA[Traceback (most recent call last):
  File "C:/Users/CHRIS/PycharmProjects/Requests/Requests.py", line 118, in test_iGreetingTagger16
    self.assertEqual(Actuval, expected)
AssertionError: ' hello again  ' != ' #g           '
-  hello again  
+  #g           

]]>		</error>
	</testcase>
	<testcase classname="InequalityTest" name="test_iGreetingTagger17" time="0.560">
		<error message="' hi,  ' != ' #g   '
-  hi,  
+  #g   
" type="AssertionError">
<![CDATA[Traceback (most recent call last):
  File "C:/Users/CHRIS/PycharmProjects/Requests/Requests.py", line 124, in test_iGreetingTagger17
    self.assertEqual(Actuval, expected)
AssertionError: ' hi,  ' != ' #g   '
-  hi,  
+  #g   

]]>		</error>
	</testcase>
	<testcase classname="InequalityTest" name="test_iGreetingTagger18" time="0.558">
		<error message="' hello,  ' != ' #g      '
-  hello,  
+  #g      
" type="AssertionError">
<![CDATA[Traceback (most recent call last):
  File "C:/Users/CHRIS/PycharmProjects/Requests/Requests.py", line 130, in test_iGreetingTagger18
    self.assertEqual(Actuval, expected)
AssertionError: ' hello,  ' != ' #g      '
-  hello,  
+  #g      

]]>		</error>
	</testcase>
	<testcase classname="InequalityTest" name="test_iGreetingTagger19" time="0.565">
		<error message="' hi  ' != ' #g  '
-  hi  
+  #g  
" type="AssertionError">
<![CDATA[Traceback (most recent call last):
  File "C:/Users/CHRIS/PycharmProjects/Requests/Requests.py", line 136, in test_iGreetingTagger19
    self.assertEqual(Actuval, expected)
AssertionError: ' hi  ' != ' #g  '
-  hi  
+  #g  

]]>		</error>
	</testcase>
	<testcase classname="InequalityTest" name="test_iGreetingTagger2" time="0.578">
		<error message="' hi mr. pradeep  ' != ' #g              '
-  hi mr. pradeep  
+  #g              
" type="AssertionError">
<![CDATA[Traceback (most recent call last):
  File "C:/Users/CHRIS/PycharmProjects/Requests/Requests.py", line 33, in test_iGreetingTagger2
    self.assertEqual(Actuval, expected)
AssertionError: ' hi mr. pradeep  ' != ' #g              '
-  hi mr. pradeep  
+  #g              

]]>		</error>
	</testcase>
	<testcase classname="InequalityTest" name="test_iGreetingTagger20" time="0.558">
		<error message="' hello  ' != ' #g     '
-  hello  
+  #g     
" type="AssertionError">
<![CDATA[Traceback (most recent call last):
  File "C:/Users/CHRIS/PycharmProjects/Requests/Requests.py", line 142, in test_iGreetingTagger20
    self.assertEqual(Actuval, expected)
AssertionError: ' hello  ' != ' #g     '
-  hello  
+  #g     

]]>		</error>
	</testcase>
	<testcase classname="InequalityTest" name="test_iGreetingTagger21" time="0.591">
		<error message="' to whom it may concern  ' != ' #g                      '
-  to whom it may concern  
+  #g                      
" type="AssertionError">
<![CDATA[Traceback (most recent call last):
  File "C:/Users/CHRIS/PycharmProjects/Requests/Requests.py", line 148, in test_iGreetingTagger21
    self.assertEqual(Actuval, expected)
AssertionError: ' to whom it may concern  ' != ' #g                      '
-  to whom it may concern  
+  #g                      

]]>		</error>
	</testcase>
	<testcase classname="InequalityTest" name="test_iGreetingTagger22" time="0.583">
		<error message="' to whom it may concern:  ' != ' #g                       '
-  to whom it may concern:  
+  #g                       
" type="AssertionError">
<![CDATA[Traceback (most recent call last):
  File "C:/Users/CHRIS/PycharmProjects/Requests/Requests.py", line 154, in test_iGreetingTagger22
    self.assertEqual(Actuval, expected)
AssertionError: ' to whom it may concern:  ' != ' #g                       '
-  to whom it may concern:  
+  #g                       

]]>		</error>
	</testcase>
	<testcase classname="InequalityTest" name="test_iGreetingTagger23" time="0.582">
		<error message="' mr. annais  ' != ' #g          '
-  mr. annais  
+  #g          
" type="AssertionError">
<![CDATA[Traceback (most recent call last):
  File "C:/Users/CHRIS/PycharmProjects/Requests/Requests.py", line 160, in test_iGreetingTagger23
    self.assertEqual(Actuval, expected)
AssertionError: ' mr. annais  ' != ' #g          '
-  mr. annais  
+  #g          

]]>		</error>
	</testcase>
	<testcase classname="InequalityTest" name="test_iGreetingTagger24" time="0.598">
		<error message="' mr. annais   ' != ' #g           '
-  mr. annais   
+  #g           
" type="AssertionError">
<![CDATA[Traceback (most recent call last):
  File "C:/Users/CHRIS/PycharmProjects/Requests/Requests.py", line 166, in test_iGreetingTagger24
    self.assertEqual(Actuval, expected)
AssertionError: ' mr. annais   ' != ' #g           '
-  mr. annais   
+  #g           

]]>		</error>
	</testcase>
	<testcase classname="InequalityTest" name="test_iGreetingTagger25" time="0.553">
		<error message="' gabe   ' != ' #g     '
-  gabe   
+  #g     
" type="AssertionError">
<![CDATA[Traceback (most recent call last):
  File "C:/Users/CHRIS/PycharmProjects/Requests/Requests.py", line 172, in test_iGreetingTagger25
    self.assertEqual(Actuval, expected)
AssertionError: ' gabe   ' != ' #g     '
-  gabe   
+  #g     

]]>		</error>
	</testcase>
	<testcase classname="InequalityTest" name="test_iGreetingTagger26" time="0.561">
		<error message="' gabe  ' != ' #g    '
-  gabe  
+  #g    
" type="AssertionError">
<![CDATA[Traceback (most recent call last):
  File "C:/Users/CHRIS/PycharmProjects/Requests/Requests.py", line 178, in test_iGreetingTagger26
    self.assertEqual(Actuval, expected)
AssertionError: ' gabe  ' != ' #g    '
-  gabe  
+  #g    

]]>		</error>
	</testcase>
	<testcase classname="InequalityTest" name="test_iGreetingTagger27" time="0.590">
		<error message="' hello gabe   ' != ' #g           '
-  hello gabe   
+  #g           
" type="AssertionError">
<![CDATA[Traceback (most recent call last):
  File "C:/Users/CHRIS/PycharmProjects/Requests/Requests.py", line 184, in test_iGreetingTagger27
    self.assertEqual(Actuval, expected)
AssertionError: ' hello gabe   ' != ' #g           '
-  hello gabe   
+  #g           

]]>		</error>
	</testcase>
	<testcase classname="InequalityTest" name="test_iGreetingTagger28" time="0.587">
		<error message="' hello gabe  ' != ' #g          '
-  hello gabe  
+  #g          
" type="AssertionError">
<![CDATA[Traceback (most recent call last):
  File "C:/Users/CHRIS/PycharmProjects/Requests/Requests.py", line 190, in test_iGreetingTagger28
    self.assertEqual(Actuval, expected)
AssertionError: ' hello gabe  ' != ' #g          '
-  hello gabe  
+  #g          

]]>		</error>
	</testcase>
	<testcase classname="InequalityTest" name="test_iGreetingTagger3" time="0.546">
		<error message="' hello james carter  ' != ' #g                  '
-  hello james carter  
+  #g                  
" type="AssertionError">
<![CDATA[Traceback (most recent call last):
  File "C:/Users/CHRIS/PycharmProjects/Requests/Requests.py", line 39, in test_iGreetingTagger3
    self.assertEqual(Actuval, expected)
AssertionError: ' hello james carter  ' != ' #g                  '
-  hello james carter  
+  #g                  

]]>		</error>
	</testcase>
	<testcase classname="InequalityTest" name="test_iGreetingTagger4" time="0.563">
		<error message="' hi john quincy adams  ' != ' #g                    '
-  hi john quincy adams  
+  #g                    
" type="AssertionError">
<![CDATA[Traceback (most recent call last):
  File "C:/Users/CHRIS/PycharmProjects/Requests/Requests.py", line 45, in test_iGreetingTagger4
    self.assertEqual(Actuval, expected)
AssertionError: ' hi john quincy adams  ' != ' #g                    '
-  hi john quincy adams  
+  #g                    

]]>		</error>
	</testcase>
	<testcase classname="InequalityTest" name="test_iGreetingTagger5" time="0.558">
		<error message="' hi pradeep   ' != ' #g           '
-  hi pradeep   
+  #g           
" type="AssertionError">
<![CDATA[Traceback (most recent call last):
  File "C:/Users/CHRIS/PycharmProjects/Requests/Requests.py", line 51, in test_iGreetingTagger5
    self.assertEqual(Actuval, expected)
AssertionError: ' hi pradeep   ' != ' #g           '
-  hi pradeep   
+  #g           

]]>		</error>
	</testcase>
	<testcase classname="InequalityTest" name="test_iGreetingTagger6" time="0.574">
		<error message="' hello gabe christopher marie thompson  ' != ' #g                                     '
-  hello gabe christopher marie thompson  
+  #g                                     
" type="AssertionError">
<![CDATA[Traceback (most recent call last):
  File "C:/Users/CHRIS/PycharmProjects/Requests/Requests.py", line 57, in test_iGreetingTagger6
    self.assertEqual(Actuval, expected)
AssertionError: ' hello gabe christopher marie thompson  ' != ' #g                                     '
-  hello gabe christopher marie thompson  
+  #g                                     

]]>		</error>
	</testcase>
	<testcase classname="InequalityTest" name="test_iGreetingTagger7" time="0.561">
		<error message="' mr. pradeep  ' != ' #g           '
-  mr. pradeep  
+  #g           
" type="AssertionError">
<![CDATA[Traceback (most recent call last):
  File "C:/Users/CHRIS/PycharmProjects/Requests/Requests.py", line 63, in test_iGreetingTagger7
    self.assertEqual(Actuval, expected)
AssertionError: ' mr. pradeep  ' != ' #g           '
-  mr. pradeep  
+  #g           

]]>		</error>
	</testcase>
	<testcase classname="InequalityTest" name="test_iGreetingTagger8" time="0.611">
		<error message="' hello dr. chris  ' != ' #g               '
-  hello dr. chris  
+  #g               
" type="AssertionError">
<![CDATA[Traceback (most recent call last):
  File "C:/Users/CHRIS/PycharmProjects/Requests/Requests.py", line 69, in test_iGreetingTagger8
    self.assertEqual(Actuval, expected)
AssertionError: ' hello dr. chris  ' != ' #g               '
-  hello dr. chris  
+  #g               

]]>		</error>
	</testcase>
	<testcase classname="InequalityTest" name="test_iGreetingTagger9" time="0.607">
		<error message="' hello mr. chris    ' != ' #g                 '
-  hello mr. chris    
+  #g                 
" type="AssertionError">
<![CDATA[Traceback (most recent call last):
  File "C:/Users/CHRIS/PycharmProjects/Requests/Requests.py", line 75, in test_iGreetingTagger9
    self.assertEqual(Actuval, expected)
AssertionError: ' hello mr. chris    ' != ' #g                 '
-  hello mr. chris    
+  #g                 

]]>		</error>
	</testcase>
	<testcase classname="InequalityTest" name="test_iGreetingTest_29" time="0.584">
		<error message="'hi henry clay  ' != '#g             '
- hi henry clay  
+ #g             
" type="AssertionError">
<![CDATA[Traceback (most recent call last):
  File "C:/Users/CHRIS/PycharmProjects/Requests/Requests.py", line 196, in test_iGreetingTest_29
    self.assertEqual(Actuval, expected)
AssertionError: 'hi henry clay  ' != '#g             '
- hi henry clay  
+ #g             

]]>		</error>
	</testcase>
	<testcase classname="InequalityTest" name="test_iGreetingTest_30" time="0.583">
		<error message="'hello samuel adams  ' != '#g                  '
- hello samuel adams  
+ #g                  
" type="AssertionError">
<![CDATA[Traceback (most recent call last):
  File "C:/Users/CHRIS/PycharmProjects/Requests/Requests.py", line 202, in test_iGreetingTest_30
    self.assertEqual(Actuval, expected)
AssertionError: 'hello samuel adams  ' != '#g                  '
- hello samuel adams  
+ #g                  

]]>		</error>
	</testcase>
	<testcase classname="InequalityTest" name="test_iGreetingTest_31" time="0.578">
		<error message="'dear jefferson  ' != '#g              '
- dear jefferson  
+ #g              
" type="AssertionError">
<![CDATA[Traceback (most recent call last):
  File "C:/Users/CHRIS/PycharmProjects/Requests/Requests.py", line 208, in test_iGreetingTest_31
    self.assertEqual(Actuval, expected)
AssertionError: 'dear jefferson  ' != '#g              '
- dear jefferson  
+ #g              

]]>		</error>
	</testcase>
	<testcase classname="InequalityTest" name="test_iGreetingTest_32" time="0.589">
		<error message="'hello everybody, ' != '#g               '
- hello everybody, 
+ #g               
" type="AssertionError">
<![CDATA[Traceback (most recent call last):
  File "C:/Users/CHRIS/PycharmProjects/Requests/Requests.py", line 214, in test_iGreetingTest_32
    self.assertEqual(Actuval, expected)
AssertionError: 'hello everybody, ' != '#g               '
- hello everybody, 
+ #g               

]]>		</error>
	</testcase>
	<testcase classname="InequalityTest" name="test_iGreetingTest_33" time="0.575">
		<error message="'hello! ' != '#g     '
- hello! 
+ #g     
" type="AssertionError">
<![CDATA[Traceback (most recent call last):
  File "C:/Users/CHRIS/PycharmProjects/Requests/Requests.py", line 220, in test_iGreetingTest_33
    self.assertEqual(Actuval, expected)
AssertionError: 'hello! ' != '#g     '
- hello! 
+ #g     

]]>		</error>
	</testcase>
	<testcase classname="InequalityTest" name="test_mcGreetingTest_1" time="0.568">
		<error message="&quot;kirk  #n    's last name is spelled  aucoin  &quot; != &quot;#g    berney's last name is spelled  aucoin  &quot;
- kirk  #n    's last name is spelled  aucoin  
? ^^ ---- ^^^^
+ #g    berney's last name is spelled  aucoin  
? ^^^^^^^^  ^^
" type="AssertionError">
<![CDATA[Traceback (most recent call last):
  File "C:/Users/CHRIS/PycharmProjects/Requests/Requests.py", line 566, in test_mcGreetingTest_1
    self.assertEqual(Actuval, expected)
AssertionError: "kirk  #n    's last name is spelled  aucoin  " != "#g    berney's last name is spelled  aucoin  "
- kirk  #n    's last name is spelled  aucoin  
? ^^ ---- ^^^^
+ #g    berney's last name is spelled  aucoin  
? ^^^^^^^^  ^^

]]>		</error>
	</testcase>
	<testcase classname="InequalityTest" name="test_mcGreetingTest_2" time="0.583">
		<error message="'jeff   i got your voice mail about the school board approval ' != '#g     i got your voice mail about the school board approval '
- jeff   i got your voice mail about the school board approval 
? ^^^^
+ #g     i got your voice mail about the school board approval 
? ^^^^
" type="AssertionError">
<![CDATA[Traceback (most recent call last):
  File "C:/Users/CHRIS/PycharmProjects/Requests/Requests.py", line 572, in test_mcGreetingTest_2
    self.assertEqual(Actuval, expected)
AssertionError: 'jeff   i got your voice mail about the school board approval ' != '#g     i got your voice mail about the school board approval '
- jeff   i got your voice mail about the school board approval 
? ^^^^
+ #g     i got your voice mail about the school board approval 
? ^^^^

]]>		</error>
	</testcase>
	<testcase classname="InequalityTest" name="test_mcGreetingTest_3" time="0.597">
		<error message="'tom   can you send me a schedule of meetings ' != '#g    can you send me a schedule of meetings '
- tom   can you send me a schedule of meetings 
? ^^^
+ #g    can you send me a schedule of meetings 
? ^^^
" type="AssertionError">
<![CDATA[Traceback (most recent call last):
  File "C:/Users/CHRIS/PycharmProjects/Requests/Requests.py", line 578, in test_mcGreetingTest_3
    self.assertEqual(Actuval, expected)
AssertionError: 'tom   can you send me a schedule of meetings ' != '#g    can you send me a schedule of meetings '
- tom   can you send me a schedule of meetings 
? ^^^
+ #g    can you send me a schedule of meetings 
? ^^^

]]>		</error>
	</testcase>
	<testcase classname="InequalityTest" name="test_nlGreetingTest_1" time="0.592">
		<error message="' william howard taft it has come to my att[67 chars]ed  ' != ' #g                  it has come to my att[67 chars]ed  '
-  william howard taft it has come to my attention that the richardson pnr rate was less than previously reported  
?  ^^^^^^^^^^^^^^^^^^^
+  #g                  it has come to my attention that the richardson pnr rate was less than previously reported  
?  ^^^^^^^^^^^^^^^^^^^
" type="AssertionError">
<![CDATA[Traceback (most recent call last):
  File "C:/Users/CHRIS/PycharmProjects/Requests/Requests.py", line 604, in test_nlGreetingTest_1
    self.assertEqual(Actuval, expected)
AssertionError: ' william howard taft it has come to my att[67 chars]ed  ' != ' #g                  it has come to my att[67 chars]ed  '
-  william howard taft it has come to my attention that the richardson pnr rate was less than previously reported  
?  ^^^^^^^^^^^^^^^^^^^
+  #g                  it has come to my attention that the richardson pnr rate was less than previously reported  
?  ^^^^^^^^^^^^^^^^^^^

]]>		</error>
	</testcase>
	<testcase classname="InequalityTest" name="test_pGreetingTest_1" time="0.604">
		<error message="'dear mr. zalk  we just got notice of new cash control procedures ' != '#g             we just got notice of new cash control procedures '
- dear mr. zalk  we just got notice of new cash control procedures 
? ^^^^^^^^^^^^^
+ #g             we just got notice of new cash control procedures 
? ^^^^^^^^^^^^^
" type="AssertionError">
<![CDATA[Traceback (most recent call last):
  File "C:/Users/CHRIS/PycharmProjects/Requests/Requests.py", line 547, in test_pGreetingTest_1
    self.assertEqual(Actuval, expected)
AssertionError: 'dear mr. zalk  we just got notice of new cash control procedures ' != '#g             we just got notice of new cash control procedures '
- dear mr. zalk  we just got notice of new cash control procedures 
? ^^^^^^^^^^^^^
+ #g             we just got notice of new cash control procedures 
? ^^^^^^^^^^^^^

]]>		</error>
	</testcase>
	<testcase classname="InequalityTest" name="test_pGreetingTest_2" time="0.629">
		<error message="'hi guys! just a quick followup to my voice mail of earlier this afternoon ' != '#g       just a quick followup to my voice mail of earlier this afternoon '
- hi guys! just a quick followup to my voice mail of earlier this afternoon 
? ^^^ ^^^^
+ #g       just a quick followup to my voice mail of earlier this afternoon 
? ^ ^^^^^^
" type="AssertionError">
<![CDATA[Traceback (most recent call last):
  File "C:/Users/CHRIS/PycharmProjects/Requests/Requests.py", line 553, in test_pGreetingTest_2
    self.assertEqual(Actuval, expected)
AssertionError: 'hi guys! just a quick followup to my voice mail of earlier this afternoon ' != '#g       just a quick followup to my voice mail of earlier this afternoon '
- hi guys! just a quick followup to my voice mail of earlier this afternoon 
? ^^^ ^^^^
+ #g       just a quick followup to my voice mail of earlier this afternoon 
? ^ ^^^^^^

]]>		</error>
	</testcase>
	<testcase classname="InequalityTest" name="test_pGreetingTest_3" time="0.586">
		<error message="'jeanie  can you send me a list of perform[34 chars]ted ' != '#g      can you send me a list of perform[34 chars]ted '
- jeanie  can you send me a list of performance review that i have not completed 
? ^^^^^^
+ #g      can you send me a list of performance review that i have not completed 
? ^^^^^^
" type="AssertionError">
<![CDATA[Traceback (most recent call last):
  File "C:/Users/CHRIS/PycharmProjects/Requests/Requests.py", line 559, in test_pGreetingTest_3
    self.assertEqual(Actuval, expected)
AssertionError: 'jeanie  can you send me a list of perform[34 chars]ted ' != '#g      can you send me a list of perform[34 chars]ted '
- jeanie  can you send me a list of performance review that i have not completed 
? ^^^^^^
+ #g      can you send me a list of performance review that i have not completed 
? ^^^^^^

]]>		</error>
	</testcase>
	<system-out>
<![CDATA[]]>	</system-out>
	<system-err>
<![CDATA[]]>	</system-err>
</testsuite>
