<?xml version="1.0" ?>
<testsuite errors="0" failures="0" name="InequalityTest-20160407173551" tests="2" time="7.630">
	<testcase classname="InequalityTest" name="test_IsClassify_1" time="0.713"/>
	<testcase classname="InequalityTest" name="test_many" time="6.917"/>
	<system-out>
<![CDATA[500
500
500
500
500
500
500
500
500
500
500
]]>	</system-out>
	<system-err>
<![CDATA[]]>	</system-err>
</testsuite>
