<?xml version="1.0" ?>
<testsuite errors="0" failures="0" name="InequalityTest-20160407110123" tests="13" time="8.509">
	<testcase classname="InequalityTest" name="test_IsClassify_1" time="0.713"/>
	<testcase classname="InequalityTest" name="test_IsClassify_10" time="0.652"/>
	<testcase classname="InequalityTest" name="test_IsClassify_11" time="0.624"/>
	<testcase classname="InequalityTest" name="test_IsClassify_12" time="0.659"/>
	<testcase classname="InequalityTest" name="test_IsClassify_13" time="0.622"/>
	<testcase classname="InequalityTest" name="test_IsClassify_2" time="0.750"/>
	<testcase classname="InequalityTest" name="test_IsClassify_3" time="0.658"/>
	<testcase classname="InequalityTest" name="test_IsClassify_4" time="0.647"/>
	<testcase classname="InequalityTest" name="test_IsClassify_5" time="0.643"/>
	<testcase classname="InequalityTest" name="test_IsClassify_6" time="0.618"/>
	<testcase classname="InequalityTest" name="test_IsClassify_7" time="0.625"/>
	<testcase classname="InequalityTest" name="test_IsClassify_8" time="0.649"/>
	<testcase classname="InequalityTest" name="test_IsClassify_9" time="0.649"/>
	<system-out>
<![CDATA[500
500
500
500
500
500
500
500
500
500
500
500
500
]]>	</system-out>
	<system-err>
<![CDATA[]]>	</system-err>
</testsuite>
