<?xml version="1.0" ?>
<testsuite errors="2" failures="0" name="InequalityTest-20160330110559" tests="2" time="5.350">
	<testcase classname="InequalityTest" name="test_iNameSignatureTest_1" time="2.655">
		<error message="'  sincerely yours, #s        tambos  ' != '  sincerely yours  #s                '
-   sincerely yours, #s        tambos  
?                  ^           ^^^^^^
+   sincerely yours  #s                
?                  ^           ^^^^^^
" type="AssertionError">
<![CDATA[Traceback (most recent call last):
  File "C:/Users/CHRIS/PycharmProjects/Requests/Requests.py", line 28, in test_iNameSignatureTest_1
    self.assertEqual(Actuval, expected)
AssertionError: '  sincerely yours, #s        tambos  ' != '  sincerely yours  #s                '
-   sincerely yours, #s        tambos  
?                  ^           ^^^^^^
+   sincerely yours  #s                
?                  ^           ^^^^^^

]]>		</error>
	</testcase>
	<testcase classname="InequalityTest" name="test_iNameSignatureTest_2" time="2.695">
		<error message="'  yours always de agostini  ' != '  yours always #s           '
-   yours always de agostini  
+   yours always #s           
" type="AssertionError">
<![CDATA[Traceback (most recent call last):
  File "C:/Users/CHRIS/PycharmProjects/Requests/Requests.py", line 34, in test_iNameSignatureTest_2
    self.assertEqual(Actuval, expected)
AssertionError: '  yours always de agostini  ' != '  yours always #s           '
-   yours always de agostini  
+   yours always #s           

]]>		</error>
	</testcase>
	<system-out>
<![CDATA[]]>	</system-out>
	<system-err>
<![CDATA[]]>	</system-err>
</testsuite>
