<?xml version="1.0" ?>
<testsuite errors="40" failures="0" name="InequalityTest-20160317160744" tests="45" time="30.916">
	<testcase classname="InequalityTest" name="test_fpPhoneNumberTest_11" time="0.629"/>
	<testcase classname="InequalityTest" name="test_fpPhoneNumberTest_2" time="0.634"/>
	<testcase classname="InequalityTest" name="test_fpPhoneNumberTest_3" time="0.677"/>
	<testcase classname="InequalityTest" name="test_fpPhoneNumberTest_6" time="0.613"/>
	<testcase classname="InequalityTest" name="test_fpPhoneNumberTest_7" time="0.614"/>
	<testcase classname="InequalityTest" name="test_csPhoneNumberTest_1" time="0.775">
		<error message="' lan[82 chars]mber 1 (714) 450-3981 look up united kingdom u[559 chars]llo ' != ' lan[82 chars]mber #h               look up united kingdom u[559 chars]llo '
Diff is 1397 characters long. Set self.maxDiff to None to see it." type="AssertionError">
<![CDATA[Traceback (most recent call last):
  File "C:/Users/CHRIS/PycharmProjects/Requests/Requests.py", line 114, in test_csPhoneNumberTest_1
    self.assertEqual(Actuval, expected)
AssertionError: ' lan[82 chars]mber 1 (714) 450-3981 look up united kingdom u[559 chars]llo ' != ' lan[82 chars]mber #h               look up united kingdom u[559 chars]llo '
Diff is 1397 characters long. Set self.maxDiff to None to see it.
]]>		</error>
	</testcase>
	<testcase classname="InequalityTest" name="test_csPhoneNumberTest_2" time="0.786">
		<error message="' to [15 chars]mber +1 (714) 450-3981   from a nokia cellphon[655 chars]81  ' != ' to [15 chars]mber #h                  from a nokia cellphon[655 chars]    '
Diff is 2905 characters long. Set self.maxDiff to None to see it." type="AssertionError">
<![CDATA[Traceback (most recent call last):
  File "C:/Users/CHRIS/PycharmProjects/Requests/Requests.py", line 120, in test_csPhoneNumberTest_2
    self.assertEqual(Actuval, expected)
AssertionError: ' to [15 chars]mber +1 (714) 450-3981   from a nokia cellphon[655 chars]81  ' != ' to [15 chars]mber #h                  from a nokia cellphon[655 chars]    '
Diff is 2905 characters long. Set self.maxDiff to None to see it.
]]>		</error>
	</testcase>
	<testcase classname="InequalityTest" name="test_csPhoneNumberTest_3" time="0.629">
		<error message="' i call aa today at 800-433-7300 to re-confirm a flight and ask a question  ' != ' i call aa today at #h           to re-confirm a flight and ask a question  '
-  i call aa today at 800-433-7300 to re-confirm a flight and ask a question  
?                     ^^^^^^^^^^^^
+  i call aa today at #h           to re-confirm a flight and ask a question  
?                     ^^^^^^^^^^^^
" type="AssertionError">
<![CDATA[Traceback (most recent call last):
  File "C:/Users/CHRIS/PycharmProjects/Requests/Requests.py", line 126, in test_csPhoneNumberTest_3
    self.assertEqual(Actuval, expected)
AssertionError: ' i call aa today at 800-433-7300 to re-confirm a flight and ask a question  ' != ' i call aa today at #h           to re-confirm a flight and ask a question  '
-  i call aa today at 800-433-7300 to re-confirm a flight and ask a question  
?                     ^^^^^^^^^^^^
+  i call aa today at #h           to re-confirm a flight and ask a question  
?                     ^^^^^^^^^^^^

]]>		</error>
	</testcase>
	<testcase classname="InequalityTest" name="test_csPhoneNumberTest_4" time="0.651">
		<error message="' res[18 chars]alized reservations number is 1 (800) 233-2742 in california  ' != ' res[18 chars]alized reservations number is #h               in california  '
-  reservations us centralized reservations number is 1 (800) 233-2742 in california  
?                                                     ^^^^^^^^^^^^^^^^
+  reservations us centralized reservations number is #h               in california  
?                                                     ^^^^^^^^^^^^^^^^
" type="AssertionError">
<![CDATA[Traceback (most recent call last):
  File "C:/Users/CHRIS/PycharmProjects/Requests/Requests.py", line 132, in test_csPhoneNumberTest_4
    self.assertEqual(Actuval, expected)
AssertionError: ' res[18 chars]alized reservations number is 1 (800) 233-2742 in california  ' != ' res[18 chars]alized reservations number is #h               in california  '
-  reservations us centralized reservations number is 1 (800) 233-2742 in california  
?                                                     ^^^^^^^^^^^^^^^^
+  reservations us centralized reservations number is #h               in california  
?                                                     ^^^^^^^^^^^^^^^^

]]>		</error>
	</testcase>
	<testcase classname="InequalityTest" name="test_csPhoneNumberTest_5" time="0.657">
		<error message="' the fax number of the company is +1(310)-988-7619 in usa. ' != ' the fax number of the company is #h               in usa. '
-  the fax number of the company is +1(310)-988-7619 in usa. 
+  the fax number of the company is #h               in usa. 
" type="AssertionError">
<![CDATA[Traceback (most recent call last):
  File "C:/Users/CHRIS/PycharmProjects/Requests/Requests.py", line 138, in test_csPhoneNumberTest_5
    self.assertEqual(Actuval, expected)
AssertionError: ' the fax number of the company is +1(310)-988-7619 in usa. ' != ' the fax number of the company is #h               in usa. '
-  the fax number of the company is +1(310)-988-7619 in usa. 
+  the fax number of the company is #h               in usa. 

]]>		</error>
	</testcase>
	<testcase classname="InequalityTest" name="test_csPhoneNumberTest_6" time="0.622">
		<error message="' in [18 chars] seemed to answer that #   425 5722 number that is published  ' != ' in [18 chars] seemed to answer that #h           number that is published  '
-  in general they never seemed to answer that #   425 5722 number that is published  
?                                               ^^^^^^^^^^^
+  in general they never seemed to answer that #h           number that is published  
?                                               ^^^^^^^^^^^
" type="AssertionError">
<![CDATA[Traceback (most recent call last):
  File "C:/Users/CHRIS/PycharmProjects/Requests/Requests.py", line 144, in test_csPhoneNumberTest_6
    self.assertEqual(Actuval, expected)
AssertionError: ' in [18 chars] seemed to answer that #   425 5722 number that is published  ' != ' in [18 chars] seemed to answer that #h           number that is published  '
-  in general they never seemed to answer that #   425 5722 number that is published  
?                                               ^^^^^^^^^^^
+  in general they never seemed to answer that #h           number that is published  
?                                               ^^^^^^^^^^^

]]>		</error>
	</testcase>
	<testcase classname="InequalityTest" name="test_csPhoneNumberTest_7" time="0.639">
		<error message="&quot; a r[29 chars] numbers (541) 754-3010 only validly formatted phone numbers  &quot; != &quot; a r[29 chars] numbers #h             only validly formatted phone numbers  &quot;
-  a regex can't detect valid phone numbers (541) 754-3010 only validly formatted phone numbers  
?                                           ^^^^^^^^^^^^^^
+  a regex can't detect valid phone numbers #h             only validly formatted phone numbers  
?                                           ^^^^^^^^^^^^^^
" type="AssertionError">
<![CDATA[Traceback (most recent call last):
  File "C:/Users/CHRIS/PycharmProjects/Requests/Requests.py", line 150, in test_csPhoneNumberTest_7
    self.assertEqual(Actuval, expected)
AssertionError: " a r[29 chars] numbers (541) 754-3010 only validly formatted phone numbers  " != " a r[29 chars] numbers #h             only validly formatted phone numbers  "
-  a regex can't detect valid phone numbers (541) 754-3010 only validly formatted phone numbers  
?                                           ^^^^^^^^^^^^^^
+  a regex can't detect valid phone numbers #h             only validly formatted phone numbers  
?                                           ^^^^^^^^^^^^^^

]]>		</error>
	</testcase>
	<testcase classname="InequalityTest" name="test_fPhoneNumberTest_1" time="0.654">
		<error message="' 888-209-8124 department of labor unemploy[225 chars]ion ' != ' #h           department of labor unemploy[225 chars]ion '
-  888-209-8124 department of labor unemployment insurance  518-474-3817 state education department  518-474-7736 employees  retirement system retirement and loan information  1.518-474-8275 office of information technology services business permit   licensing information 
+  #h           department of labor unemployment insurance  #h           state education department  #h           employees  retirement system retirement and loan information  #h             office of information technology services business permit   licensing information 
" type="AssertionError">
<![CDATA[Traceback (most recent call last):
  File "C:/Users/CHRIS/PycharmProjects/Requests/Requests.py", line 157, in test_fPhoneNumberTest_1
    self.assertEqual(Actuval, expected)
AssertionError: ' 888-209-8124 department of labor unemploy[225 chars]ion ' != ' #h           department of labor unemploy[225 chars]ion '
-  888-209-8124 department of labor unemployment insurance  518-474-3817 state education department  518-474-7736 employees  retirement system retirement and loan information  1.518-474-8275 office of information technology services business permit   licensing information 
+  #h           department of labor unemployment insurance  #h           state education department  #h           employees  retirement system retirement and loan information  #h             office of information technology services business permit   licensing information 

]]>		</error>
	</testcase>
	<testcase classname="InequalityTest" name="test_fPhoneNumberTest_2" time="0.695">
		<error message="' add[27 chars] york, ny 10004 main phone number   (212) 210-[176 chars]004 ' != ' add[27 chars] york  ny 10004 main phone number   #h        [176 chars]    '
-  address  4 new york plaza  new york, ny 10004 main phone number   (212) 210-2100 home delivery phone number   (800) 692-6397 newsstand phone number   (800) 327-6397 classified ads   (212) 210-2111 news tips to city desk news advertising   1 (212) 210-2004 
+  address  4 new york plaza  new york  ny 10004 main phone number   #h             home delivery phone number   #h             newsstand phone number   #h             classified ads   #h             news tips to city desk news advertising   #h               
" type="AssertionError">
<![CDATA[Traceback (most recent call last):
  File "C:/Users/CHRIS/PycharmProjects/Requests/Requests.py", line 163, in test_fPhoneNumberTest_2
    self.assertEqual(Actuval, expected)
AssertionError: ' add[27 chars] york, ny 10004 main phone number   (212) 210-[176 chars]004 ' != ' add[27 chars] york  ny 10004 main phone number   #h        [176 chars]    '
-  address  4 new york plaza  new york, ny 10004 main phone number   (212) 210-2100 home delivery phone number   (800) 692-6397 newsstand phone number   (800) 327-6397 classified ads   (212) 210-2111 news tips to city desk news advertising   1 (212) 210-2004 
+  address  4 new york plaza  new york  ny 10004 main phone number   #h             home delivery phone number   #h             newsstand phone number   #h             classified ads   #h             news tips to city desk news advertising   #h               

]]>		</error>
	</testcase>
	<testcase classname="InequalityTest" name="test_fPhoneNumberTest_3" time="0.697">
		<error message="' to [61 chars]this #  hour toll-free number 1-817-967-2000 a[18 chars]tem ' != ' to [61 chars]this 24 hour toll-free number #h             a[18 chars]tem '
-  to check on current flight  schedule and gate information  call this #  hour toll-free number 1-817-967-2000 automated phone system 
?                                                                       ^^                       ^^^^^^^^^^^^^^
+  to check on current flight  schedule and gate information  call this 24 hour toll-free number #h             automated phone system 
?                                                                       ^^                       ^^^^^^^^^^^^^^
" type="AssertionError">
<![CDATA[Traceback (most recent call last):
  File "C:/Users/CHRIS/PycharmProjects/Requests/Requests.py", line 169, in test_fPhoneNumberTest_3
    self.assertEqual(Actuval, expected)
AssertionError: ' to [61 chars]this #  hour toll-free number 1-817-967-2000 a[18 chars]tem ' != ' to [61 chars]this 24 hour toll-free number #h             a[18 chars]tem '
-  to check on current flight  schedule and gate information  call this #  hour toll-free number 1-817-967-2000 automated phone system 
?                                                                       ^^                       ^^^^^^^^^^^^^^
+  to check on current flight  schedule and gate information  call this 24 hour toll-free number #h             automated phone system 
?                                                                       ^^                       ^^^^^^^^^^^^^^

]]>		</error>
	</testcase>
	<testcase classname="InequalityTest" name="test_fPhoneNumberTest_4" time="0.641">
		<error message="' det[17 chars]mber +1 (707) 644-1236 list of business who us[22 chars]ber ' != ' det[17 chars]mber #h                list of business who us[22 chars]ber '
-  details for phone number +1 (707) 644-1236 list of business who used/uses this phone number 
?                           ^^^^^^^^^^^^^^^^^
+  details for phone number #h                list of business who used/uses this phone number 
?                           ^^^^^^^^^^^^^^^^^
" type="AssertionError">
<![CDATA[Traceback (most recent call last):
  File "C:/Users/CHRIS/PycharmProjects/Requests/Requests.py", line 175, in test_fPhoneNumberTest_4
    self.assertEqual(Actuval, expected)
AssertionError: ' det[17 chars]mber +1 (707) 644-1236 list of business who us[22 chars]ber ' != ' det[17 chars]mber #h                list of business who us[22 chars]ber '
-  details for phone number +1 (707) 644-1236 list of business who used/uses this phone number 
?                           ^^^^^^^^^^^^^^^^^
+  details for phone number #h                list of business who used/uses this phone number 
?                           ^^^^^^^^^^^^^^^^^

]]>		</error>
	</testcase>
	<testcase classname="InequalityTest" name="test_fPhoneNumberTest_5" time="0.617">
		<error message="'  to convert a us phone number like 415 555 2671 to e ' != '  to convert a us phone number like #h           to e '
-   to convert a us phone number like 415 555 2671 to e 
?                                     ^^^^^^^^^^^^
+   to convert a us phone number like #h           to e 
?                                     ^^^^^^^^^^^^
" type="AssertionError">
<![CDATA[Traceback (most recent call last):
  File "C:/Users/CHRIS/PycharmProjects/Requests/Requests.py", line 181, in test_fPhoneNumberTest_5
    self.assertEqual(Actuval, expected)
AssertionError: '  to convert a us phone number like 415 555 2671 to e ' != '  to convert a us phone number like #h           to e '
-   to convert a us phone number like 415 555 2671 to e 
?                                     ^^^^^^^^^^^^
+   to convert a us phone number like #h           to e 
?                                     ^^^^^^^^^^^^

]]>		</error>
	</testcase>
	<testcase classname="InequalityTest" name="test_fpPhoneNumberTest_1" time="1.324">
		<error message="' got a call or text from +1-270 #   8xxx number  ' != ' got a call or text from +1-270 821 8xxx number  '
-  got a call or text from +1-270 #   8xxx number  
?                                 ^^^
+  got a call or text from +1-270 821 8xxx number  
?                                 ^^^
" type="AssertionError">
<![CDATA[Traceback (most recent call last):
  File "C:/Users/CHRIS/PycharmProjects/Requests/Requests.py", line 220, in test_fpPhoneNumberTest_1
    self.assertEqual(Actuval, expected)
AssertionError: ' got a call or text from +1-270 #   8xxx number  ' != ' got a call or text from +1-270 821 8xxx number  '
-  got a call or text from +1-270 #   8xxx number  
?                                 ^^^
+  got a call or text from +1-270 821 8xxx number  
?                                 ^^^

]]>		</error>
	</testcase>
	<testcase classname="InequalityTest" name="test_fpPhoneNumberTest_10" time="1.824">
		<error message="' shop for dorman/hose  heater  800-409 with confidence at autozone.com  ' != ' shop for dorman/hose  heater  800-409 with confidence at autoZone.com  '
-  shop for dorman/hose  heater  800-409 with confidence at autozone.com  
?                                                               ^
+  shop for dorman/hose  heater  800-409 with confidence at autoZone.com  
?                                                               ^
" type="AssertionError">
<![CDATA[Traceback (most recent call last):
  File "C:/Users/CHRIS/PycharmProjects/Requests/Requests.py", line 274, in test_fpPhoneNumberTest_10
    self.assertEqual(Actuval, expected)
AssertionError: ' shop for dorman/hose  heater  800-409 with confidence at autozone.com  ' != ' shop for dorman/hose  heater  800-409 with confidence at autoZone.com  '
-  shop for dorman/hose  heater  800-409 with confidence at autozone.com  
?                                                               ^
+  shop for dorman/hose  heater  800-409 with confidence at autoZone.com  
?                                                               ^

]]>		</error>
	</testcase>
	<testcase classname="InequalityTest" name="test_fpPhoneNumberTest_12" time="0.624">
		<error message="' i keep getting these phone calls  #     334-1000 with no name provided  ' != ' i keep getting these phone calls  -888  #h       with no name provided  '
-  i keep getting these phone calls  #     334-1000 with no name provided  
?                                     ^^^^^^^^^^^^^
+  i keep getting these phone calls  -888  #h       with no name provided  
?                                    ++++++ ^^^^^^^
" type="AssertionError">
<![CDATA[Traceback (most recent call last):
  File "C:/Users/CHRIS/PycharmProjects/Requests/Requests.py", line 286, in test_fpPhoneNumberTest_12
    self.assertEqual(Actuval, expected)
AssertionError: ' i keep getting these phone calls  #     334-1000 with no name provided  ' != ' i keep getting these phone calls  -888  #h       with no name provided  '
-  i keep getting these phone calls  #     334-1000 with no name provided  
?                                     ^^^^^^^^^^^^^
+  i keep getting these phone calls  -888  #h       with no name provided  
?                                    ++++++ ^^^^^^^

]]>		</error>
	</testcase>
	<testcase classname="InequalityTest" name="test_fpPhoneNumberTest_13" time="0.646">
		<error message="' lookup the number  #    334-4 to read the previous reports of other users  ' != ' lookup the number  888  334-4 to read the previous reports of other users  '
-  lookup the number  #    334-4 to read the previous reports of other users  
?                     ^^^
+  lookup the number  888  334-4 to read the previous reports of other users  
?                     ^^^
" type="AssertionError">
<![CDATA[Traceback (most recent call last):
  File "C:/Users/CHRIS/PycharmProjects/Requests/Requests.py", line 292, in test_fpPhoneNumberTest_13
    self.assertEqual(Actuval, expected)
AssertionError: ' lookup the number  #    334-4 to read the previous reports of other users  ' != ' lookup the number  888  334-4 to read the previous reports of other users  '
-  lookup the number  #    334-4 to read the previous reports of other users  
?                     ^^^
+  lookup the number  888  334-4 to read the previous reports of other users  
?                     ^^^

]]>		</error>
	</testcase>
	<testcase classname="InequalityTest" name="test_fpPhoneNumberTest_4" time="0.630">
		<error message="' address^or call at #    263-0177 during ' != ' address^or call at 512  #h       during '
-  address^or call at #    263-0177 during 
+  address^or call at 512  #h       during 
" type="AssertionError">
<![CDATA[Traceback (most recent call last):
  File "C:/Users/CHRIS/PycharmProjects/Requests/Requests.py", line 238, in test_fpPhoneNumberTest_4
    self.assertEqual(Actuval, expected)
AssertionError: ' address^or call at #    263-0177 during ' != ' address^or call at 512  #h       during '
-  address^or call at #    263-0177 during 
+  address^or call at 512  #h       during 

]]>		</error>
	</testcase>
	<testcase classname="InequalityTest" name="test_fpPhoneNumberTest_5" time="0.621">
		<error message="&quot; find out who's been calling from #   #  #     &quot; != &quot; find out who's been calling from 808 45 7885  &quot;
-  find out who's been calling from #   #  #     
?                                   ^^^^^^^^^^^
+  find out who's been calling from 808 45 7885  
?                                   ^^^^^^^^^^^
" type="AssertionError">
<![CDATA[Traceback (most recent call last):
  File "C:/Users/CHRIS/PycharmProjects/Requests/Requests.py", line 244, in test_fpPhoneNumberTest_5
    self.assertEqual(Actuval, expected)
AssertionError: " find out who's been calling from #   #  #     " != " find out who's been calling from 808 45 7885  "
-  find out who's been calling from #   #  #     
?                                   ^^^^^^^^^^^
+  find out who's been calling from 808 45 7885  
?                                   ^^^^^^^^^^^

]]>		</error>
	</testcase>
	<testcase classname="InequalityTest" name="test_fpPhoneNumberTest_8" time="0.632">
		<error message="' free catalog  #    444-hlth perfect health lowest prices  ' != ' free catalog  800  444-hlth perfect health lowest prices  '
-  free catalog  #    444-hlth perfect health lowest prices  
?                ^^^
+  free catalog  800  444-hlth perfect health lowest prices  
?                ^^^
" type="AssertionError">
<![CDATA[Traceback (most recent call last):
  File "C:/Users/CHRIS/PycharmProjects/Requests/Requests.py", line 262, in test_fpPhoneNumberTest_8
    self.assertEqual(Actuval, expected)
AssertionError: ' free catalog  #    444-hlth perfect health lowest prices  ' != ' free catalog  800  444-hlth perfect health lowest prices  '
-  free catalog  #    444-hlth perfect health lowest prices  
?                ^^^
+  free catalog  800  444-hlth perfect health lowest prices  
?                ^^^

]]>		</error>
	</testcase>
	<testcase classname="InequalityTest" name="test_fpPhoneNumberTest_9" time="0.641">
		<error message="' recently comments in  #    409-2## telephone  comment  ' != ' recently comments in  800  409-2### telephone  comment  '
-  recently comments in  #    409-2## telephone  comment  
?                        ^^^
+  recently comments in  800  409-2### telephone  comment  
?                        ^^^         +
" type="AssertionError">
<![CDATA[Traceback (most recent call last):
  File "C:/Users/CHRIS/PycharmProjects/Requests/Requests.py", line 268, in test_fpPhoneNumberTest_9
    self.assertEqual(Actuval, expected)
AssertionError: ' recently comments in  #    409-2## telephone  comment  ' != ' recently comments in  800  409-2### telephone  comment  '
-  recently comments in  #    409-2## telephone  comment  
?                        ^^^
+  recently comments in  800  409-2### telephone  comment  
?                        ^^^         +

]]>		</error>
	</testcase>
	<testcase classname="InequalityTest" name="test_iPhoneNumberTest_1" time="0.000">
		<error message="name 'self' is not defined" type="NameError">
<![CDATA[Traceback (most recent call last):
  File "C:/Users/CHRIS/PycharmProjects/Requests/Requests.py", line 28, in test_iPhoneNumberTest_1
    Actuval=self.Ontobi_API(text)
NameError: name 'self' is not defined
]]>		</error>
	</testcase>
	<testcase classname="InequalityTest" name="test_iPhoneNumberTest_10" time="0.624">
		<error message="' 1-800-492-8095 ' != ' #h             '
-  1-800-492-8095 
+  #h             
" type="AssertionError">
<![CDATA[Traceback (most recent call last):
  File "C:/Users/CHRIS/PycharmProjects/Requests/Requests.py", line 83, in test_iPhoneNumberTest_10
    self.assertEqual(Actuval, expected)
AssertionError: ' 1-800-492-8095 ' != ' #h             '
-  1-800-492-8095 
+  #h             

]]>		</error>
	</testcase>
	<testcase classname="InequalityTest" name="test_iPhoneNumberTest_11" time="0.641">
		<error message="' +1 732-433-8585 ' != ' #h              '
-  +1 732-433-8585 
+  #h              
" type="AssertionError">
<![CDATA[Traceback (most recent call last):
  File "C:/Users/CHRIS/PycharmProjects/Requests/Requests.py", line 89, in test_iPhoneNumberTest_11
    self.assertEqual(Actuval, expected)
AssertionError: ' +1 732-433-8585 ' != ' #h              '
-  +1 732-433-8585 
+  #h              

]]>		</error>
	</testcase>
	<testcase classname="InequalityTest" name="test_iPhoneNumberTest_12" time="0.618">
		<error message="' 1 (800) 233-2742 ' != ' #h               '
-  1 (800) 233-2742 
+  #h               
" type="AssertionError">
<![CDATA[Traceback (most recent call last):
  File "C:/Users/CHRIS/PycharmProjects/Requests/Requests.py", line 95, in test_iPhoneNumberTest_12
    self.assertEqual(Actuval, expected)
AssertionError: ' 1 (800) 233-2742 ' != ' #h               '
-  1 (800) 233-2742 
+  #h               

]]>		</error>
	</testcase>
	<testcase classname="InequalityTest" name="test_iPhoneNumberTest_13" time="0.641">
		<error message="' +1 310 219 0569 ' != ' #h              '
-  +1 310 219 0569 
+  #h              
" type="AssertionError">
<![CDATA[Traceback (most recent call last):
  File "C:/Users/CHRIS/PycharmProjects/Requests/Requests.py", line 101, in test_iPhoneNumberTest_13
    self.assertEqual(Actuval, expected)
AssertionError: ' +1 310 219 0569 ' != ' #h              '
-  +1 310 219 0569 
+  #h              

]]>		</error>
	</testcase>
	<testcase classname="InequalityTest" name="test_iPhoneNumberTest_14" time="0.654">
		<error message="'  +1 626 286 3309 ' != '  #h              '
-   +1 626 286 3309 
+   #h              
" type="AssertionError">
<![CDATA[Traceback (most recent call last):
  File "C:/Users/CHRIS/PycharmProjects/Requests/Requests.py", line 107, in test_iPhoneNumberTest_14
    self.assertEqual(Actuval, expected)
AssertionError: '  +1 626 286 3309 ' != '  #h              '
-   +1 626 286 3309 
+   #h              

]]>		</error>
	</testcase>
	<testcase classname="InequalityTest" name="test_iPhoneNumberTest_2" time="0.631">
		<error message="' +1 (345) 123-4567 ' != ' #h                '
-  +1 (345) 123-4567 
+  #h                
" type="AssertionError">
<![CDATA[Traceback (most recent call last):
  File "C:/Users/CHRIS/PycharmProjects/Requests/Requests.py", line 35, in test_iPhoneNumberTest_2
    self.assertEqual(Actuval, expected)
AssertionError: ' +1 (345) 123-4567 ' != ' #h                '
-  +1 (345) 123-4567 
+  #h                

]]>		</error>
	</testcase>
	<testcase classname="InequalityTest" name="test_iPhoneNumberTest_3" time="0.654">
		<error message="' 1-555-123-4567 ' != ' #h             '
-  1-555-123-4567 
+  #h             
" type="AssertionError">
<![CDATA[Traceback (most recent call last):
  File "C:/Users/CHRIS/PycharmProjects/Requests/Requests.py", line 41, in test_iPhoneNumberTest_3
    self.assertEqual(Actuval, expected)
AssertionError: ' 1-555-123-4567 ' != ' #h             '
-  1-555-123-4567 
+  #h             

]]>		</error>
	</testcase>
	<testcase classname="InequalityTest" name="test_iPhoneNumberTest_4" time="0.638">
		<error message="' 555.342.6533 ' != ' #h           '
-  555.342.6533 
+  #h           
" type="AssertionError">
<![CDATA[Traceback (most recent call last):
  File "C:/Users/CHRIS/PycharmProjects/Requests/Requests.py", line 47, in test_iPhoneNumberTest_4
    self.assertEqual(Actuval, expected)
AssertionError: ' 555.342.6533 ' != ' #h           '
-  555.342.6533 
+  #h           

]]>		</error>
	</testcase>
	<testcase classname="InequalityTest" name="test_iPhoneNumberTest_5" time="0.621">
		<error message="' 1.212.342.6533 ' != ' #h             '
-  1.212.342.6533 
+  #h             
" type="AssertionError">
<![CDATA[Traceback (most recent call last):
  File "C:/Users/CHRIS/PycharmProjects/Requests/Requests.py", line 53, in test_iPhoneNumberTest_5
    self.assertEqual(Actuval, expected)
AssertionError: ' 1.212.342.6533 ' != ' #h             '
-  1.212.342.6533 
+  #h             

]]>		</error>
	</testcase>
	<testcase classname="InequalityTest" name="test_iPhoneNumberTest_6" time="0.614">
		<error message="' +1-555-123-4567 ' != ' #h              '
-  +1-555-123-4567 
+  #h              
" type="AssertionError">
<![CDATA[Traceback (most recent call last):
  File "C:/Users/CHRIS/PycharmProjects/Requests/Requests.py", line 59, in test_iPhoneNumberTest_6
    self.assertEqual(Actuval, expected)
AssertionError: ' +1-555-123-4567 ' != ' #h              '
-  +1-555-123-4567 
+  #h              

]]>		</error>
	</testcase>
	<testcase classname="InequalityTest" name="test_iPhoneNumberTest_7" time="0.621">
		<error message="' +1(345)123-4567 ' != ' #h              '
-  +1(345)123-4567 
+  #h              
" type="AssertionError">
<![CDATA[Traceback (most recent call last):
  File "C:/Users/CHRIS/PycharmProjects/Requests/Requests.py", line 65, in test_iPhoneNumberTest_7
    self.assertEqual(Actuval, expected)
AssertionError: ' +1(345)123-4567 ' != ' #h              '
-  +1(345)123-4567 
+  #h              

]]>		</error>
	</testcase>
	<testcase classname="InequalityTest" name="test_iPhoneNumberTest_8" time="0.629">
		<error message="' (202) 628-7177 ' != ' #h             '
-  (202) 628-7177 
+  #h             
" type="AssertionError">
<![CDATA[Traceback (most recent call last):
  File "C:/Users/CHRIS/PycharmProjects/Requests/Requests.py", line 71, in test_iPhoneNumberTest_8
    self.assertEqual(Actuval, expected)
AssertionError: ' (202) 628-7177 ' != ' #h             '
-  (202) 628-7177 
+  #h             

]]>		</error>
	</testcase>
	<testcase classname="InequalityTest" name="test_iPhoneNumberTest_9" time="0.621">
		<error message="' +1 809-688-9999 ' != ' #h              '
-  +1 809-688-9999 
+  #h              
" type="AssertionError">
<![CDATA[Traceback (most recent call last):
  File "C:/Users/CHRIS/PycharmProjects/Requests/Requests.py", line 77, in test_iPhoneNumberTest_9
    self.assertEqual(Actuval, expected)
AssertionError: ' +1 809-688-9999 ' != ' #h              '
-  +1 809-688-9999 
+  #h              

]]>		</error>
	</testcase>
	<testcase classname="InequalityTest" name="test_mcPhoneNumberTest_1" time="0.639">
		<error message="'  570-821-2247  every letter or call must include your name  ' != '  #h            every letter or call must include your name  '
-   570-821-2247  every letter or call must include your name  
?   ^^^^^^^^^^^^
+   #h            every letter or call must include your name  
?   ^^^^^^^^^^^^
" type="AssertionError">
<![CDATA[Traceback (most recent call last):
  File "C:/Users/CHRIS/PycharmProjects/Requests/Requests.py", line 207, in test_mcPhoneNumberTest_1
    self.assertEqual(Actuval, expected)
AssertionError: '  570-821-2247  every letter or call must include your name  ' != '  #h            every letter or call must include your name  '
-   570-821-2247  every letter or call must include your name  
?   ^^^^^^^^^^^^
+   #h            every letter or call must include your name  
?   ^^^^^^^^^^^^

]]>		</error>
	</testcase>
	<testcase classname="InequalityTest" name="test_mcPhoneNumberTest_2" time="0.622">
		<error message="'  find out who called you from  650-573-1951  or others  ' != '  find out who called you from  #h            or others  '
-   find out who called you from  650-573-1951  or others  
?                                 ^^^^^^^^^^^^
+   find out who called you from  #h            or others  
?                                 ^^^^^^^^^^^^
" type="AssertionError">
<![CDATA[Traceback (most recent call last):
  File "C:/Users/CHRIS/PycharmProjects/Requests/Requests.py", line 213, in test_mcPhoneNumberTest_2
    self.assertEqual(Actuval, expected)
AssertionError: '  find out who called you from  650-573-1951  or others  ' != '  find out who called you from  #h            or others  '
-   find out who called you from  650-573-1951  or others  
?                                 ^^^^^^^^^^^^
+   find out who called you from  #h            or others  
?                                 ^^^^^^^^^^^^

]]>		</error>
	</testcase>
	<testcase classname="InequalityTest" name="test_ncPhoneNumberTest_1" time="0.681">
		<error message="&quot; you've searched business 415-456-4121 100 bayo vista way in san rafae. &quot; != &quot; you've searched business #h           100 bayo vista way in san rafae. &quot;
-  you've searched business 415-456-4121 100 bayo vista way in san rafae. 
?                           ^^^^^^^^^^^^
+  you've searched business #h           100 bayo vista way in san rafae. 
?                           ^^^^^^^^^^^^
" type="AssertionError">
<![CDATA[Traceback (most recent call last):
  File "C:/Users/CHRIS/PycharmProjects/Requests/Requests.py", line 299, in test_ncPhoneNumberTest_1
    self.assertEqual(Actuval, expected)
AssertionError: " you've searched business 415-456-4121 100 bayo vista way in san rafae. " != " you've searched business #h           100 bayo vista way in san rafae. "
-  you've searched business 415-456-4121 100 bayo vista way in san rafae. 
?                           ^^^^^^^^^^^^
+  you've searched business #h           100 bayo vista way in san rafae. 
?                           ^^^^^^^^^^^^

]]>		</error>
	</testcase>
	<testcase classname="InequalityTest" name="test_pPhoneNumberTest_1" time="0.629">
		<error message="' did you get a call or text from 817-967-4162  location  tx. ' != ' did you get a call or text from #h            location  tx. '
-  did you get a call or text from 817-967-4162  location  tx. 
?                                  ^^^^^^^^^^^^
+  did you get a call or text from #h            location  tx. 
?                                  ^^^^^^^^^^^^
" type="AssertionError">
<![CDATA[Traceback (most recent call last):
  File "C:/Users/CHRIS/PycharmProjects/Requests/Requests.py", line 188, in test_pPhoneNumberTest_1
    self.assertEqual(Actuval, expected)
AssertionError: ' did you get a call or text from 817-967-4162  location  tx. ' != ' did you get a call or text from #h            location  tx. '
-  did you get a call or text from 817-967-4162  location  tx. 
?                                  ^^^^^^^^^^^^
+  did you get a call or text from #h            location  tx. 
?                                  ^^^^^^^^^^^^

]]>		</error>
	</testcase>
	<testcase classname="InequalityTest" name="test_pPhoneNumberTest_2" time="1.304">
		<error message="' 1-877-609-2233 cathaypacific.com seatingm[36 chars]ch  ' != ' #h              cathaypacific.com seating[37 chars]ch  '
-  1-877-609-2233 cathaypacific.com seatingmost aircraft has seat pitch of 32 inch  
?  ^^^^^^^^^^^^^^
+  #h              cathaypacific.com seatingmost aircraft has seat pitch of 32 inch  
?  ^^^^^^^^^^^^^^^
" type="AssertionError">
<![CDATA[Traceback (most recent call last):
  File "C:/Users/CHRIS/PycharmProjects/Requests/Requests.py", line 194, in test_pPhoneNumberTest_2
    self.assertEqual(Actuval, expected)
AssertionError: ' 1-877-609-2233 cathaypacific.com seatingm[36 chars]ch  ' != ' #h              cathaypacific.com seating[37 chars]ch  '
-  1-877-609-2233 cathaypacific.com seatingmost aircraft has seat pitch of 32 inch  
?  ^^^^^^^^^^^^^^
+  #h              cathaypacific.com seatingmost aircraft has seat pitch of 32 inch  
?  ^^^^^^^^^^^^^^^

]]>		</error>
	</testcase>
	<testcase classname="InequalityTest" name="test_pPhoneNumberTest_3" time="0.660">
		<error message="' to [13 chars]g either email carlie@royallepage.ca or call me 289-821-8881  ' != ' to [13 chars]g either email carlie@royallepage.ca or call me #h            '
-  to book a showing either email carlie@royallepage.ca or call me 289-821-8881  
?                                                                  ^^^^^^^^^^^^
+  to book a showing either email carlie@royallepage.ca or call me #h            
?                                                                  ^^^^^^^^^^^^
" type="AssertionError">
<![CDATA[Traceback (most recent call last):
  File "C:/Users/CHRIS/PycharmProjects/Requests/Requests.py", line 200, in test_pPhoneNumberTest_3
    self.assertEqual(Actuval, expected)
AssertionError: ' to [13 chars]g either email carlie@royallepage.ca or call me 289-821-8881  ' != ' to [13 chars]g either email carlie@royallepage.ca or call me #h            '
-  to book a showing either email carlie@royallepage.ca or call me 289-821-8881  
?                                                                  ^^^^^^^^^^^^
+  to book a showing either email carlie@royallepage.ca or call me #h            
?                                                                  ^^^^^^^^^^^^

]]>		</error>
	</testcase>
	<system-out>
<![CDATA[]]>	</system-out>
	<system-err>
<![CDATA[]]>	</system-err>
</testsuite>
