<?xml version="1.0" ?>
<testsuite errors="9" failures="0" name="InequalityTest-20160329130100" tests="9" time="5.271">
	<testcase classname="InequalityTest" name="test_csMeasurementTest_4" time="0.560">
		<error message="' 3 moles of xenon are heated to 400 k at atmospheric pressure  ' != ' #m      of xenon are heated to 400 k at atmospheric pressure  '
-  3 moles of xenon are heated to 400 k at atmospheric pressure  
?  ^^ ^^^^
+  #m      of xenon are heated to 400 k at atmospheric pressure  
?  ^ ^^^^^
" type="AssertionError">
<![CDATA[Traceback (most recent call last):
  File "C:/Users/CHRIS/PycharmProjects/Requests/Requests.py", line 47, in test_csMeasurementTest_4
    self.assertEqual(Actuval, expected)
AssertionError: ' 3 moles of xenon are heated to 400 k at atmospheric pressure  ' != ' #m      of xenon are heated to 400 k at atmospheric pressure  '
-  3 moles of xenon are heated to 400 k at atmospheric pressure  
?  ^^ ^^^^
+  #m      of xenon are heated to 400 k at atmospheric pressure  
?  ^ ^^^^^

]]>		</error>
	</testcase>
	<testcase classname="InequalityTest" name="test_fMeasurementTest_1" time="0.608">
		<error message="' a led made by cree can have up to 100 cd while a 100 watt ' != ' a led made by cree can have up to #m     while a 100 watt '
-  a led made by cree can have up to 100 cd while a 100 watt 
?                                    ^^^^^^
+  a led made by cree can have up to #m     while a 100 watt 
?                                    ^^^^^^
" type="AssertionError">
<![CDATA[Traceback (most recent call last):
  File "C:/Users/CHRIS/PycharmProjects/Requests/Requests.py", line 54, in test_fMeasurementTest_1
    self.assertEqual(Actuval, expected)
AssertionError: ' a led made by cree can have up to 100 cd while a 100 watt ' != ' a led made by cree can have up to #m     while a 100 watt '
-  a led made by cree can have up to 100 cd while a 100 watt 
?                                    ^^^^^^
+  a led made by cree can have up to #m     while a 100 watt 
?                                    ^^^^^^

]]>		</error>
	</testcase>
	<testcase classname="InequalityTest" name="test_fpMeasurementTest_4" time="0.603">
		<error message="' u are selling  at  2.7 mm  my bid is .70 ' != ' u are selling  at  #m      my bid is .70 '
-  u are selling  at  2.7 mm  my bid is .70 
?                     ^^^^ ^
+  u are selling  at  #m      my bid is .70 
?                     ^ ^^^^
" type="AssertionError">
<![CDATA[Traceback (most recent call last):
  File "C:/Users/CHRIS/PycharmProjects/Requests/Requests.py", line 27, in test_fpMeasurementTest_4
    self.assertEqual(Actuval, expected)
AssertionError: ' u are selling  at  2.7 mm  my bid is .70 ' != ' u are selling  at  #m      my bid is .70 '
-  u are selling  at  2.7 mm  my bid is .70 
?                     ^^^^ ^
+  u are selling  at  #m      my bid is .70 
?                     ^ ^^^^

]]>		</error>
	</testcase>
	<testcase classname="InequalityTest" name="test_iMeasurementTest_1" time="0.565">
		<error message="' 10,000km ' != ' #m       '
-  10,000km 
+  #m       
" type="AssertionError">
<![CDATA[Traceback (most recent call last):
  File "C:/Users/CHRIS/PycharmProjects/Requests/Requests.py", line 34, in test_iMeasurementTest_1
    self.assertEqual(Actuval, expected)
AssertionError: ' 10,000km ' != ' #m       '
-  10,000km 
+  #m       

]]>		</error>
	</testcase>
	<testcase classname="InequalityTest" name="test_iMeasurementTest_3" time="0.575">
		<error message="' 1000g ' != ' #m    '
-  1000g 
+  #m    
" type="AssertionError">
<![CDATA[Traceback (most recent call last):
  File "C:/Users/CHRIS/PycharmProjects/Requests/Requests.py", line 40, in test_iMeasurementTest_3
    self.assertEqual(Actuval, expected)
AssertionError: ' 1000g ' != ' #m    '
-  1000g 
+  #m    

]]>		</error>
	</testcase>
	<testcase classname="InequalityTest" name="test_mcMeasurementTest_1" time="0.569">
		<error message="' a convert  900cm  to feet and inches  ' != ' a convert  #m     to feet and inches  '
-  a convert  900cm  to feet and inches  
?             ^^^^
+  a convert  #m     to feet and inches  
?             ^ +++
" type="AssertionError">
<![CDATA[Traceback (most recent call last):
  File "C:/Users/CHRIS/PycharmProjects/Requests/Requests.py", line 68, in test_mcMeasurementTest_1
    self.assertEqual(Actuval, expected)
AssertionError: ' a convert  900cm  to feet and inches  ' != ' a convert  #m     to feet and inches  '
-  a convert  900cm  to feet and inches  
?             ^^^^
+  a convert  #m     to feet and inches  
?             ^ +++

]]>		</error>
	</testcase>
	<testcase classname="InequalityTest" name="test_mcMeasurementTest_2" time="0.589">
		<error message="' at a distance of  23 kms  from mahabalipuram and  35 kms  from chennai. ' != ' at a distance of  #m      from mahabalipuram and  #m      from chennai. '
-  at a distance of  23 kms  from mahabalipuram and  35 kms  from chennai. 
?                    ^^^^ ^                          ^^^^ ^
+  at a distance of  #m      from mahabalipuram and  #m      from chennai. 
?                    ^ ^^^^                          ^ ^^^^
" type="AssertionError">
<![CDATA[Traceback (most recent call last):
  File "C:/Users/CHRIS/PycharmProjects/Requests/Requests.py", line 74, in test_mcMeasurementTest_2
    self.assertEqual(Actuval, expected)
AssertionError: ' at a distance of  23 kms  from mahabalipuram and  35 kms  from chennai. ' != ' at a distance of  #m      from mahabalipuram and  #m      from chennai. '
-  at a distance of  23 kms  from mahabalipuram and  35 kms  from chennai. 
?                    ^^^^ ^                          ^^^^ ^
+  at a distance of  #m      from mahabalipuram and  #m      from chennai. 
?                    ^ ^^^^                          ^ ^^^^

]]>		</error>
	</testcase>
	<testcase classname="InequalityTest" name="test_mcPhoneNumberTest_3" time="0.601">
		<error message="&quot; ple[15 chars]umber [+1 (510) 792-1642  estimated employee's quantity is 3  &quot; != &quot; ple[15 chars]umber #h                  estimated employee's quantity is 3  &quot;
-  please use phone number [+1 (510) 792-1642  estimated employee's quantity is 3  
?                          ^^^^^^^^^^^^^^^^^^
+  please use phone number #h                  estimated employee's quantity is 3  
?                          ^^^^^^^^^^^^^^^^^^
" type="AssertionError">
<![CDATA[Traceback (most recent call last):
  File "C:/Users/CHRIS/PycharmProjects/Requests/Requests.py", line 82, in test_mcPhoneNumberTest_3
    self.assertEqual(Actuval, expected)
AssertionError: " ple[15 chars]umber [+1 (510) 792-1642  estimated employee's quantity is 3  " != " ple[15 chars]umber #h                  estimated employee's quantity is 3  "
-  please use phone number [+1 (510) 792-1642  estimated employee's quantity is 3  
?                          ^^^^^^^^^^^^^^^^^^
+  please use phone number #h                  estimated employee's quantity is 3  
?                          ^^^^^^^^^^^^^^^^^^

]]>		</error>
	</testcase>
	<testcase classname="InequalityTest" name="test_pMeasurementTest_3" time="0.601">
		<error message="&quot;  1 inch' is equal to 25.4 millimeters  &quot; != '  #m      is equal to #m                '
-   1 inch' is equal to 25.4 millimeters  
+   #m      is equal to #m                
" type="AssertionError">
<![CDATA[Traceback (most recent call last):
  File "C:/Users/CHRIS/PycharmProjects/Requests/Requests.py", line 61, in test_pMeasurementTest_3
    self.assertEqual(Actuval, expected)
AssertionError: "  1 inch' is equal to 25.4 millimeters  " != '  #m      is equal to #m                '
-   1 inch' is equal to 25.4 millimeters  
+   #m      is equal to #m                

]]>		</error>
	</testcase>
	<system-out>
<![CDATA[]]>	</system-out>
	<system-err>
<![CDATA[]]>	</system-err>
</testsuite>
