<?xml version="1.0" ?>
<testsuite errors="1" failures="0" name="InequalityTest-20160406182416" tests="1" time="0.691">
	<testcase classname="InequalityTest" name="test_IsClassify_1" time="0.691">
		<error message="the JSON object must be str, not 'list'" type="TypeError">
<![CDATA[Traceback (most recent call last):
  File "C:/Users/CHRIS/PycharmProjects/Requests/Requests.py", line 32, in test_IsClassify_1
    Actuval=self.Ontobi_API(text)
  File "C:/Users/CHRIS/PycharmProjects/Requests/Requests.py", line 21, in Ontobi_API
    output = json.loads(j["data"]["categories"])
  File "C:\Python34\lib\json\__init__.py", line 312, in loads
    s.__class__.__name__))
TypeError: the JSON object must be str, not 'list'
]]>		</error>
	</testcase>
	<system-out>
<![CDATA[200
]]>	</system-out>
	<system-err>
<![CDATA[]]>	</system-err>
</testsuite>
