<?xml version="1.0" ?>
<testsuite errors="59" failures="0" name="InequalityTest-20160328122548" tests="59" time="91.537">
	<testcase classname="InequalityTest" name="test_IsPerson_01" time="1.441">
		<error message="'i am glad we finally heard from kevin kolb ' != 'i am glad we finally heard from #per  #per '
- i am glad we finally heard from kevin kolb 
?                                 ^ ^^^^^^^^
+ i am glad we finally heard from #per  #per 
?                                 ^^ ^^^^^^^
" type="AssertionError">
<![CDATA[Traceback (most recent call last):
  File "C:/Users/CHRIS/PycharmProjects/Requests/Requests.py", line 273, in test_IsPerson_01
    self.assertEqual(Actuval, expected)
AssertionError: 'i am glad we finally heard from kevin kolb ' != 'i am glad we finally heard from #per  #per '
- i am glad we finally heard from kevin kolb 
?                                 ^ ^^^^^^^^
+ i am glad we finally heard from #per  #per 
?                                 ^^ ^^^^^^^

]]>		</error>
	</testcase>
	<testcase classname="InequalityTest" name="test_IsPerson_02" time="1.577">
		<error message="'jacques  if your schedule permits ' != '#per     if your schedule permits '
- jacques  if your schedule permits 
? ^^^^^ ^
+ #per     if your schedule permits 
? ^^ ^^^^
" type="AssertionError">
<![CDATA[Traceback (most recent call last):
  File "C:/Users/CHRIS/PycharmProjects/Requests/Requests.py", line 279, in test_IsPerson_02
    self.assertEqual(Actuval, expected)
AssertionError: 'jacques  if your schedule permits ' != '#per     if your schedule permits '
- jacques  if your schedule permits 
? ^^^^^ ^
+ #per     if your schedule permits 
? ^^ ^^^^

]]>		</error>
	</testcase>
	<testcase classname="InequalityTest" name="test_IsPerson_03" time="0.716">
		<error message="'john  i am going to miss the meeting with vladi about z6 and weather hedges ' != '#per  i am going to miss the meeting with #per  about z6 and weather hedges '
- john  i am going to miss the meeting with vladi about z6 and weather hedges 
? ^^^^                                      ^^^^^
+ #per  i am going to miss the meeting with #per  about z6 and weather hedges 
? ^^^^                                      ^^^^^
" type="AssertionError">
<![CDATA[Traceback (most recent call last):
  File "C:/Users/CHRIS/PycharmProjects/Requests/Requests.py", line 285, in test_IsPerson_03
    self.assertEqual(Actuval, expected)
AssertionError: 'john  i am going to miss the meeting with vladi about z6 and weather hedges ' != '#per  i am going to miss the meeting with #per  about z6 and weather hedges '
- john  i am going to miss the meeting with vladi about z6 and weather hedges 
? ^^^^                                      ^^^^^
+ #per  i am going to miss the meeting with #per  about z6 and weather hedges 
? ^^^^                                      ^^^^^

]]>		</error>
	</testcase>
	<testcase classname="InequalityTest" name="test_IsPerson_04" time="0.617">
		<error message="'let [23 chars]rested  jeff smith the smith company 9400 circle drive austin ' != 'let [23 chars]rested  #per #per  the smith company 9400 circle drive austin '
- let me know if you are interested  jeff smith the smith company 9400 circle drive austin 
?                                    ^ ^^      ----------
+ let me know if you are interested  #per #per  the smith company 9400 circle drive austin 
?                                    ^^ ^^^^^^^^^^^
" type="AssertionError">
<![CDATA[Traceback (most recent call last):
  File "C:/Users/CHRIS/PycharmProjects/Requests/Requests.py", line 291, in test_IsPerson_04
    self.assertEqual(Actuval, expected)
AssertionError: 'let [23 chars]rested  jeff smith the smith company 9400 circle drive austin ' != 'let [23 chars]rested  #per #per  the smith company 9400 circle drive austin '
- let me know if you are interested  jeff smith the smith company 9400 circle drive austin 
?                                    ^ ^^      ----------
+ let me know if you are interested  #per #per  the smith company 9400 circle drive austin 
?                                    ^^ ^^^^^^^^^^^

]]>		</error>
	</testcase>
	<testcase classname="InequalityTest" name="test_IsPerson_05" time="0.597">
		<error message="&quot;eof [13 chars]eekly fundamentals report produced by tim heizenrader's group &quot; != &quot;eof [13 chars]eekly fundamentals report produced by #per#per       's group &quot;
- eof is this the weekly fundamentals report produced by tim heizenrader's group 
?                                                        ^^^^^^^^^^^^^
+ eof is this the weekly fundamentals report produced by #per#per       's group 
?                                                        ^^  +++++++++++
" type="AssertionError">
<![CDATA[Traceback (most recent call last):
  File "C:/Users/CHRIS/PycharmProjects/Requests/Requests.py", line 297, in test_IsPerson_05
    self.assertEqual(Actuval, expected)
AssertionError: "eof [13 chars]eekly fundamentals report produced by tim heizenrader's group " != "eof [13 chars]eekly fundamentals report produced by #per#per       's group "
- eof is this the weekly fundamentals report produced by tim heizenrader's group 
?                                                        ^^^^^^^^^^^^^
+ eof is this the weekly fundamentals report produced by #per#per       's group 
?                                                        ^^  +++++++++++

]]>		</error>
	</testcase>
	<testcase classname="InequalityTest" name="test_IsPerson_06" time="0.589">
		<error message="&quot;zoya raynes   has already been through salomon's rotational program &quot; != &quot;#per #per     has already been through salomon's rotational program &quot;
- zoya raynes   has already been through salomon's rotational program 
? ^^^^^ ^^^ ^
+ #per #per     has already been through salomon's rotational program 
? ^^^ ^^^ ^^^
" type="AssertionError">
<![CDATA[Traceback (most recent call last):
  File "C:/Users/CHRIS/PycharmProjects/Requests/Requests.py", line 303, in test_IsPerson_06
    self.assertEqual(Actuval, expected)
AssertionError: "zoya raynes   has already been through salomon's rotational program " != "#per #per     has already been through salomon's rotational program "
- zoya raynes   has already been through salomon's rotational program 
? ^^^^^ ^^^ ^
+ #per #per     has already been through salomon's rotational program 
? ^^^ ^^^ ^^^

]]>		</error>
	</testcase>
	<testcase classname="InequalityTest" name="test_IsPerson_07" time="0.620">
		<error message="&quot; phillip allen  i am going to be in a meet[82 chars]ves &quot; != &quot; #per    #per   i am going to be in a meet[82 chars]    &quot;
-  phillip allen  i am going to be in a meeting with accenture on friday from 9am until 3pm   so i can't meet with paul margraves 
?   ^ -------------                                                                                                 ^^^^^^ ^ ^^^^
+  #per    #per   i am going to be in a meeting with accenture on friday from 9am until 3pm   so i can't meet with #per #per      
?  + ^^^^^^^^^^^^^                                                                                                 + ^ ^^^^ ^^^^^
" type="AssertionError">
<![CDATA[Traceback (most recent call last):
  File "C:/Users/CHRIS/PycharmProjects/Requests/Requests.py", line 309, in test_IsPerson_07
    self.assertEqual(Actuval, expected)
AssertionError: " phillip allen  i am going to be in a meet[82 chars]ves " != " #per    #per   i am going to be in a meet[82 chars]    "
-  phillip allen  i am going to be in a meeting with accenture on friday from 9am until 3pm   so i can't meet with paul margraves 
?   ^ -------------                                                                                                 ^^^^^^ ^ ^^^^
+  #per    #per   i am going to be in a meeting with accenture on friday from 9am until 3pm   so i can't meet with #per #per      
?  + ^^^^^^^^^^^^^                                                                                                 + ^ ^^^^ ^^^^^

]]>		</error>
	</testcase>
	<testcase classname="InequalityTest" name="test_IsPerson_08" time="0.594">
		<error message="'randy  why is there a pg&amp;e citygate position in mgmt-west ' != '#per   why is there a pg&amp;e citygate position in mgmt-west '
- randy  why is there a pg&amp;e citygate position in mgmt-west 
?  ^^^^
+ #per   why is there a pg&amp;e citygate position in mgmt-west 
? +++ ^
" type="AssertionError">
<![CDATA[Traceback (most recent call last):
  File "C:/Users/CHRIS/PycharmProjects/Requests/Requests.py", line 315, in test_IsPerson_08
    self.assertEqual(Actuval, expected)
AssertionError: 'randy  why is there a pg&e citygate position in mgmt-west ' != '#per   why is there a pg&e citygate position in mgmt-west '
- randy  why is there a pg&e citygate position in mgmt-west 
?  ^^^^
+ #per   why is there a pg&e citygate position in mgmt-west 
? +++ ^

]]>		</error>
	</testcase>
	<testcase classname="InequalityTest" name="test_IsPerson_09" time="0.610">
		<error message="'i wi[16 chars]my title policy this evening   renee  thank you for the forms ' != 'i wi[16 chars]my title policy this evening   #per   thank you for the forms '
- i will try and find my title policy this evening   renee  thank you for the forms 
?                                                     ^^^^
+ i will try and find my title policy this evening   #per   thank you for the forms 
?                                                    +++ ^
" type="AssertionError">
<![CDATA[Traceback (most recent call last):
  File "C:/Users/CHRIS/PycharmProjects/Requests/Requests.py", line 321, in test_IsPerson_09
    self.assertEqual(Actuval, expected)
AssertionError: 'i wi[16 chars]my title policy this evening   renee  thank you for the forms ' != 'i wi[16 chars]my title policy this evening   #per   thank you for the forms '
- i will try and find my title policy this evening   renee  thank you for the forms 
?                                                     ^^^^
+ i will try and find my title policy this evening   #per   thank you for the forms 
?                                                    +++ ^

]]>		</error>
	</testcase>
	<testcase classname="InequalityTest" name="test_IsPerson_10" time="0.922">
		<error message="'can we reference the work that is being p[92 chars]ines' != ' can we reference the work that is being [94 chars]nes '
- can we reference the work that is being performed by the contractor  jc evans   i want to avoid any ambiguity regarding the utility lines
?                                                                      ^^^ ^^^^
+  can we reference the work that is being performed by the contractor  #pe#per    i want to avoid any ambiguity regarding the utility lines 
? +                                                                     ^^ ^^^^^                                                            +
" type="AssertionError">
<![CDATA[Traceback (most recent call last):
  File "C:/Users/CHRIS/PycharmProjects/Requests/Requests.py", line 327, in test_IsPerson_10
    self.assertEqual(Actuval, expected)
AssertionError: 'can we reference the work that is being p[92 chars]ines' != ' can we reference the work that is being [94 chars]nes '
- can we reference the work that is being performed by the contractor  jc evans   i want to avoid any ambiguity regarding the utility lines
?                                                                      ^^^ ^^^^
+  can we reference the work that is being performed by the contractor  #pe#per    i want to avoid any ambiguity regarding the utility lines 
? +                                                                     ^^ ^^^^^                                                            +

]]>		</error>
	</testcase>
	<testcase classname="InequalityTest" name="test_IsPerson_11" time="2.133">
		<error message="'i cannot download his resume   please resend. phillip' != 'i cannot download his resume   please resend  #per   '
- i cannot download his resume   please resend. phillip
?                                             ^^ ^^^^^^
+ i cannot download his resume   please resend  #per   
?                                             ^^^ ^^^^^
" type="AssertionError">
<![CDATA[Traceback (most recent call last):
  File "C:/Users/CHRIS/PycharmProjects/Requests/Requests.py", line 333, in test_IsPerson_11
    self.assertEqual(Actuval, expected)
AssertionError: 'i cannot download his resume   please resend. phillip' != 'i cannot download his resume   please resend  #per   '
- i cannot download his resume   please resend. phillip
?                                             ^^ ^^^^^^
+ i cannot download his resume   please resend  #per   
?                                             ^^^ ^^^^^

]]>		</error>
	</testcase>
	<testcase classname="InequalityTest" name="test_IsPerson_12" time="1.330">
		<error message="'please drop me a note  phillip allen' != 'please drop me a note  #per         '
- please drop me a note  phillip allen
+ please drop me a note  #per         
" type="AssertionError">
<![CDATA[Traceback (most recent call last):
  File "C:/Users/CHRIS/PycharmProjects/Requests/Requests.py", line 339, in test_IsPerson_12
    self.assertEqual(Actuval, expected)
AssertionError: 'please drop me a note  phillip allen' != 'please drop me a note  #per         '
- please drop me a note  phillip allen
+ please drop me a note  #per         

]]>		</error>
	</testcase>
	<testcase classname="InequalityTest" name="test_IsPerson_13" time="1.645">
		<error message="'jeff  i reviewed your revised offer sheet ' != '#per  i reviewed your revised offer sheet '
- jeff  i reviewed your revised offer sheet 
? ^ ^^
+ #per  i reviewed your revised offer sheet 
? ^^ ^
" type="AssertionError">
<![CDATA[Traceback (most recent call last):
  File "C:/Users/CHRIS/PycharmProjects/Requests/Requests.py", line 345, in test_IsPerson_13
    self.assertEqual(Actuval, expected)
AssertionError: 'jeff  i reviewed your revised offer sheet ' != '#per  i reviewed your revised offer sheet '
- jeff  i reviewed your revised offer sheet 
? ^ ^^
+ #per  i reviewed your revised offer sheet 
? ^^ ^

]]>		</error>
	</testcase>
	<testcase classname="InequalityTest" name="test_IsPerson_14" time="1.613">
		<error message="'the [45 chars]k is ina rangel   her location is eb3210  phil[18 chars]7041' != 'the [45 chars]k is #per#per     her location is eb3210  #per[18 chars]7041'
- the administrative assistant for the west gas desk is ina rangel   her location is eb3210  phillip allen 713-853-7041
?                                                       ^^^^ ^^^ ^                            ^^^^^ ---- ^
+ the administrative assistant for the west gas desk is #per#per     her location is eb3210  #per    #per  713-853-7041
?                                                       ^^^ ^^ ^^^                           + ^^^^^^^  ^^
" type="AssertionError">
<![CDATA[Traceback (most recent call last):
  File "C:/Users/CHRIS/PycharmProjects/Requests/Requests.py", line 351, in test_IsPerson_14
    self.assertEqual(Actuval, expected)
AssertionError: 'the [45 chars]k is ina rangel   her location is eb3210  phil[18 chars]7041' != 'the [45 chars]k is #per#per     her location is eb3210  #per[18 chars]7041'
- the administrative assistant for the west gas desk is ina rangel   her location is eb3210  phillip allen 713-853-7041
?                                                       ^^^^ ^^^ ^                            ^^^^^ ---- ^
+ the administrative assistant for the west gas desk is #per#per     her location is eb3210  #per    #per  713-853-7041
?                                                       ^^^ ^^ ^^^                           + ^^^^^^^  ^^

]]>		</error>
	</testcase>
	<testcase classname="InequalityTest" name="test_IsPerson_15" time="1.686">
		<error message="&quot; hunter  here is portland's weekly fundamental presentation &quot; != &quot; #per    here is portland's weekly fundamental presentation &quot;
-  hunter  here is portland's weekly fundamental presentation 
?  ^^^^
+  #per    here is portland's weekly fundamental presentation 
?  ^^  ++
" type="AssertionError">
<![CDATA[Traceback (most recent call last):
  File "C:/Users/CHRIS/PycharmProjects/Requests/Requests.py", line 357, in test_IsPerson_15
    self.assertEqual(Actuval, expected)
AssertionError: " hunter  here is portland's weekly fundamental presentation " != " #per    here is portland's weekly fundamental presentation "
-  hunter  here is portland's weekly fundamental presentation 
?  ^^^^
+  #per    here is portland's weekly fundamental presentation 
?  ^^  ++

]]>		</error>
	</testcase>
	<testcase classname="InequalityTest" name="test_IsPerson_16" time="1.261">
		<error message="'the amortization schedule is attached  phillip' != 'the amortization schedule is attached  #per   '
- the amortization schedule is attached  phillip
?                                         ^^^^^^
+ the amortization schedule is attached  #per   
?                                        + ^^^^^
" type="AssertionError">
<![CDATA[Traceback (most recent call last):
  File "C:/Users/CHRIS/PycharmProjects/Requests/Requests.py", line 363, in test_IsPerson_16
    self.assertEqual(Actuval, expected)
AssertionError: 'the amortization schedule is attached  phillip' != 'the amortization schedule is attached  #per   '
- the amortization schedule is attached  phillip
?                                         ^^^^^^
+ the amortization schedule is attached  #per   
?                                        + ^^^^^

]]>		</error>
	</testcase>
	<testcase classname="InequalityTest" name="test_IsPerson_17" time="5.745">
		<error message="'greg  i have been working with phillip allen ' != '#per  i have been working with #per    #per   '
- greg  i have been working with phillip allen 
+ #per  i have been working with #per    #per   
" type="AssertionError">
<![CDATA[Traceback (most recent call last):
  File "C:/Users/CHRIS/PycharmProjects/Requests/Requests.py", line 369, in test_IsPerson_17
    self.assertEqual(Actuval, expected)
AssertionError: 'greg  i have been working with phillip allen ' != '#per  i have been working with #per    #per   '
- greg  i have been working with phillip allen 
+ #per  i have been working with #per    #per   

]]>		</error>
	</testcase>
	<testcase classname="InequalityTest" name="test_IsPerson_18" time="2.526">
		<error message="' bob got me all fired up about hud being o[51 chars]what' != ' #pergot me all fired up about hud being o[52 chars]hat '
-  bob got me all fired up about hud being out of money yesterday   darrell calmed me down somewhat
?  ^^^^                                                             ^^ ^^^^
+  #pergot me all fired up about hud being out of money yesterday   #per    calmed me down somewhat 
?  ^^^^                                                             ^^^ ^^^                        +
" type="AssertionError">
<![CDATA[Traceback (most recent call last):
  File "C:/Users/CHRIS/PycharmProjects/Requests/Requests.py", line 375, in test_IsPerson_18
    self.assertEqual(Actuval, expected)
AssertionError: ' bob got me all fired up about hud being o[51 chars]what' != ' #pergot me all fired up about hud being o[52 chars]hat '
-  bob got me all fired up about hud being out of money yesterday   darrell calmed me down somewhat
?  ^^^^                                                             ^^ ^^^^
+  #pergot me all fired up about hud being out of money yesterday   #per    calmed me down somewhat 
?  ^^^^                                                             ^^^ ^^^                        +

]]>		</error>
	</testcase>
	<testcase classname="InequalityTest" name="test_IsPerson_19" time="2.541">
		<error message="'jacques  keith and i were able to resolve[47 chars]ion ' != '#per     #per  and i were able to resolve[47 chars]ion '
- jacques  keith and i were able to resolve our concerns about having the gp as a corporation 
? ^^^^^ ^^^^ ^^^
+ #per     #per  and i were able to resolve our concerns about having the gp as a corporation 
? ^^ ^^^^^^^^ ^^
" type="AssertionError">
<![CDATA[Traceback (most recent call last):
  File "C:/Users/CHRIS/PycharmProjects/Requests/Requests.py", line 381, in test_IsPerson_19
    self.assertEqual(Actuval, expected)
AssertionError: 'jacques  keith and i were able to resolve[47 chars]ion ' != '#per     #per  and i were able to resolve[47 chars]ion '
- jacques  keith and i were able to resolve our concerns about having the gp as a corporation 
? ^^^^^ ^^^^ ^^^
+ #per     #per  and i were able to resolve our concerns about having the gp as a corporation 
? ^^ ^^^^^^^^ ^^

]]>		</error>
	</testcase>
	<testcase classname="InequalityTest" name="test_IsPerson_20" time="2.354">
		<error message="&quot;i haven't heard anything else on the stagecoach from kevin kolb &quot; != &quot;i haven't heard anything else on the stagecoach from #per  #per &quot;
- i haven't heard anything else on the stagecoach from kevin kolb 
?                                                      ^ ^^^^^^^^
+ i haven't heard anything else on the stagecoach from #per  #per 
?                                                      ^^ ^^^^^^^
" type="AssertionError">
<![CDATA[Traceback (most recent call last):
  File "C:/Users/CHRIS/PycharmProjects/Requests/Requests.py", line 387, in test_IsPerson_20
    self.assertEqual(Actuval, expected)
AssertionError: "i haven't heard anything else on the stagecoach from kevin kolb " != "i haven't heard anything else on the stagecoach from #per  #per "
- i haven't heard anything else on the stagecoach from kevin kolb 
?                                                      ^ ^^^^^^^^
+ i haven't heard anything else on the stagecoach from #per  #per 
?                                                      ^^ ^^^^^^^

]]>		</error>
	</testcase>
	<testcase classname="InequalityTest" name="test_csPersonTest_1" time="2.286">
		<error message="&quot;he thanks professor paulos for his insight  this ingenious sc[168 chars]elf &quot; != &quot;he thanks professor #per   for his insight  this ingenious sc[168 chars]elf &quot;
- he thanks professor paulos for his insight  this ingenious scholar  teacher and author is a  professor at temple university  as his long time colleague i assure you that he didn't  generate esoteric knowledge and keep it for himself 
+ he thanks professor #per   for his insight  this ingenious scholar  teacher and author is a  professor at temple university  as his long time colleague i assure you that he didn't  generate esoteric knowledge and keep it for himself 
" type="AssertionError">
<![CDATA[Traceback (most recent call last):
  File "C:/Users/CHRIS/PycharmProjects/Requests/Requests.py", line 100, in test_csPersonTest_1
    self.assertEqual(Actuval, expected)
AssertionError: "he thanks professor paulos for his insight  this ingenious sc[168 chars]elf " != "he thanks professor #per   for his insight  this ingenious sc[168 chars]elf "
- he thanks professor paulos for his insight  this ingenious scholar  teacher and author is a  professor at temple university  as his long time colleague i assure you that he didn't  generate esoteric knowledge and keep it for himself 
+ he thanks professor #per   for his insight  this ingenious scholar  teacher and author is a  professor at temple university  as his long time colleague i assure you that he didn't  generate esoteric knowledge and keep it for himself 

]]>		</error>
	</testcase>
	<testcase classname="InequalityTest" name="test_csPersonTest_10" time="2.301">
		<error message="'i believe that carlos rodriguez handles this pipe ' != 'i believe that #per   #per      handles this pipe '
- i believe that carlos rodriguez handles this pipe 
+ i believe that #per   #per      handles this pipe 
" type="AssertionError">
<![CDATA[Traceback (most recent call last):
  File "C:/Users/CHRIS/PycharmProjects/Requests/Requests.py", line 155, in test_csPersonTest_10
    self.assertEqual(Actuval, expected)
AssertionError: 'i believe that carlos rodriguez handles this pipe ' != 'i believe that #per   #per      handles this pipe '
- i believe that carlos rodriguez handles this pipe 
+ i believe that #per   #per      handles this pipe 

]]>		</error>
	</testcase>
	<testcase classname="InequalityTest" name="test_csPersonTest_11" time="2.441">
		<error message="'i just sent a message to jeff hodge asking how we can handle this ' != 'i just sent a message to #per #per  asking how we can handle this '
- i just sent a message to jeff hodge asking how we can handle this 
?                          ^ ^^^^^^^
+ i just sent a message to #per #per  asking how we can handle this 
?                          ^^ ^^^^ ++
" type="AssertionError">
<![CDATA[Traceback (most recent call last):
  File "C:/Users/CHRIS/PycharmProjects/Requests/Requests.py", line 161, in test_csPersonTest_11
    self.assertEqual(Actuval, expected)
AssertionError: 'i just sent a message to jeff hodge asking how we can handle this ' != 'i just sent a message to #per #per  asking how we can handle this '
- i just sent a message to jeff hodge asking how we can handle this 
?                          ^ ^^^^^^^
+ i just sent a message to #per #per  asking how we can handle this 
?                          ^^ ^^^^ ++

]]>		</error>
	</testcase>
	<testcase classname="InequalityTest" name="test_csPersonTest_12" time="2.313">
		<error message="'my name is joe hirl what is yours ' != 'my name is #per#per what is yours '
- my name is joe hirl what is yours 
?            ^^ --- ^
+ my name is #per#per what is yours 
?            ^^  ^^^^
" type="AssertionError">
<![CDATA[Traceback (most recent call last):
  File "C:/Users/CHRIS/PycharmProjects/Requests/Requests.py", line 167, in test_csPersonTest_12
    self.assertEqual(Actuval, expected)
AssertionError: 'my name is joe hirl what is yours ' != 'my name is #per#per what is yours '
- my name is joe hirl what is yours 
?            ^^ --- ^
+ my name is #per#per what is yours 
?            ^^  ^^^^

]]>		</error>
	</testcase>
	<testcase classname="InequalityTest" name="test_csPersonTest_2" time="1.452">
		<error message="' albert einstein called this deceptively s[109 chars]nce ' != ' #per   #per     called this deceptively s[109 chars]nce '
-  albert einstein called this deceptively simple formula the greatest  mathematical discovery of all time  we call it your ticket to financial independence 
?  ^^^  ^^ ^^^^^^^
+  #per   #per     called this deceptively simple formula the greatest  mathematical discovery of all time  we call it your ticket to financial independence 
?  ^^  ^^^^^ ^^^^^
" type="AssertionError">
<![CDATA[Traceback (most recent call last):
  File "C:/Users/CHRIS/PycharmProjects/Requests/Requests.py", line 106, in test_csPersonTest_2
    self.assertEqual(Actuval, expected)
AssertionError: ' albert einstein called this deceptively s[109 chars]nce ' != ' #per   #per     called this deceptively s[109 chars]nce '
-  albert einstein called this deceptively simple formula the greatest  mathematical discovery of all time  we call it your ticket to financial independence 
?  ^^^  ^^ ^^^^^^^
+  #per   #per     called this deceptively simple formula the greatest  mathematical discovery of all time  we call it your ticket to financial independence 
?  ^^  ^^^^^ ^^^^^

]]>		</error>
	</testcase>
	<testcase classname="InequalityTest" name="test_csPersonTest_3" time="1.764">
		<error message="'the [45 chars]ders david and albert gardner posted on the  i[88 chars]ts  ' != 'the [45 chars]ders #per  and #per   #per    posted on the  i[88 chars]ts  '
- the first pioneering messages motley fool co-founders david and albert gardner posted on the  internet frontier in 1993  more than 17 million posts have been written by the window seats  
?                                                       ^^^^^     ^^^  ^^^^^^^
+ the first pioneering messages motley fool co-founders #per  and #per   #per    posted on the  internet frontier in 1993  more than 17 million posts have been written by the window seats  
?                                                       ^^^^^     ^^  ^^^^^  +++
" type="AssertionError">
<![CDATA[Traceback (most recent call last):
  File "C:/Users/CHRIS/PycharmProjects/Requests/Requests.py", line 112, in test_csPersonTest_3
    self.assertEqual(Actuval, expected)
AssertionError: 'the [45 chars]ders david and albert gardner posted on the  i[88 chars]ts  ' != 'the [45 chars]ders #per  and #per   #per    posted on the  i[88 chars]ts  '
- the first pioneering messages motley fool co-founders david and albert gardner posted on the  internet frontier in 1993  more than 17 million posts have been written by the window seats  
?                                                       ^^^^^     ^^^  ^^^^^^^
+ the first pioneering messages motley fool co-founders #per  and #per   #per    posted on the  internet frontier in 1993  more than 17 million posts have been written by the window seats  
?                                                       ^^^^^     ^^  ^^^^^  +++

]]>		</error>
	</testcase>
	<testcase classname="InequalityTest" name="test_csPersonTest_4" time="1.144">
		<error message="&quot;enco[102 chars]ent  analyst laura champine upgraded her rating on the stock  &quot; != &quot;enco[102 chars]ent  analyst #per  #per     upgraded her rating on the stock  &quot;
- encouraged by the retailer's long-term outlook on gross margins after touring a store with  senior management  analyst laura champine upgraded her rating on the stock  
?                                                                                                                        ^^^ ^^^^^^ --
+ encouraged by the retailer's long-term outlook on gross margins after touring a store with  senior management  analyst #per  #per     upgraded her rating on the stock  
?                                                                                                                        ^^^ ^^^  +++++
" type="AssertionError">
<![CDATA[Traceback (most recent call last):
  File "C:/Users/CHRIS/PycharmProjects/Requests/Requests.py", line 118, in test_csPersonTest_4
    self.assertEqual(Actuval, expected)
AssertionError: "enco[102 chars]ent  analyst laura champine upgraded her rating on the stock  " != "enco[102 chars]ent  analyst #per  #per     upgraded her rating on the stock  "
- encouraged by the retailer's long-term outlook on gross margins after touring a store with  senior management  analyst laura champine upgraded her rating on the stock  
?                                                                                                                        ^^^ ^^^^^^ --
+ encouraged by the retailer's long-term outlook on gross margins after touring a store with  senior management  analyst #per  #per     upgraded her rating on the stock  
?                                                                                                                        ^^^ ^^^  +++++

]]>		</error>
	</testcase>
	<testcase classname="InequalityTest" name="test_csPersonTest_5" time="0.839">
		<error message="' sean williams a fool since 2010  and a gr[115 chars]ics ' != ' #per #per     a fool since 2010  and a gr[115 chars]ics '
-  sean williams a fool since 2010  and a graduate from ucsd with a b.a. in economics  sean specializes in the healthcare sector and in investment planning topics 
?  ^  ------------                                                                     ^ ^^
+  #per #per     a fool since 2010  and a graduate from ucsd with a b.a. in economics  #per specializes in the healthcare sector and in investment planning topics 
?  ^^ +++++++++++                                                                      ^^ ^
" type="AssertionError">
<![CDATA[Traceback (most recent call last):
  File "C:/Users/CHRIS/PycharmProjects/Requests/Requests.py", line 124, in test_csPersonTest_5
    self.assertEqual(Actuval, expected)
AssertionError: ' sean williams a fool since 2010  and a gr[115 chars]ics ' != ' #per #per     a fool since 2010  and a gr[115 chars]ics '
-  sean williams a fool since 2010  and a graduate from ucsd with a b.a. in economics  sean specializes in the healthcare sector and in investment planning topics 
?  ^  ------------                                                                     ^ ^^
+  #per #per     a fool since 2010  and a graduate from ucsd with a b.a. in economics  #per specializes in the healthcare sector and in investment planning topics 
?  ^^ +++++++++++                                                                      ^^ ^

]]>		</error>
	</testcase>
	<testcase classname="InequalityTest" name="test_csPersonTest_6" time="1.392">
		<error message="' george can use the existing equipment in the space next to me ' != ' #per   can use the existing equipment in the space next to me '
-  george can use the existing equipment in the space next to me 
?  ^ - ^^
+  #per   can use the existing equipment in the space next to me 
?  ^^  ^^
" type="AssertionError">
<![CDATA[Traceback (most recent call last):
  File "C:/Users/CHRIS/PycharmProjects/Requests/Requests.py", line 131, in test_csPersonTest_6
    self.assertEqual(Actuval, expected)
AssertionError: ' george can use the existing equipment in the space next to me ' != ' #per   can use the existing equipment in the space next to me '
-  george can use the existing equipment in the space next to me 
?  ^ - ^^
+  #per   can use the existing equipment in the space next to me 
?  ^^  ^^

]]>		</error>
	</testcase>
	<testcase classname="InequalityTest" name="test_csPersonTest_7" time="0.805">
		<error message="' tonya wants everything done now ' != ' #per  wants everything done now '
-  tonya wants everything done now 
?  ^^^^^
+  #per  wants everything done now 
?  ^^^^^
" type="AssertionError">
<![CDATA[Traceback (most recent call last):
  File "C:/Users/CHRIS/PycharmProjects/Requests/Requests.py", line 137, in test_csPersonTest_7
    self.assertEqual(Actuval, expected)
AssertionError: ' tonya wants everything done now ' != ' #per  wants everything done now '
-  tonya wants everything done now 
?  ^^^^^
+  #per  wants everything done now 
?  ^^^^^

]]>		</error>
	</testcase>
	<testcase classname="InequalityTest" name="test_csPersonTest_8" time="0.825">
		<error message="'jake was coming into the room  watching a[36 chars]der ' != '#per was coming into the room  watching a[36 chars]der '
- jake was coming into the room  watching and climbing up and down the step ladder 
? ^^^
+ #per was coming into the room  watching and climbing up and down the step ladder 
? ^^ +
" type="AssertionError">
<![CDATA[Traceback (most recent call last):
  File "C:/Users/CHRIS/PycharmProjects/Requests/Requests.py", line 143, in test_csPersonTest_8
    self.assertEqual(Actuval, expected)
AssertionError: 'jake was coming into the room  watching a[36 chars]der ' != '#per was coming into the room  watching a[36 chars]der '
- jake was coming into the room  watching and climbing up and down the step ladder 
? ^^^
+ #per was coming into the room  watching and climbing up and down the step ladder 
? ^^ +

]]>		</error>
	</testcase>
	<testcase classname="InequalityTest" name="test_csPersonTest_9" time="0.917">
		<error message="'i asked dave baumbach about it and he agreed with me ' != 'i asked #per #per     about it and he agreed with me '
- i asked dave baumbach about it and he agreed with me 
?         ^^^ ^^^^^^^^^
+ i asked #per #per     about it and he agreed with me 
?         ^^ ^^^^^^^^^^
" type="AssertionError">
<![CDATA[Traceback (most recent call last):
  File "C:/Users/CHRIS/PycharmProjects/Requests/Requests.py", line 149, in test_csPersonTest_9
    self.assertEqual(Actuval, expected)
AssertionError: 'i asked dave baumbach about it and he agreed with me ' != 'i asked #per #per     about it and he agreed with me '
- i asked dave baumbach about it and he agreed with me 
?         ^^^ ^^^^^^^^^
+ i asked #per #per     about it and he agreed with me 
?         ^^ ^^^^^^^^^^

]]>		</error>
	</testcase>
	<testcase classname="InequalityTest" name="test_fPersonTest_1" time="0.920">
		<error message="'10 years experience stephen is at eott energy' != '10 years experience #per    is at eott energy'
- 10 years experience stephen is at eott energy
?                     ^^ ^^^^
+ 10 years experience #per    is at eott energy
?                     ^^ ^^^^
" type="AssertionError">
<![CDATA[Traceback (most recent call last):
  File "C:/Users/CHRIS/PycharmProjects/Requests/Requests.py", line 207, in test_fPersonTest_1
    self.assertEqual(Actuval, expected)
AssertionError: '10 years experience stephen is at eott energy' != '10 years experience #per    is at eott energy'
- 10 years experience stephen is at eott energy
?                     ^^ ^^^^
+ 10 years experience #per    is at eott energy
?                     ^^ ^^^^

]]>		</error>
	</testcase>
	<testcase classname="InequalityTest" name="test_fPersonTest_2" time="0.981">
		<error message="'please review the  resume of gloria davis' != 'please review the  resume of #per   #per '
- please review the  resume of gloria davis
+ please review the  resume of #per   #per 
" type="AssertionError">
<![CDATA[Traceback (most recent call last):
  File "C:/Users/CHRIS/PycharmProjects/Requests/Requests.py", line 213, in test_fPersonTest_2
    self.assertEqual(Actuval, expected)
AssertionError: 'please review the  resume of gloria davis' != 'please review the  resume of #per   #per '
- please review the  resume of gloria davis
+ please review the  resume of #per   #per 

]]>		</error>
	</testcase>
	<testcase classname="InequalityTest" name="test_fPersonTest_3" time="0.986">
		<error message="'karen allocates the actual 10,000 it is prorating 5,000 for each day' != '#per  allocates the actual 10,000 it is prorating 5,000 for each day'
- karen allocates the actual 10,000 it is prorating 5,000 for each day
? ^^ ^^
+ #per  allocates the actual 10,000 it is prorating 5,000 for each day
? ^^^ ^
" type="AssertionError">
<![CDATA[Traceback (most recent call last):
  File "C:/Users/CHRIS/PycharmProjects/Requests/Requests.py", line 219, in test_fPersonTest_3
    self.assertEqual(Actuval, expected)
AssertionError: 'karen allocates the actual 10,000 it is prorating 5,000 for each day' != '#per  allocates the actual 10,000 it is prorating 5,000 for each day'
- karen allocates the actual 10,000 it is prorating 5,000 for each day
? ^^ ^^
+ #per  allocates the actual 10,000 it is prorating 5,000 for each day
? ^^^ ^

]]>		</error>
	</testcase>
	<testcase classname="InequalityTest" name="test_fPersonTest_4" time="1.075">
		<error message="'assisted in developing scheduling processes at the katy hub' != 'assisted in developing scheduling processes at the #per hub'
- assisted in developing scheduling processes at the katy hub
?                                                    ^^^^
+ assisted in developing scheduling processes at the #per hub
?                                                    ^^^^
" type="AssertionError">
<![CDATA[Traceback (most recent call last):
  File "C:/Users/CHRIS/PycharmProjects/Requests/Requests.py", line 225, in test_fPersonTest_4
    self.assertEqual(Actuval, expected)
AssertionError: 'assisted in developing scheduling processes at the katy hub' != 'assisted in developing scheduling processes at the #per hub'
- assisted in developing scheduling processes at the katy hub
?                                                    ^^^^
+ assisted in developing scheduling processes at the #per hub
?                                                    ^^^^

]]>		</error>
	</testcase>
	<testcase classname="InequalityTest" name="test_fPersonTest_5" time="1.096">
		<error message="'former us senator fred thompson dies' != 'former us senator #per #per     dies'
- former us senator fred thompson dies
+ former us senator #per #per     dies
" type="AssertionError">
<![CDATA[Traceback (most recent call last):
  File "C:/Users/CHRIS/PycharmProjects/Requests/Requests.py", line 232, in test_fPersonTest_5
    self.assertEqual(Actuval, expected)
AssertionError: 'former us senator fred thompson dies' != 'former us senator #per #per     dies'
- former us senator fred thompson dies
+ former us senator #per #per     dies

]]>		</error>
	</testcase>
	<testcase classname="InequalityTest" name="test_fPersonTest_6" time="1.160">
		<error message="'nico rosberg bounces back from usa with mexico gp win' != '#per #per    bounces back from usa with mexico gp win'
- nico rosberg bounces back from usa with mexico gp win
? ^^^^^^^^^  ^
+ #per #per    bounces back from usa with mexico gp win
? ^^  ^^^^^^^^
" type="AssertionError">
<![CDATA[Traceback (most recent call last):
  File "C:/Users/CHRIS/PycharmProjects/Requests/Requests.py", line 238, in test_fPersonTest_6
    self.assertEqual(Actuval, expected)
AssertionError: 'nico rosberg bounces back from usa with mexico gp win' != '#per #per    bounces back from usa with mexico gp win'
- nico rosberg bounces back from usa with mexico gp win
? ^^^^^^^^^  ^
+ #per #per    bounces back from usa with mexico gp win
? ^^  ^^^^^^^^

]]>		</error>
	</testcase>
	<testcase classname="InequalityTest" name="test_fPersonTest_7" time="1.316">
		<error message="'dez bryant erupts on reporters after cowboys loss' != '#per#per   erupts on reporters after cowboys loss'
- dez bryant erupts on reporters after cowboys loss
? ^ --- ^^^^
+ #per#per   erupts on reporters after cowboys loss
? ^^  ^^^^^^
" type="AssertionError">
<![CDATA[Traceback (most recent call last):
  File "C:/Users/CHRIS/PycharmProjects/Requests/Requests.py", line 244, in test_fPersonTest_7
    self.assertEqual(Actuval, expected)
AssertionError: 'dez bryant erupts on reporters after cowboys loss' != '#per#per   erupts on reporters after cowboys loss'
- dez bryant erupts on reporters after cowboys loss
? ^ --- ^^^^
+ #per#per   erupts on reporters after cowboys loss
? ^^  ^^^^^^

]]>		</error>
	</testcase>
	<testcase classname="InequalityTest" name="test_fPersonTest_8" time="2.305">
		<error message="'usa midfielder jermaine jones reveals offers from europe and brazil' != 'usa midfielder #per     #per  reveals offers from europe and brazil'
- usa midfielder jermaine jones reveals offers from europe and brazil
?                ^  ^^^^ ^^^^^^
+ usa midfielder #per     #per  reveals offers from europe and brazil
?                ^^  ^^^^^^^ ^^
" type="AssertionError">
<![CDATA[Traceback (most recent call last):
  File "C:/Users/CHRIS/PycharmProjects/Requests/Requests.py", line 250, in test_fPersonTest_8
    self.assertEqual(Actuval, expected)
AssertionError: 'usa midfielder jermaine jones reveals offers from europe and brazil' != 'usa midfielder #per     #per  reveals offers from europe and brazil'
- usa midfielder jermaine jones reveals offers from europe and brazil
?                ^  ^^^^ ^^^^^^
+ usa midfielder #per     #per  reveals offers from europe and brazil
?                ^^  ^^^^^^^ ^^

]]>		</error>
	</testcase>
	<testcase classname="InequalityTest" name="test_iPersonTest_1" time="1.520">
		<error message="'alan engberg' != '#per #per   '
- alan engberg
+ #per #per   
" type="AssertionError">
<![CDATA[Traceback (most recent call last):
  File "C:/Users/CHRIS/PycharmProjects/Requests/Requests.py", line 27, in test_iPersonTest_1
    self.assertEqual(Actuval, expected)
AssertionError: 'alan engberg' != '#per #per   '
- alan engberg
+ #per #per   

]]>		</error>
	</testcase>
	<testcase classname="InequalityTest" name="test_iPersonTest_10" time="1.627">
		<error message="'mrs. joe z. hirl' != '#per #per   #per'
- mrs. joe z. hirl
+ #per #per   #per
" type="AssertionError">
<![CDATA[Traceback (most recent call last):
  File "C:/Users/CHRIS/PycharmProjects/Requests/Requests.py", line 81, in test_iPersonTest_10
    self.assertEqual(Actuval, expected)
AssertionError: 'mrs. joe z. hirl' != '#per #per   #per'
- mrs. joe z. hirl
+ #per #per   #per

]]>		</error>
	</testcase>
	<testcase classname="InequalityTest" name="test_iPersonTest_11" time="1.646">
		<error message="'gerry cashiola' != '#per  #per    '
- gerry cashiola
+ #per  #per    
" type="AssertionError">
<![CDATA[Traceback (most recent call last):
  File "C:/Users/CHRIS/PycharmProjects/Requests/Requests.py", line 87, in test_iPersonTest_11
    self.assertEqual(Actuval, expected)
AssertionError: 'gerry cashiola' != '#per  #per    '
- gerry cashiola
+ #per  #per    

]]>		</error>
	</testcase>
	<testcase classname="InequalityTest" name="test_iPersonTest_12" time="1.832">
		<error message="'robert a. davis' != '#per   #pe#per '
- robert a. davis
+ #per   #pe#per 
" type="AssertionError">
<![CDATA[Traceback (most recent call last):
  File "C:/Users/CHRIS/PycharmProjects/Requests/Requests.py", line 93, in test_iPersonTest_12
    self.assertEqual(Actuval, expected)
AssertionError: 'robert a. davis' != '#per   #pe#per '
- robert a. davis
+ #per   #pe#per 

]]>		</error>
	</testcase>
	<testcase classname="InequalityTest" name="test_iPersonTest_2" time="1.812">
		<error message="'miss thomas' != '#per #per  '
- miss thomas
+ #per #per  
" type="AssertionError">
<![CDATA[Traceback (most recent call last):
  File "C:/Users/CHRIS/PycharmProjects/Requests/Requests.py", line 33, in test_iPersonTest_2
    self.assertEqual(Actuval, expected)
AssertionError: 'miss thomas' != '#per #per  '
- miss thomas
+ #per #per  

]]>		</error>
	</testcase>
	<testcase classname="InequalityTest" name="test_iPersonTest_3" time="1.896">
		<error message="'ms. julia h. smith' != '#per#per     #per '
- ms. julia h. smith
+ #per#per     #per 
" type="AssertionError">
<![CDATA[Traceback (most recent call last):
  File "C:/Users/CHRIS/PycharmProjects/Requests/Requests.py", line 39, in test_iPersonTest_3
    self.assertEqual(Actuval, expected)
AssertionError: 'ms. julia h. smith' != '#per#per     #per '
- ms. julia h. smith
+ #per#per     #per 

]]>		</error>
	</testcase>
	<testcase classname="InequalityTest" name="test_iPersonTest_4" time="2.334">
		<error message="'mr. john davis' != 'mr. #per #per '
- mr. john davis
+ mr. #per #per 
" type="AssertionError">
<![CDATA[Traceback (most recent call last):
  File "C:/Users/CHRIS/PycharmProjects/Requests/Requests.py", line 45, in test_iPersonTest_4
    self.assertEqual(Actuval, expected)
AssertionError: 'mr. john davis' != 'mr. #per #per '
- mr. john davis
+ mr. #per #per 

]]>		</error>
	</testcase>
	<testcase classname="InequalityTest" name="test_iPersonTest_5" time="2.182">
		<error message="'mr. buckner' != '#per#per   '
- mr. buckner
+ #per#per   
" type="AssertionError">
<![CDATA[Traceback (most recent call last):
  File "C:/Users/CHRIS/PycharmProjects/Requests/Requests.py", line 51, in test_iPersonTest_5
    self.assertEqual(Actuval, expected)
AssertionError: 'mr. buckner' != '#per#per   '
- mr. buckner
+ #per#per   

]]>		</error>
	</testcase>
	<testcase classname="InequalityTest" name="test_iPersonTest_6" time="1.289">
		<error message="'albert einstein' != '#per   #per    '
- albert einstein
+ #per   #per    
" type="AssertionError">
<![CDATA[Traceback (most recent call last):
  File "C:/Users/CHRIS/PycharmProjects/Requests/Requests.py", line 57, in test_iPersonTest_6
    self.assertEqual(Actuval, expected)
AssertionError: 'albert einstein' != '#per   #per    '
- albert einstein
+ #per   #per    

]]>		</error>
	</testcase>
	<testcase classname="InequalityTest" name="test_iPersonTest_7" time="1.510">
		<error message="'joe hirl' != '#per#per'
- joe hirl
+ #per#per
" type="AssertionError">
<![CDATA[Traceback (most recent call last):
  File "C:/Users/CHRIS/PycharmProjects/Requests/Requests.py", line 63, in test_iPersonTest_7
    self.assertEqual(Actuval, expected)
AssertionError: 'joe hirl' != '#per#per'
- joe hirl
+ #per#per

]]>		</error>
	</testcase>
	<testcase classname="InequalityTest" name="test_iPersonTest_8" time="1.430">
		<error message="'mr. joe hirl' != '#per#per#per'
- mr. joe hirl
+ #per#per#per
" type="AssertionError">
<![CDATA[Traceback (most recent call last):
  File "C:/Users/CHRIS/PycharmProjects/Requests/Requests.py", line 69, in test_iPersonTest_8
    self.assertEqual(Actuval, expected)
AssertionError: 'mr. joe hirl' != '#per#per#per'
- mr. joe hirl
+ #per#per#per

]]>		</error>
	</testcase>
	<testcase classname="InequalityTest" name="test_iPersonTest_9" time="1.458">
		<error message="' joe a. hirl' != ' #per   #per'
-  joe a. hirl
+  #per   #per
" type="AssertionError">
<![CDATA[Traceback (most recent call last):
  File "C:/Users/CHRIS/PycharmProjects/Requests/Requests.py", line 75, in test_iPersonTest_9
    self.assertEqual(Actuval, expected)
AssertionError: ' joe a. hirl' != ' #per   #per'
-  joe a. hirl
+  #per   #per

]]>		</error>
	</testcase>
	<testcase classname="InequalityTest" name="test_mcName_1" time="1.489">
		<error message="'ceo  jack sweeney  says  so were the guys behi[64 chars]rks ' != 'ceo  #per #per     says  so were the guys behi[64 chars]rks '
- ceo  jack sweeney  says  so were the guys behind the scenes who are making sure that digital infrastructure works 
?      ^^^^^^^  ^^^
+ ceo  #per #per     says  so were the guys behind the scenes who are making sure that digital infrastructure works 
?      ^^ ++++ ^^^^
" type="AssertionError">
<![CDATA[Traceback (most recent call last):
  File "C:/Users/CHRIS/PycharmProjects/Requests/Requests.py", line 258, in test_mcName_1
    self.assertEqual(Actuval, expected)
AssertionError: 'ceo  jack sweeney  says  so were the guys behi[64 chars]rks ' != 'ceo  #per #per     says  so were the guys behi[64 chars]rks '
- ceo  jack sweeney  says  so were the guys behind the scenes who are making sure that digital infrastructure works 
?      ^^^^^^^  ^^^
+ ceo  #per #per     says  so were the guys behind the scenes who are making sure that digital infrastructure works 
?      ^^ ++++ ^^^^

]]>		</error>
	</testcase>
	<testcase classname="InequalityTest" name="test_mcName_2" time="1.590">
		<error message="'new house speaker  paul ryan  figures his honeymoon is already over ' != 'new house speaker  #per #per  figures his honeymoon is already over '
- new house speaker  paul ryan  figures his honeymoon is already over 
?                     ^^^^ ^^^
+ new house speaker  #per #per  figures his honeymoon is already over 
?                    + ^ ^^^^^
" type="AssertionError">
<![CDATA[Traceback (most recent call last):
  File "C:/Users/CHRIS/PycharmProjects/Requests/Requests.py", line 264, in test_mcName_2
    self.assertEqual(Actuval, expected)
AssertionError: 'new house speaker  paul ryan  figures his honeymoon is already over ' != 'new house speaker  #per #per  figures his honeymoon is already over '
- new house speaker  paul ryan  figures his honeymoon is already over 
?                     ^^^^ ^^^
+ new house speaker  #per #per  figures his honeymoon is already over 
?                    + ^ ^^^^^

]]>		</error>
	</testcase>
	<testcase classname="InequalityTest" name="test_pPersonTest_1" time="1.952">
		<error message="'is this adjusted by the dollar amount that we need to recoup from williams ' != 'is this adjusted by the dollar amount that we need to recoup from #per     '
- is this adjusted by the dollar amount that we need to recoup from williams 
?                                                                   ^^^^^^^^
+ is this adjusted by the dollar amount that we need to recoup from #per     
?                                                                   ^^^^^^^^
" type="AssertionError">
<![CDATA[Traceback (most recent call last):
  File "C:/Users/CHRIS/PycharmProjects/Requests/Requests.py", line 175, in test_pPersonTest_1
    self.assertEqual(Actuval, expected)
AssertionError: 'is this adjusted by the dollar amount that we need to recoup from williams ' != 'is this adjusted by the dollar amount that we need to recoup from #per     '
- is this adjusted by the dollar amount that we need to recoup from williams 
?                                                                   ^^^^^^^^
+ is this adjusted by the dollar amount that we need to recoup from #per     
?                                                                   ^^^^^^^^

]]>		</error>
	</testcase>
	<testcase classname="InequalityTest" name="test_pPersonTest_2" time="1.357">
		<error message="'you need to talk to gary lamphier and lee papayoti.' != 'you need to talk to #per #per     and #per#per     '
- you need to talk to gary lamphier and lee papayoti.
+ you need to talk to #per #per     and #per#per     
" type="AssertionError">
<![CDATA[Traceback (most recent call last):
  File "C:/Users/CHRIS/PycharmProjects/Requests/Requests.py", line 181, in test_pPersonTest_2
    self.assertEqual(Actuval, expected)
AssertionError: 'you need to talk to gary lamphier and lee papayoti.' != 'you need to talk to #per #per     and #per#per     '
- you need to talk to gary lamphier and lee papayoti.
+ you need to talk to #per #per     and #per#per     

]]>		</error>
	</testcase>
	<testcase classname="InequalityTest" name="test_pPersonTest_3" time="1.598">
		<error message="'gregg popovich  stayed mum on what type o[57 chars]taff' != '#per  #per      stayed mum on what type o[57 chars]taff'
- gregg popovich  stayed mum on what type of process he will use to fill out his team usa coaching staff
? ^  ^^^^^^^^^^^
+ #per  #per      stayed mum on what type of process he will use to fill out his team usa coaching staff
? ^^^ ++++ ^^^^^
" type="AssertionError">
<![CDATA[Traceback (most recent call last):
  File "C:/Users/CHRIS/PycharmProjects/Requests/Requests.py", line 187, in test_pPersonTest_3
    self.assertEqual(Actuval, expected)
AssertionError: 'gregg popovich  stayed mum on what type o[57 chars]taff' != '#per  #per      stayed mum on what type o[57 chars]taff'
- gregg popovich  stayed mum on what type of process he will use to fill out his team usa coaching staff
? ^  ^^^^^^^^^^^
+ #per  #per      stayed mum on what type of process he will use to fill out his team usa coaching staff
? ^^^ ++++ ^^^^^

]]>		</error>
	</testcase>
	<testcase classname="InequalityTest" name="test_pPersonTest_4" time="1.811">
		<error message="'sepp blatter  attacks on me and fifa motivated by american companies ' != '#per #per     attacks on me and fifa motivated by american companies '
- sepp blatter  attacks on me and fifa motivated by american companies 
? ^^ -------
+ #per #per     attacks on me and fifa motivated by american companies 
? ^   ++++++++
" type="AssertionError">
<![CDATA[Traceback (most recent call last):
  File "C:/Users/CHRIS/PycharmProjects/Requests/Requests.py", line 193, in test_pPersonTest_4
    self.assertEqual(Actuval, expected)
AssertionError: 'sepp blatter  attacks on me and fifa motivated by american companies ' != '#per #per     attacks on me and fifa motivated by american companies '
- sepp blatter  attacks on me and fifa motivated by american companies 
? ^^ -------
+ #per #per     attacks on me and fifa motivated by american companies 
? ^   ++++++++

]]>		</error>
	</testcase>
	<testcase classname="InequalityTest" name="test_pPersonTest_5" time="1.764">
		<error message="'raven-symone christina pearman is an american actress [81 chars]ost ' != 'raven-symone #per      #per    is an american actress [81 chars]ost '
- raven-symone christina pearman is an american actress  comedian  model  singer  songwriter  dancer  television producer and talk show host 
?              ^^   ^^^^^^^^^^  ------
+ raven-symone #per      #per    is an american actress  comedian  model  singer  songwriter  dancer  television producer and talk show host 
?              ^^^ ++++++++++++++  ^
" type="AssertionError">
<![CDATA[Traceback (most recent call last):
  File "C:/Users/CHRIS/PycharmProjects/Requests/Requests.py", line 199, in test_pPersonTest_5
    self.assertEqual(Actuval, expected)
AssertionError: 'raven-symone christina pearman is an american actress [81 chars]ost ' != 'raven-symone #per      #per    is an american actress [81 chars]ost '
- raven-symone christina pearman is an american actress  comedian  model  singer  songwriter  dancer  television producer and talk show host 
?              ^^   ^^^^^^^^^^  ------
+ raven-symone #per      #per    is an american actress  comedian  model  singer  songwriter  dancer  television producer and talk show host 
?              ^^^ ++++++++++++++  ^

]]>		</error>
	</testcase>
	<system-out>
<![CDATA[]]>	</system-out>
	<system-err>
<![CDATA[]]>	</system-err>
</testsuite>
