<?xml version="1.0" ?>
<testsuite errors="40" failures="0" name="InequalityTest-20160315142438" tests="43" time="24.740">
	<testcase classname="InequalityTest" name="test_fpEmailWithBracketsTagger_1" time="0.553"/>
	<testcase classname="InequalityTest" name="test_fpEmailWithBracketsTagger_2" time="0.602"/>
	<testcase classname="InequalityTest" name="test_fpEmailWithBracketsTagger_3" time="0.573"/>
	<testcase classname="InequalityTest" name="test_csEmailWithBracketsTagger_1" time="0.583">
		<error message="'stoc[49 chars]rmation can be directed via e-mail to &lt;ibm@computershare.com&gt; ' != 'stoc[49 chars]rmation can be directed via e-mail to #emlb                   '
- stockholder inquiries and requests for financial information can be directed via e-mail to &lt;ibm@computershare.com&gt; 
?                                                                                            ^^ ^^^^^^^^^^^^^^^^^^^^
+ stockholder inquiries and requests for financial information can be directed via e-mail to #emlb                   
?                                                                                            ^^^^ ^^^^^^^^^^^^^^^^^^
" type="AssertionError">
<![CDATA[Traceback (most recent call last):
  File "C:/Users/CHRIS/PycharmProjects/Requests/Requests.py", line 202, in test_csEmailWithBracketsTagger_1
    self.assertEqual(Actuval, expected)
AssertionError: 'stoc[49 chars]rmation can be directed via e-mail to <ibm@computershare.com> ' != 'stoc[49 chars]rmation can be directed via e-mail to #emlb                   '
- stockholder inquiries and requests for financial information can be directed via e-mail to <ibm@computershare.com> 
?                                                                                            ^^ ^^^^^^^^^^^^^^^^^^^^
+ stockholder inquiries and requests for financial information can be directed via e-mail to #emlb                   
?                                                                                            ^^^^ ^^^^^^^^^^^^^^^^^^

]]>		</error>
	</testcase>
	<testcase classname="InequalityTest" name="test_csEmailWithBracketsTagger_2" time="0.577">
		<error message="'you [29 chars]mail &lt;edservices_cma_america@emc.com&gt; joseph r[30 chars]any ' != 'you [29 chars]mail #emlb                            joseph r[30 chars]any '
- you can contact the company via email &lt;edservices_cma_america@emc.com&gt; joseph roselle partner   s to the company 
+ you can contact the company via email #emlb                            joseph roselle partner   s to the company 
" type="AssertionError">
<![CDATA[Traceback (most recent call last):
  File "C:/Users/CHRIS/PycharmProjects/Requests/Requests.py", line 208, in test_csEmailWithBracketsTagger_2
    self.assertEqual(Actuval, expected)
AssertionError: 'you [29 chars]mail <edservices_cma_america@emc.com> joseph r[30 chars]any ' != 'you [29 chars]mail #emlb                            joseph r[30 chars]any '
- you can contact the company via email <edservices_cma_america@emc.com> joseph roselle partner   s to the company 
+ you can contact the company via email #emlb                            joseph roselle partner   s to the company 

]]>		</error>
	</testcase>
	<testcase classname="InequalityTest" name="test_csEmailWithBracketsTagger_3" time="0.563">
		<error message="'this e-mail address &lt;sgnoffice@jupiterpacific.com.vn&gt; is being protected ' != 'this e-mail address #emlb                             is being protected '
- this e-mail address &lt;sgnoffice@jupiterpacific.com.vn&gt; is being protected 
+ this e-mail address #emlb                             is being protected 
" type="AssertionError">
<![CDATA[Traceback (most recent call last):
  File "C:/Users/CHRIS/PycharmProjects/Requests/Requests.py", line 214, in test_csEmailWithBracketsTagger_3
    self.assertEqual(Actuval, expected)
AssertionError: 'this e-mail address <sgnoffice@jupiterpacific.com.vn> is being protected ' != 'this e-mail address #emlb                             is being protected '
- this e-mail address <sgnoffice@jupiterpacific.com.vn> is being protected 
+ this e-mail address #emlb                             is being protected 

]]>		</error>
	</testcase>
	<testcase classname="InequalityTest" name="test_csEmailWithBracketsTagger_4" time="0.608">
		<error message="'if y[26 chars]excel sheet mail me at &lt;onlyfinance4u@gmail.com&gt; this address ' != 'if y[26 chars]excel sheet mail me at #emlb                     this address '
- if you need the graph and the excel sheet mail me at &lt;onlyfinance4u@gmail.com&gt; this address 
+ if you need the graph and the excel sheet mail me at #emlb                     this address 
" type="AssertionError">
<![CDATA[Traceback (most recent call last):
  File "C:/Users/CHRIS/PycharmProjects/Requests/Requests.py", line 220, in test_csEmailWithBracketsTagger_4
    self.assertEqual(Actuval, expected)
AssertionError: 'if y[26 chars]excel sheet mail me at <onlyfinance4u@gmail.com> this address ' != 'if y[26 chars]excel sheet mail me at #emlb                     this address '
- if you need the graph and the excel sheet mail me at <onlyfinance4u@gmail.com> this address 
+ if you need the graph and the excel sheet mail me at #emlb                     this address 

]]>		</error>
	</testcase>
	<testcase classname="InequalityTest" name="test_csEmailWithBracketsTagger_5" time="0.628">
		<error message="'disc[27 chars]ress &lt;sinouk@laopdr.com&gt; which domains  hostna[22 chars]ted ' != 'disc[27 chars]ress #emlb               which domains  hostna[22 chars]ted '
- discover who owns the email address &lt;sinouk@laopdr.com&gt; which domains  hostnames and names are related 
?                                     ^^^^^^^^ ^^^^^^^^^^
+ discover who owns the email address #emlb               which domains  hostnames and names are related 
?                                     ^^^ ^^^^^^^^^^^^^^^
" type="AssertionError">
<![CDATA[Traceback (most recent call last):
  File "C:/Users/CHRIS/PycharmProjects/Requests/Requests.py", line 226, in test_csEmailWithBracketsTagger_5
    self.assertEqual(Actuval, expected)
AssertionError: 'disc[27 chars]ress <sinouk@laopdr.com> which domains  hostna[22 chars]ted ' != 'disc[27 chars]ress #emlb               which domains  hostna[22 chars]ted '
- discover who owns the email address <sinouk@laopdr.com> which domains  hostnames and names are related 
?                                     ^^^^^^^^ ^^^^^^^^^^
+ discover who owns the email address #emlb               which domains  hostnames and names are related 
?                                     ^^^ ^^^^^^^^^^^^^^^

]]>		</error>
	</testcase>
	<testcase classname="InequalityTest" name="test_fEmailWithBracketsTest_1" time="0.579">
		<error message="' from  pergher  #n      &lt;gunther.pergher@dowjones.com&gt; ' != ' from  pergher  gunther #emlb                          '
-  from  pergher  #n      &lt;gunther.pergher@dowjones.com&gt; 
+  from  pergher  gunther #emlb                          
" type="AssertionError">
<![CDATA[Traceback (most recent call last):
  File "C:/Users/CHRIS/PycharmProjects/Requests/Requests.py", line 110, in test_fEmailWithBracketsTest_1
    self.assertEqual(Actuval, expected)
AssertionError: ' from  pergher  #n      <gunther.pergher@dowjones.com> ' != ' from  pergher  gunther #emlb                          '
-  from  pergher  #n      <gunther.pergher@dowjones.com> 
+  from  pergher  gunther #emlb                          

]]>		</error>
	</testcase>
	<testcase classname="InequalityTest" name="test_fEmailWithBracketsTest_2" time="0.577">
		<error message="' to  john arnold &lt;john.arnold@enron.com&gt; ' != ' to  john arnold #emlb                   '
-  to  john arnold &lt;john.arnold@enron.com&gt; 
+  to  john arnold #emlb                   
" type="AssertionError">
<![CDATA[Traceback (most recent call last):
  File "C:/Users/CHRIS/PycharmProjects/Requests/Requests.py", line 116, in test_fEmailWithBracketsTest_2
    self.assertEqual(Actuval, expected)
AssertionError: ' to  john arnold <john.arnold@enron.com> ' != ' to  john arnold #emlb                   '
-  to  john arnold <john.arnold@enron.com> 
+  to  john arnold #emlb                   

]]>		</error>
	</testcase>
	<testcase classname="InequalityTest" name="test_fEmailWithBracketsTest_3" time="0.554">
		<error message="' invalid recipient  &lt;lwbthmarine@alltel.net&gt; giving up ' != ' invalid recipient  #emlb                    giving up '
-  invalid recipient  &lt;lwbthmarine@alltel.net&gt; giving up 
+  invalid recipient  #emlb                    giving up 
" type="AssertionError">
<![CDATA[Traceback (most recent call last):
  File "C:/Users/CHRIS/PycharmProjects/Requests/Requests.py", line 122, in test_fEmailWithBracketsTest_3
    self.assertEqual(Actuval, expected)
AssertionError: ' invalid recipient  <lwbthmarine@alltel.net> giving up ' != ' invalid recipient  #emlb                    giving up '
-  invalid recipient  <lwbthmarine@alltel.net> giving up 
+  invalid recipient  #emlb                    giving up 

]]>		</error>
	</testcase>
	<testcase classname="InequalityTest" name="test_fEmailWithBracketsTest_4" time="0.565">
		<error message="' to  &lt;danaggie@hotmail.com&gt; ' != ' to  #emlb                  '
-  to  &lt;danaggie@hotmail.com&gt; 
+  to  #emlb                  
" type="AssertionError">
<![CDATA[Traceback (most recent call last):
  File "C:/Users/CHRIS/PycharmProjects/Requests/Requests.py", line 128, in test_fEmailWithBracketsTest_4
    self.assertEqual(Actuval, expected)
AssertionError: ' to  <danaggie@hotmail.com> ' != ' to  #emlb                  '
-  to  <danaggie@hotmail.com> 
+  to  #emlb                  

]]>		</error>
	</testcase>
	<testcase classname="InequalityTest" name="test_fEmailWithBracketsTest_5" time="0.595">
		<error message="' message-id  &lt;f374yp8arf3sllny30k000000d2@hotmail.com&gt; ' != ' message-id  #emlb                                     '
-  message-id  &lt;f374yp8arf3sllny30k000000d2@hotmail.com&gt; 
+  message-id  #emlb                                     
" type="AssertionError">
<![CDATA[Traceback (most recent call last):
  File "C:/Users/CHRIS/PycharmProjects/Requests/Requests.py", line 134, in test_fEmailWithBracketsTest_5
    self.assertEqual(Actuval, expected)
AssertionError: ' message-id  <f374yp8arf3sllny30k000000d2@hotmail.com> ' != ' message-id  #emlb                                     '
-  message-id  <f374yp8arf3sllny30k000000d2@hotmail.com> 
+  message-id  #emlb                                     

]]>		</error>
	</testcase>
	<testcase classname="InequalityTest" name="test_fEmailWithBracketsTest_6" time="0.545">
		<error message="' message-id  &lt;97.86911e2.26a99052@aol.com&gt; ' != ' message-id  #emlb                         '
-  message-id  &lt;97.86911e2.26a99052@aol.com&gt; 
+  message-id  #emlb                         
" type="AssertionError">
<![CDATA[Traceback (most recent call last):
  File "C:/Users/CHRIS/PycharmProjects/Requests/Requests.py", line 140, in test_fEmailWithBracketsTest_6
    self.assertEqual(Actuval, expected)
AssertionError: ' message-id  <97.86911e2.26a99052@aol.com> ' != ' message-id  #emlb                         '
-  message-id  <97.86911e2.26a99052@aol.com> 
+  message-id  #emlb                         

]]>		</error>
	</testcase>
	<testcase classname="InequalityTest" name="test_fEmailWithBracketsTest_7" time="0.580">
		<error message="' kevin swantkowski &lt;kswantkowski@emerging.com&gt; ' != ' kevin swantkowski #emlb                       '
-  kevin swantkowski &lt;kswantkowski@emerging.com&gt; 
+  kevin swantkowski #emlb                       
" type="AssertionError">
<![CDATA[Traceback (most recent call last):
  File "C:/Users/CHRIS/PycharmProjects/Requests/Requests.py", line 146, in test_fEmailWithBracketsTest_7
    self.assertEqual(Actuval, expected)
AssertionError: ' kevin swantkowski <kswantkowski@emerging.com> ' != ' kevin swantkowski #emlb                       '
-  kevin swantkowski <kswantkowski@emerging.com> 
+  kevin swantkowski #emlb                       

]]>		</error>
	</testcase>
	<testcase classname="InequalityTest" name="test_fEmailWithBracketsTest_8" time="0.558">
		<error message="' message-id  &lt;10.ae8e707.27f61ceb@aol.com&gt; ' != ' message-id  #emlb                         '
-  message-id  &lt;10.ae8e707.27f61ceb@aol.com&gt; 
+  message-id  #emlb                         
" type="AssertionError">
<![CDATA[Traceback (most recent call last):
  File "C:/Users/CHRIS/PycharmProjects/Requests/Requests.py", line 152, in test_fEmailWithBracketsTest_8
    self.assertEqual(Actuval, expected)
AssertionError: ' message-id  <10.ae8e707.27f61ceb@aol.com> ' != ' message-id  #emlb                         '
-  message-id  <10.ae8e707.27f61ceb@aol.com> 
+  message-id  #emlb                         

]]>		</error>
	</testcase>
	<testcase classname="InequalityTest" name="test_fEmailWithBracketsTest_9" time="0.574">
		<error message="' &lt;wvestal@apqc.org&gt; christopher tambos ' != ' #emlb              christopher tambos '
-  &lt;wvestal@apqc.org&gt; christopher tambos 
+  #emlb              christopher tambos 
" type="AssertionError">
<![CDATA[Traceback (most recent call last):
  File "C:/Users/CHRIS/PycharmProjects/Requests/Requests.py", line 158, in test_fEmailWithBracketsTest_9
    self.assertEqual(Actuval, expected)
AssertionError: ' <wvestal@apqc.org> christopher tambos ' != ' #emlb              christopher tambos '
-  <wvestal@apqc.org> christopher tambos 
+  #emlb              christopher tambos 

]]>		</error>
	</testcase>
	<testcase classname="InequalityTest" name="test_iEmailWithBracketsTest_1" time="0.554">
		<error message="' &lt;shockwave.com@shockwave.m0.net&gt; ' != ' #emlb                            '
-  &lt;shockwave.com@shockwave.m0.net&gt; 
+  #emlb                            
" type="AssertionError">
<![CDATA[Traceback (most recent call last):
  File "C:/Users/CHRIS/PycharmProjects/Requests/Requests.py", line 27, in test_iEmailWithBracketsTest_1
    self.assertEqual(Actuval, expected)
AssertionError: ' <shockwave.com@shockwave.m0.net> ' != ' #emlb                            '
-  <shockwave.com@shockwave.m0.net> 
+  #emlb                            

]]>		</error>
	</testcase>
	<testcase classname="InequalityTest" name="test_iEmailWithBracketsTest_10" time="0.558">
		<error message="' &lt;czachgo@aol.com&gt; ' != ' #emlb             '
-  &lt;czachgo@aol.com&gt; 
+  #emlb             
" type="AssertionError">
<![CDATA[Traceback (most recent call last):
  File "C:/Users/CHRIS/PycharmProjects/Requests/Requests.py", line 79, in test_iEmailWithBracketsTest_10
    self.assertEqual(Actuval, expected)
AssertionError: ' <czachgo@aol.com> ' != ' #emlb             '
-  <czachgo@aol.com> 
+  #emlb             

]]>		</error>
	</testcase>
	<testcase classname="InequalityTest" name="test_iEmailWithBracketsTest_11" time="0.554">
		<error message="' &lt;sanders@wapa.gov&gt; ' != ' #emlb              '
-  &lt;sanders@wapa.gov&gt; 
+  #emlb              
" type="AssertionError">
<![CDATA[Traceback (most recent call last):
  File "C:/Users/CHRIS/PycharmProjects/Requests/Requests.py", line 85, in test_iEmailWithBracketsTest_11
    self.assertEqual(Actuval, expected)
AssertionError: ' <sanders@wapa.gov> ' != ' #emlb              '
-  <sanders@wapa.gov> 
+  #emlb              

]]>		</error>
	</testcase>
	<testcase classname="InequalityTest" name="test_iEmailWithBracketsTest_12" time="0.560">
		<error message="' &lt;82.139ec1dc.2932e8f5@aol.com&gt; ' != ' #emlb                          '
-  &lt;82.139ec1dc.2932e8f5@aol.com&gt; 
+  #emlb                          
" type="AssertionError">
<![CDATA[Traceback (most recent call last):
  File "C:/Users/CHRIS/PycharmProjects/Requests/Requests.py", line 91, in test_iEmailWithBracketsTest_12
    self.assertEqual(Actuval, expected)
AssertionError: ' <82.139ec1dc.2932e8f5@aol.com> ' != ' #emlb                          '
-  <82.139ec1dc.2932e8f5@aol.com> 
+  #emlb                          

]]>		</error>
	</testcase>
	<testcase classname="InequalityTest" name="test_iEmailWithBracketsTest_13" time="0.574">
		<error message="' &lt;bojofont@aol.com&gt; ' != ' #emlb              '
-  &lt;bojofont@aol.com&gt; 
+  #emlb              
" type="AssertionError">
<![CDATA[Traceback (most recent call last):
  File "C:/Users/CHRIS/PycharmProjects/Requests/Requests.py", line 97, in test_iEmailWithBracketsTest_13
    self.assertEqual(Actuval, expected)
AssertionError: ' <bojofont@aol.com> ' != ' #emlb              '
-  <bojofont@aol.com> 
+  #emlb              

]]>		</error>
	</testcase>
	<testcase classname="InequalityTest" name="test_iEmailWithBracketsTest_14" time="0.562">
		<error message="' to  &lt;rin@mapp.org&gt; cc  ' != ' to  #emlb          cc  '
-  to  &lt;rin@mapp.org&gt; cc  
+  to  #emlb          cc  
" type="AssertionError">
<![CDATA[Traceback (most recent call last):
  File "C:/Users/CHRIS/PycharmProjects/Requests/Requests.py", line 103, in test_iEmailWithBracketsTest_14
    self.assertEqual(Actuval, expected)
AssertionError: ' to  <rin@mapp.org> cc  ' != ' to  #emlb          cc  '
-  to  <rin@mapp.org> cc  
+  to  #emlb          cc  

]]>		</error>
	</testcase>
	<testcase classname="InequalityTest" name="test_iEmailWithBracketsTest_2" time="0.557">
		<error message="' &lt;cbpres@austin.rr.com&gt; ' != ' #emlb                  '
-  &lt;cbpres@austin.rr.com&gt; 
+  #emlb                  
" type="AssertionError">
<![CDATA[Traceback (most recent call last):
  File "C:/Users/CHRIS/PycharmProjects/Requests/Requests.py", line 33, in test_iEmailWithBracketsTest_2
    self.assertEqual(Actuval, expected)
AssertionError: ' <cbpres@austin.rr.com> ' != ' #emlb                  '
-  <cbpres@austin.rr.com> 
+  #emlb                  

]]>		</error>
	</testcase>
	<testcase classname="InequalityTest" name="test_iEmailWithBracketsTest_3" time="0.573">
		<error message="' &lt;jeff.leath@enron.com&gt; ' != ' #emlb                  '
-  &lt;jeff.leath@enron.com&gt; 
+  #emlb                  
" type="AssertionError">
<![CDATA[Traceback (most recent call last):
  File "C:/Users/CHRIS/PycharmProjects/Requests/Requests.py", line 39, in test_iEmailWithBracketsTest_3
    self.assertEqual(Actuval, expected)
AssertionError: ' <jeff.leath@enron.com> ' != ' #emlb                  '
-  <jeff.leath@enron.com> 
+  #emlb                  

]]>		</error>
	</testcase>
	<testcase classname="InequalityTest" name="test_iEmailWithBracketsTest_4" time="0.551">
		<error message="' &lt;ann_munson@bmc.com&gt; ' != ' #emlb                '
-  &lt;ann_munson@bmc.com&gt; 
+  #emlb                
" type="AssertionError">
<![CDATA[Traceback (most recent call last):
  File "C:/Users/CHRIS/PycharmProjects/Requests/Requests.py", line 45, in test_iEmailWithBracketsTest_4
    self.assertEqual(Actuval, expected)
AssertionError: ' <ann_munson@bmc.com> ' != ' #emlb                '
-  <ann_munson@bmc.com> 
+  #emlb                

]]>		</error>
	</testcase>
	<testcase classname="InequalityTest" name="test_iEmailWithBracketsTest_5" time="0.599">
		<error message="' &lt;stephen_morse@enron.net&gt; ' != ' #emlb                     '
-  &lt;stephen_morse@enron.net&gt; 
+  #emlb                     
" type="AssertionError">
<![CDATA[Traceback (most recent call last):
  File "C:/Users/CHRIS/PycharmProjects/Requests/Requests.py", line 50, in test_iEmailWithBracketsTest_5
    self.assertEqual(Actuval, expected)
AssertionError: ' <stephen_morse@enron.net> ' != ' #emlb                     '
-  <stephen_morse@enron.net> 
+  #emlb                     

]]>		</error>
	</testcase>
	<testcase classname="InequalityTest" name="test_iEmailWithBracketsTest_6" time="0.575">
		<error message="' &lt;ann_munson.23@bmc.com&gt; ' != ' #emlb                   '
-  &lt;ann_munson.23@bmc.com&gt; 
+  #emlb                   
" type="AssertionError">
<![CDATA[Traceback (most recent call last):
  File "C:/Users/CHRIS/PycharmProjects/Requests/Requests.py", line 55, in test_iEmailWithBracketsTest_6
    self.assertEqual(Actuval, expected)
AssertionError: ' <ann_munson.23@bmc.com> ' != ' #emlb                   '
-  <ann_munson.23@bmc.com> 
+  #emlb                   

]]>		</error>
	</testcase>
	<testcase classname="InequalityTest" name="test_iEmailWithBracketsTest_7" time="0.575">
		<error message="' &lt;carmen.perez@fedex.com&gt; ' != ' #emlb                    '
-  &lt;carmen.perez@fedex.com&gt; 
+  #emlb                    
" type="AssertionError">
<![CDATA[Traceback (most recent call last):
  File "C:/Users/CHRIS/PycharmProjects/Requests/Requests.py", line 61, in test_iEmailWithBracketsTest_7
    self.assertEqual(Actuval, expected)
AssertionError: ' <carmen.perez@fedex.com> ' != ' #emlb                    '
-  <carmen.perez@fedex.com> 
+  #emlb                    

]]>		</error>
	</testcase>
	<testcase classname="InequalityTest" name="test_iEmailWithBracketsTest_8" time="0.558">
		<error message="' &lt;jennifer.white@oceanenergy.com&gt; ' != ' #emlb                            '
-  &lt;jennifer.white@oceanenergy.com&gt; 
+  #emlb                            
" type="AssertionError">
<![CDATA[Traceback (most recent call last):
  File "C:/Users/CHRIS/PycharmProjects/Requests/Requests.py", line 67, in test_iEmailWithBracketsTest_8
    self.assertEqual(Actuval, expected)
AssertionError: ' <jennifer.white@oceanenergy.com> ' != ' #emlb                            '
-  <jennifer.white@oceanenergy.com> 
+  #emlb                            

]]>		</error>
	</testcase>
	<testcase classname="InequalityTest" name="test_iEmailWithBracketsTest_9" time="0.559">
		<error message="' &lt;bc202449@msxsopc.shell.com&gt; ' != ' #emlb                        '
-  &lt;bc202449@msxsopc.shell.com&gt; 
+  #emlb                        
" type="AssertionError">
<![CDATA[Traceback (most recent call last):
  File "C:/Users/CHRIS/PycharmProjects/Requests/Requests.py", line 73, in test_iEmailWithBracketsTest_9
    self.assertEqual(Actuval, expected)
AssertionError: ' <bc202449@msxsopc.shell.com> ' != ' #emlb                        '
-  <bc202449@msxsopc.shell.com> 
+  #emlb                        

]]>		</error>
	</testcase>
	<testcase classname="InequalityTest" name="test_mcEmailWithBracketsTagger_1" time="0.575">
		<error message="'if l[14 chars]available email me  &lt;syace.m@teamviewer.com&gt;  at this address ' != 'if l[14 chars]available email me  #emlb                     at this address '
- if live statement available email me  &lt;syace.m@teamviewer.com&gt;  at this address 
+ if live statement available email me  #emlb                     at this address 
" type="AssertionError">
<![CDATA[Traceback (most recent call last):
  File "C:/Users/CHRIS/PycharmProjects/Requests/Requests.py", line 233, in test_mcEmailWithBracketsTagger_1
    self.assertEqual(Actuval, expected)
AssertionError: 'if l[14 chars]available email me  <syace.m@teamviewer.com>  at this address ' != 'if l[14 chars]available email me  #emlb                     at this address '
- if live statement available email me  <syace.m@teamviewer.com>  at this address 
+ if live statement available email me  #emlb                     at this address 

]]>		</error>
	</testcase>
	<testcase classname="InequalityTest" name="test_mcEmailWithBracketsTagger_2" time="0.593">
		<error message="'telephone number  #   #  #    #     email id  &lt;investors-vp[86 chars]2015' != 'telephone number  +91 22 6718 3000  email id  #emlb        [86 chars]2015'
- telephone number  #   #  #    #     email id  &lt;investors-vp-ofss_in_grp@oracle.com&gt;   business responsibility report for the financial year 2014-2015
+ telephone number  +91 22 6718 3000  email id  #emlb                                   business responsibility report for the financial year 2014-2015
" type="AssertionError">
<![CDATA[Traceback (most recent call last):
  File "C:/Users/CHRIS/PycharmProjects/Requests/Requests.py", line 239, in test_mcEmailWithBracketsTagger_2
    self.assertEqual(Actuval, expected)
AssertionError: 'telephone number  #   #  #    #     email id  <investors-vp[86 chars]2015' != 'telephone number  +91 22 6718 3000  email id  #emlb        [86 chars]2015'
- telephone number  #   #  #    #     email id  <investors-vp-ofss_in_grp@oracle.com>   business responsibility report for the financial year 2014-2015
+ telephone number  +91 22 6718 3000  email id  #emlb                                   business responsibility report for the financial year 2014-2015

]]>		</error>
	</testcase>
	<testcase classname="InequalityTest" name="test_mcEmailWithBracketsTagger_3" time="0.568">
		<error message="'a dedicated mailbox  &lt;support@emailcenteruk.com&gt;  or via our hotline.' != 'a dedicated mailbox  #emlb                        or via our hotline.'
- a dedicated mailbox  &lt;support@emailcenteruk.com&gt;  or via our hotline.
+ a dedicated mailbox  #emlb                        or via our hotline.
" type="AssertionError">
<![CDATA[Traceback (most recent call last):
  File "C:/Users/CHRIS/PycharmProjects/Requests/Requests.py", line 245, in test_mcEmailWithBracketsTagger_3
    self.assertEqual(Actuval, expected)
AssertionError: 'a dedicated mailbox  <support@emailcenteruk.com>  or via our hotline.' != 'a dedicated mailbox  #emlb                        or via our hotline.'
- a dedicated mailbox  <support@emailcenteruk.com>  or via our hotline.
+ a dedicated mailbox  #emlb                        or via our hotline.

]]>		</error>
	</testcase>
	<testcase classname="InequalityTest" name="test_mcEmailWithBracketsTagger_4" time="0.580">
		<error message="'domain report for webmaster@londonstockexchange.com        [95 chars]tab ' != 'domain report for  #emlb                                for[55 chars]tab '
- domain report for webmaster@londonstockexchange.com         self.assertequal(actuval  expected  for a more comprehensive overview  click on the portfolio tab 
+ domain report for  #emlb                                for a more comprehensive overview  click on the portfolio tab 
" type="AssertionError">
<![CDATA[Traceback (most recent call last):
  File "C:/Users/CHRIS/PycharmProjects/Requests/Requests.py", line 251, in test_mcEmailWithBracketsTagger_4
    self.assertEqual(Actuval, expected)
AssertionError: 'domain report for webmaster@londonstockexchange.com        [95 chars]tab ' != 'domain report for  #emlb                                for[55 chars]tab '
- domain report for webmaster@londonstockexchange.com         self.assertequal(actuval  expected  for a more comprehensive overview  click on the portfolio tab 
+ domain report for  #emlb                                for a more comprehensive overview  click on the portfolio tab 

]]>		</error>
	</testcase>
	<testcase classname="InequalityTest" name="test_nlEmailWithBracketsTagger_1" time="0.573">
		<error message="'r   t  &lt;rnt.helpdesk@linkintime.co.in&gt; ' != 'r   t  #emlb                           '
- r   t  &lt;rnt.helpdesk@linkintime.co.in&gt; 
+ r   t  #emlb                           
" type="AssertionError">
<![CDATA[Traceback (most recent call last):
  File "C:/Users/CHRIS/PycharmProjects/Requests/Requests.py", line 278, in test_nlEmailWithBracketsTagger_1
    self.assertEqual(Actuval, expected)
AssertionError: 'r   t  <rnt.helpdesk@linkintime.co.in> ' != 'r   t  #emlb                           '
- r   t  <rnt.helpdesk@linkintime.co.in> 
+ r   t  #emlb                           

]]>		</error>
	</testcase>
	<testcase classname="InequalityTest" name="test_nlEmailWithBracketsTagger_2" time="0.573">
		<error message="'bonds   &lt;bonds.helpdesk@linkintime.co.in&gt;' != 'bonds   #emlb                            '
- bonds   &lt;bonds.helpdesk@linkintime.co.in&gt;
+ bonds   #emlb                            
" type="AssertionError">
<![CDATA[Traceback (most recent call last):
  File "C:/Users/CHRIS/PycharmProjects/Requests/Requests.py", line 284, in test_nlEmailWithBracketsTagger_2
    self.assertEqual(Actuval, expected)
AssertionError: 'bonds   <bonds.helpdesk@linkintime.co.in>' != 'bonds   #emlb                            '
- bonds   <bonds.helpdesk@linkintime.co.in>
+ bonds   #emlb                            

]]>		</error>
	</testcase>
	<testcase classname="InequalityTest" name="test_pEmailWithBracketsTagger_3" time="0.615">
		<error message="'hp-c[50 chars]com  external ceo-communication&lt;external.ceo-c[53 chars]com&gt;' != 'hp-c[50 chars]com   external ceo-communication&lt;external.ceo-[56 chars]    '
Diff is 647 characters long. Set self.maxDiff to None to see it." type="AssertionError">
<![CDATA[Traceback (most recent call last):
  File "C:/Users/CHRIS/PycharmProjects/Requests/Requests.py", line 176, in test_pEmailWithBracketsTagger_3
    self.assertEqual(Actuval, expected)
AssertionError: 'hp-c[50 chars]com  external ceo-communication<external.ceo-c[53 chars]com>' != 'hp-c[50 chars]com   external ceo-communication<external.ceo-[56 chars]    '
Diff is 647 characters long. Set self.maxDiff to None to see it.
]]>		</error>
	</testcase>
	<testcase classname="InequalityTest" name="test_pEmailWithBracketsTagger_4" time="0.594">
		<error message="'ques[22 chars] relations department can be sent email on &lt;info@amstock.com&gt; ' != 'ques[22 chars] relations department can be sent email on #emlb              '
- questions for the investor relations department can be sent email on &lt;info@amstock.com&gt; 
?                                                                      ^^^^^^^ ^^^^^^^^^^
+ questions for the investor relations department can be sent email on #emlb              
?                                                                      ^^ ^^^^^^^^^^^^^^^
" type="AssertionError">
<![CDATA[Traceback (most recent call last):
  File "C:/Users/CHRIS/PycharmProjects/Requests/Requests.py", line 182, in test_pEmailWithBracketsTagger_4
    self.assertEqual(Actuval, expected)
AssertionError: 'ques[22 chars] relations department can be sent email on <info@amstock.com> ' != 'ques[22 chars] relations department can be sent email on #emlb              '
- questions for the investor relations department can be sent email on <info@amstock.com> 
?                                                                      ^^^^^^^ ^^^^^^^^^^
+ questions for the investor relations department can be sent email on #emlb              
?                                                                      ^^ ^^^^^^^^^^^^^^^

]]>		</error>
	</testcase>
	<testcase classname="InequalityTest" name="test_pEmailWithBracketsTagger_5" time="0.564">
		<error message="'please contact  grace #n     on 09 #   #    or &lt;g.havill@theicehouse.co.nz&gt; ' != 'please contact  grace havill on 09 308 6238 or #emlb                        '
- please contact  grace #n     on 09 #   #    or &lt;g.havill@theicehouse.co.nz&gt; 
+ please contact  grace havill on 09 308 6238 or #emlb                        
" type="AssertionError">
<![CDATA[Traceback (most recent call last):
  File "C:/Users/CHRIS/PycharmProjects/Requests/Requests.py", line 188, in test_pEmailWithBracketsTagger_5
    self.assertEqual(Actuval, expected)
AssertionError: 'please contact  grace #n     on 09 #   #    or <g.havill@theicehouse.co.nz> ' != 'please contact  grace havill on 09 308 6238 or #emlb                        '
- please contact  grace #n     on 09 #   #    or <g.havill@theicehouse.co.nz> 
+ please contact  grace havill on 09 308 6238 or #emlb                        

]]>		</error>
	</testcase>
	<testcase classname="InequalityTest" name="test_pEmailWithBracketsTagger_6" time="0.583">
		<error message="'plea[14 chars]s directly to &lt;salam@teamaol.com&gt; or &lt;amit.salam@teamaol.com&gt; ' != 'plea[14 chars]s directly to #emlb               or #emlb                    '
- please send resumes directly to &lt;salam@teamaol.com&gt; or &lt;amit.salam@teamaol.com&gt; 
+ please send resumes directly to #emlb               or #emlb                    
" type="AssertionError">
<![CDATA[Traceback (most recent call last):
  File "C:/Users/CHRIS/PycharmProjects/Requests/Requests.py", line 194, in test_pEmailWithBracketsTagger_6
    self.assertEqual(Actuval, expected)
AssertionError: 'plea[14 chars]s directly to <salam@teamaol.com> or <amit.salam@teamaol.com> ' != 'plea[14 chars]s directly to #emlb               or #emlb                    '
- please send resumes directly to <salam@teamaol.com> or <amit.salam@teamaol.com> 
+ please send resumes directly to #emlb               or #emlb                    

]]>		</error>
	</testcase>
	<testcase classname="InequalityTest" name="test_pEmailWithBracketsTest_1" time="0.605">
		<error message="' &lt;billy.brown2@compaq.com&gt;  &lt;mballases@hotmail.com&gt; ' != ' #emlb                      #emlb                   '
-  &lt;billy.brown2@compaq.com&gt;  &lt;mballases@hotmail.com&gt; 
+  #emlb                      #emlb                   
" type="AssertionError">
<![CDATA[Traceback (most recent call last):
  File "C:/Users/CHRIS/PycharmProjects/Requests/Requests.py", line 165, in test_pEmailWithBracketsTest_1
    self.assertEqual(Actuval, expected)
AssertionError: ' <billy.brown2@compaq.com>  <mballases@hotmail.com> ' != ' #emlb                      #emlb                   '
-  <billy.brown2@compaq.com>  <mballases@hotmail.com> 
+  #emlb                      #emlb                   

]]>		</error>
	</testcase>
	<testcase classname="InequalityTest" name="test_pEmailWithBracketsTest_2" time="0.593">
		<error message="' &lt;barbara_klemstine@apsc.com&gt;  &lt;berry@apx.com&gt;  ' != ' #emlb                         #emlb            '
-  &lt;barbara_klemstine@apsc.com&gt;  &lt;berry@apx.com&gt;  
+  #emlb                         #emlb            
" type="AssertionError">
<![CDATA[Traceback (most recent call last):
  File "C:/Users/CHRIS/PycharmProjects/Requests/Requests.py", line 171, in test_pEmailWithBracketsTest_2
    self.assertEqual(Actuval, expected)
AssertionError: ' <barbara_klemstine@apsc.com>  <berry@apx.com>  ' != ' #emlb                         #emlb            '
-  <barbara_klemstine@apsc.com>  <berry@apx.com>  
+  #emlb                         #emlb            

]]>		</error>
	</testcase>
	<system-out>
<![CDATA[]]>	</system-out>
	<system-err>
<![CDATA[]]>	</system-err>
</testsuite>
