<?xml version="1.0" ?>
<testsuite errors="7" failures="0" name="InequalityTest-20160316174654" tests="23" time="16.062">
	<testcase classname="InequalityTest" name="test_fpDisclaimerRemovalTest_1" time="0.651"/>
	<testcase classname="InequalityTest" name="test_fpDisclaimerRemovalTest_2" time="0.708"/>
	<testcase classname="InequalityTest" name="test_fpDisclaimerRemovalTest_3" time="1.641"/>
	<testcase classname="InequalityTest" name="test_iDisclaimerRemovalTest_1" time="0.587"/>
	<testcase classname="InequalityTest" name="test_iDisclaimerRemovalTest_10" time="0.626"/>
	<testcase classname="InequalityTest" name="test_iDisclaimerRemovalTest_11" time="0.584"/>
	<testcase classname="InequalityTest" name="test_iDisclaimerRemovalTest_12" time="0.593"/>
	<testcase classname="InequalityTest" name="test_iDisclaimerRemovalTest_13" time="0.597"/>
	<testcase classname="InequalityTest" name="test_iDisclaimerRemovalTest_14" time="0.592"/>
	<testcase classname="InequalityTest" name="test_iDisclaimerRemovalTest_2" time="0.597"/>
	<testcase classname="InequalityTest" name="test_iDisclaimerRemovalTest_3" time="0.598"/>
	<testcase classname="InequalityTest" name="test_iDisclaimerRemovalTest_4" time="0.594"/>
	<testcase classname="InequalityTest" name="test_iDisclaimerRemovalTest_5" time="0.582"/>
	<testcase classname="InequalityTest" name="test_iDisclaimerRemovalTest_6" time="0.624"/>
	<testcase classname="InequalityTest" name="test_iDisclaimerRemovalTest_7" time="0.627"/>
	<testcase classname="InequalityTest" name="test_iDisclaimerRemovalTest_9" time="0.589"/>
	<testcase classname="InequalityTest" name="test_csDisclaimerRemovalTest_1" time="0.647">
		<error message="'hello mr. riley  i have your dob  tax id [156 chars]ica ' != '#g               i have your dob  tax id [156 chars]    '
Diff is 815 characters long. Set self.maxDiff to None to see it." type="AssertionError">
<![CDATA[Traceback (most recent call last):
  File "C:/Users/CHRIS/PycharmProjects/Requests/Requests.py", line 121, in test_csDisclaimerRemovalTest_1
    self.assertEqual(Actuval, expected)
AssertionError: 'hello mr. riley  i have your dob  tax id [156 chars]ica ' != '#g               i have your dob  tax id [156 chars]    '
Diff is 815 characters long. Set self.maxDiff to None to see it.
]]>		</error>
	</testcase>
	<testcase classname="InequalityTest" name="test_csDisclaimerRemovalTest_2" time="0.675">
		<error message="'mr. davis  the last piece of information [333 chars]ren ' != '#g         the last piece of information [333 chars]    '
Diff is 763 characters long. Set self.maxDiff to None to see it." type="AssertionError">
<![CDATA[Traceback (most recent call last):
  File "C:/Users/CHRIS/PycharmProjects/Requests/Requests.py", line 127, in test_csDisclaimerRemovalTest_2
    self.assertEqual(Actuval, expected)
AssertionError: 'mr. davis  the last piece of information [333 chars]ren ' != '#g         the last piece of information [333 chars]    '
Diff is 763 characters long. Set self.maxDiff to None to see it.
]]>		</error>
	</testcase>
	<testcase classname="InequalityTest" name="test_csDisclaimerRemovalTest_3" time="1.313">
		<error message="'mr lange   i got everything needed to sta[239 chars]ies ' != '#g         i got everything needed to sta[239 chars]ies '
- mr lange   i got everything needed to start the account except the your liquid assets and years in market  locked in the buy trade though near session lows  just fill the rest of the worksheet in and get it back to me  regards, thomas meyer vice president maven and sparks securities 
+ #g         i got everything needed to start the account except the your liquid assets and years in market  locked in the buy trade though near session lows  just fill the rest of the worksheet in and get it back to me  #z       #s           #jt            maven and sparks securities 
" type="AssertionError">
<![CDATA[Traceback (most recent call last):
  File "C:/Users/CHRIS/PycharmProjects/Requests/Requests.py", line 132, in test_csDisclaimerRemovalTest_3
    self.assertEqual(Actuval, expected)
AssertionError: 'mr lange   i got everything needed to sta[239 chars]ies ' != '#g         i got everything needed to sta[239 chars]ies '
- mr lange   i got everything needed to start the account except the your liquid assets and years in market  locked in the buy trade though near session lows  just fill the rest of the worksheet in and get it back to me  regards, thomas meyer vice president maven and sparks securities 
+ #g         i got everything needed to start the account except the your liquid assets and years in market  locked in the buy trade though near session lows  just fill the rest of the worksheet in and get it back to me  #z       #s           #jt            maven and sparks securities 

]]>		</error>
	</testcase>
	<testcase classname="InequalityTest" name="test_fDisclaimerRemovalTest_1" time="0.633">
		<error message="'hey robbins  good  n u   thanks, chris da[36 chars]993 ' != '#g           good  n u   #z      #s      [36 chars]    '
- hey robbins  good  n u   thanks, chris davis ceo aliiance capital (212) 644-1993 
+ #g           good  n u   #z      #s          ceo aliiance capital  h             
" type="AssertionError">
<![CDATA[Traceback (most recent call last):
  File "C:/Users/CHRIS/PycharmProjects/Requests/Requests.py", line 139, in test_fDisclaimerRemovalTest_1
    self.assertEqual(Actuval, expected)
AssertionError: 'hey robbins  good  n u   thanks, chris da[36 chars]993 ' != '#g           good  n u   #z      #s      [36 chars]    '
- hey robbins  good  n u   thanks, chris davis ceo aliiance capital (212) 644-1993 
+ #g           good  n u   #z      #s          ceo aliiance capital  h             

]]>		</error>
	</testcase>
	<testcase classname="InequalityTest" name="test_fDisclaimerRemovalTest_2" time="0.637">
		<error message="'mr. levine  great  thanks, bryan o. samue[111 chars]38  ' != '#g          great  #z      #s            [111 chars]38  '
- mr. levine  great  thanks, bryan o. samuel hcg baxalta inc 1033 broadway, suite 11000 new york, ny 10279  w. 666.123.1133  m. 619.110.1604  f.666-123-1138  
+ #g          great  #z      #s              hcg baxalta inc #addr1                     #csp                #hsig            #hsig            f.666-123-1138  
" type="AssertionError">
<![CDATA[Traceback (most recent call last):
  File "C:/Users/CHRIS/PycharmProjects/Requests/Requests.py", line 144, in test_fDisclaimerRemovalTest_2
    self.assertEqual(Actuval, expected)
AssertionError: 'mr. levine  great  thanks, bryan o. samue[111 chars]38  ' != '#g          great  #z      #s            [111 chars]38  '
- mr. levine  great  thanks, bryan o. samuel hcg baxalta inc 1033 broadway, suite 11000 new york, ny 10279  w. 666.123.1133  m. 619.110.1604  f.666-123-1138  
+ #g          great  #z      #s              hcg baxalta inc #addr1                     #csp                #hsig            #hsig            f.666-123-1138  

]]>		</error>
	</testcase>
	<testcase classname="InequalityTest" name="test_pDisclaimerRemovalTest_1" time="0.665">
		<error message="'mr. cogliano  got wind that brown #n     [186 chars]ce  ' != '#g            got wind that brown #n     [186 chars]ce  '
- mr. cogliano  got wind that brown #n         is going to axe their initial estimate on fb  the whole street is going to be chucking it after news breaks  get out   thank you, christina davis     privilege   confidentiality notice  
+ #g            got wind that brown #n         is going to axe their initial estimate on ~   the whole street is going to be chucking it after news breaks  get out   #z         #s                  privilege   confidentiality notice  
" type="AssertionError">
<![CDATA[Traceback (most recent call last):
  File "C:/Users/CHRIS/PycharmProjects/Requests/Requests.py", line 151, in test_pDisclaimerRemovalTest_1
    self.assertEqual(Actuval, expected)
AssertionError: 'mr. cogliano  got wind that brown #n     [186 chars]ce  ' != '#g            got wind that brown #n     [186 chars]ce  '
- mr. cogliano  got wind that brown #n         is going to axe their initial estimate on fb  the whole street is going to be chucking it after news breaks  get out   thank you, christina davis     privilege   confidentiality notice  
+ #g            got wind that brown #n         is going to axe their initial estimate on ~   the whole street is going to be chucking it after news breaks  get out   #z         #s                  privilege   confidentiality notice  

]]>		</error>
	</testcase>
	<testcase classname="InequalityTest" name="test_pDisclaimerRemovalTest_2" time="0.701">
		<error message="&quot;hey reg  it is our strong belief that pfi[338 chars]on  &quot; != &quot;#g       it is our strong belief that pfi[338 chars]on  &quot;
Diff is 1541 characters long. Set self.maxDiff to None to see it." type="AssertionError">
<![CDATA[Traceback (most recent call last):
  File "C:/Users/CHRIS/PycharmProjects/Requests/Requests.py", line 157, in test_pDisclaimerRemovalTest_2
    self.assertEqual(Actuval, expected)
AssertionError: "hey reg  it is our strong belief that pfi[338 chars]on  " != "#g       it is our strong belief that pfi[338 chars]on  "
Diff is 1541 characters long. Set self.maxDiff to None to see it.
]]>		</error>
	</testcase>
	<system-out>
<![CDATA[]]>	</system-out>
	<system-err>
<![CDATA[]]>	</system-err>
</testsuite>
