<?xml version="1.0" ?>
<testsuite errors="0" failures="0" name="InequalityTest-20160329162706" tests="1" time="1.508">
	<testcase classname="InequalityTest" name="test_fEINTest_1" time="1.508"/>
	<system-out>
<![CDATA[]]>	</system-out>
	<system-err>
<![CDATA[]]>	</system-err>
</testsuite>
