<?xml version="1.0" ?>
<testsuite errors="1" failures="0" name="InequalityTest-20160406185441" tests="1" time="0.705">
	<testcase classname="InequalityTest" name="test_IsClassify_1" time="0.705">
		<error message="list indices must be integers, not str" type="TypeError">
<![CDATA[Traceback (most recent call last):
  File "C:/Users/CHRIS/PycharmProjects/Requests/Requests.py", line 24, in test_IsClassify_1
    Actuval=self.Ontobi_API(text)
  File "C:/Users/CHRIS/PycharmProjects/Requests/Requests.py", line 17, in Ontobi_API
    output = j["data"]["categories"][u'id']
TypeError: list indices must be integers, not str
]]>		</error>
	</testcase>
	<system-out>
<![CDATA[]]>	</system-out>
	<system-err>
<![CDATA[]]>	</system-err>
</testsuite>
