<?xml version="1.0" ?>
<testsuite errors="58" failures="0" name="InequalityTest-20160324160304" tests="58" time="41.729">
	<testcase classname="InequalityTest" name="test_csDisclaimerRemovalTest_3" time="0.904">
		<error message="'mr. espageti  the last piece of informati[1068 chars]ion ' != '#g            the last piece of informati[496 chars]    '
Diff is 1661 characters long. Set self.maxDiff to None to see it." type="AssertionError">
<![CDATA[Traceback (most recent call last):
  File "C:/Users/CHRIS/PycharmProjects/Requests/Requests.py", line 269, in test_csDisclaimerRemovalTest_3
    self.assertEqual(Actuval, expected)
AssertionError: 'mr. espageti  the last piece of informati[1068 chars]ion ' != '#g            the last piece of informati[496 chars]    '
Diff is 1661 characters long. Set self.maxDiff to None to see it.
]]>		</error>
	</testcase>
	<testcase classname="InequalityTest" name="test_csDisclaimerRemovalTest_5" time="0.739">
		<error message="&quot;hey roscoe  heard the big houses are goin[864 chars]ion &quot; != &quot;#g          heard the big houses are goin[199 chars]    &quot;
Diff is 1160 characters long. Set self.maxDiff to None to see it." type="AssertionError">
<![CDATA[Traceback (most recent call last):
  File "C:/Users/CHRIS/PycharmProjects/Requests/Requests.py", line 275, in test_csDisclaimerRemovalTest_5
    self.assertEqual(Actuval, expected)
AssertionError: "hey roscoe  heard the big houses are goin[864 chars]ion " != "#g          heard the big houses are goin[199 chars]    "
Diff is 1160 characters long. Set self.maxDiff to None to see it.
]]>		</error>
	</testcase>
	<testcase classname="InequalityTest" name="test_fDisclaimerRemovalTest_2" time="1.105">
		<error message="'mr. [30 chars]ing  thanks, william  this message  and any at[294 chars]age ' != 'mr. [30 chars]ing  #z      #s       '
- mr. spikeley  how the sales are doing  thanks, william  this message  and any attachments  is for the intended recipient(s  only  may contain information that is privileged  confidential and/or proprietary and subject to important terms and conditions available at http:#www.bankofamerica.com/emaildisclaimer    if you are not the intended recipient  please delete this message 
+ mr. spikeley  how the sales are doing  #z      #s       
" type="AssertionError">
<![CDATA[Traceback (most recent call last):
  File "C:/Users/CHRIS/PycharmProjects/Requests/Requests.py", line 282, in test_fDisclaimerRemovalTest_2
    self.assertEqual(Actuval, expected)
AssertionError: 'mr. [30 chars]ing  thanks, william  this message  and any at[294 chars]age ' != 'mr. [30 chars]ing  #z      #s       '
- mr. spikeley  how the sales are doing  thanks, william  this message  and any attachments  is for the intended recipient(s  only  may contain information that is privileged  confidential and/or proprietary and subject to important terms and conditions available at http:#www.bankofamerica.com/emaildisclaimer    if you are not the intended recipient  please delete this message 
+ mr. spikeley  how the sales are doing  #z      #s       

]]>		</error>
	</testcase>
	<testcase classname="InequalityTest" name="test_fDisclaimerRemovalTest_3" time="1.292">
		<error message="'appr[18 chars]tv   best, david   to ensure compliance with i[800 chars]com ' != 'appr[18 chars]tv   #z    #s      to ensure compliance with i[379 chars]in  '
Diff is 1330 characters long. Set self.maxDiff to None to see it." type="AssertionError">
<![CDATA[Traceback (most recent call last):
  File "C:/Users/CHRIS/PycharmProjects/Requests/Requests.py", line 288, in test_fDisclaimerRemovalTest_3
    self.assertEqual(Actuval, expected)
AssertionError: 'appr[18 chars]tv   best, david   to ensure compliance with i[800 chars]com ' != 'appr[18 chars]tv   #z    #s      to ensure compliance with i[379 chars]in  '
Diff is 1330 characters long. Set self.maxDiff to None to see it.
]]>		</error>
	</testcase>
	<testcase classname="InequalityTest" name="test_fDisclaimerRemovalTest_4" time="1.214">
		<error message="'mr. abersold  hi how are you   regards, m[1502 chars]age ' != '#g            hi how are you   #z       #[243 chars]gdom'
Diff is 1842 characters long. Set self.maxDiff to None to see it." type="AssertionError">
<![CDATA[Traceback (most recent call last):
  File "C:/Users/CHRIS/PycharmProjects/Requests/Requests.py", line 294, in test_fDisclaimerRemovalTest_4
    self.assertEqual(Actuval, expected)
AssertionError: 'mr. abersold  hi how are you   regards, m[1502 chars]age ' != '#g            hi how are you   #z       #[243 chars]gdom'
Diff is 1842 characters long. Set self.maxDiff to None to see it.
]]>		</error>
	</testcase>
	<testcase classname="InequalityTest" name="test_iDisclaimerRemovalTest_10" time="0.952">
		<error message="'this e-mail and any files transmitted wit[207 chars]now ' != ''
- this e-mail and any files transmitted with it  are confidential and are intended solely for the use of the individual or entity to whom they are addressed  if you have received this e-mail in error  please reply to this message and let the sender know 
+ 
" type="AssertionError">
<![CDATA[Traceback (most recent call last):
  File "C:/Users/CHRIS/PycharmProjects/Requests/Requests.py", line 84, in test_iDisclaimerRemovalTest_10
    self.assertEqual(Actuval, expected)
AssertionError: 'this e-mail and any files transmitted wit[207 chars]now ' != ''
- this e-mail and any files transmitted with it  are confidential and are intended solely for the use of the individual or entity to whom they are addressed  if you have received this e-mail in error  please reply to this message and let the sender know 
+ 

]]>		</error>
	</testcase>
	<testcase classname="InequalityTest" name="test_iDisclaimerRemovalTest_12" time="0.666">
		<error message="'this e-mail may contain confidential and/[270 chars]en  ' != ''
- this e-mail may contain confidential and/or privileged information  if you are not the intended recipient  or have received this e-mail in error  please notify the sender immediately and destroy this e-mail  any unauthorized copying  disclosure or distribution of the material in this e-mail is strictly forbidden  
+ 
" type="AssertionError">
<![CDATA[Traceback (most recent call last):
  File "C:/Users/CHRIS/PycharmProjects/Requests/Requests.py", line 90, in test_iDisclaimerRemovalTest_12
    self.assertEqual(Actuval, expected)
AssertionError: 'this e-mail may contain confidential and/[270 chars]en  ' != ''
- this e-mail may contain confidential and/or privileged information  if you are not the intended recipient  or have received this e-mail in error  please notify the sender immediately and destroy this e-mail  any unauthorized copying  disclosure or distribution of the material in this e-mail is strictly forbidden  
+ 

]]>		</error>
	</testcase>
	<testcase classname="InequalityTest" name="test_iDisclaimerRemovalTest_14" time="0.666">
		<error message="&quot;this e-mail may contain data that is con[537 chars]ion &quot; != ''
- this e-mail may contain data that is confidential  proprietary or non-public personal information  as that term is defined in the gramm-leach-bliley act  collectively  confidential information   the confidential information is disclosed conditioned upon your agreement that you will treat it confidentially and in accordance with applicable law  ensure that such data isn't used or disclosed except for the limited purpose for which it's being provided and will notify and cooperate with us regarding any requested or unauthorized disclosure or use of any confidential information 
+ 
" type="AssertionError">
<![CDATA[Traceback (most recent call last):
  File "C:/Users/CHRIS/PycharmProjects/Requests/Requests.py", line 74, in test_iDisclaimerRemovalTest_14
    self.assertEqual(Actuval, expected)
AssertionError: "this e-mail may contain data that is con[537 chars]ion " != ''
- this e-mail may contain data that is confidential  proprietary or non-public personal information  as that term is defined in the gramm-leach-bliley act  collectively  confidential information   the confidential information is disclosed conditioned upon your agreement that you will treat it confidentially and in accordance with applicable law  ensure that such data isn't used or disclosed except for the limited purpose for which it's being provided and will notify and cooperate with us regarding any requested or unauthorized disclosure or use of any confidential information 
+ 

]]>		</error>
	</testcase>
	<testcase classname="InequalityTest" name="test_iDisclaimerRemovalTest_16" time="0.701">
		<error message="'this message  including any attachments  [300 chars]d   ' != ''
- this message  including any attachments  contains confidential information intended for a specific individual and purpose  and is protected by law   if you are not the intended recipient  you should delete this message   any disclosure  copying  or distribution of this message  or the taking of any action based on it  is strictly prohibited   
+ 
" type="AssertionError">
<![CDATA[Traceback (most recent call last):
  File "C:/Users/CHRIS/PycharmProjects/Requests/Requests.py", line 79, in test_iDisclaimerRemovalTest_16
    self.assertEqual(Actuval, expected)
AssertionError: 'this message  including any attachments  [300 chars]d   ' != ''
- this message  including any attachments  contains confidential information intended for a specific individual and purpose  and is protected by law   if you are not the intended recipient  you should delete this message   any disclosure  copying  or distribution of this message  or the taking of any action based on it  is strictly prohibited   
+ 

]]>		</error>
	</testcase>
	<testcase classname="InequalityTest" name="test_iDisclaimerRemovalTest_17" time="0.688">
		<error message="'this message and any attachments  the mes[469 chars]iba.' != ''
- this message and any attachments  the message  is intended solely for the intended addressees and is confidential  if you receive this message in error,or are not the intended recipient(s   please delete it and any copies from your systems and immediately notify the sender  any unauthorized view  use that does not comply with its purpose  dissemination or disclosure  either whole or partial  is prohibited  since the internet cannot guarantee the integrity of this message which may not be reliable  bnp pariba.
+ 
" type="AssertionError">
<![CDATA[Traceback (most recent call last):
  File "C:/Users/CHRIS/PycharmProjects/Requests/Requests.py", line 191, in test_iDisclaimerRemovalTest_17
    self.assertEqual(Actuval, expected)
AssertionError: 'this message and any attachments  the mes[469 chars]iba.' != ''
- this message and any attachments  the message  is intended solely for the intended addressees and is confidential  if you receive this message in error,or are not the intended recipient(s   please delete it and any copies from your systems and immediately notify the sender  any unauthorized view  use that does not comply with its purpose  dissemination or disclosure  either whole or partial  is prohibited  since the internet cannot guarantee the integrity of this message which may not be reliable  bnp pariba.
+ 

]]>		</error>
	</testcase>
	<testcase classname="InequalityTest" name="test_iDisclaimerRemovalTest_18" time="1.094">
		<error message="'this message and any attachments are inte[465 chars]tem ' != ''
- this message and any attachments are intended only for the use of the addressee and may contain information that is privileged and confidential  if the reader of the message is not the intended recipient or an authorized representative of the intended recipient you are hereby notified that any dissemination of this communication is strictly prohibited  if you have received this communication in error notify the sender immediately by return email and delete the message and any attachments from your system 
+ 
" type="AssertionError">
<![CDATA[Traceback (most recent call last):
  File "C:/Users/CHRIS/PycharmProjects/Requests/Requests.py", line 196, in test_iDisclaimerRemovalTest_18
    self.assertEqual(Actuval, expected)
AssertionError: 'this message and any attachments are inte[465 chars]tem ' != ''
- this message and any attachments are intended only for the use of the addressee and may contain information that is privileged and confidential  if the reader of the message is not the intended recipient or an authorized representative of the intended recipient you are hereby notified that any dissemination of this communication is strictly prohibited  if you have received this communication in error notify the sender immediately by return email and delete the message and any attachments from your system 
+ 

]]>		</error>
	</testcase>
	<testcase classname="InequalityTest" name="test_iDisclaimerRemovalTest_19" time="0.615">
		<error message="'this message contains information from mc[350 chars]one ' != ''
- this message contains information from mcdonald information service inc. which may be confidential and privileged   if you are not an intended recipient  please refrain from any disclosure  copying  distribution or use of this information and note that such actions are prohibited   if you have received this transmission in error  please notify by e-mail postmaster@callmis.com or by telephone 
+ 
" type="AssertionError">
<![CDATA[Traceback (most recent call last):
  File "C:/Users/CHRIS/PycharmProjects/Requests/Requests.py", line 201, in test_iDisclaimerRemovalTest_19
    self.assertEqual(Actuval, expected)
AssertionError: 'this message contains information from mc[350 chars]one ' != ''
- this message contains information from mcdonald information service inc. which may be confidential and privileged   if you are not an intended recipient  please refrain from any disclosure  copying  distribution or use of this information and note that such actions are prohibited   if you have received this transmission in error  please notify by e-mail postmaster@callmis.com or by telephone 
+ 

]]>		</error>
	</testcase>
	<testcase classname="InequalityTest" name="test_iDisclaimerRemovalTest_2" time="0.928">
		<error message="'confidential   proprietary  may not be re[79 chars]ip  ' != ''
- confidential   proprietary  may not be reproduced or distributed without written permission of starwood vacation ownership  
+ 
" type="AssertionError">
<![CDATA[Traceback (most recent call last):
  File "C:/Users/CHRIS/PycharmProjects/Requests/Requests.py", line 221, in test_iDisclaimerRemovalTest_2
    self.assertEqual(Actuval, expected)
AssertionError: 'confidential   proprietary  may not be re[79 chars]ip  ' != ''
- confidential   proprietary  may not be reproduced or distributed without written permission of starwood vacation ownership  
+ 

]]>		</error>
	</testcase>
	<testcase classname="InequalityTest" name="test_iDisclaimerRemovalTest_20" time="0.665">
		<error message="&quot;this message is for the named person's u[432 chars]ient&quot; != ''
- this message is for the named person's use only  it may contain confidential  proprietary or legally privileged information  no confidentiality or privilege is waived or lost by any mistransmission. if you receive this message in error  please delete it and all copies from your system  destroy any hard copies and notify the sender  you must not  directly or indirectly  use  disclose  distribute  print  or copy any part of this message if you are not the intended recipient
+ 
" type="AssertionError">
<![CDATA[Traceback (most recent call last):
  File "C:/Users/CHRIS/PycharmProjects/Requests/Requests.py", line 251, in test_iDisclaimerRemovalTest_20
    self.assertEqual(Actuval, expected)
AssertionError: "this message is for the named person's u[432 chars]ient" != ''
- this message is for the named person's use only  it may contain confidential  proprietary or legally privileged information  no confidentiality or privilege is waived or lost by any mistransmission. if you receive this message in error  please delete it and all copies from your system  destroy any hard copies and notify the sender  you must not  directly or indirectly  use  disclose  distribute  print  or copy any part of this message if you are not the intended recipient
+ 

]]>		</error>
	</testcase>
	<testcase classname="InequalityTest" name="test_iDisclaimerRemovalTest_21" time="0.666">
		<error message="'this message is for the named persons use[430 chars]he i' != ''
- this message is for the named persons use only  it may contain confidential  proprietary or legally privileged information  no confidentiality or privilege is waived or lost by any mistransmission. if you receive this message in error  please immediately delete it and all copies of it from your system  destroy any hard copies of it and notify the sender  you must not  directly or indirectly  use  disclose  distribute  or copy any part of this message if you are not the i
+ 
" type="AssertionError">
<![CDATA[Traceback (most recent call last):
  File "C:/Users/CHRIS/PycharmProjects/Requests/Requests.py", line 256, in test_iDisclaimerRemovalTest_21
    self.assertEqual(Actuval, expected)
AssertionError: 'this message is for the named persons use[430 chars]he i' != ''
- this message is for the named persons use only  it may contain confidential  proprietary or legally privileged information  no confidentiality or privilege is waived or lost by any mistransmission. if you receive this message in error  please immediately delete it and all copies of it from your system  destroy any hard copies of it and notify the sender  you must not  directly or indirectly  use  disclose  distribute  or copy any part of this message if you are not the i
+ 

]]>		</error>
	</testcase>
	<testcase classname="InequalityTest" name="test_iDisclaimerRemovalTest_23" time="0.615">
		<error message="'this message  and any attachments  is for[277 chars]age ' != ''
- this message  and any attachments  is for the intended recipient(s  only  may contain information that is privileged  confidential and/or proprietary and subject to important terms and conditions available at http:#www.bankofamerica.com/emaildisclaimer    if you are not the intended recipient  please delete this message 
+ 
" type="AssertionError">
<![CDATA[Traceback (most recent call last):
  File "C:/Users/CHRIS/PycharmProjects/Requests/Requests.py", line 226, in test_iDisclaimerRemovalTest_23
    self.assertEqual(Actuval, expected)
AssertionError: 'this message  and any attachments  is for[277 chars]age ' != ''
- this message  and any attachments  is for the intended recipient(s  only  may contain information that is privileged  confidential and/or proprietary and subject to important terms and conditions available at http:#www.bankofamerica.com/emaildisclaimer    if you are not the intended recipient  please delete this message 
+ 

]]>		</error>
	</testcase>
	<testcase classname="InequalityTest" name="test_iDisclaimerRemovalTest_24" time="0.662">
		<error message="'this email and any files transmitted with[687 chars]ted ' != ''
Diff is 739 characters long. Set self.maxDiff to None to see it." type="AssertionError">
<![CDATA[Traceback (most recent call last):
  File "C:/Users/CHRIS/PycharmProjects/Requests/Requests.py", line 231, in test_iDisclaimerRemovalTest_24
    self.assertEqual(Actuval, expected)
AssertionError: 'this email and any files transmitted with[687 chars]ted ' != ''
Diff is 739 characters long. Set self.maxDiff to None to see it.
]]>		</error>
	</testcase>
	<testcase classname="InequalityTest" name="test_iDisclaimerRemovalTest_25" time="0.636">
		<error message="'warning  computer viruses can be transmit[528 chars]ion ' != ''
- warning  computer viruses can be transmitted via email  the recipient should check this email and any attachments for the presence of viruses  the company accepts no liability for any damage caused by any virus transmitted by this email  e-mail transmission cannot be guaranteed to be secure or error-free as information could be intercepted  corrupted  lost  destroyed  arrive late or incomplete  or contain viruses  the sender therefore does not accept liability for any errors or omissions in the contents of this message  which arise as a result of e-mail transmission 
+ 
" type="AssertionError">
<![CDATA[Traceback (most recent call last):
  File "C:/Users/CHRIS/PycharmProjects/Requests/Requests.py", line 236, in test_iDisclaimerRemovalTest_25
    self.assertEqual(Actuval, expected)
AssertionError: 'warning  computer viruses can be transmit[528 chars]ion ' != ''
- warning  computer viruses can be transmitted via email  the recipient should check this email and any attachments for the presence of viruses  the company accepts no liability for any damage caused by any virus transmitted by this email  e-mail transmission cannot be guaranteed to be secure or error-free as information could be intercepted  corrupted  lost  destroyed  arrive late or incomplete  or contain viruses  the sender therefore does not accept liability for any errors or omissions in the contents of this message  which arise as a result of e-mail transmission 
+ 

]]>		</error>
	</testcase>
	<testcase classname="InequalityTest" name="test_iDisclaimerRemovalTest_26" time="0.587">
		<error message="'warning  although the company has taken r[180 chars]nts ' != ''
- warning  although the company has taken reasonable precautions to ensure no viruses are present in this email  the company cannot accept responsibility for any loss or damage arising from the use of this email or attachments 
+ 
" type="AssertionError">
<![CDATA[Traceback (most recent call last):
  File "C:/Users/CHRIS/PycharmProjects/Requests/Requests.py", line 241, in test_iDisclaimerRemovalTest_26
    self.assertEqual(Actuval, expected)
AssertionError: 'warning  although the company has taken r[180 chars]nts ' != ''
- warning  although the company has taken reasonable precautions to ensure no viruses are present in this email  the company cannot accept responsibility for any loss or damage arising from the use of this email or attachments 
+ 

]]>		</error>
	</testcase>
	<testcase classname="InequalityTest" name="test_iDisclaimerRemovalTest_27" time="0.609">
		<error message="'no employee or agent is authorized to con[140 chars]or  ' != ''
- no employee or agent is authorized to conclude any binding agreement on behalf of  company  with another party by email without express written confirmation by  supervisor or director  
+ 
" type="AssertionError">
<![CDATA[Traceback (most recent call last):
  File "C:/Users/CHRIS/PycharmProjects/Requests/Requests.py", line 246, in test_iDisclaimerRemovalTest_27
    self.assertEqual(Actuval, expected)
AssertionError: 'no employee or agent is authorized to con[140 chars]or  ' != ''
- no employee or agent is authorized to conclude any binding agreement on behalf of  company  with another party by email without express written confirmation by  supervisor or director  
+ 

]]>		</error>
	</testcase>
	<testcase classname="InequalityTest" name="test_iDisclaimerRemovalTest_28" time="0.636">
		<error message="'our company accepts no liability for the [354 chars]ted ' != ''
- our company accepts no liability for the content of this email  or for the consequences of any actions taken on the basis of the information provided  unless that information is subsequently confirmed in writing  if you are not the intended recipient you are notified that disclosing  copying  distributing or taking any action in reliance on the contents of this information is strictly prohibited 
+ 
" type="AssertionError">
<![CDATA[Traceback (most recent call last):
  File "C:/Users/CHRIS/PycharmProjects/Requests/Requests.py", line 140, in test_iDisclaimerRemovalTest_28
    self.assertEqual(Actuval, expected)
AssertionError: 'our company accepts no liability for the [354 chars]ted ' != ''
- our company accepts no liability for the content of this email  or for the consequences of any actions taken on the basis of the information provided  unless that information is subsequently confirmed in writing  if you are not the intended recipient you are notified that disclosing  copying  distributing or taking any action in reliance on the contents of this information is strictly prohibited 
+ 

]]>		</error>
	</testcase>
	<testcase classname="InequalityTest" name="test_iDisclaimerRemovalTest_29" time="0.647">
		<error message="'any views or opinions presented in this e[576 chars]ing ' != ''
- any views or opinions presented in this email are solely those of the author and do not necessarily represent those of the company  employees of  company  are expressly required not to make defamatory statements and not to infringe or authorize any infringement of copyright or any other legal right by email communications  any such communication is contrary to company policy and outside the scope of the employment of the individual concerned  the company will not accept any liability in respect of such communication  and the employee responsible will be personally liable for any damages or other liability arising 
+ 
" type="AssertionError">
<![CDATA[Traceback (most recent call last):
  File "C:/Users/CHRIS/PycharmProjects/Requests/Requests.py", line 145, in test_iDisclaimerRemovalTest_29
    self.assertEqual(Actuval, expected)
AssertionError: 'any views or opinions presented in this e[576 chars]ing ' != ''
- any views or opinions presented in this email are solely those of the author and do not necessarily represent those of the company  employees of  company  are expressly required not to make defamatory statements and not to infringe or authorize any infringement of copyright or any other legal right by email communications  any such communication is contrary to company policy and outside the scope of the employment of the individual concerned  the company will not accept any liability in respect of such communication  and the employee responsible will be personally liable for any damages or other liability arising 
+ 

]]>		</error>
	</testcase>
	<testcase classname="InequalityTest" name="test_iDisclaimerRemovalTest_30" time="1.046">
		<error message="'this message contains confidential inform[736 chars]com ' != ''
Diff is 788 characters long. Set self.maxDiff to None to see it." type="AssertionError">
<![CDATA[Traceback (most recent call last):
  File "C:/Users/CHRIS/PycharmProjects/Requests/Requests.py", line 151, in test_iDisclaimerRemovalTest_30
    self.assertEqual(Actuval, expected)
AssertionError: 'this message contains confidential inform[736 chars]com ' != ''
Diff is 788 characters long. Set self.maxDiff to None to see it.
]]>		</error>
	</testcase>
	<testcase classname="InequalityTest" name="test_iDisclaimerRemovalTest_32" time="1.037">
		<error message="'this email and any files transmitted with[520 chars]il  ' != ''
- this email and any files transmitted with it are confidential and intended solely for the use of the individual or entity to whom they are addressed  if you have received this email in error please notify the system manager  please note that any views or opinions presented in this email are solely those of the author and do not necessarily represent those of the company  finally  the recipient should check this email and any attachments for the presence of viruses  the company accepts no liability for any damage caused by any virus transmitted by this email  
+ 
" type="AssertionError">
<![CDATA[Traceback (most recent call last):
  File "C:/Users/CHRIS/PycharmProjects/Requests/Requests.py", line 176, in test_iDisclaimerRemovalTest_32
    self.assertEqual(Actuval, expected)
AssertionError: 'this email and any files transmitted with[520 chars]il  ' != ''
- this email and any files transmitted with it are confidential and intended solely for the use of the individual or entity to whom they are addressed  if you have received this email in error please notify the system manager  please note that any views or opinions presented in this email are solely those of the author and do not necessarily represent those of the company  finally  the recipient should check this email and any attachments for the presence of viruses  the company accepts no liability for any damage caused by any virus transmitted by this email  
+ 

]]>		</error>
	</testcase>
	<testcase classname="InequalityTest" name="test_iDisclaimerRemovalTest_33" time="0.654">
		<error message="'this message contains confidential inform[452 chars]ail ' != ''
- this message contains confidential information and is intended only for  recipient name   if you are not the named addressee you should not disseminate  distribute or copy this e-mail  please notify the sender immediately if you have received this e-mail by mistake and delete this e-mail from your system  finally  the recipient should check this email and any attachments for the presence of viruses  the company accepts no liability for any damage caused by any virus transmitted by this email 
+ 
" type="AssertionError">
<![CDATA[Traceback (most recent call last):
  File "C:/Users/CHRIS/PycharmProjects/Requests/Requests.py", line 181, in test_iDisclaimerRemovalTest_33
    self.assertEqual(Actuval, expected)
AssertionError: 'this message contains confidential inform[452 chars]ail ' != ''
- this message contains confidential information and is intended only for  recipient name   if you are not the named addressee you should not disseminate  distribute or copy this e-mail  please notify the sender immediately if you have received this e-mail by mistake and delete this e-mail from your system  finally  the recipient should check this email and any attachments for the presence of viruses  the company accepts no liability for any damage caused by any virus transmitted by this email 
+ 

]]>		</error>
	</testcase>
	<testcase classname="InequalityTest" name="test_iDisclaimerRemovalTest_34" time="0.677">
		<error message="'all quotes from  company  are valid for 3[581 chars]il  ' != ''
- all quotes from  company  are valid for 30 days following the date of email transmission  our company accepts no liability for the content of this email  or for the consequences of any actions taken on the basis of the information provided  unless that information is subsequently confirmed in writing  any views or opinions presented in this email are solely those of the author and do not necessarily represent those of the company  finally  the recipient should check this email and any attachments for the presence of viruses  the company accepts no liability for any damage caused by any virus transmitted by this email  
+ 
" type="AssertionError">
<![CDATA[Traceback (most recent call last):
  File "C:/Users/CHRIS/PycharmProjects/Requests/Requests.py", line 186, in test_iDisclaimerRemovalTest_34
    self.assertEqual(Actuval, expected)
AssertionError: 'all quotes from  company  are valid for 3[581 chars]il  ' != ''
- all quotes from  company  are valid for 30 days following the date of email transmission  our company accepts no liability for the content of this email  or for the consequences of any actions taken on the basis of the information provided  unless that information is subsequently confirmed in writing  any views or opinions presented in this email are solely those of the author and do not necessarily represent those of the company  finally  the recipient should check this email and any attachments for the presence of viruses  the company accepts no liability for any damage caused by any virus transmitted by this email  
+ 

]]>		</error>
	</testcase>
	<testcase classname="InequalityTest" name="test_iDisclaimerRemovalTest_35" time="0.650">
		<error message="'our company accepts no liability for the [538 chars]il  ' != ''
- our company accepts no liability for the content of this email  or for the consequences of any actions taken on the basis of the information provided  unless that information is subsequently confirmed in writing  any views or opinions presented in this email are solely those of the author and do not necessarily represent those of the company  warning  computer viruses can be transmitted via email  the recipient should check this email and any attachments for the presence of viruses  the company accepts no liability for any damage caused by any virus transmitted by this email  
+ 
" type="AssertionError">
<![CDATA[Traceback (most recent call last):
  File "C:/Users/CHRIS/PycharmProjects/Requests/Requests.py", line 156, in test_iDisclaimerRemovalTest_35
    self.assertEqual(Actuval, expected)
AssertionError: 'our company accepts no liability for the [538 chars]il  ' != ''
- our company accepts no liability for the content of this email  or for the consequences of any actions taken on the basis of the information provided  unless that information is subsequently confirmed in writing  any views or opinions presented in this email are solely those of the author and do not necessarily represent those of the company  warning  computer viruses can be transmitted via email  the recipient should check this email and any attachments for the presence of viruses  the company accepts no liability for any damage caused by any virus transmitted by this email  
+ 

]]>		</error>
	</testcase>
	<testcase classname="InequalityTest" name="test_iDisclaimerRemovalTest_36" time="0.731">
		<error message="'this message is sent of behalf of  manage[442 chars]er  ' != ''
- this message is sent of behalf of  manager  and is intended for  recipient   if you are not the intended recipient you are notified that disclosing  copying  distributing or taking any action in reliance on the contents of this information is strictly prohibited   company  accepts no liability for the content of this email  or for the consequences of any actions taken on the basis of the information provided  unless that information is subsequently confirmed in writing by  manager  
+ 
" type="AssertionError">
<![CDATA[Traceback (most recent call last):
  File "C:/Users/CHRIS/PycharmProjects/Requests/Requests.py", line 161, in test_iDisclaimerRemovalTest_36
    self.assertEqual(Actuval, expected)
AssertionError: 'this message is sent of behalf of  manage[442 chars]er  ' != ''
- this message is sent of behalf of  manager  and is intended for  recipient   if you are not the intended recipient you are notified that disclosing  copying  distributing or taking any action in reliance on the contents of this information is strictly prohibited   company  accepts no liability for the content of this email  or for the consequences of any actions taken on the basis of the information provided  unless that information is subsequently confirmed in writing by  manager  
+ 

]]>		</error>
	</testcase>
	<testcase classname="InequalityTest" name="test_iDisclaimerRemovalTest_37" time="0.702">
		<error message="'this message contains confidential inform[622 chars]on  ' != ''
Diff is 674 characters long. Set self.maxDiff to None to see it." type="AssertionError">
<![CDATA[Traceback (most recent call last):
  File "C:/Users/CHRIS/PycharmProjects/Requests/Requests.py", line 166, in test_iDisclaimerRemovalTest_37
    self.assertEqual(Actuval, expected)
AssertionError: 'this message contains confidential inform[622 chars]on  ' != ''
Diff is 674 characters long. Set self.maxDiff to None to see it.
]]>		</error>
	</testcase>
	<testcase classname="InequalityTest" name="test_iDisclaimerRemovalTest_38" time="0.634">
		<error message="'  this message is intended only for  reci[195 chars]ted ' != ''
-   this message is intended only for  recipient name   if you are not the intended recipient you are notified that disclosing  copying  distributing or taking any action in reliance on the contents of this information is strictly prohibited 
+ 
" type="AssertionError">
<![CDATA[Traceback (most recent call last):
  File "C:/Users/CHRIS/PycharmProjects/Requests/Requests.py", line 171, in test_iDisclaimerRemovalTest_38
    self.assertEqual(Actuval, expected)
AssertionError: '  this message is intended only for  reci[195 chars]ted ' != ''
-   this message is intended only for  recipient name   if you are not the intended recipient you are notified that disclosing  copying  distributing or taking any action in reliance on the contents of this information is strictly prohibited 
+ 

]]>		</error>
	</testcase>
	<testcase classname="InequalityTest" name="test_iDisclaimerRemovalTest_39" time="0.681">
		<error message="'employees of  company  are expressly requ[523 chars]ly  ' != ''
- employees of  company  are expressly required not to make defamatory statements and not to infringe or authorize any infringement of copyright or any other legal right by email communications  any such communication is contrary to company policy and outside the scope of the employment of the individual concerned  the company will not accept any liability in respect of such communication  and the employee responsible will be personally liable for any damages or other liability arising  employees who receive such an email must notify their supervisor immediately  
+ 
" type="AssertionError">
<![CDATA[Traceback (most recent call last):
  File "C:/Users/CHRIS/PycharmProjects/Requests/Requests.py", line 95, in test_iDisclaimerRemovalTest_39
    self.assertEqual(Actuval, expected)
AssertionError: 'employees of  company  are expressly requ[523 chars]ly  ' != ''
- employees of  company  are expressly required not to make defamatory statements and not to infringe or authorize any infringement of copyright or any other legal right by email communications  any such communication is contrary to company policy and outside the scope of the employment of the individual concerned  the company will not accept any liability in respect of such communication  and the employee responsible will be personally liable for any damages or other liability arising  employees who receive such an email must notify their supervisor immediately  
+ 

]]>		</error>
	</testcase>
	<testcase classname="InequalityTest" name="test_iDisclaimerRemovalTest_4" time="0.663">
		<error message="'disclaimer  the information contained in [431 chars] me ' != ''
- disclaimer  the information contained in this communication is confidential and privileged proprietary information intended only for the personal and confidential use of the individual or entity to which it is addressed  if you are not the addressee indicated in this message  you are hereby notified that you have received this communication in error and that any review  dissemination  copying or unauthorized use of this message is strictly prohibited  delivery of this me 
+ 
" type="AssertionError">
<![CDATA[Traceback (most recent call last):
  File "C:/Users/CHRIS/PycharmProjects/Requests/Requests.py", line 206, in test_iDisclaimerRemovalTest_4
    self.assertEqual(Actuval, expected)
AssertionError: 'disclaimer  the information contained in [431 chars] me ' != ''
- disclaimer  the information contained in this communication is confidential and privileged proprietary information intended only for the personal and confidential use of the individual or entity to which it is addressed  if you are not the addressee indicated in this message  you are hereby notified that you have received this communication in error and that any review  dissemination  copying or unauthorized use of this message is strictly prohibited  delivery of this me 
+ 

]]>		</error>
	</testcase>
	<testcase classname="InequalityTest" name="test_iDisclaimerRemovalTest_40" time="0.765">
		<error message="'note  privileged/confidential information[1212 chars]age ' != ''
Diff is 1264 characters long. Set self.maxDiff to None to see it." type="AssertionError">
<![CDATA[Traceback (most recent call last):
  File "C:/Users/CHRIS/PycharmProjects/Requests/Requests.py", line 100, in test_iDisclaimerRemovalTest_40
    self.assertEqual(Actuval, expected)
AssertionError: 'note  privileged/confidential information[1212 chars]age ' != ''
Diff is 1264 characters long. Set self.maxDiff to None to see it.
]]>		</error>
	</testcase>
	<testcase classname="InequalityTest" name="test_iDisclaimerRemovalTest_42" time="0.689">
		<error message="'all quotes from  company  are valid for 3[641 chars]ail ' != ''
Diff is 693 characters long. Set self.maxDiff to None to see it." type="AssertionError">
<![CDATA[Traceback (most recent call last):
  File "C:/Users/CHRIS/PycharmProjects/Requests/Requests.py", line 130, in test_iDisclaimerRemovalTest_42
    self.assertEqual(Actuval, expected)
AssertionError: 'all quotes from  company  are valid for 3[641 chars]ail ' != ''
Diff is 693 characters long. Set self.maxDiff to None to see it.
]]>		</error>
	</testcase>
	<testcase classname="InequalityTest" name="test_iDisclaimerRemovalTest_43" time="0.647">
		<error message="'employees of  company  are expressly requ[523 chars]ly  ' != ''
- employees of  company  are expressly required not to make defamatory statements and not to infringe or authorize any infringement of copyright or any other legal right by email communications  any such communication is contrary to company policy and outside the scope of the employment of the individual concerned  the company will not accept any liability in respect of such communication  and the employee responsible will be personally liable for any damages or other liability arising  employees who receive such an email must notify their supervisor immediately  
+ 
" type="AssertionError">
<![CDATA[Traceback (most recent call last):
  File "C:/Users/CHRIS/PycharmProjects/Requests/Requests.py", line 135, in test_iDisclaimerRemovalTest_43
    self.assertEqual(Actuval, expected)
AssertionError: 'employees of  company  are expressly requ[523 chars]ly  ' != ''
- employees of  company  are expressly required not to make defamatory statements and not to infringe or authorize any infringement of copyright or any other legal right by email communications  any such communication is contrary to company policy and outside the scope of the employment of the individual concerned  the company will not accept any liability in respect of such communication  and the employee responsible will be personally liable for any damages or other liability arising  employees who receive such an email must notify their supervisor immediately  
+ 

]]>		</error>
	</testcase>
	<testcase classname="InequalityTest" name="test_iDisclaimerRemovalTest_44" time="0.580">
		<error message="'this email and any files transmitted with[179 chars]ger ' != ''
- this email and any files transmitted with it are confidential and intended solely for the use of the individual or entity to whom they are addressed  if you have received this email in error please notify the system manager 
+ 
" type="AssertionError">
<![CDATA[Traceback (most recent call last):
  File "C:/Users/CHRIS/PycharmProjects/Requests/Requests.py", line 28, in test_iDisclaimerRemovalTest_44
    self.assertEqual(Actuval, expected)
AssertionError: 'this email and any files transmitted with[179 chars]ger ' != ''
- this email and any files transmitted with it are confidential and intended solely for the use of the individual or entity to whom they are addressed  if you have received this email in error please notify the system manager 
+ 

]]>		</error>
	</testcase>
	<testcase classname="InequalityTest" name="test_iDisclaimerRemovalTest_45" time="0.600">
		<error message="'no employee or agent is authorized to con[135 chars]tor ' != ''
- no employee or agent is authorized to conclude any binding agreement on behalf of your company name with another party by email without express written confirmation by a. director 
+ 
" type="AssertionError">
<![CDATA[Traceback (most recent call last):
  File "C:/Users/CHRIS/PycharmProjects/Requests/Requests.py", line 105, in test_iDisclaimerRemovalTest_45
    self.assertEqual(Actuval, expected)
AssertionError: 'no employee or agent is authorized to con[135 chars]tor ' != ''
- no employee or agent is authorized to conclude any binding agreement on behalf of your company name with another party by email without express written confirmation by a. director 
+ 

]]>		</error>
	</testcase>
	<testcase classname="InequalityTest" name="test_iDisclaimerRemovalTest_46" time="0.671">
		<error message="'warning  computer viruses can be transmit[529 chars]on  ' != ''
- warning  computer viruses can be transmitted via email  the recipient should check this email and any attachments for the presence of viruses  the company accepts no liability for any damage caused by any virus transmitted by this email  e-mail transmission cannot be guaranteed to be secure or error-free as information could be intercepted  corrupted  lost  destroyed  arrive late or incomplete  or contain viruses  the sender therefore does not accept liability for any errors or omissions in the contents of this message  which arise as a result of e-mail transmission  
+ 
" type="AssertionError">
<![CDATA[Traceback (most recent call last):
  File "C:/Users/CHRIS/PycharmProjects/Requests/Requests.py", line 110, in test_iDisclaimerRemovalTest_46
    self.assertEqual(Actuval, expected)
AssertionError: 'warning  computer viruses can be transmit[529 chars]on  ' != ''
- warning  computer viruses can be transmitted via email  the recipient should check this email and any attachments for the presence of viruses  the company accepts no liability for any damage caused by any virus transmitted by this email  e-mail transmission cannot be guaranteed to be secure or error-free as information could be intercepted  corrupted  lost  destroyed  arrive late or incomplete  or contain viruses  the sender therefore does not accept liability for any errors or omissions in the contents of this message  which arise as a result of e-mail transmission  
+ 

]]>		</error>
	</testcase>
	<testcase classname="InequalityTest" name="test_iDisclaimerRemovalTest_47" time="0.687">
		<error message="'notices  this message  including attachme[595 chars]ere ' != ''
Diff is 647 characters long. Set self.maxDiff to None to see it." type="AssertionError">
<![CDATA[Traceback (most recent call last):
  File "C:/Users/CHRIS/PycharmProjects/Requests/Requests.py", line 115, in test_iDisclaimerRemovalTest_47
    self.assertEqual(Actuval, expected)
AssertionError: 'notices  this message  including attachme[595 chars]ere ' != ''
Diff is 647 characters long. Set self.maxDiff to None to see it.
]]>		</error>
	</testcase>
	<testcase classname="InequalityTest" name="test_iDisclaimerRemovalTest_48" time="0.633">
		<error message="'to ensure compliance with internal revenu[364 chars]ein ' != ''
- to ensure compliance with internal revenue service circular 230  we inform you that any u.s. federal tax advice contained in this communication  including all attachments  is not intended or written to be used  and cannot be used  for the purpose of  1  avoiding penalties under the internal revenue code or  2  promoting  marketing or recommending to another party any tax-related matter(s  addressed herein 
+ 
" type="AssertionError">
<![CDATA[Traceback (most recent call last):
  File "C:/Users/CHRIS/PycharmProjects/Requests/Requests.py", line 120, in test_iDisclaimerRemovalTest_48
    self.assertEqual(Actuval, expected)
AssertionError: 'to ensure compliance with internal revenu[364 chars]ein ' != ''
- to ensure compliance with internal revenue service circular 230  we inform you that any u.s. federal tax advice contained in this communication  including all attachments  is not intended or written to be used  and cannot be used  for the purpose of  1  avoiding penalties under the internal revenue code or  2  promoting  marketing or recommending to another party any tax-related matter(s  addressed herein 
+ 

]]>		</error>
	</testcase>
	<testcase classname="InequalityTest" name="test_iDisclaimerRemovalTest_49" time="0.615">
		<error message="'confidentiality note  this transmission m[376 chars]com ' != ''
- confidentiality note  this transmission may contain information which is privileged  confidential  and protected by the attorney-client or attorney work product privileges  if you are not the addressee  note that any disclosure  copying  distribution  or use of the contents of this message is prohibited  if you have received this transmission in error  please destroy it and notify me immediately at twincitiesfirm.com 
+ 
" type="AssertionError">
<![CDATA[Traceback (most recent call last):
  File "C:/Users/CHRIS/PycharmProjects/Requests/Requests.py", line 125, in test_iDisclaimerRemovalTest_49
    self.assertEqual(Actuval, expected)
AssertionError: 'confidentiality note  this transmission m[376 chars]com ' != ''
- confidentiality note  this transmission may contain information which is privileged  confidential  and protected by the attorney-client or attorney work product privileges  if you are not the addressee  note that any disclosure  copying  distribution  or use of the contents of this message is prohibited  if you have received this transmission in error  please destroy it and notify me immediately at twincitiesfirm.com 
+ 

]]>		</error>
	</testcase>
	<testcase classname="InequalityTest" name="test_iDisclaimerRemovalTest_5" time="0.614">
		<error message="'notice  this email and any attachments ar[411 chars]ive ' != ''
- notice  this email and any attachments are confidential  intended for only the recipient(s  named above and are protected by law  it may contain information that is protected from use or disclosure under the attorney-client privilege  the work product doctrine or other applicable law  this information may also be entitled to legal protection under the united states electronic communications privacy act  18 usc sections 2510-2521  sender does not waive 
+ 
" type="AssertionError">
<![CDATA[Traceback (most recent call last):
  File "C:/Users/CHRIS/PycharmProjects/Requests/Requests.py", line 211, in test_iDisclaimerRemovalTest_5
    self.assertEqual(Actuval, expected)
AssertionError: 'notice  this email and any attachments ar[411 chars]ive ' != ''
- notice  this email and any attachments are confidential  intended for only the recipient(s  named above and are protected by law  it may contain information that is protected from use or disclosure under the attorney-client privilege  the work product doctrine or other applicable law  this information may also be entitled to legal protection under the united states electronic communications privacy act  18 usc sections 2510-2521  sender does not waive 
+ 

]]>		</error>
	</testcase>
	<testcase classname="InequalityTest" name="test_iDisclaimerRemovalTest_50" time="0.656">
		<error message="'confidential communication e-mails from t[498 chars]you ' != ''
- confidential communication e-mails from this firm normally contain confidential and privileged material  and are for the sole use of the intended recipient  use or distribution by an unintended recipient is prohibited  and may be a violation of law  if you believe that you received this e-mail in error  please do not read this e-mail or any attached items   please delete the e-mail and all attachments  including any copies thereof  and inform the sender that you have deleted  the e-mail  all attachments and any copies thereof  thank you 
+ 
" type="AssertionError">
<![CDATA[Traceback (most recent call last):
  File "C:/Users/CHRIS/PycharmProjects/Requests/Requests.py", line 34, in test_iDisclaimerRemovalTest_50
    self.assertEqual(Actuval, expected)
AssertionError: 'confidential communication e-mails from t[498 chars]you ' != ''
- confidential communication e-mails from this firm normally contain confidential and privileged material  and are for the sole use of the intended recipient  use or distribution by an unintended recipient is prohibited  and may be a violation of law  if you believe that you received this e-mail in error  please do not read this e-mail or any attached items   please delete the e-mail and all attachments  including any copies thereof  and inform the sender that you have deleted  the e-mail  all attachments and any copies thereof  thank you 
+ 

]]>		</error>
	</testcase>
	<testcase classname="InequalityTest" name="test_iDisclaimerRemovalTest_51" time="0.617">
		<error message="'confidentiality notice  this transmission[378 chars]com ' != ''
- confidentiality notice  this transmission may contain information which is privileged  confidential  and protected by the attorney-client or attorney work product privileges  if you are not the addressee  note that any disclosure  copying  distribution  or use of the contents of this message is prohibited  if you have received this transmission in error  please destroy it and notify me immediately at twincitiesfirm.com 
+ 
" type="AssertionError">
<![CDATA[Traceback (most recent call last):
  File "C:/Users/CHRIS/PycharmProjects/Requests/Requests.py", line 39, in test_iDisclaimerRemovalTest_51
    self.assertEqual(Actuval, expected)
AssertionError: 'confidentiality notice  this transmission[378 chars]com ' != ''
- confidentiality notice  this transmission may contain information which is privileged  confidential  and protected by the attorney-client or attorney work product privileges  if you are not the addressee  note that any disclosure  copying  distribution  or use of the contents of this message is prohibited  if you have received this transmission in error  please destroy it and notify me immediately at twincitiesfirm.com 
+ 

]]>		</error>
	</testcase>
	<testcase classname="InequalityTest" name="test_iDisclaimerRemovalTest_52" time="0.609">
		<error message="'irs circular 230 notice  to ensure compli[402 chars]ein ' != ''
- irs circular 230 notice  to ensure compliance with internal revenue service circular 230 requirements  we inform you that any u.s. federal tax advice contained in this communication  including all attachments  is not intended or written to be used  and cannot be used  for the purpose of  1  avoiding penalties under the internal revenue code or  2  promoting  marketing or recommending to another party any tax-related matter(s  addressed herein 
+ 
" type="AssertionError">
<![CDATA[Traceback (most recent call last):
  File "C:/Users/CHRIS/PycharmProjects/Requests/Requests.py", line 44, in test_iDisclaimerRemovalTest_52
    self.assertEqual(Actuval, expected)
AssertionError: 'irs circular 230 notice  to ensure compli[402 chars]ein ' != ''
- irs circular 230 notice  to ensure compliance with internal revenue service circular 230 requirements  we inform you that any u.s. federal tax advice contained in this communication  including all attachments  is not intended or written to be used  and cannot be used  for the purpose of  1  avoiding penalties under the internal revenue code or  2  promoting  marketing or recommending to another party any tax-related matter(s  addressed herein 
+ 

]]>		</error>
	</testcase>
	<testcase classname="InequalityTest" name="test_iDisclaimerRemovalTest_54" time="0.618">
		<error message="'irs circular 230 notice  in compliance wi[386 chars]nt  ' != ''
- irs circular 230 notice  in compliance with irs requirements  we inform you that any u.s. tax advice contained in this communication  or in any attachment  is not intended or written to be used  and cannot be used  for  a  the purpose of avoiding penalties under the internal revenue code or  b  promoting  marketing or recommending to another party any transaction or matter addressed in this communication  or in any attachment  
+ 
" type="AssertionError">
<![CDATA[Traceback (most recent call last):
  File "C:/Users/CHRIS/PycharmProjects/Requests/Requests.py", line 54, in test_iDisclaimerRemovalTest_54
    self.assertEqual(Actuval, expected)
AssertionError: 'irs circular 230 notice  in compliance wi[386 chars]nt  ' != ''
- irs circular 230 notice  in compliance with irs requirements  we inform you that any u.s. tax advice contained in this communication  or in any attachment  is not intended or written to be used  and cannot be used  for  a  the purpose of avoiding penalties under the internal revenue code or  b  promoting  marketing or recommending to another party any transaction or matter addressed in this communication  or in any attachment  
+ 

]]>		</error>
	</testcase>
	<testcase classname="InequalityTest" name="test_iDisclaimerRemovalTest_55" time="0.649">
		<error message="'**this is a transmission from the law fir[417 chars]    ' != ''
- **this is a transmission from the law firm of  firm name  and may contain information which is privileged  confidential  and protected by the attorney-client or attorney work product privileges  if you are not the addressee  note that any disclosure  copying  distribution  or use of the contents of this message is prohibited  if you have received this transmission in error  please destroy it and notify us immediately at our telephone number                  
+ 
" type="AssertionError">
<![CDATA[Traceback (most recent call last):
  File "C:/Users/CHRIS/PycharmProjects/Requests/Requests.py", line 59, in test_iDisclaimerRemovalTest_55
    self.assertEqual(Actuval, expected)
AssertionError: '**this is a transmission from the law fir[417 chars]    ' != ''
- **this is a transmission from the law firm of  firm name  and may contain information which is privileged  confidential  and protected by the attorney-client or attorney work product privileges  if you are not the addressee  note that any disclosure  copying  distribution  or use of the contents of this message is prohibited  if you have received this transmission in error  please destroy it and notify us immediately at our telephone number                  
+ 

]]>		</error>
	</testcase>
	<testcase classname="InequalityTest" name="test_iDisclaimerRemovalTest_56" time="0.651">
		<error message="'confidentiality note  this e-mail communi[506 chars]nts ' != ''
- confidentiality note  this e-mail communication and any attachments may contain confidential and privileged information for the use of the designated recipient(s  named above  if you are not the intended recipient  you are hereby notified that you have received this communication in error and that any review  disclosure  dissemination  distribution or copying of it or its contents is prohibited  if you have received this communication in error  please notify the sender immediately and destroy all copies of this communication and any attachments 
+ 
" type="AssertionError">
<![CDATA[Traceback (most recent call last):
  File "C:/Users/CHRIS/PycharmProjects/Requests/Requests.py", line 64, in test_iDisclaimerRemovalTest_56
    self.assertEqual(Actuval, expected)
AssertionError: 'confidentiality note  this e-mail communi[506 chars]nts ' != ''
- confidentiality note  this e-mail communication and any attachments may contain confidential and privileged information for the use of the designated recipient(s  named above  if you are not the intended recipient  you are hereby notified that you have received this communication in error and that any review  disclosure  dissemination  distribution or copying of it or its contents is prohibited  if you have received this communication in error  please notify the sender immediately and destroy all copies of this communication and any attachments 
+ 

]]>		</error>
	</testcase>
	<testcase classname="InequalityTest" name="test_iDisclaimerRemovalTest_57" time="0.630">
		<error message="'this electronic message and any files tra[376 chars]you ' != ''
- this electronic message and any files transmitted with it are confidential and intended only for the person or entity to which it is addressed  any distribution  dissemination  disclosure  or copying of this communication  or the use of its contents  is strictly prohibited  if you have received this message in error  please notify the sender immediately and delete this message from all data storage systems  thank you 
+ 
" type="AssertionError">
<![CDATA[Traceback (most recent call last):
  File "C:/Users/CHRIS/PycharmProjects/Requests/Requests.py", line 69, in test_iDisclaimerRemovalTest_57
    self.assertEqual(Actuval, expected)
AssertionError: 'this electronic message and any files tra[376 chars]you ' != ''
- this electronic message and any files transmitted with it are confidential and intended only for the person or entity to which it is addressed  any distribution  dissemination  disclosure  or copying of this communication  or the use of its contents  is strictly prohibited  if you have received this message in error  please notify the sender immediately and delete this message from all data storage systems  thank you 
+ 

]]>		</error>
	</testcase>
	<testcase classname="InequalityTest" name="test_iDisclaimerRemovalTest_59" time="0.674">
		<error message="'confidentiality notice  this email  inclu[702 chars]you ' != ''
Diff is 754 characters long. Set self.maxDiff to None to see it." type="AssertionError">
<![CDATA[Traceback (most recent call last):
  File "C:/Users/CHRIS/PycharmProjects/Requests/Requests.py", line 49, in test_iDisclaimerRemovalTest_59
    self.assertEqual(Actuval, expected)
AssertionError: 'confidentiality notice  this email  inclu[702 chars]you ' != ''
Diff is 754 characters long. Set self.maxDiff to None to see it.
]]>		</error>
	</testcase>
	<testcase classname="InequalityTest" name="test_iDisclaimerRemovalTest_7" time="0.649">
		<error message="'the confidentiality of customer informati[372 chars]ta  ' != ''
- the confidentiality of customer information is of the utmost importance to citi. our ongoing interaction with you involves the transmission of confidential information via internet e-mail  you are aware that e-mail is not secure and has risks of unauthorized access  tampering and disclosure of your information  therefore  your continuing to send e-mails to us constitutes consent to our use of this method of data  
+ 
" type="AssertionError">
<![CDATA[Traceback (most recent call last):
  File "C:/Users/CHRIS/PycharmProjects/Requests/Requests.py", line 216, in test_iDisclaimerRemovalTest_7
    self.assertEqual(Actuval, expected)
AssertionError: 'the confidentiality of customer informati[372 chars]ta  ' != ''
- the confidentiality of customer information is of the utmost importance to citi. our ongoing interaction with you involves the transmission of confidential information via internet e-mail  you are aware that e-mail is not secure and has risks of unauthorized access  tampering and disclosure of your information  therefore  your continuing to send e-mails to us constitutes consent to our use of this method of data  
+ 

]]>		</error>
	</testcase>
	<testcase classname="InequalityTest" name="test_iDisclaimerRemovalTest_9" time="0.597">
		<error message="'this communication and any attached files[279 chars]ion ' != ''
- this communication and any attached files may contain information that is confidential or privileged  if this communication has been received in error  please delete or destroy it immediately  please go to http:#www.opco.com/emaildisclosures for important information and further disclosures pertaining to this transmission 
+ 
" type="AssertionError">
<![CDATA[Traceback (most recent call last):
  File "C:/Users/CHRIS/PycharmProjects/Requests/Requests.py", line 261, in test_iDisclaimerRemovalTest_9
    self.assertEqual(Actuval, expected)
AssertionError: 'this communication and any attached files[279 chars]ion ' != ''
- this communication and any attached files may contain information that is confidential or privileged  if this communication has been received in error  please delete or destroy it immediately  please go to http:#www.opco.com/emaildisclosures for important information and further disclosures pertaining to this transmission 
+ 

]]>		</error>
	</testcase>
	<testcase classname="InequalityTest" name="test_mcDisclaimerRemovalTest_1" time="0.723">
		<error message="&quot;mr. curl  i heard your buddy gabriel is d[660 chars]r   &quot; != &quot;#g        i heard your buddy #n      is d[175 chars]    &quot;
Diff is 932 characters long. Set self.maxDiff to None to see it." type="AssertionError">
<![CDATA[Traceback (most recent call last):
  File "C:/Users/CHRIS/PycharmProjects/Requests/Requests.py", line 310, in test_mcDisclaimerRemovalTest_1
    self.assertEqual(Actuval, expected)
AssertionError: "mr. curl  i heard your buddy gabriel is d[660 chars]r   " != "#g        i heard your buddy #n      is d[175 chars]    "
Diff is 932 characters long. Set self.maxDiff to None to see it.
]]>		</error>
	</testcase>
	<testcase classname="InequalityTest" name="test_mcDisclaimerRemovalTest_2" time="0.726">
		<error message="'mr. suh  nothing much   thanks, allen sch[769 chars]ly  ' != '#g       nothing much   #z      #s       [203 chars]    '
Diff is 1069 characters long. Set self.maxDiff to None to see it." type="AssertionError">
<![CDATA[Traceback (most recent call last):
  File "C:/Users/CHRIS/PycharmProjects/Requests/Requests.py", line 316, in test_mcDisclaimerRemovalTest_2
    self.assertEqual(Actuval, expected)
AssertionError: 'mr. suh  nothing much   thanks, allen sch[769 chars]ly  ' != '#g       nothing much   #z      #s       [203 chars]    '
Diff is 1069 characters long. Set self.maxDiff to None to see it.
]]>		</error>
	</testcase>
	<testcase classname="InequalityTest" name="test_mcDisclaimerRemovalTest_3" time="0.722">
		<error message="'mr. cogliano  got wind that brown #n     [661 chars]iba ' != '#g            got wind that brown #n     [148 chars]    '
Diff is 906 characters long. Set self.maxDiff to None to see it." type="AssertionError">
<![CDATA[Traceback (most recent call last):
  File "C:/Users/CHRIS/PycharmProjects/Requests/Requests.py", line 322, in test_mcDisclaimerRemovalTest_3
    self.assertEqual(Actuval, expected)
AssertionError: 'mr. cogliano  got wind that brown #n     [661 chars]iba ' != '#g            got wind that brown #n     [148 chars]    '
Diff is 906 characters long. Set self.maxDiff to None to see it.
]]>		</error>
	</testcase>
	<testcase classname="InequalityTest" name="test_nlDisclaimerRemovalTest_1" time="0.679">
		<error message="'hey jensen   no.  thanks, robert davis al[619 chars]ail ' != '#g           no.  #z      #s            '
Diff is 711 characters long. Set self.maxDiff to None to see it." type="AssertionError">
<![CDATA[Traceback (most recent call last):
  File "C:/Users/CHRIS/PycharmProjects/Requests/Requests.py", line 330, in test_nlDisclaimerRemovalTest_1
    self.assertEqual(Actuval, expected)
AssertionError: 'hey jensen   no.  thanks, robert davis al[619 chars]ail ' != '#g           no.  #z      #s            '
Diff is 711 characters long. Set self.maxDiff to None to see it.
]]>		</error>
	</testcase>
	<testcase classname="InequalityTest" name="test_nlSignPrefaceTest_1" time="0.593">
		<error message="'shal[109 chars] 1949 geneva conventions iv  yours faithfully   nicholas wood ' != 'shal[109 chars] 1949 geneva conventions iv  #z                #w             '
Diff is 711 characters long. Set self.maxDiff to None to see it." type="AssertionError">
<![CDATA[Traceback (most recent call last):
  File "C:/Users/CHRIS/PycharmProjects/Requests/Requests.py", line 338, in test_nlSignPrefaceTest_1
    self.assertEqual(Actuval, expected)
AssertionError: 'shal[109 chars] 1949 geneva conventions iv  yours faithfully   nicholas wood ' != 'shal[109 chars] 1949 geneva conventions iv  #z                #w             '
Diff is 711 characters long. Set self.maxDiff to None to see it.
]]>		</error>
	</testcase>
	<testcase classname="InequalityTest" name="test_pDisclaimerRemovalTest_1" time="0.671">
		<error message="&quot;mr. curl  i heard your buddy gabriel is d[633 chars]    &quot; != &quot;#g        i heard your buddy gabriel is d[171 chars]    &quot;
Diff is 901 characters long. Set self.maxDiff to None to see it." type="AssertionError">
<![CDATA[Traceback (most recent call last):
  File "C:/Users/CHRIS/PycharmProjects/Requests/Requests.py", line 302, in test_pDisclaimerRemovalTest_1
    self.assertEqual(Actuval, expected)
AssertionError: "mr. curl  i heard your buddy gabriel is d[633 chars]    " != "#g        i heard your buddy gabriel is d[171 chars]    "
Diff is 901 characters long. Set self.maxDiff to None to see it.
]]>		</error>
	</testcase>
	<system-out>
<![CDATA[]]>	</system-out>
	<system-err>
<![CDATA[]]>	</system-err>
</testsuite>
