<?xml version="1.0" ?>
<testsuite errors="0" failures="0" name="InequalityTest-20160407182559" tests="1" time="29.826">
	<testcase classname="InequalityTest" name="test_IsClassify_many" time="29.826"/>
	<system-out>
<![CDATA[500
500
500
500
501
501
501
501
501
502
502
502
502
502
503
503
503
503
503
504
504
504
504
504
505
505
505
505
505
506
506
506
506
506
507
507
507
507
507
500
500
500
500
500
]]>	</system-out>
	<system-err>
<![CDATA[]]>	</system-err>
</testsuite>
