<?xml version="1.0" ?>
<testsuite errors="52" failures="0" name="InequalityTest-20160314132339" tests="53" time="31.173">
	<testcase classname="InequalityTest" name="test_fpEmailTest_2" time="0.569"/>
	<testcase classname="InequalityTest" name="test_csEmailTest_1" time="0.587">
		<error message="&quot; sen[25 chars]s to trips@tripcase.com and we'll upload the d[13 chars]u   &quot; != &quot; sen[25 chars]s to #eml               and we'll upload the d[13 chars]u   &quot;
-  send your confirmation emails to trips@tripcase.com and we'll upload the details for you   
?                                   ^^^^^^^^^^^^^ ---
+  send your confirmation emails to #eml               and we'll upload the details for you   
?                                   ^  +++++++++++++++
" type="AssertionError">
<![CDATA[Traceback (most recent call last):
  File "C:/Users/CHRIS/PycharmProjects/Requests/Requests.py", line 230, in test_csEmailTest_1
    self.assertEqual(Actuval, expected)
AssertionError: " sen[25 chars]s to trips@tripcase.com and we'll upload the d[13 chars]u   " != " sen[25 chars]s to #eml               and we'll upload the d[13 chars]u   "
-  send your confirmation emails to trips@tripcase.com and we'll upload the details for you   
?                                   ^^^^^^^^^^^^^ ---
+  send your confirmation emails to #eml               and we'll upload the details for you   
?                                   ^  +++++++++++++++

]]>		</error>
	</testcase>
	<testcase classname="InequalityTest" name="test_csEmailTest_2" time="0.603">
		<error message="' all[75 chars]ail  viaggi@carrani.com   requests must be mad[79 chars]ed  ' != ' all[75 chars]ail  #eml                 requests must be mad[79 chars]ed  '
Diff is 701 characters long. Set self.maxDiff to None to see it." type="AssertionError">
<![CDATA[Traceback (most recent call last):
  File "C:/Users/CHRIS/PycharmProjects/Requests/Requests.py", line 235, in test_csEmailTest_2
    self.assertEqual(Actuval, expected)
AssertionError: ' all[75 chars]ail  viaggi@carrani.com   requests must be mad[79 chars]ed  ' != ' all[75 chars]ail  #eml                 requests must be mad[79 chars]ed  '
Diff is 701 characters long. Set self.maxDiff to None to see it.
]]>		</error>
	</testcase>
	<testcase classname="InequalityTest" name="test_csEmailTest_3" time="0.596">
		<error message="' whe[37 chars]s to plans@tripit.com   we turn them into an i[19 chars]rip ' != ' whe[37 chars]s to #eml               we turn them into an i[19 chars]rip '
-  when you forward your confirmation emails to plans@tripit.com   we turn them into an itinerary for your trip 
?                                               ^ ^^^^^^^^^^^^^^
+  when you forward your confirmation emails to #eml               we turn them into an itinerary for your trip 
?                                               ^^^ ^^^^^^^^^^^^
" type="AssertionError">
<![CDATA[Traceback (most recent call last):
  File "C:/Users/CHRIS/PycharmProjects/Requests/Requests.py", line 241, in test_csEmailTest_3
    self.assertEqual(Actuval, expected)
AssertionError: ' whe[37 chars]s to plans@tripit.com   we turn them into an i[19 chars]rip ' != ' whe[37 chars]s to #eml               we turn them into an i[19 chars]rip '
-  when you forward your confirmation emails to plans@tripit.com   we turn them into an itinerary for your trip 
?                                               ^ ^^^^^^^^^^^^^^
+  when you forward your confirmation emails to #eml               we turn them into an itinerary for your trip 
?                                               ^^^ ^^^^^^^^^^^^

]]>		</error>
	</testcase>
	<testcase classname="InequalityTest" name="test_csEmailTest_4" time="0.579">
		<error message="' ple[19 chars]mail at info@snapdragondesign.com or call us at 425-957-3575  ' != ' ple[19 chars]mail at #eml                      or call us at 425-957-3575  '
-  please contact us by email at info@snapdragondesign.com or call us at 425-957-3575  
+  please contact us by email at #eml                      or call us at 425-957-3575  
" type="AssertionError">
<![CDATA[Traceback (most recent call last):
  File "C:/Users/CHRIS/PycharmProjects/Requests/Requests.py", line 247, in test_csEmailTest_4
    self.assertEqual(Actuval, expected)
AssertionError: ' ple[19 chars]mail at info@snapdragondesign.com or call us at 425-957-3575  ' != ' ple[19 chars]mail at #eml                      or call us at 425-957-3575  '
-  please contact us by email at info@snapdragondesign.com or call us at 425-957-3575  
+  please contact us by email at #eml                      or call us at 425-957-3575  

]]>		</error>
	</testcase>
	<testcase classname="InequalityTest" name="test_csEmailTest_5" time="0.586">
		<error message="&quot;if y[79 chars] me  #n         by email gary.tate@loanfinder.[26 chars]    &quot; != &quot;if y[79 chars] me  gary tate  by email #eml                 [26 chars]004 &quot;
Diff is 647 characters long. Set self.maxDiff to None to see it." type="AssertionError">
<![CDATA[Traceback (most recent call last):
  File "C:/Users/CHRIS/PycharmProjects/Requests/Requests.py", line 253, in test_csEmailTest_5
    self.assertEqual(Actuval, expected)
AssertionError: "if y[79 chars] me  #n         by email gary.tate@loanfinder.[26 chars]    " != "if y[79 chars] me  gary tate  by email #eml                 [26 chars]004 "
Diff is 647 characters long. Set self.maxDiff to None to see it.
]]>		</error>
	</testcase>
	<testcase classname="InequalityTest" name="test_csEmailTest_6" time="0.576">
		<error message="&quot;plea[39 chars]l on sjenkins@reeftech.com or by mobile/cell on 07867 #       &quot; != &quot;plea[39 chars]l on #eml                  or by mobile/cell on 07867 7433123 &quot;
- please don't hesitate to contact me by email on sjenkins@reeftech.com or by mobile/cell on 07867 #       
?                                                 ^^ -----------------                             ^^^^^^^
+ please don't hesitate to contact me by email on #eml                  or by mobile/cell on 07867 7433123 
?                                                 ^  ++++++++++++++++++                            ^^^^^^^
" type="AssertionError">
<![CDATA[Traceback (most recent call last):
  File "C:/Users/CHRIS/PycharmProjects/Requests/Requests.py", line 259, in test_csEmailTest_6
    self.assertEqual(Actuval, expected)
AssertionError: "plea[39 chars]l on sjenkins@reeftech.com or by mobile/cell on 07867 #       " != "plea[39 chars]l on #eml                  or by mobile/cell on 07867 7433123 "
- please don't hesitate to contact me by email on sjenkins@reeftech.com or by mobile/cell on 07867 #       
?                                                 ^^ -----------------                             ^^^^^^^
+ please don't hesitate to contact me by email on #eml                  or by mobile/cell on 07867 7433123 
?                                                 ^  ++++++++++++++++++                            ^^^^^^^

]]>		</error>
	</testcase>
	<testcase classname="InequalityTest" name="test_fEmailTest_1" time="0.601">
		<error message="&quot; wentworth car park  #n      northumberland  ne46 1qe email  h[137 chars]de  &quot; != &quot; wentworth car park  hexham  northumberland  ne46 1qe email  #[137 chars]de  &quot;
-  wentworth car park  #n      northumberland  ne46 1qe email  hexham.tic@northumberland.gov.uk     from world heritage site hadrian's wall  it is a perfect base for exploring the surrounding countryside  
+  wentworth car park  hexham  northumberland  ne46 1qe email  #eml                                 from world heritage site hadrian's wall  it is a perfect base for exploring the surrounding countryside  
" type="AssertionError">
<![CDATA[Traceback (most recent call last):
  File "C:/Users/CHRIS/PycharmProjects/Requests/Requests.py", line 162, in test_fEmailTest_1
    self.assertEqual(Actuval, expected)
AssertionError: " wentworth car park  #n      northumberland  ne46 1qe email  h[137 chars]de  " != " wentworth car park  hexham  northumberland  ne46 1qe email  #[137 chars]de  "
-  wentworth car park  #n      northumberland  ne46 1qe email  hexham.tic@northumberland.gov.uk     from world heritage site hadrian's wall  it is a perfect base for exploring the surrounding countryside  
+  wentworth car park  hexham  northumberland  ne46 1qe email  #eml                                 from world heritage site hadrian's wall  it is a perfect base for exploring the surrounding countryside  

]]>		</error>
	</testcase>
	<testcase classname="InequalityTest" name="test_fEmailTest_10" time="0.571">
		<error message="' to contact us via email  press@teslamotors.com ' != ' to contact us via email  #eml                  '
-  to contact us via email  press@teslamotors.com 
+  to contact us via email  #eml                  
" type="AssertionError">
<![CDATA[Traceback (most recent call last):
  File "C:/Users/CHRIS/PycharmProjects/Requests/Requests.py", line 216, in test_fEmailTest_10
    self.assertEqual(Actuval, expected)
AssertionError: ' to contact us via email  press@teslamotors.com ' != ' to contact us via email  #eml                  '
-  to contact us via email  press@teslamotors.com 
+  to contact us via email  #eml                  

]]>		</error>
	</testcase>
	<testcase classname="InequalityTest" name="test_fEmailTest_11" time="0.570">
		<error message="' bes[33 chars]rk   bonnie.green@company.com personal   bonng[31 chars]    ' != ' bes[33 chars]rk   #eml                     personal   #eml [31 chars]234 '
-  best regards  bonnie(smith  green work   bonnie.green@company.com personal   bonngreen@gmail.com cell :123-123 #     
+  best regards  bonnie(smith  green work   #eml                     personal   #eml                cell :123-123 -1234 
" type="AssertionError">
<![CDATA[Traceback (most recent call last):
  File "C:/Users/CHRIS/PycharmProjects/Requests/Requests.py", line 222, in test_fEmailTest_11
    self.assertEqual(Actuval, expected)
AssertionError: ' bes[33 chars]rk   bonnie.green@company.com personal   bonng[31 chars]    ' != ' bes[33 chars]rk   #eml                     personal   #eml [31 chars]234 '
-  best regards  bonnie(smith  green work   bonnie.green@company.com personal   bonngreen@gmail.com cell :123-123 #     
+  best regards  bonnie(smith  green work   #eml                     personal   #eml                cell :123-123 -1234 

]]>		</error>
	</testcase>
	<testcase classname="InequalityTest" name="test_fEmailTest_2" time="0.566">
		<error message="' bes[33 chars]rk   bonnie.green@company.com personal   bonng[31 chars]    ' != ' bes[33 chars]rk   #eml                     personal   #eml [31 chars]234 '
-  best regards  bonnie(smith  green work   bonnie.green@company.com personal   bonngreen@gmail.com cell :123-123 #     
+  best regards  bonnie(smith  green work   #eml                     personal   #eml                cell :123-123 -1234 
" type="AssertionError">
<![CDATA[Traceback (most recent call last):
  File "C:/Users/CHRIS/PycharmProjects/Requests/Requests.py", line 168, in test_fEmailTest_2
    self.assertEqual(Actuval, expected)
AssertionError: ' bes[33 chars]rk   bonnie.green@company.com personal   bonng[31 chars]    ' != ' bes[33 chars]rk   #eml                     personal   #eml [31 chars]234 '
-  best regards  bonnie(smith  green work   bonnie.green@company.com personal   bonngreen@gmail.com cell :123-123 #     
+  best regards  bonnie(smith  green work   #eml                     personal   #eml                cell :123-123 -1234 

]]>		</error>
	</testcase>
	<testcase classname="InequalityTest" name="test_fEmailTest_3" time="0.573">
		<error message="' dreamland safari tours dreamlandsafari@gmail.com #   north #   west  ' != ' dreamland safari tours #eml                      265 north 300 west  '
-  dreamland safari tours dreamlandsafari@gmail.com #   north #   west  
+  dreamland safari tours #eml                      265 north 300 west  
" type="AssertionError">
<![CDATA[Traceback (most recent call last):
  File "C:/Users/CHRIS/PycharmProjects/Requests/Requests.py", line 174, in test_fEmailTest_3
    self.assertEqual(Actuval, expected)
AssertionError: ' dreamland safari tours dreamlandsafari@gmail.com #   north #   west  ' != ' dreamland safari tours #eml                      265 north 300 west  '
-  dreamland safari tours dreamlandsafari@gmail.com #   north #   west  
+  dreamland safari tours #eml                      265 north 300 west  

]]>		</error>
	</testcase>
	<testcase classname="InequalityTest" name="test_fEmailTest_4" time="0.560">
		<error message="&quot; sen[25 chars]s to trips@tripcase.com and we'll upload the details for you  &quot; != &quot; sen[25 chars]s to #eml               and we'll upload the details for you  &quot;
-  send your confirmation emails to trips@tripcase.com and we'll upload the details for you  
?                                   ^^^^^^^^^^^^^ ---
+  send your confirmation emails to #eml               and we'll upload the details for you  
?                                   ^  +++++++++++++++
" type="AssertionError">
<![CDATA[Traceback (most recent call last):
  File "C:/Users/CHRIS/PycharmProjects/Requests/Requests.py", line 180, in test_fEmailTest_4
    self.assertEqual(Actuval, expected)
AssertionError: " sen[25 chars]s to trips@tripcase.com and we'll upload the details for you  " != " sen[25 chars]s to #eml               and we'll upload the details for you  "
-  send your confirmation emails to trips@tripcase.com and we'll upload the details for you  
?                                   ^^^^^^^^^^^^^ ---
+  send your confirmation emails to #eml               and we'll upload the details for you  
?                                   ^  +++++++++++++++

]]>		</error>
	</testcase>
	<testcase classname="InequalityTest" name="test_fEmailTest_5" time="0.606">
		<error message="' all[75 chars]ail  viaggi@carrani.com   requests must be mad[79 chars]ed  ' != ' all[75 chars]ail  #eml                 requests must be mad[79 chars]ed  '
Diff is 701 characters long. Set self.maxDiff to None to see it." type="AssertionError">
<![CDATA[Traceback (most recent call last):
  File "C:/Users/CHRIS/PycharmProjects/Requests/Requests.py", line 186, in test_fEmailTest_5
    self.assertEqual(Actuval, expected)
AssertionError: ' all[75 chars]ail  viaggi@carrani.com   requests must be mad[79 chars]ed  ' != ' all[75 chars]ail  #eml                 requests must be mad[79 chars]ed  '
Diff is 701 characters long. Set self.maxDiff to None to see it.
]]>		</error>
	</testcase>
	<testcase classname="InequalityTest" name="test_fEmailTest_6" time="0.592">
		<error message="' to contact us via email  press@teslamotors.com ' != ' to contact us via email  #eml                  '
-  to contact us via email  press@teslamotors.com 
+  to contact us via email  #eml                  
" type="AssertionError">
<![CDATA[Traceback (most recent call last):
  File "C:/Users/CHRIS/PycharmProjects/Requests/Requests.py", line 192, in test_fEmailTest_6
    self.assertEqual(Actuval, expected)
AssertionError: ' to contact us via email  press@teslamotors.com ' != ' to contact us via email  #eml                  '
-  to contact us via email  press@teslamotors.com 
+  to contact us via email  #eml                  

]]>		</error>
	</testcase>
	<testcase classname="InequalityTest" name="test_fEmailTest_7" time="0.613">
		<error message="' whe[37 chars]s to plans@tripit.com  we turn them into an it[17 chars]trip' != ' whe[37 chars]s to #eml              we turn them into an it[17 chars]trip'
-  when you forward your confirmation emails to plans@tripit.com  we turn them into an itinerary for your trip
?                                               ^ ^^^^^^^^^^^^^^
+  when you forward your confirmation emails to #eml              we turn them into an itinerary for your trip
?                                               ^^^ ^^^^^^^^^^^^
" type="AssertionError">
<![CDATA[Traceback (most recent call last):
  File "C:/Users/CHRIS/PycharmProjects/Requests/Requests.py", line 198, in test_fEmailTest_7
    self.assertEqual(Actuval, expected)
AssertionError: ' whe[37 chars]s to plans@tripit.com  we turn them into an it[17 chars]trip' != ' whe[37 chars]s to #eml              we turn them into an it[17 chars]trip'
-  when you forward your confirmation emails to plans@tripit.com  we turn them into an itinerary for your trip
?                                               ^ ^^^^^^^^^^^^^^
+  when you forward your confirmation emails to #eml              we turn them into an itinerary for your trip
?                                               ^^^ ^^^^^^^^^^^^

]]>		</error>
	</testcase>
	<testcase classname="InequalityTest" name="test_fEmailTest_8" time="0.592">
		<error message="' sin[18 chars]ravel ltd sinoafrica.market@gmail.com www.sinoafricatours.com ' != ' sin[18 chars]ravel ltd #eml                        www.sinoafricatours.com '
-  sino africa tours   travel ltd sinoafrica.market@gmail.com www.sinoafricatours.com 
+  sino africa tours   travel ltd #eml                        www.sinoafricatours.com 
" type="AssertionError">
<![CDATA[Traceback (most recent call last):
  File "C:/Users/CHRIS/PycharmProjects/Requests/Requests.py", line 204, in test_fEmailTest_8
    self.assertEqual(Actuval, expected)
AssertionError: ' sin[18 chars]ravel ltd sinoafrica.market@gmail.com www.sinoafricatours.com ' != ' sin[18 chars]ravel ltd #eml                        www.sinoafricatours.com '
-  sino africa tours   travel ltd sinoafrica.market@gmail.com www.sinoafricatours.com 
+  sino africa tours   travel ltd #eml                        www.sinoafricatours.com 

]]>		</error>
	</testcase>
	<testcase classname="InequalityTest" name="test_fEmailTest_9" time="0.574">
		<error message="' wentworth car park  #n      northumberland  ne46 1qe email  h[28 chars].uk ' != ' wentworth car park  hexham  northumberland  ne46 1qe email  #[28 chars]    '
-  wentworth car park  #n      northumberland  ne46 1qe email  hexham.tic@northumberland.gov.uk 
+  wentworth car park  hexham  northumberland  ne46 1qe email  #eml                             
" type="AssertionError">
<![CDATA[Traceback (most recent call last):
  File "C:/Users/CHRIS/PycharmProjects/Requests/Requests.py", line 210, in test_fEmailTest_9
    self.assertEqual(Actuval, expected)
AssertionError: ' wentworth car park  #n      northumberland  ne46 1qe email  h[28 chars].uk ' != ' wentworth car park  hexham  northumberland  ne46 1qe email  #[28 chars]    '
-  wentworth car park  #n      northumberland  ne46 1qe email  hexham.tic@northumberland.gov.uk 
+  wentworth car park  hexham  northumberland  ne46 1qe email  #eml                             

]]>		</error>
	</testcase>
	<testcase classname="InequalityTest" name="test_fpEmailTest_1" time="0.573">
		<error message="'ftp:ftp.intel.com' != 'ftp:#ftp.intel.com'
- ftp:ftp.intel.com
+ ftp:#ftp.intel.com
?     +
" type="AssertionError">
<![CDATA[Traceback (most recent call last):
  File "C:/Users/CHRIS/PycharmProjects/Requests/Requests.py", line 331, in test_fpEmailTest_1
    self.assertEqual(Actuval, expected)
AssertionError: 'ftp:ftp.intel.com' != 'ftp:#ftp.intel.com'
- ftp:ftp.intel.com
+ ftp:#ftp.intel.com
?     +

]]>		</error>
	</testcase>
	<testcase classname="InequalityTest" name="test_fpEmailTest_3" time="0.553">
		<error message="'https:mail.aol.in/' != 'https:#mail.aol.in/'
- https:mail.aol.in/
+ https:#mail.aol.in/
?       +
" type="AssertionError">
<![CDATA[Traceback (most recent call last):
  File "C:/Users/CHRIS/PycharmProjects/Requests/Requests.py", line 343, in test_fpEmailTest_3
    self.assertEqual(Actuval, expected)
AssertionError: 'https:mail.aol.in/' != 'https:#mail.aol.in/'
- https:mail.aol.in/
+ https:#mail.aol.in/
?       +

]]>		</error>
	</testcase>
	<testcase classname="InequalityTest" name="test_iEmailTest_1" time="0.586">
		<error message="' 10tagemail@gmail.com ' != ' #eml                 '
-  10tagemail@gmail.com 
+  #eml                 
" type="AssertionError">
<![CDATA[Traceback (most recent call last):
  File "C:/Users/CHRIS/PycharmProjects/Requests/Requests.py", line 27, in test_iEmailTest_1
    self.assertEqual(Actuval, expected)
AssertionError: ' 10tagemail@gmail.com ' != ' #eml                 '
-  10tagemail@gmail.com 
+  #eml                 

]]>		</error>
	</testcase>
	<testcase classname="InequalityTest" name="test_iEmailTest_10" time="0.585">
		<error message="' info@gramm96.org ' != ' #eml             '
-  info@gramm96.org 
+  #eml             
" type="AssertionError">
<![CDATA[Traceback (most recent call last):
  File "C:/Users/CHRIS/PycharmProjects/Requests/Requests.py", line 81, in test_iEmailTest_10
    self.assertEqual(Actuval, expected)
AssertionError: ' info@gramm96.org ' != ' #eml             '
-  info@gramm96.org 
+  #eml             

]]>		</error>
	</testcase>
	<testcase classname="InequalityTest" name="test_iEmailTest_11" time="0.578">
		<error message="' nedsonpele@broadcastsw.com.br ' != ' #eml                          '
-  nedsonpele@broadcastsw.com.br 
+  #eml                          
" type="AssertionError">
<![CDATA[Traceback (most recent call last):
  File "C:/Users/CHRIS/PycharmProjects/Requests/Requests.py", line 87, in test_iEmailTest_11
    self.assertEqual(Actuval, expected)
AssertionError: ' nedsonpele@broadcastsw.com.br ' != ' #eml                          '
-  nedsonpele@broadcastsw.com.br 
+  #eml                          

]]>		</error>
	</testcase>
	<testcase classname="InequalityTest" name="test_iEmailTest_12" time="0.554">
		<error message="' joelouisthechamp@getsmart.com.us ' != ' #eml                             '
-  joelouisthechamp@getsmart.com.us 
+  #eml                             
" type="AssertionError">
<![CDATA[Traceback (most recent call last):
  File "C:/Users/CHRIS/PycharmProjects/Requests/Requests.py", line 93, in test_iEmailTest_12
    self.assertEqual(Actuval, expected)
AssertionError: ' joelouisthechamp@getsmart.com.us ' != ' #eml                             '
-  joelouisthechamp@getsmart.com.us 
+  #eml                             

]]>		</error>
	</testcase>
	<testcase classname="InequalityTest" name="test_iEmailTest_13" time="0.548">
		<error message="' joseph@detephon.com.nl ' != ' #eml                   '
-  joseph@detephon.com.nl 
+  #eml                   
" type="AssertionError">
<![CDATA[Traceback (most recent call last):
  File "C:/Users/CHRIS/PycharmProjects/Requests/Requests.py", line 99, in test_iEmailTest_13
    self.assertEqual(Actuval, expected)
AssertionError: ' joseph@detephon.com.nl ' != ' #eml                   '
-  joseph@detephon.com.nl 
+  #eml                   

]]>		</error>
	</testcase>
	<testcase classname="InequalityTest" name="test_iEmailTest_14" time="0.754">
		<error message="' v_ilayaraja@yahoo.com ' != ' #eml                  '
-  v_ilayaraja@yahoo.com 
+  #eml                  
" type="AssertionError">
<![CDATA[Traceback (most recent call last):
  File "C:/Users/CHRIS/PycharmProjects/Requests/Requests.py", line 106, in test_iEmailTest_14
    self.assertEqual(Actuval, expected)
AssertionError: ' v_ilayaraja@yahoo.com ' != ' #eml                  '
-  v_ilayaraja@yahoo.com 
+  #eml                  

]]>		</error>
	</testcase>
	<testcase classname="InequalityTest" name="test_iEmailTest_15" time="0.754">
		<error message="' tillu_110584@yahoo.com ' != ' #eml                   '
-  tillu_110584@yahoo.com 
+  #eml                   
" type="AssertionError">
<![CDATA[Traceback (most recent call last):
  File "C:/Users/CHRIS/PycharmProjects/Requests/Requests.py", line 112, in test_iEmailTest_15
    self.assertEqual(Actuval, expected)
AssertionError: ' tillu_110584@yahoo.com ' != ' #eml                   '
-  tillu_110584@yahoo.com 
+  #eml                   

]]>		</error>
	</testcase>
	<testcase classname="InequalityTest" name="test_iEmailTest_16" time="0.650">
		<error message="' a.m.manojkumar@gmail.com ' != ' #eml                     '
-  a.m.manojkumar@gmail.com 
+  #eml                     
" type="AssertionError">
<![CDATA[Traceback (most recent call last):
  File "C:/Users/CHRIS/PycharmProjects/Requests/Requests.py", line 118, in test_iEmailTest_16
    self.assertEqual(Actuval, expected)
AssertionError: ' a.m.manojkumar@gmail.com ' != ' #eml                     '
-  a.m.manojkumar@gmail.com 
+  #eml                     

]]>		</error>
	</testcase>
	<testcase classname="InequalityTest" name="test_iEmailTest_17" time="0.695">
		<error message="' comc.ram88@gmail.com ' != ' #eml                 '
-  comc.ram88@gmail.com 
+  #eml                 
" type="AssertionError">
<![CDATA[Traceback (most recent call last):
  File "C:/Users/CHRIS/PycharmProjects/Requests/Requests.py", line 124, in test_iEmailTest_17
    self.assertEqual(Actuval, expected)
AssertionError: ' comc.ram88@gmail.com ' != ' #eml                 '
-  comc.ram88@gmail.com 
+  #eml                 

]]>		</error>
	</testcase>
	<testcase classname="InequalityTest" name="test_iEmailTest_18" time="0.676">
		<error message="' phillip.k.allen@enron.com ' != ' #eml                      '
-  phillip.k.allen@enron.com 
+  #eml                      
" type="AssertionError">
<![CDATA[Traceback (most recent call last):
  File "C:/Users/CHRIS/PycharmProjects/Requests/Requests.py", line 130, in test_iEmailTest_18
    self.assertEqual(Actuval, expected)
AssertionError: ' phillip.k.allen@enron.com ' != ' #eml                      '
-  phillip.k.allen@enron.com 
+  #eml                      

]]>		</error>
	</testcase>
	<testcase classname="InequalityTest" name="test_iEmailTest_19" time="0.587">
		<error message="' christi.l.nicolay@enron.com ' != ' #eml                        '
-  christi.l.nicolay@enron.com 
+  #eml                        
" type="AssertionError">
<![CDATA[Traceback (most recent call last):
  File "C:/Users/CHRIS/PycharmProjects/Requests/Requests.py", line 136, in test_iEmailTest_19
    self.assertEqual(Actuval, expected)
AssertionError: ' christi.l.nicolay@enron.com ' != ' #eml                        '
-  christi.l.nicolay@enron.com 
+  #eml                        

]]>		</error>
	</testcase>
	<testcase classname="InequalityTest" name="test_iEmailTest_2" time="0.554">
		<error message="' xonomail@gmail.com ' != ' #eml               '
-  xonomail@gmail.com 
+  #eml               
" type="AssertionError">
<![CDATA[Traceback (most recent call last):
  File "C:/Users/CHRIS/PycharmProjects/Requests/Requests.py", line 33, in test_iEmailTest_2
    self.assertEqual(Actuval, expected)
AssertionError: ' xonomail@gmail.com ' != ' #eml               '
-  xonomail@gmail.com 
+  #eml               

]]>		</error>
	</testcase>
	<testcase classname="InequalityTest" name="test_iEmailTest_20" time="0.575">
		<error message="' quote@mailbox.lycos.com ' != ' #eml                    '
-  quote@mailbox.lycos.com 
+  #eml                    
" type="AssertionError">
<![CDATA[Traceback (most recent call last):
  File "C:/Users/CHRIS/PycharmProjects/Requests/Requests.py", line 142, in test_iEmailTest_20
    self.assertEqual(Actuval, expected)
AssertionError: ' quote@mailbox.lycos.com ' != ' #eml                    '
-  quote@mailbox.lycos.com 
+  #eml                    

]]>		</error>
	</testcase>
	<testcase classname="InequalityTest" name="test_iEmailTest_21" time="0.560">
		<error message="' jerome_alder@dell.com ' != ' #eml                  '
-  jerome_alder@dell.com 
+  #eml                  
" type="AssertionError">
<![CDATA[Traceback (most recent call last):
  File "C:/Users/CHRIS/PycharmProjects/Requests/Requests.py", line 148, in test_iEmailTest_21
    self.assertEqual(Actuval, expected)
AssertionError: ' jerome_alder@dell.com ' != ' #eml                  '
-  jerome_alder@dell.com 
+  #eml                  

]]>		</error>
	</testcase>
	<testcase classname="InequalityTest" name="test_iEmailTest_22" time="0.550">
		<error message="' joel_k._gamble@arrowindustries.com ' != ' #eml                               '
-  joel_k._gamble@arrowindustries.com 
+  #eml                               
" type="AssertionError">
<![CDATA[Traceback (most recent call last):
  File "C:/Users/CHRIS/PycharmProjects/Requests/Requests.py", line 154, in test_iEmailTest_22
    self.assertEqual(Actuval, expected)
AssertionError: ' joel_k._gamble@arrowindustries.com ' != ' #eml                               '
-  joel_k._gamble@arrowindustries.com 
+  #eml                               

]]>		</error>
	</testcase>
	<testcase classname="InequalityTest" name="test_iEmailTest_3" time="0.553">
		<error message="' wyden@teleport.com ' != ' #eml               '
-  wyden@teleport.com 
+  #eml               
" type="AssertionError">
<![CDATA[Traceback (most recent call last):
  File "C:/Users/CHRIS/PycharmProjects/Requests/Requests.py", line 39, in test_iEmailTest_3
    self.assertEqual(Actuval, expected)
AssertionError: ' wyden@teleport.com ' != ' #eml               '
-  wyden@teleport.com 
+  #eml               

]]>		</error>
	</testcase>
	<testcase classname="InequalityTest" name="test_iEmailTest_4" time="0.573">
		<error message="' chaton@yahoo.com ' != ' #eml             '
-  chaton@yahoo.com 
+  #eml             
" type="AssertionError">
<![CDATA[Traceback (most recent call last):
  File "C:/Users/CHRIS/PycharmProjects/Requests/Requests.py", line 45, in test_iEmailTest_4
    self.assertEqual(Actuval, expected)
AssertionError: ' chaton@yahoo.com ' != ' #eml             '
-  chaton@yahoo.com 
+  #eml             

]]>		</error>
	</testcase>
	<testcase classname="InequalityTest" name="test_iEmailTest_5" time="0.539">
		<error message="' testuser@inoesis.com ' != ' #eml                 '
-  testuser@inoesis.com 
+  #eml                 
" type="AssertionError">
<![CDATA[Traceback (most recent call last):
  File "C:/Users/CHRIS/PycharmProjects/Requests/Requests.py", line 51, in test_iEmailTest_5
    self.assertEqual(Actuval, expected)
AssertionError: ' testuser@inoesis.com ' != ' #eml                 '
-  testuser@inoesis.com 
+  #eml                 

]]>		</error>
	</testcase>
	<testcase classname="InequalityTest" name="test_iEmailTest_6" time="0.559">
		<error message="' test@mason-dixon.com ' != ' #eml                 '
-  test@mason-dixon.com 
+  #eml                 
" type="AssertionError">
<![CDATA[Traceback (most recent call last):
  File "C:/Users/CHRIS/PycharmProjects/Requests/Requests.py", line 57, in test_iEmailTest_6
    self.assertEqual(Actuval, expected)
AssertionError: ' test@mason-dixon.com ' != ' #eml                 '
-  test@mason-dixon.com 
+  #eml                 

]]>		</error>
	</testcase>
	<testcase classname="InequalityTest" name="test_iEmailTest_7" time="0.548">
		<error message="' test@tworoadssoftware.com ' != ' #eml                      '
-  test@tworoadssoftware.com 
+  #eml                      
" type="AssertionError">
<![CDATA[Traceback (most recent call last):
  File "C:/Users/CHRIS/PycharmProjects/Requests/Requests.py", line 63, in test_iEmailTest_7
    self.assertEqual(Actuval, expected)
AssertionError: ' test@tworoadssoftware.com ' != ' #eml                      '
-  test@tworoadssoftware.com 
+  #eml                      

]]>		</error>
	</testcase>
	<testcase classname="InequalityTest" name="test_iEmailTest_8" time="0.554">
		<error message="' nxn-test@tworoadssoftware.com ' != ' #eml                          '
-  nxn-test@tworoadssoftware.com 
+  #eml                          
" type="AssertionError">
<![CDATA[Traceback (most recent call last):
  File "C:/Users/CHRIS/PycharmProjects/Requests/Requests.py", line 69, in test_iEmailTest_8
    self.assertEqual(Actuval, expected)
AssertionError: ' nxn-test@tworoadssoftware.com ' != ' #eml                          '
-  nxn-test@tworoadssoftware.com 
+  #eml                          

]]>		</error>
	</testcase>
	<testcase classname="InequalityTest" name="test_iEmailTest_9" time="0.570">
		<error message="' senator@rockefeller.senate.gov ' != ' #eml                           '
-  senator@rockefeller.senate.gov 
+  #eml                           
" type="AssertionError">
<![CDATA[Traceback (most recent call last):
  File "C:/Users/CHRIS/PycharmProjects/Requests/Requests.py", line 75, in test_iEmailTest_9
    self.assertEqual(Actuval, expected)
AssertionError: ' senator@rockefeller.senate.gov ' != ' #eml                           '
-  senator@rockefeller.senate.gov 
+  #eml                           

]]>		</error>
	</testcase>
	<testcase classname="InequalityTest" name="test_mcEmailTest_1" time="0.567">
		<error message="'with[24 chars]act  #n             at  paul.humphreys@us.atla[76 chars]om  ' != 'with[24 chars]act  paul humphreys at  #eml                  [76 chars]    '
- with our readers please contact  #n             at  paul.humphreys@us.atlascopco.com  or holly boutot-lalonde at  holly.boutot-lalonde@us.atlascopco.com  
+ with our readers please contact  paul humphreys at  #eml                              or holly boutot-lalonde at  #eml                                    
" type="AssertionError">
<![CDATA[Traceback (most recent call last):
  File "C:/Users/CHRIS/PycharmProjects/Requests/Requests.py", line 311, in test_mcEmailTest_1
    self.assertEqual(Actuval, expected)
AssertionError: 'with[24 chars]act  #n             at  paul.humphreys@us.atla[76 chars]om  ' != 'with[24 chars]act  paul humphreys at  #eml                  [76 chars]    '
- with our readers please contact  #n             at  paul.humphreys@us.atlascopco.com  or holly boutot-lalonde at  holly.boutot-lalonde@us.atlascopco.com  
+ with our readers please contact  paul humphreys at  #eml                              or holly boutot-lalonde at  #eml                                    

]]>		</error>
	</testcase>
	<testcase classname="InequalityTest" name="test_mcEmailTest_2" time="0.581">
		<error message="'phot[71 chars]age  #    atlas marketing   info@atlasmarketin[19 chars]789 ' != 'phot[71 chars]age  2015 atlas marketing   #eml              [19 chars]789 '
- photos from recents trade shows   photos des recents salons. view larger image  #    atlas marketing   info@atlasmarketing.ca   t. #   802-2789 
?                                                                                 ^^^^                   ^^^^^^^ ^^^^^^^^^^^^^^      ^^^
+ photos from recents trade shows   photos des recents salons. view larger image  2015 atlas marketing   #eml                     t. 514 802-2789 
?                                                                                 ^^^^                   ^^^ ^^^^^^^^^^^^^^^^^^      ^^^
" type="AssertionError">
<![CDATA[Traceback (most recent call last):
  File "C:/Users/CHRIS/PycharmProjects/Requests/Requests.py", line 317, in test_mcEmailTest_2
    self.assertEqual(Actuval, expected)
AssertionError: 'phot[71 chars]age  #    atlas marketing   info@atlasmarketin[19 chars]789 ' != 'phot[71 chars]age  2015 atlas marketing   #eml              [19 chars]789 '
- photos from recents trade shows   photos des recents salons. view larger image  #    atlas marketing   info@atlasmarketing.ca   t. #   802-2789 
?                                                                                 ^^^^                   ^^^^^^^ ^^^^^^^^^^^^^^      ^^^
+ photos from recents trade shows   photos des recents salons. view larger image  2015 atlas marketing   #eml                     t. 514 802-2789 
?                                                                                 ^^^^                   ^^^ ^^^^^^^^^^^^^^^^^^      ^^^

]]>		</error>
	</testcase>
	<testcase classname="InequalityTest" name="test_mcEmailTest_3" time="0.563">
		<error message="'my e-mail address is  pashavin@optonline.net  ' != 'my e-mail address is  #eml                    '
- my e-mail address is  pashavin@optonline.net  
+ my e-mail address is  #eml                    
" type="AssertionError">
<![CDATA[Traceback (most recent call last):
  File "C:/Users/CHRIS/PycharmProjects/Requests/Requests.py", line 323, in test_mcEmailTest_3
    self.assertEqual(Actuval, expected)
AssertionError: 'my e-mail address is  pashavin@optonline.net  ' != 'my e-mail address is  #eml                    '
- my e-mail address is  pashavin@optonline.net  
+ my e-mail address is  #eml                    

]]>		</error>
	</testcase>
	<testcase classname="InequalityTest" name="test_nlEmailTest_1" time="0.596">
		<error message="'dire[17 chars]aged services   j #n     babu sg_assistant@external.cisco.com ' != 'dire[17 chars]aged services   j ramesh babu #eml                            '
- director  cloud   managed services   j #n     babu sg_assistant@external.cisco.com 
+ director  cloud   managed services   j ramesh babu #eml                            
" type="AssertionError">
<![CDATA[Traceback (most recent call last):
  File "C:/Users/CHRIS/PycharmProjects/Requests/Requests.py", line 351, in test_nlEmailTest_1
    self.assertEqual(Actuval, expected)
AssertionError: 'dire[17 chars]aged services   j #n     babu sg_assistant@external.cisco.com ' != 'dire[17 chars]aged services   j ramesh babu #eml                            '
- director  cloud   managed services   j #n     babu sg_assistant@external.cisco.com 
+ director  cloud   managed services   j ramesh babu #eml                            

]]>		</error>
	</testcase>
	<testcase classname="InequalityTest" name="test_pEmailTest_1" time="0.570">
		<error message="'ques[32 chars]ce or stock  e-mail  msft@microsoft.com  phone: (800) 285-7772' != 'ques[32 chars]ce or stock  e-mail  #eml                phone   800  285-7772'
- questions related to microsoft finance or stock  e-mail  msft@microsoft.com  phone: (800) 285-7772
?                                                           ^^^^^^^^^^^^^^^^^       ^^^   ^
+ questions related to microsoft finance or stock  e-mail  #eml                phone   800  285-7772
?                                                          ++ ^^^^^^^^^^^^^^^       ^^^   ^
" type="AssertionError">
<![CDATA[Traceback (most recent call last):
  File "C:/Users/CHRIS/PycharmProjects/Requests/Requests.py", line 267, in test_pEmailTest_1
    self.assertEqual(Actuval, expected)
AssertionError: 'ques[32 chars]ce or stock  e-mail  msft@microsoft.com  phone: (800) 285-7772' != 'ques[32 chars]ce or stock  e-mail  #eml                phone   800  285-7772'
- questions related to microsoft finance or stock  e-mail  msft@microsoft.com  phone: (800) 285-7772
?                                                           ^^^^^^^^^^^^^^^^^       ^^^   ^
+ questions related to microsoft finance or stock  e-mail  #eml                phone   800  285-7772
?                                                          ++ ^^^^^^^^^^^^^^^       ^^^   ^

]]>		</error>
	</testcase>
	<testcase classname="InequalityTest" name="test_pEmailTest_2" time="0.592">
		<error message="'stoc[28 chars]from msftproxyenotice@amstock.com  or login to[63 chars]kit ' != 'stoc[28 chars]from #eml                          or login to[63 chars]kit '
- stock transfer  ast   via email from msftproxyenotice@amstock.com  or login to www.astinvestor.com to ask questions or request an enrollment kit 
?                                       ^^^^^^^^^^^^^^^^^^^^^^^^^^^
+ stock transfer  ast   via email from #eml                          or login to www.astinvestor.com to ask questions or request an enrollment kit 
?                                      ++ ^^^^^^^^^^^^^^^^^^^^^^^^^
" type="AssertionError">
<![CDATA[Traceback (most recent call last):
  File "C:/Users/CHRIS/PycharmProjects/Requests/Requests.py", line 273, in test_pEmailTest_2
    self.assertEqual(Actuval, expected)
AssertionError: 'stoc[28 chars]from msftproxyenotice@amstock.com  or login to[63 chars]kit ' != 'stoc[28 chars]from #eml                          or login to[63 chars]kit '
- stock transfer  ast   via email from msftproxyenotice@amstock.com  or login to www.astinvestor.com to ask questions or request an enrollment kit 
?                                       ^^^^^^^^^^^^^^^^^^^^^^^^^^^
+ stock transfer  ast   via email from #eml                          or login to www.astinvestor.com to ask questions or request an enrollment kit 
?                                      ++ ^^^^^^^^^^^^^^^^^^^^^^^^^

]]>		</error>
	</testcase>
	<testcase classname="InequalityTest" name="test_pEmailTest_3" time="0.598">
		<error message="'inve[43 chars]406/ #        email  jeejo@karvy.com narasimha[49 chars]com ' != 'inve[43 chars]406/ 66553407 email  #eml             #eml    [52 chars]    '
- investor service desk at idbi tower   022-66553406/ #        email  jeejo@karvy.com narasimharao.j@karvy.com  einward.ris@karvy.com igc@karvy.com 
+ investor service desk at idbi tower   022-66553406/ 66553407 email  #eml             #eml                       #eml                   #eml          
" type="AssertionError">
<![CDATA[Traceback (most recent call last):
  File "C:/Users/CHRIS/PycharmProjects/Requests/Requests.py", line 279, in test_pEmailTest_3
    self.assertEqual(Actuval, expected)
AssertionError: 'inve[43 chars]406/ #        email  jeejo@karvy.com narasimha[49 chars]com ' != 'inve[43 chars]406/ 66553407 email  #eml             #eml    [52 chars]    '
- investor service desk at idbi tower   022-66553406/ #        email  jeejo@karvy.com narasimharao.j@karvy.com  einward.ris@karvy.com igc@karvy.com 
+ investor service desk at idbi tower   022-66553406/ 66553407 email  #eml             #eml                       #eml                   #eml          

]]>		</error>
	</testcase>
	<testcase classname="InequalityTest" name="test_pEmailTest_4" time="0.594">
		<error message="'for [93 chars]s at customerservice@moneymorning.com  telepho[20 chars]339 ' != 'for [93 chars]s at #eml                              telepho[20 chars]339 '
- for more information about money morning  or about any of our other publications  please e-mail us at customerservice@moneymorning.com  telephone us at 1-888-384-8339 
?                                                                                                       ^^^^^ ^^^^^^^^^^^^^^^^^^^^^^^^^^
+ for more information about money morning  or about any of our other publications  please e-mail us at #eml                              telephone us at 1-888-384-8339 
?                                                                                                       ^^ ^^^^^^^^^^^^^^^^^^^^^^^^^^^^^
" type="AssertionError">
<![CDATA[Traceback (most recent call last):
  File "C:/Users/CHRIS/PycharmProjects/Requests/Requests.py", line 285, in test_pEmailTest_4
    self.assertEqual(Actuval, expected)
AssertionError: 'for [93 chars]s at customerservice@moneymorning.com  telepho[20 chars]339 ' != 'for [93 chars]s at #eml                              telepho[20 chars]339 '
- for more information about money morning  or about any of our other publications  please e-mail us at customerservice@moneymorning.com  telephone us at 1-888-384-8339 
?                                                                                                       ^^^^^ ^^^^^^^^^^^^^^^^^^^^^^^^^^
+ for more information about money morning  or about any of our other publications  please e-mail us at #eml                              telephone us at 1-888-384-8339 
?                                                                                                       ^^ ^^^^^^^^^^^^^^^^^^^^^^^^^^^^^

]]>		</error>
	</testcase>
	<testcase classname="InequalityTest" name="test_pEmailTest_5" time="0.603">
		<error message="'if y[85 chars]ntact us by sending an email to investor-relations@google.com ' != 'if y[85 chars]ntact us by sending an email to #eml                          '
- if you cant find the information youre looking for on our website  please feel free to contact us by sending an email to investor-relations@google.com 
?                                                                                                                          ^^^ ^^^^^^^ ^^^^^^^^^^^^^^^^^
+ if you cant find the information youre looking for on our website  please feel free to contact us by sending an email to #eml                          
?                                                                                                                          ^ ^ ^^^^^^^^^^^^^^^^^^^^^^^^^
" type="AssertionError">
<![CDATA[Traceback (most recent call last):
  File "C:/Users/CHRIS/PycharmProjects/Requests/Requests.py", line 291, in test_pEmailTest_5
    self.assertEqual(Actuval, expected)
AssertionError: 'if y[85 chars]ntact us by sending an email to investor-relations@google.com ' != 'if y[85 chars]ntact us by sending an email to #eml                          '
- if you cant find the information youre looking for on our website  please feel free to contact us by sending an email to investor-relations@google.com 
?                                                                                                                          ^^^ ^^^^^^^ ^^^^^^^^^^^^^^^^^
+ if you cant find the information youre looking for on our website  please feel free to contact us by sending an email to #eml                          
?                                                                                                                          ^ ^ ^^^^^^^^^^^^^^^^^^^^^^^^^

]]>		</error>
	</testcase>
	<testcase classname="InequalityTest" name="test_pEmailTest_6" time="0.583">
		<error message="'plea[81 chars]t at dl.myhrmsser@amd.com  your request will b[31 chars]ble ' != 'plea[81 chars]t at #eml                  your request will b[31 chars]ble '
- please provide your name and contact information to amds employee relations department at dl.myhrmsser@amd.com  your request will be responded to as soon as possible 
?                                                                                           ^ ^^^^^^^^^^^^^^^^^^
+ please provide your name and contact information to amds employee relations department at #eml                  your request will be responded to as soon as possible 
?                                                                                           ^^^ ^^^^^^^^^^^^^^^^
" type="AssertionError">
<![CDATA[Traceback (most recent call last):
  File "C:/Users/CHRIS/PycharmProjects/Requests/Requests.py", line 297, in test_pEmailTest_6
    self.assertEqual(Actuval, expected)
AssertionError: 'plea[81 chars]t at dl.myhrmsser@amd.com  your request will b[31 chars]ble ' != 'plea[81 chars]t at #eml                  your request will b[31 chars]ble '
- please provide your name and contact information to amds employee relations department at dl.myhrmsser@amd.com  your request will be responded to as soon as possible 
?                                                                                           ^ ^^^^^^^^^^^^^^^^^^
+ please provide your name and contact information to amds employee relations department at #eml                  your request will be responded to as soon as possible 
?                                                                                           ^^^ ^^^^^^^^^^^^^^^^

]]>		</error>
	</testcase>
	<testcase classname="InequalityTest" name="test_pEmailTest_7" time="0.582">
		<error message="'if y[133 chars]e email microsoft investor relations at denniem@microsoft.com ' != 'if y[133 chars]e email microsoft investor relations at #eml                  '
Diff is 807 characters long. Set self.maxDiff to None to see it." type="AssertionError">
<![CDATA[Traceback (most recent call last):
  File "C:/Users/CHRIS/PycharmProjects/Requests/Requests.py", line 303, in test_pEmailTest_7
    self.assertEqual(Actuval, expected)
AssertionError: 'if y[133 chars]e email microsoft investor relations at denniem@microsoft.com ' != 'if y[133 chars]e email microsoft investor relations at #eml                  '
Diff is 807 characters long. Set self.maxDiff to None to see it.
]]>		</error>
	</testcase>
	<system-out>
<![CDATA[]]>	</system-out>
	<system-err>
<![CDATA[]]>	</system-err>
</testsuite>
