<?xml version="1.0" ?>
<testsuite errors="64" failures="0" name="InequalityTest-20160315131703" tests="68" time="38.945">
	<testcase classname="InequalityTest" name="test_fpMailToEmailTagger_1" time="0.554"/>
	<testcase classname="InequalityTest" name="test_fpMailToEmailTagger_2" time="0.582"/>
	<testcase classname="InequalityTest" name="test_fpMailToEmailTagger_3" time="0.569"/>
	<testcase classname="InequalityTest" name="test_fpMailToEmailTagger_4" time="0.563"/>
	<testcase classname="InequalityTest" name="test_MailToEmailTagger_16" time="0.555">
		<error message="' mailto:michael.p.orent@guycarp.com ' != ' #mailto                            '
-  mailto:michael.p.orent@guycarp.com 
+  #mailto                            
" type="AssertionError">
<![CDATA[Traceback (most recent call last):
  File "C:/Users/CHRIS/PycharmProjects/Requests/Requests.py", line 119, in test_MailToEmailTagger_16
    self.assertEqual(Actuval, expected)
AssertionError: ' mailto:michael.p.orent@guycarp.com ' != ' #mailto                            '
-  mailto:michael.p.orent@guycarp.com 
+  #mailto                            

]]>		</error>
	</testcase>
	<testcase classname="InequalityTest" name="test_MailToEmailTagger_17" time="0.578">
		<error message="' mailto:michaeltcarey3@gmail.com ' != ' #mailto                         '
-  mailto:michaeltcarey3@gmail.com 
+  #mailto                         
" type="AssertionError">
<![CDATA[Traceback (most recent call last):
  File "C:/Users/CHRIS/PycharmProjects/Requests/Requests.py", line 125, in test_MailToEmailTagger_17
    self.assertEqual(Actuval, expected)
AssertionError: ' mailto:michaeltcarey3@gmail.com ' != ' #mailto                         '
-  mailto:michaeltcarey3@gmail.com 
+  #mailto                         

]]>		</error>
	</testcase>
	<testcase classname="InequalityTest" name="test_csMailToEmailTagger_1" time="0.573">
		<error message="'you can mailto:indexdatasales@nasdaqomx.com for more information  ' != 'you can #mailto                             for more information  '
- you can mailto:indexdatasales@nasdaqomx.com for more information  
+ you can #mailto                             for more information  
" type="AssertionError">
<![CDATA[Traceback (most recent call last):
  File "C:/Users/CHRIS/PycharmProjects/Requests/Requests.py", line 316, in test_csMailToEmailTagger_1
    self.assertEqual(Actuval, expected)
AssertionError: 'you can mailto:indexdatasales@nasdaqomx.com for more information  ' != 'you can #mailto                             for more information  '
- you can mailto:indexdatasales@nasdaqomx.com for more information  
+ you can #mailto                             for more information  

]]>		</error>
	</testcase>
	<testcase classname="InequalityTest" name="test_csMailToEmailTagger_2" time="0.565">
		<error message="'any queries mailto:marketsite.events@nasdaq.com or call 646-441-5200 ' != 'any queries #mailto                             or call 646-441-5200 '
- any queries mailto:marketsite.events@nasdaq.com or call 646-441-5200 
+ any queries #mailto                             or call 646-441-5200 
" type="AssertionError">
<![CDATA[Traceback (most recent call last):
  File "C:/Users/CHRIS/PycharmProjects/Requests/Requests.py", line 322, in test_csMailToEmailTagger_2
    self.assertEqual(Actuval, expected)
AssertionError: 'any queries mailto:marketsite.events@nasdaq.com or call 646-441-5200 ' != 'any queries #mailto                             or call 646-441-5200 '
- any queries mailto:marketsite.events@nasdaq.com or call 646-441-5200 
+ any queries #mailto                             or call 646-441-5200 

]]>		</error>
	</testcase>
	<testcase classname="InequalityTest" name="test_csMailToEmailTagger_3" time="0.553">
		<error message="'for further information  mailto:realtimedata@lseg.com  or #    0)20 #    #    ' != 'for further information  #mailto                       or +44  0)20 7797 3699 '
- for further information  mailto:realtimedata@lseg.com  or #    0)20 #    #    
+ for further information  #mailto                       or +44  0)20 7797 3699 
" type="AssertionError">
<![CDATA[Traceback (most recent call last):
  File "C:/Users/CHRIS/PycharmProjects/Requests/Requests.py", line 328, in test_csMailToEmailTagger_3
    self.assertEqual(Actuval, expected)
AssertionError: 'for further information  mailto:realtimedata@lseg.com  or #    0)20 #    #    ' != 'for further information  #mailto                       or +44  0)20 7797 3699 '
- for further information  mailto:realtimedata@lseg.com  or #    0)20 #    #    
+ for further information  #mailto                       or +44  0)20 7797 3699 

]]>		</error>
	</testcase>
	<testcase classname="InequalityTest" name="test_csMailToEmailTagger_4" time="0.587">
		<error message="'plea[28 chars]m on #    #  #  #    #    or mailto:bonds@lseg[49 chars]nge ' != 'plea[28 chars]m on +44  0  20 7797 3921 or #mailto          [49 chars]nge '
- please call our fixed income team on #    #  #  #    #    or mailto:bonds@lseg.com to discuss admitting to trading on the exchange 
+ please call our fixed income team on +44  0  20 7797 3921 or #mailto               to discuss admitting to trading on the exchange 
" type="AssertionError">
<![CDATA[Traceback (most recent call last):
  File "C:/Users/CHRIS/PycharmProjects/Requests/Requests.py", line 334, in test_csMailToEmailTagger_4
    self.assertEqual(Actuval, expected)
AssertionError: 'plea[28 chars]m on #    #  #  #    #    or mailto:bonds@lseg[49 chars]nge ' != 'plea[28 chars]m on +44  0  20 7797 3921 or #mailto          [49 chars]nge '
- please call our fixed income team on #    #  #  #    #    or mailto:bonds@lseg.com to discuss admitting to trading on the exchange 
+ please call our fixed income team on +44  0  20 7797 3921 or #mailto               to discuss admitting to trading on the exchange 

]]>		</error>
	</testcase>
	<testcase classname="InequalityTest" name="test_csMailToEmailTagger_5" time="0.624">
		<error message="'mark[47 chars]ase  mailto:admissions@londonstockexchange.com[27 chars]    ' != 'mark[47 chars]ase  #mailto                                  [27 chars]310 '
- market operations to contact market operations  please  mailto:admissions@londonstockexchange.com  or call #    #  #  #    #    
+ market operations to contact market operations  please  #mailto                                    or call +44  0  20 7797 4310 
" type="AssertionError">
<![CDATA[Traceback (most recent call last):
  File "C:/Users/CHRIS/PycharmProjects/Requests/Requests.py", line 340, in test_csMailToEmailTagger_5
    self.assertEqual(Actuval, expected)
AssertionError: 'mark[47 chars]ase  mailto:admissions@londonstockexchange.com[27 chars]    ' != 'mark[47 chars]ase  #mailto                                  [27 chars]310 '
- market operations to contact market operations  please  mailto:admissions@londonstockexchange.com  or call #    #  #  #    #    
+ market operations to contact market operations  please  #mailto                                    or call +44  0  20 7797 4310 

]]>		</error>
	</testcase>
	<testcase classname="InequalityTest" name="test_fMailToEmailTagger_1" time="0.552">
		<error message="'to mailto:aimregulation@londonstockexchange.com or call #    #  #  #    #    ' != 'to #mailto                                      or call +44  0  20 7797 4154 '
- to mailto:aimregulation@londonstockexchange.com or call #    #  #  #    #    
+ to #mailto                                      or call +44  0  20 7797 4154 
" type="AssertionError">
<![CDATA[Traceback (most recent call last):
  File "C:/Users/CHRIS/PycharmProjects/Requests/Requests.py", line 284, in test_fMailToEmailTagger_1
    self.assertEqual(Actuval, expected)
AssertionError: 'to mailto:aimregulation@londonstockexchange.com or call #    #  #  #    #    ' != 'to #mailto                                      or call +44  0  20 7797 4154 '
- to mailto:aimregulation@londonstockexchange.com or call #    #  #  #    #    
+ to #mailto                                      or call +44  0  20 7797 4154 

]]>		</error>
	</testcase>
	<testcase classname="InequalityTest" name="test_fMailToEmailTagger_2" time="0.571">
		<error message="'in case of any issues or comments mailto:abuse@iqoption.com for clarification' != 'in case of any issues or comments #mailto                   for clarification'
- in case of any issues or comments mailto:abuse@iqoption.com for clarification
?                                         ^^^^^^^^^^^^^^^^^^^
+ in case of any issues or comments #mailto                   for clarification
?                                   +      ^^^^^^^^^^^^^^^^^^
" type="AssertionError">
<![CDATA[Traceback (most recent call last):
  File "C:/Users/CHRIS/PycharmProjects/Requests/Requests.py", line 290, in test_fMailToEmailTagger_2
    self.assertEqual(Actuval, expected)
AssertionError: 'in case of any issues or comments mailto:abuse@iqoption.com for clarification' != 'in case of any issues or comments #mailto                   for clarification'
- in case of any issues or comments mailto:abuse@iqoption.com for clarification
?                                         ^^^^^^^^^^^^^^^^^^^
+ in case of any issues or comments #mailto                   for clarification
?                                   +      ^^^^^^^^^^^^^^^^^^

]]>		</error>
	</testcase>
	<testcase classname="InequalityTest" name="test_fMailToEmailTagger_3" time="0.600">
		<error message="'just mailto:info@tmx.com to tsx.' != 'just #mailto             to tsx.'
- just mailto:info@tmx.com to tsx.
+ just #mailto             to tsx.
" type="AssertionError">
<![CDATA[Traceback (most recent call last):
  File "C:/Users/CHRIS/PycharmProjects/Requests/Requests.py", line 296, in test_fMailToEmailTagger_3
    self.assertEqual(Actuval, expected)
AssertionError: 'just mailto:info@tmx.com to tsx.' != 'just #mailto             to tsx.'
- just mailto:info@tmx.com to tsx.
+ just #mailto             to tsx.

]]>		</error>
	</testcase>
	<testcase classname="InequalityTest" name="test_fMailToEmailTagger_4" time="0.547">
		<error message="'please  mailto:oiea@sec.gov  or call 202-551-6551' != 'please  #mailto              or call 202-551-6551'
- please  mailto:oiea@sec.gov  or call 202-551-6551
+ please  #mailto              or call 202-551-6551
" type="AssertionError">
<![CDATA[Traceback (most recent call last):
  File "C:/Users/CHRIS/PycharmProjects/Requests/Requests.py", line 302, in test_fMailToEmailTagger_4
    self.assertEqual(Actuval, expected)
AssertionError: 'please  mailto:oiea@sec.gov  or call 202-551-6551' != 'please  #mailto              or call 202-551-6551'
- please  mailto:oiea@sec.gov  or call 202-551-6551
+ please  #mailto              or call 202-551-6551

]]>		</error>
	</testcase>
	<testcase classname="InequalityTest" name="test_fMailToEmailTagger_5" time="0.547">
		<error message="'premium products feedback  mailto:orders@marketwatch.com  1-888-485' != 'premium products feedback  #mailto                        1-888-485'
- premium products feedback  mailto:orders@marketwatch.com  1-888-485
+ premium products feedback  #mailto                        1-888-485
" type="AssertionError">
<![CDATA[Traceback (most recent call last):
  File "C:/Users/CHRIS/PycharmProjects/Requests/Requests.py", line 308, in test_fMailToEmailTagger_5
    self.assertEqual(Actuval, expected)
AssertionError: 'premium products feedback  mailto:orders@marketwatch.com  1-888-485' != 'premium products feedback  #mailto                        1-888-485'
- premium products feedback  mailto:orders@marketwatch.com  1-888-485
+ premium products feedback  #mailto                        1-888-485

]]>		</error>
	</testcase>
	<testcase classname="InequalityTest" name="test_iMailToEmailTagger_1" time="0.561">
		<error message="' mailto:nfo@theelegantsports.com ' != ' #mailto                         '
-  mailto:nfo@theelegantsports.com 
+  #mailto                         
" type="AssertionError">
<![CDATA[Traceback (most recent call last):
  File "C:/Users/CHRIS/PycharmProjects/Requests/Requests.py", line 28, in test_iMailToEmailTagger_1
    self.assertEqual(Actuval, expected)
AssertionError: ' mailto:nfo@theelegantsports.com ' != ' #mailto                         '
-  mailto:nfo@theelegantsports.com 
+  #mailto                         

]]>		</error>
	</testcase>
	<testcase classname="InequalityTest" name="test_iMailToEmailTagger_10" time="0.604">
		<error message="'mailto:newbusiness@amstock.com' != '#mailto                       '
- mailto:newbusiness@amstock.com
+ #mailto                       
" type="AssertionError">
<![CDATA[Traceback (most recent call last):
  File "C:/Users/CHRIS/PycharmProjects/Requests/Requests.py", line 82, in test_iMailToEmailTagger_10
    self.assertEqual(Actuval, expected)
AssertionError: 'mailto:newbusiness@amstock.com' != '#mailto                       '
- mailto:newbusiness@amstock.com
+ #mailto                       

]]>		</error>
	</testcase>
	<testcase classname="InequalityTest" name="test_iMailToEmailTagger_11" time="0.589">
		<error message="' mailto:newyork@sec.gov ' != ' #mailto                '
-  mailto:newyork@sec.gov 
+  #mailto                
" type="AssertionError">
<![CDATA[Traceback (most recent call last):
  File "C:/Users/CHRIS/PycharmProjects/Requests/Requests.py", line 88, in test_iMailToEmailTagger_11
    self.assertEqual(Actuval, expected)
AssertionError: ' mailto:newyork@sec.gov ' != ' #mailto                '
-  mailto:newyork@sec.gov 
+  #mailto                

]]>		</error>
	</testcase>
	<testcase classname="InequalityTest" name="test_iMailToEmailTagger_12" time="0.567">
		<error message="'mailto:office@teraplast.ro' != '#mailto                   '
- mailto:office@teraplast.ro
+ #mailto                   
" type="AssertionError">
<![CDATA[Traceback (most recent call last):
  File "C:/Users/CHRIS/PycharmProjects/Requests/Requests.py", line 94, in test_iMailToEmailTagger_12
    self.assertEqual(Actuval, expected)
AssertionError: 'mailto:office@teraplast.ro' != '#mailto                   '
- mailto:office@teraplast.ro
+ #mailto                   

]]>		</error>
	</testcase>
	<testcase classname="InequalityTest" name="test_iMailToEmailTagger_13" time="0.555">
		<error message="' mailto:info@myffpc.com ' != ' #mailto                '
-  mailto:info@myffpc.com 
+  #mailto                
" type="AssertionError">
<![CDATA[Traceback (most recent call last):
  File "C:/Users/CHRIS/PycharmProjects/Requests/Requests.py", line 101, in test_iMailToEmailTagger_13
    self.assertEqual(Actuval, expected)
AssertionError: ' mailto:info@myffpc.com ' != ' #mailto                '
-  mailto:info@myffpc.com 
+  #mailto                

]]>		</error>
	</testcase>
	<testcase classname="InequalityTest" name="test_iMailToEmailTagger_14" time="0.545">
		<error message="' mailto:michaeltcarey3@gmail.com ' != ' #mailto                         '
-  mailto:michaeltcarey3@gmail.com 
+  #mailto                         
" type="AssertionError">
<![CDATA[Traceback (most recent call last):
  File "C:/Users/CHRIS/PycharmProjects/Requests/Requests.py", line 107, in test_iMailToEmailTagger_14
    self.assertEqual(Actuval, expected)
AssertionError: ' mailto:michaeltcarey3@gmail.com ' != ' #mailto                         '
-  mailto:michaeltcarey3@gmail.com 
+  #mailto                         

]]>		</error>
	</testcase>
	<testcase classname="InequalityTest" name="test_iMailToEmailTagger_15" time="0.594">
		<error message="' mailto:slittle9@bloomberg.net ' != ' #mailto                       '
-  mailto:slittle9@bloomberg.net 
+  #mailto                       
" type="AssertionError">
<![CDATA[Traceback (most recent call last):
  File "C:/Users/CHRIS/PycharmProjects/Requests/Requests.py", line 113, in test_iMailToEmailTagger_15
    self.assertEqual(Actuval, expected)
AssertionError: ' mailto:slittle9@bloomberg.net ' != ' #mailto                       '
-  mailto:slittle9@bloomberg.net 
+  #mailto                       

]]>		</error>
	</testcase>
	<testcase classname="InequalityTest" name="test_iMailToEmailTagger_18" time="0.589">
		<error message="'  mailto:travel@enron.com  ' != '  #mailto                  '
-   mailto:travel@enron.com  
+   #mailto                  
" type="AssertionError">
<![CDATA[Traceback (most recent call last):
  File "C:/Users/CHRIS/PycharmProjects/Requests/Requests.py", line 131, in test_iMailToEmailTagger_18
    self.assertEqual(Actuval, expected)
AssertionError: '  mailto:travel@enron.com  ' != '  #mailto                  '
-   mailto:travel@enron.com  
+   #mailto                  

]]>		</error>
	</testcase>
	<testcase classname="InequalityTest" name="test_iMailToEmailTagger_19" time="0.549">
		<error message="'  mailto:ipayit@enron.com  ' != '  #mailto                  '
-   mailto:ipayit@enron.com  
+   #mailto                  
" type="AssertionError">
<![CDATA[Traceback (most recent call last):
  File "C:/Users/CHRIS/PycharmProjects/Requests/Requests.py", line 136, in test_iMailToEmailTagger_19
    self.assertEqual(Actuval, expected)
AssertionError: '  mailto:ipayit@enron.com  ' != '  #mailto                  '
-   mailto:ipayit@enron.com  
+   #mailto                  

]]>		</error>
	</testcase>
	<testcase classname="InequalityTest" name="test_iMailToEmailTagger_2" time="0.539">
		<error message="'mailto:c.cochrane@webads.co.uk' != '#mailto                       '
- mailto:c.cochrane@webads.co.uk
+ #mailto                       
" type="AssertionError">
<![CDATA[Traceback (most recent call last):
  File "C:/Users/CHRIS/PycharmProjects/Requests/Requests.py", line 34, in test_iMailToEmailTagger_2
    self.assertEqual(Actuval, expected)
AssertionError: 'mailto:c.cochrane@webads.co.uk' != '#mailto                       '
- mailto:c.cochrane@webads.co.uk
+ #mailto                       

]]>		</error>
	</testcase>
	<testcase classname="InequalityTest" name="test_iMailToEmailTagger_20" time="0.566">
		<error message="' mailto:unsubscriberedenvelope@gifts.redenvelope.com ' != ' #mailto                                             '
-  mailto:unsubscriberedenvelope@gifts.redenvelope.com 
+  #mailto                                             
" type="AssertionError">
<![CDATA[Traceback (most recent call last):
  File "C:/Users/CHRIS/PycharmProjects/Requests/Requests.py", line 141, in test_iMailToEmailTagger_20
    self.assertEqual(Actuval, expected)
AssertionError: ' mailto:unsubscriberedenvelope@gifts.redenvelope.com ' != ' #mailto                                             '
-  mailto:unsubscriberedenvelope@gifts.redenvelope.com 
+  #mailto                                             

]]>		</error>
	</testcase>
	<testcase classname="InequalityTest" name="test_iMailToEmailTagger_21" time="0.557">
		<error message="' mailto:georgia.fogo@enron.com ' != ' #mailto                       '
-  mailto:georgia.fogo@enron.com 
+  #mailto                       
" type="AssertionError">
<![CDATA[Traceback (most recent call last):
  File "C:/Users/CHRIS/PycharmProjects/Requests/Requests.py", line 146, in test_iMailToEmailTagger_21
    self.assertEqual(Actuval, expected)
AssertionError: ' mailto:georgia.fogo@enron.com ' != ' #mailto                       '
-  mailto:georgia.fogo@enron.com 
+  #mailto                       

]]>		</error>
	</testcase>
	<testcase classname="InequalityTest" name="test_iMailToEmailTagger_22" time="0.559">
		<error message="' mailto:getmoreasap@yahoo.com ' != ' #mailto                      '
-  mailto:getmoreasap@yahoo.com 
+  #mailto                      
" type="AssertionError">
<![CDATA[Traceback (most recent call last):
  File "C:/Users/CHRIS/PycharmProjects/Requests/Requests.py", line 151, in test_iMailToEmailTagger_22
    self.assertEqual(Actuval, expected)
AssertionError: ' mailto:getmoreasap@yahoo.com ' != ' #mailto                      '
-  mailto:getmoreasap@yahoo.com 
+  #mailto                      

]]>		</error>
	</testcase>
	<testcase classname="InequalityTest" name="test_iMailToEmailTagger_23" time="0.573">
		<error message="' mailto:nomoreplease@neo2.neotraffix.com ' != ' #mailto                                 '
-  mailto:nomoreplease@neo2.neotraffix.com 
+  #mailto                                 
" type="AssertionError">
<![CDATA[Traceback (most recent call last):
  File "C:/Users/CHRIS/PycharmProjects/Requests/Requests.py", line 156, in test_iMailToEmailTagger_23
    self.assertEqual(Actuval, expected)
AssertionError: ' mailto:nomoreplease@neo2.neotraffix.com ' != ' #mailto                                 '
-  mailto:nomoreplease@neo2.neotraffix.com 
+  #mailto                                 

]]>		</error>
	</testcase>
	<testcase classname="InequalityTest" name="test_iMailToEmailTagger_24" time="0.548">
		<error message="' mailto:autoremove@hey.letskeepintouch.com ' != ' #mailto                                   '
-  mailto:autoremove@hey.letskeepintouch.com 
+  #mailto                                   
" type="AssertionError">
<![CDATA[Traceback (most recent call last):
  File "C:/Users/CHRIS/PycharmProjects/Requests/Requests.py", line 161, in test_iMailToEmailTagger_24
    self.assertEqual(Actuval, expected)
AssertionError: ' mailto:autoremove@hey.letskeepintouch.com ' != ' #mailto                                   '
-  mailto:autoremove@hey.letskeepintouch.com 
+  #mailto                                   

]]>		</error>
	</testcase>
	<testcase classname="InequalityTest" name="test_iMailToEmailTagger_25" time="0.600">
		<error message="' mailto:clllllllllllllll@excite.com ' != ' #mailto                            '
-  mailto:clllllllllllllll@excite.com 
+  #mailto                            
" type="AssertionError">
<![CDATA[Traceback (most recent call last):
  File "C:/Users/CHRIS/PycharmProjects/Requests/Requests.py", line 166, in test_iMailToEmailTagger_25
    self.assertEqual(Actuval, expected)
AssertionError: ' mailto:clllllllllllllll@excite.com ' != ' #mailto                            '
-  mailto:clllllllllllllll@excite.com 
+  #mailto                            

]]>		</error>
	</testcase>
	<testcase classname="InequalityTest" name="test_iMailToEmailTagger_26" time="0.574">
		<error message="' mailto:nomoreplease@neo2.neotraffix.com ' != ' #mailto                                 '
-  mailto:nomoreplease@neo2.neotraffix.com 
+  #mailto                                 
" type="AssertionError">
<![CDATA[Traceback (most recent call last):
  File "C:/Users/CHRIS/PycharmProjects/Requests/Requests.py", line 171, in test_iMailToEmailTagger_26
    self.assertEqual(Actuval, expected)
AssertionError: ' mailto:nomoreplease@neo2.neotraffix.com ' != ' #mailto                                 '
-  mailto:nomoreplease@neo2.neotraffix.com 
+  #mailto                                 

]]>		</error>
	</testcase>
	<testcase classname="InequalityTest" name="test_iMailToEmailTagger_27" time="0.554">
		<error message="' mailto:wanbamgentry22@yahoo.com ' != ' #mailto                         '
-  mailto:wanbamgentry22@yahoo.com 
+  #mailto                         
" type="AssertionError">
<![CDATA[Traceback (most recent call last):
  File "C:/Users/CHRIS/PycharmProjects/Requests/Requests.py", line 176, in test_iMailToEmailTagger_27
    self.assertEqual(Actuval, expected)
AssertionError: ' mailto:wanbamgentry22@yahoo.com ' != ' #mailto                         '
-  mailto:wanbamgentry22@yahoo.com 
+  #mailto                         

]]>		</error>
	</testcase>
	<testcase classname="InequalityTest" name="test_iMailToEmailTagger_28" time="0.555">
		<error message="' mailto:nowremove@mail2.emediatemail.com ' != ' #mailto                                 '
-  mailto:nowremove@mail2.emediatemail.com 
+  #mailto                                 
" type="AssertionError">
<![CDATA[Traceback (most recent call last):
  File "C:/Users/CHRIS/PycharmProjects/Requests/Requests.py", line 181, in test_iMailToEmailTagger_28
    self.assertEqual(Actuval, expected)
AssertionError: ' mailto:nowremove@mail2.emediatemail.com ' != ' #mailto                                 '
-  mailto:nowremove@mail2.emediatemail.com 
+  #mailto                                 

]]>		</error>
	</testcase>
	<testcase classname="InequalityTest" name="test_iMailToEmailTagger_29" time="0.551">
		<error message="' mailto:nomoreplease@neo2.neotraffix.com ' != ' #mailto                                 '
-  mailto:nomoreplease@neo2.neotraffix.com 
+  #mailto                                 
" type="AssertionError">
<![CDATA[Traceback (most recent call last):
  File "C:/Users/CHRIS/PycharmProjects/Requests/Requests.py", line 186, in test_iMailToEmailTagger_29
    self.assertEqual(Actuval, expected)
AssertionError: ' mailto:nomoreplease@neo2.neotraffix.com ' != ' #mailto                                 '
-  mailto:nomoreplease@neo2.neotraffix.com 
+  #mailto                                 

]]>		</error>
	</testcase>
	<testcase classname="InequalityTest" name="test_iMailToEmailTagger_3" time="0.558">
		<error message="' mailto:tmxeclientmanagement@tmx.com ' != ' #mailto                             '
-  mailto:tmxeclientmanagement@tmx.com 
+  #mailto                             
" type="AssertionError">
<![CDATA[Traceback (most recent call last):
  File "C:/Users/CHRIS/PycharmProjects/Requests/Requests.py", line 40, in test_iMailToEmailTagger_3
    self.assertEqual(Actuval, expected)
AssertionError: ' mailto:tmxeclientmanagement@tmx.com ' != ' #mailto                             '
-  mailto:tmxeclientmanagement@tmx.com 
+  #mailto                             

]]>		</error>
	</testcase>
	<testcase classname="InequalityTest" name="test_iMailToEmailTagger_30" time="0.626">
		<error message="' mailto:orders@musicspace.com ' != ' #mailto                      '
-  mailto:orders@musicspace.com 
+  #mailto                      
" type="AssertionError">
<![CDATA[Traceback (most recent call last):
  File "C:/Users/CHRIS/PycharmProjects/Requests/Requests.py", line 191, in test_iMailToEmailTagger_30
    self.assertEqual(Actuval, expected)
AssertionError: ' mailto:orders@musicspace.com ' != ' #mailto                      '
-  mailto:orders@musicspace.com 
+  #mailto                      

]]>		</error>
	</testcase>
	<testcase classname="InequalityTest" name="test_iMailToEmailTagger_31" time="0.556">
		<error message="' mailto:eia@enron.com ' != ' #mailto              '
-  mailto:eia@enron.com 
+  #mailto              
" type="AssertionError">
<![CDATA[Traceback (most recent call last):
  File "C:/Users/CHRIS/PycharmProjects/Requests/Requests.py", line 196, in test_iMailToEmailTagger_31
    self.assertEqual(Actuval, expected)
AssertionError: ' mailto:eia@enron.com ' != ' #mailto              '
-  mailto:eia@enron.com 
+  #mailto              

]]>		</error>
	</testcase>
	<testcase classname="InequalityTest" name="test_iMailToEmailTagger_32" time="0.670">
		<error message="'  mailto:ideas@oatiinc.com  ' != '  #mailto                   '
-   mailto:ideas@oatiinc.com  
+   #mailto                   
" type="AssertionError">
<![CDATA[Traceback (most recent call last):
  File "C:/Users/CHRIS/PycharmProjects/Requests/Requests.py", line 201, in test_iMailToEmailTagger_32
    self.assertEqual(Actuval, expected)
AssertionError: '  mailto:ideas@oatiinc.com  ' != '  #mailto                   '
-   mailto:ideas@oatiinc.com  
+   #mailto                   

]]>		</error>
	</testcase>
	<testcase classname="InequalityTest" name="test_iMailToEmailTagger_33" time="0.582">
		<error message="'  mailto:questions@enron.com  ' != '  #mailto                     '
-   mailto:questions@enron.com  
+   #mailto                     
" type="AssertionError">
<![CDATA[Traceback (most recent call last):
  File "C:/Users/CHRIS/PycharmProjects/Requests/Requests.py", line 206, in test_iMailToEmailTagger_33
    self.assertEqual(Actuval, expected)
AssertionError: '  mailto:questions@enron.com  ' != '  #mailto                     '
-   mailto:questions@enron.com  
+   #mailto                     

]]>		</error>
	</testcase>
	<testcase classname="InequalityTest" name="test_iMailToEmailTagger_34" time="0.581">
		<error message="'  mailto:john.brindle@enron.com  ' != '  #mailto                        '
-   mailto:john.brindle@enron.com  
+   #mailto                        
" type="AssertionError">
<![CDATA[Traceback (most recent call last):
  File "C:/Users/CHRIS/PycharmProjects/Requests/Requests.py", line 211, in test_iMailToEmailTagger_34
    self.assertEqual(Actuval, expected)
AssertionError: '  mailto:john.brindle@enron.com  ' != '  #mailto                        '
-   mailto:john.brindle@enron.com  
+   #mailto                        

]]>		</error>
	</testcase>
	<testcase classname="InequalityTest" name="test_iMailToEmailTagger_35" time="0.554">
		<error message="' mailto:eia@enron.com ' != ' #mailto              '
-  mailto:eia@enron.com 
+  #mailto              
" type="AssertionError">
<![CDATA[Traceback (most recent call last):
  File "C:/Users/CHRIS/PycharmProjects/Requests/Requests.py", line 216, in test_iMailToEmailTagger_35
    self.assertEqual(Actuval, expected)
AssertionError: ' mailto:eia@enron.com ' != ' #mailto              '
-  mailto:eia@enron.com 
+  #mailto              

]]>		</error>
	</testcase>
	<testcase classname="InequalityTest" name="test_iMailToEmailTagger_36" time="0.576">
		<error message="' mailto:inversion367@yahoo.com ' != ' #mailto                       '
-  mailto:inversion367@yahoo.com 
+  #mailto                       
" type="AssertionError">
<![CDATA[Traceback (most recent call last):
  File "C:/Users/CHRIS/PycharmProjects/Requests/Requests.py", line 221, in test_iMailToEmailTagger_36
    self.assertEqual(Actuval, expected)
AssertionError: ' mailto:inversion367@yahoo.com ' != ' #mailto                       '
-  mailto:inversion367@yahoo.com 
+  #mailto                       

]]>		</error>
	</testcase>
	<testcase classname="InequalityTest" name="test_iMailToEmailTagger_37" time="0.558">
		<error message="'  mailto:courtney.votaw@enron.com  ' != '  #mailto                          '
-   mailto:courtney.votaw@enron.com  
+   #mailto                          
" type="AssertionError">
<![CDATA[Traceback (most recent call last):
  File "C:/Users/CHRIS/PycharmProjects/Requests/Requests.py", line 226, in test_iMailToEmailTagger_37
    self.assertEqual(Actuval, expected)
AssertionError: '  mailto:courtney.votaw@enron.com  ' != '  #mailto                          '
-   mailto:courtney.votaw@enron.com  
+   #mailto                          

]]>		</error>
	</testcase>
	<testcase classname="InequalityTest" name="test_iMailToEmailTagger_38" time="0.572">
		<error message="'  mailto:corporatesecurity@enron.com  ' != '  #mailto                             '
-   mailto:corporatesecurity@enron.com  
+   #mailto                             
" type="AssertionError">
<![CDATA[Traceback (most recent call last):
  File "C:/Users/CHRIS/PycharmProjects/Requests/Requests.py", line 231, in test_iMailToEmailTagger_38
    self.assertEqual(Actuval, expected)
AssertionError: '  mailto:corporatesecurity@enron.com  ' != '  #mailto                             '
-   mailto:corporatesecurity@enron.com  
+   #mailto                             

]]>		</error>
	</testcase>
	<testcase classname="InequalityTest" name="test_iMailToEmailTagger_39" time="0.591">
		<error message="' mailto:bcktoyadlt784@yahoo.com ' != ' #mailto                        '
-  mailto:bcktoyadlt784@yahoo.com 
+  #mailto                        
" type="AssertionError">
<![CDATA[Traceback (most recent call last):
  File "C:/Users/CHRIS/PycharmProjects/Requests/Requests.py", line 236, in test_iMailToEmailTagger_39
    self.assertEqual(Actuval, expected)
AssertionError: ' mailto:bcktoyadlt784@yahoo.com ' != ' #mailto                        '
-  mailto:bcktoyadlt784@yahoo.com 
+  #mailto                        

]]>		</error>
	</testcase>
	<testcase classname="InequalityTest" name="test_iMailToEmailTagger_4" time="0.552">
		<error message="'mailto:sanfrancisco@sec.gov' != '#mailto                    '
- mailto:sanfrancisco@sec.gov
+ #mailto                    
" type="AssertionError">
<![CDATA[Traceback (most recent call last):
  File "C:/Users/CHRIS/PycharmProjects/Requests/Requests.py", line 46, in test_iMailToEmailTagger_4
    self.assertEqual(Actuval, expected)
AssertionError: 'mailto:sanfrancisco@sec.gov' != '#mailto                    '
- mailto:sanfrancisco@sec.gov
+ #mailto                    

]]>		</error>
	</testcase>
	<testcase classname="InequalityTest" name="test_iMailToEmailTagger_40" time="0.557">
		<error message="' mailto:wellness@enron.com ' != ' #mailto                   '
-  mailto:wellness@enron.com 
+  #mailto                   
" type="AssertionError">
<![CDATA[Traceback (most recent call last):
  File "C:/Users/CHRIS/PycharmProjects/Requests/Requests.py", line 241, in test_iMailToEmailTagger_40
    self.assertEqual(Actuval, expected)
AssertionError: ' mailto:wellness@enron.com ' != ' #mailto                   '
-  mailto:wellness@enron.com 
+  #mailto                   

]]>		</error>
	</testcase>
	<testcase classname="InequalityTest" name="test_iMailToEmailTagger_41" time="0.556">
		<error message="' mailto:eia@enron.com ' != ' #mailto              '
-  mailto:eia@enron.com 
+  #mailto              
" type="AssertionError">
<![CDATA[Traceback (most recent call last):
  File "C:/Users/CHRIS/PycharmProjects/Requests/Requests.py", line 246, in test_iMailToEmailTagger_41
    self.assertEqual(Actuval, expected)
AssertionError: ' mailto:eia@enron.com ' != ' #mailto              '
-  mailto:eia@enron.com 
+  #mailto              

]]>		</error>
	</testcase>
	<testcase classname="InequalityTest" name="test_iMailToEmailTagger_42" time="0.551">
		<error message="'  mailto:community-relations@enron.com  ' != '  #mailto                               '
-   mailto:community-relations@enron.com  
+   #mailto                               
" type="AssertionError">
<![CDATA[Traceback (most recent call last):
  File "C:/Users/CHRIS/PycharmProjects/Requests/Requests.py", line 251, in test_iMailToEmailTagger_42
    self.assertEqual(Actuval, expected)
AssertionError: '  mailto:community-relations@enron.com  ' != '  #mailto                               '
-   mailto:community-relations@enron.com  
+   #mailto                               

]]>		</error>
	</testcase>
	<testcase classname="InequalityTest" name="test_iMailToEmailTagger_43" time="0.560">
		<error message="'  mailto:tom.o.moore@enron.com  ' != '  #mailto                       '
-   mailto:tom.o.moore@enron.com  
+   #mailto                       
" type="AssertionError">
<![CDATA[Traceback (most recent call last):
  File "C:/Users/CHRIS/PycharmProjects/Requests/Requests.py", line 256, in test_iMailToEmailTagger_43
    self.assertEqual(Actuval, expected)
AssertionError: '  mailto:tom.o.moore@enron.com  ' != '  #mailto                       '
-   mailto:tom.o.moore@enron.com  
+   #mailto                       

]]>		</error>
	</testcase>
	<testcase classname="InequalityTest" name="test_iMailToEmailTagger_44" time="0.598">
		<error message="'  mailto:blackberry@enron.com  ' != '  #mailto                      '
-   mailto:blackberry@enron.com  
+   #mailto                      
" type="AssertionError">
<![CDATA[Traceback (most recent call last):
  File "C:/Users/CHRIS/PycharmProjects/Requests/Requests.py", line 261, in test_iMailToEmailTagger_44
    self.assertEqual(Actuval, expected)
AssertionError: '  mailto:blackberry@enron.com  ' != '  #mailto                      '
-   mailto:blackberry@enron.com  
+   #mailto                      

]]>		</error>
	</testcase>
	<testcase classname="InequalityTest" name="test_iMailToEmailTagger_45" time="0.559">
		<error message="'  mailto:charla.stuart@enron.com  ' != '  #mailto                         '
-   mailto:charla.stuart@enron.com  
+   #mailto                         
" type="AssertionError">
<![CDATA[Traceback (most recent call last):
  File "C:/Users/CHRIS/PycharmProjects/Requests/Requests.py", line 266, in test_iMailToEmailTagger_45
    self.assertEqual(Actuval, expected)
AssertionError: '  mailto:charla.stuart@enron.com  ' != '  #mailto                         '
-   mailto:charla.stuart@enron.com  
+   #mailto                         

]]>		</error>
	</testcase>
	<testcase classname="InequalityTest" name="test_iMailToEmailTagger_46" time="0.595">
		<error message="'  mailto:krobb@hunton.com   ' != '  #mailto                   '
-   mailto:krobb@hunton.com   
+   #mailto                   
" type="AssertionError">
<![CDATA[Traceback (most recent call last):
  File "C:/Users/CHRIS/PycharmProjects/Requests/Requests.py", line 271, in test_iMailToEmailTagger_46
    self.assertEqual(Actuval, expected)
AssertionError: '  mailto:krobb@hunton.com   ' != '  #mailto                   '
-   mailto:krobb@hunton.com   
+   #mailto                   

]]>		</error>
	</testcase>
	<testcase classname="InequalityTest" name="test_iMailToEmailTagger_47" time="0.592">
		<error message="' mailto:richere@earthlink.net ' != ' #mailto                      '
-  mailto:richere@earthlink.net 
+  #mailto                      
" type="AssertionError">
<![CDATA[Traceback (most recent call last):
  File "C:/Users/CHRIS/PycharmProjects/Requests/Requests.py", line 276, in test_iMailToEmailTagger_47
    self.assertEqual(Actuval, expected)
AssertionError: ' mailto:richere@earthlink.net ' != ' #mailto                      '
-  mailto:richere@earthlink.net 
+  #mailto                      

]]>		</error>
	</testcase>
	<testcase classname="InequalityTest" name="test_iMailToEmailTagger_5" time="0.556">
		<error message="' mailto:info@fxcm.com ' != ' #mailto              '
-  mailto:info@fxcm.com 
+  #mailto              
" type="AssertionError">
<![CDATA[Traceback (most recent call last):
  File "C:/Users/CHRIS/PycharmProjects/Requests/Requests.py", line 52, in test_iMailToEmailTagger_5
    self.assertEqual(Actuval, expected)
AssertionError: ' mailto:info@fxcm.com ' != ' #mailto              '
-  mailto:info@fxcm.com 
+  #mailto              

]]>		</error>
	</testcase>
	<testcase classname="InequalityTest" name="test_iMailToEmailTagger_6" time="0.564">
		<error message="'mailto:tmxshareholder@tmx.com' != '#mailto                      '
- mailto:tmxshareholder@tmx.com
+ #mailto                      
" type="AssertionError">
<![CDATA[Traceback (most recent call last):
  File "C:/Users/CHRIS/PycharmProjects/Requests/Requests.py", line 58, in test_iMailToEmailTagger_6
    self.assertEqual(Actuval, expected)
AssertionError: 'mailto:tmxshareholder@tmx.com' != '#mailto                      '
- mailto:tmxshareholder@tmx.com
+ #mailto                      

]]>		</error>
	</testcase>
	<testcase classname="InequalityTest" name="test_iMailToEmailTagger_7" time="0.600">
		<error message="' mailto:info@gse.com.gh ' != ' #mailto                '
-  mailto:info@gse.com.gh 
+  #mailto                
" type="AssertionError">
<![CDATA[Traceback (most recent call last):
  File "C:/Users/CHRIS/PycharmProjects/Requests/Requests.py", line 64, in test_iMailToEmailTagger_7
    self.assertEqual(Actuval, expected)
AssertionError: ' mailto:info@gse.com.gh ' != ' #mailto                '
-  mailto:info@gse.com.gh 
+  #mailto                

]]>		</error>
	</testcase>
	<testcase classname="InequalityTest" name="test_iMailToEmailTagger_8" time="0.556">
		<error message="'mailto:tradedesk@bats.com' != '#mailto                  '
- mailto:tradedesk@bats.com
+ #mailto                  
" type="AssertionError">
<![CDATA[Traceback (most recent call last):
  File "C:/Users/CHRIS/PycharmProjects/Requests/Requests.py", line 70, in test_iMailToEmailTagger_8
    self.assertEqual(Actuval, expected)
AssertionError: 'mailto:tradedesk@bats.com' != '#mailto                  '
- mailto:tradedesk@bats.com
+ #mailto                  

]]>		</error>
	</testcase>
	<testcase classname="InequalityTest" name="test_iMailToEmailTagger_9" time="0.548">
		<error message="' mailto:membershipservices@bats.com ' != ' #mailto                            '
-  mailto:membershipservices@bats.com 
+  #mailto                            
" type="AssertionError">
<![CDATA[Traceback (most recent call last):
  File "C:/Users/CHRIS/PycharmProjects/Requests/Requests.py", line 76, in test_iMailToEmailTagger_9
    self.assertEqual(Actuval, expected)
AssertionError: ' mailto:membershipservices@bats.com ' != ' #mailto                            '
-  mailto:membershipservices@bats.com 
+  #mailto                            

]]>		</error>
	</testcase>
	<testcase classname="InequalityTest" name="test_mcMailToEmailTagger_1" time="0.578">
		<error message="'please contact  mailto:clientimplementation@lseg.com  the[60 chars]    ' != 'please contact  #mailto                               the[60 chars]3232'
- please contact  mailto:clientimplementation@lseg.com  the client implementation team on #    #  #  #    #    or stx #    
+ please contact  #mailto                               the client implementation team on +44  0  20 7797 3232 or stx 33232
" type="AssertionError">
<![CDATA[Traceback (most recent call last):
  File "C:/Users/CHRIS/PycharmProjects/Requests/Requests.py", line 368, in test_mcMailToEmailTagger_1
    self.assertEqual(Actuval, expected)
AssertionError: 'please contact  mailto:clientimplementation@lseg.com  the[60 chars]    ' != 'please contact  #mailto                               the[60 chars]3232'
- please contact  mailto:clientimplementation@lseg.com  the client implementation team on #    #  #  #    #    or stx #    
+ please contact  #mailto                               the client implementation team on +44  0  20 7797 3232 or stx 33232

]]>		</error>
	</testcase>
	<testcase classname="InequalityTest" name="test_mcMailToEmailTagger_2" time="0.599">
		<error message="'find # emails  mailto:info@acsgear.com  and # [48 chars]com ' != 'find 2 emails  #mailto                  and 1 [48 chars]com '
- find # emails  mailto:info@acsgear.com  and # phone numbers(1-877-221-8282  about www.acsgear.com 
?      ^               ^^^^^^^^^^^^^^^^^      ^
+ find 2 emails  #mailto                  and 1 phone numbers(1-877-221-8282  about www.acsgear.com 
?      ^         +      ^^^^^^^^^^^^^^^^      ^
" type="AssertionError">
<![CDATA[Traceback (most recent call last):
  File "C:/Users/CHRIS/PycharmProjects/Requests/Requests.py", line 374, in test_mcMailToEmailTagger_2
    self.assertEqual(Actuval, expected)
AssertionError: 'find # emails  mailto:info@acsgear.com  and # [48 chars]com ' != 'find 2 emails  #mailto                  and 1 [48 chars]com '
- find # emails  mailto:info@acsgear.com  and # phone numbers(1-877-221-8282  about www.acsgear.com 
?      ^               ^^^^^^^^^^^^^^^^^      ^
+ find 2 emails  #mailto                  and 1 phone numbers(1-877-221-8282  about www.acsgear.com 
?      ^         +      ^^^^^^^^^^^^^^^^      ^

]]>		</error>
	</testcase>
	<testcase classname="InequalityTest" name="test_mcMailToEmailTagger_3" time="0.617">
		<error message="'just[20 chars]also put   mailto:tmxshareholder@tmx.com  into the cc address ' != 'just[20 chars]also put   #mailto                        into the cc address '
- just for good measure i also put   mailto:tmxshareholder@tmx.com  into the cc address 
+ just for good measure i also put   #mailto                        into the cc address 
" type="AssertionError">
<![CDATA[Traceback (most recent call last):
  File "C:/Users/CHRIS/PycharmProjects/Requests/Requests.py", line 380, in test_mcMailToEmailTagger_3
    self.assertEqual(Actuval, expected)
AssertionError: 'just[20 chars]also put   mailto:tmxshareholder@tmx.com  into the cc address ' != 'just[20 chars]also put   #mailto                        into the cc address '
- just for good measure i also put   mailto:tmxshareholder@tmx.com  into the cc address 
+ just for good measure i also put   #mailto                        into the cc address 

]]>		</error>
	</testcase>
	<testcase classname="InequalityTest" name="test_nlMailToEmailTagger_1" time="0.568">
		<error message="'premium products feedback mailto:orders@marketwatch.com' != 'premium products feedback #mailto                      '
- premium products feedback mailto:orders@marketwatch.com
+ premium products feedback #mailto                      
" type="AssertionError">
<![CDATA[Traceback (most recent call last):
  File "C:/Users/CHRIS/PycharmProjects/Requests/Requests.py", line 416, in test_nlMailToEmailTagger_1
    self.assertEqual(Actuval, expected)
AssertionError: 'premium products feedback mailto:orders@marketwatch.com' != 'premium products feedback #mailto                      '
- premium products feedback mailto:orders@marketwatch.com
+ premium products feedback #mailto                      

]]>		</error>
	</testcase>
	<testcase classname="InequalityTest" name="test_pMailToEmailTagger_1" time="0.589">
		<error message="'for [57 chars]dawul website  please contact us at  mailto:ms@tadawul.com.sa ' != 'for [57 chars]dawul website  please contact us at  #mailto                  '
- for statistics and market indices information published on tadawul website  please contact us at  mailto:ms@tadawul.com.sa 
?                                                                                                         ^^^^^^^^^^^^^^^^^^
+ for statistics and market indices information published on tadawul website  please contact us at  #mailto                  
?                                                                                                   +      ^^^^^^^^^^^^^^^^^
" type="AssertionError">
<![CDATA[Traceback (most recent call last):
  File "C:/Users/CHRIS/PycharmProjects/Requests/Requests.py", line 348, in test_pMailToEmailTagger_1
    self.assertEqual(Actuval, expected)
AssertionError: 'for [57 chars]dawul website  please contact us at  mailto:ms@tadawul.com.sa ' != 'for [57 chars]dawul website  please contact us at  #mailto                  '
- for statistics and market indices information published on tadawul website  please contact us at  mailto:ms@tadawul.com.sa 
?                                                                                                         ^^^^^^^^^^^^^^^^^^
+ for statistics and market indices information published on tadawul website  please contact us at  #mailto                  
?                                                                                                   +      ^^^^^^^^^^^^^^^^^

]]>		</error>
	</testcase>
	<testcase classname="InequalityTest" name="test_pMailToEmailTagger_2" time="0.604">
		<error message="'(800) 501-3161   mailto:info@crosschx.com[34 chars]3215' != ' 800  501-3161    #mailto                [36 chars]3215'
- (800) 501-3161   mailto:info@crosschx.com   99 e. main st. columbus, ohio 43215
+  800  501-3161    #mailto                     99 e. main st. columbus  ohio 43215
" type="AssertionError">
<![CDATA[Traceback (most recent call last):
  File "C:/Users/CHRIS/PycharmProjects/Requests/Requests.py", line 354, in test_pMailToEmailTagger_2
    self.assertEqual(Actuval, expected)
AssertionError: '(800) 501-3161   mailto:info@crosschx.com[34 chars]3215' != ' 800  501-3161    #mailto                [36 chars]3215'
- (800) 501-3161   mailto:info@crosschx.com   99 e. main st. columbus, ohio 43215
+  800  501-3161    #mailto                     99 e. main st. columbus  ohio 43215

]]>		</error>
	</testcase>
	<testcase classname="InequalityTest" name="test_pMailToEmailTagger_3" time="0.571">
		<error message="'comp[21 chars] bats  mailto:membershipservices@bats.com   call 646-441-5200 ' != 'comp[21 chars] bats  #mailto                              call 646-441-5200 '
- completed and returned to bats  mailto:membershipservices@bats.com   call 646-441-5200 
+ completed and returned to bats  #mailto                              call 646-441-5200 
" type="AssertionError">
<![CDATA[Traceback (most recent call last):
  File "C:/Users/CHRIS/PycharmProjects/Requests/Requests.py", line 360, in test_pMailToEmailTagger_3
    self.assertEqual(Actuval, expected)
AssertionError: 'comp[21 chars] bats  mailto:membershipservices@bats.com   call 646-441-5200 ' != 'comp[21 chars] bats  #mailto                              call 646-441-5200 '
- completed and returned to bats  mailto:membershipservices@bats.com   call 646-441-5200 
+ completed and returned to bats  #mailto                              call 646-441-5200 

]]>		</error>
	</testcase>
	<system-out>
<![CDATA[]]>	</system-out>
	<system-err>
<![CDATA[]]>	</system-err>
</testsuite>
