<?xml version="1.0" ?>
<testsuite errors="3" failures="0" name="InequalityTest-20160318173441" tests="46" time="28.222">
	<testcase classname="InequalityTest" name="test_csPhoneNumberWithTextTest_1" time="0.702"/>
	<testcase classname="InequalityTest" name="test_csPhoneNumberWithTextTest_2" time="0.597"/>
	<testcase classname="InequalityTest" name="test_csPhoneNumberWithTextTest_3" time="0.609"/>
	<testcase classname="InequalityTest" name="test_csPhoneNumberWithTextTest_4" time="0.570"/>
	<testcase classname="InequalityTest" name="test_csPhoneNumberWithTextTest_5" time="0.561"/>
	<testcase classname="InequalityTest" name="test_fPhoneNumberWithTextTest_1" time="0.599"/>
	<testcase classname="InequalityTest" name="test_fPhoneNumberWithTextTest_10" time="0.628"/>
	<testcase classname="InequalityTest" name="test_fPhoneNumberWithTextTest_11" time="0.541"/>
	<testcase classname="InequalityTest" name="test_fPhoneNumberWithTextTest_12" time="0.564"/>
	<testcase classname="InequalityTest" name="test_fPhoneNumberWithTextTest_13" time="0.714"/>
	<testcase classname="InequalityTest" name="test_fPhoneNumberWithTextTest_14" time="0.571"/>
	<testcase classname="InequalityTest" name="test_fPhoneNumberWithTextTest_15" time="0.558"/>
	<testcase classname="InequalityTest" name="test_fPhoneNumberWithTextTest_16" time="0.595"/>
	<testcase classname="InequalityTest" name="test_fPhoneNumberWithTextTest_17" time="0.577"/>
	<testcase classname="InequalityTest" name="test_fPhoneNumberWithTextTest_18" time="0.601"/>
	<testcase classname="InequalityTest" name="test_fPhoneNumberWithTextTest_19" time="1.161"/>
	<testcase classname="InequalityTest" name="test_fPhoneNumberWithTextTest_2" time="0.631"/>
	<testcase classname="InequalityTest" name="test_fPhoneNumberWithTextTest_3" time="0.605"/>
	<testcase classname="InequalityTest" name="test_fPhoneNumberWithTextTest_4" time="0.546"/>
	<testcase classname="InequalityTest" name="test_fPhoneNumberWithTextTest_5" time="0.570"/>
	<testcase classname="InequalityTest" name="test_fPhoneNumberWithTextTest_6" time="0.582"/>
	<testcase classname="InequalityTest" name="test_fPhoneNumberWithTextTest_7" time="0.539"/>
	<testcase classname="InequalityTest" name="test_fPhoneNumberWithTextTest_8" time="0.555"/>
	<testcase classname="InequalityTest" name="test_fPhoneNumberWithTextTest_9" time="0.598"/>
	<testcase classname="InequalityTest" name="test_fpPhoneNumberWithTextTest_2" time="0.559"/>
	<testcase classname="InequalityTest" name="test_fpPhoneNumberWithTextTest_3" time="0.589"/>
	<testcase classname="InequalityTest" name="test_iPhoneNumberWithTextTest_1" time="0.712"/>
	<testcase classname="InequalityTest" name="test_iPhoneNumberWithTextTest_10" time="0.646"/>
	<testcase classname="InequalityTest" name="test_iPhoneNumberWithTextTest_11" time="0.653"/>
	<testcase classname="InequalityTest" name="test_iPhoneNumberWithTextTest_2" time="0.716"/>
	<testcase classname="InequalityTest" name="test_iPhoneNumberWithTextTest_3" time="0.688"/>
	<testcase classname="InequalityTest" name="test_iPhoneNumberWithTextTest_4" time="0.571"/>
	<testcase classname="InequalityTest" name="test_iPhoneNumberWithTextTest_5" time="0.675"/>
	<testcase classname="InequalityTest" name="test_iPhoneNumberWithTextTest_6" time="0.575"/>
	<testcase classname="InequalityTest" name="test_iPhoneNumberWithTextTest_7" time="0.565"/>
	<testcase classname="InequalityTest" name="test_iPhoneNumberWithTextTest_8" time="0.595"/>
	<testcase classname="InequalityTest" name="test_iPhoneNumberWithTextTest_9" time="0.606"/>
	<testcase classname="InequalityTest" name="test_mcPhoneNumberWithTextTest_1" time="0.574"/>
	<testcase classname="InequalityTest" name="test_mcPhoneNumberWithTextTest_3" time="0.603"/>
	<testcase classname="InequalityTest" name="test_nlPhoneNumberWithTextTest_1" time="0.561"/>
	<testcase classname="InequalityTest" name="test_pPhoneNumberWithTextTest_2" time="0.563"/>
	<testcase classname="InequalityTest" name="test_pPhoneNumberWithTextTest_3" time="0.583"/>
	<testcase classname="InequalityTest" name="test_pPhoneNumberWithTextTest_4" time="0.575"/>
	<testcase classname="InequalityTest" name="test_fpPhoneNumberWithTextTest_1" time="0.601">
		<error message="' its[28 chars]ally (714) 733-9969 before the area code chang[23 chars]60  ' != ' its[28 chars]ally  714  733-9969 before the area code chang[23 chars]60  '
-  its telephone number was originally (714) 733-9969 before the area code changed to 619 and then to 760  
?                                      ^   ^
+  its telephone number was originally  714  733-9969 before the area code changed to 619 and then to 760  
?                                      ^   ^
" type="AssertionError">
<![CDATA[Traceback (most recent call last):
  File "C:/Users/CHRIS/PycharmProjects/Requests/Requests.py", line 281, in test_fpPhoneNumberWithTextTest_1
    self.assertEqual(Actuval, expected)
AssertionError: ' its[28 chars]ally (714) 733-9969 before the area code chang[23 chars]60  ' != ' its[28 chars]ally  714  733-9969 before the area code chang[23 chars]60  '
-  its telephone number was originally (714) 733-9969 before the area code changed to 619 and then to 760  
?                                      ^   ^
+  its telephone number was originally  714  733-9969 before the area code changed to 619 and then to 760  
?                                      ^   ^

]]>		</error>
	</testcase>
	<testcase classname="InequalityTest" name="test_mcPhoneNumberWithTextTest_2" time="0.632">
		<error message="' save up to 10% with these current  #pt            coupons for october 2015  ' != ' save up to 10  with these current  #pt            coupons for october 2015  '
-  save up to 10% with these current  #pt            coupons for october 2015  
?               ^
+  save up to 10  with these current  #pt            coupons for october 2015  
?               ^
" type="AssertionError">
<![CDATA[Traceback (most recent call last):
  File "C:/Users/CHRIS/PycharmProjects/Requests/Requests.py", line 268, in test_mcPhoneNumberWithTextTest_2
    self.assertEqual(Actuval, expected)
AssertionError: ' save up to 10% with these current  #pt            coupons for october 2015  ' != ' save up to 10  with these current  #pt            coupons for october 2015  '
-  save up to 10% with these current  #pt            coupons for october 2015  
?               ^
+  save up to 10  with these current  #pt            coupons for october 2015  
?               ^

]]>		</error>
	</testcase>
	<testcase classname="InequalityTest" name="test_pPhoneNumberWithTextTest_1" time="0.604">
		<error message="' con[13 chars]ade 24 hours a day  7 days a week by calling #pt             ' != ' con[13 chars]ade 24 hours a day  7 days a week by calling #pt              '
-  contact squaretrade 24 hours a day  7 days a week by calling #pt             
+  contact squaretrade 24 hours a day  7 days a week by calling #pt              
?                                                                               +
" type="AssertionError">
<![CDATA[Traceback (most recent call last):
  File "C:/Users/CHRIS/PycharmProjects/Requests/Requests.py", line 237, in test_pPhoneNumberWithTextTest_1
    self.assertEqual(Actuval, expected)
AssertionError: ' con[13 chars]ade 24 hours a day  7 days a week by calling #pt             ' != ' con[13 chars]ade 24 hours a day  7 days a week by calling #pt              '
-  contact squaretrade 24 hours a day  7 days a week by calling #pt             
+  contact squaretrade 24 hours a day  7 days a week by calling #pt              
?                                                                               +

]]>		</error>
	</testcase>
	<system-out>
<![CDATA[]]>	</system-out>
	<system-err>
<![CDATA[]]>	</system-err>
</testsuite>
