<?xml version="1.0" ?>
<testsuite errors="0" failures="0" name="InequalityTest-20160329162115" tests="1" time="0.664">
	<testcase classname="InequalityTest" name="test_IsPercent_1" time="0.664"/>
	<system-out>
<![CDATA[]]>	</system-out>
	<system-err>
<![CDATA[]]>	</system-err>
</testsuite>
