<?xml version="1.0" ?>
<testsuite errors="53" failures="0" name="InequalityTest-20160315162143" tests="56" time="39.566">
	<testcase classname="InequalityTest" name="test_fpPhoneInSignatureTagger_1" time="0.593"/>
	<testcase classname="InequalityTest" name="test_fpPhoneInSignatureTagger_2" time="0.566"/>
	<testcase classname="InequalityTest" name="test_fpPhoneInSignatureTagger_3" time="0.590"/>
	<testcase classname="InequalityTest" name="test_csPhoneInSignatureTagger_1" time="1.350">
		<error message="' cell phone: 304-549-2681 available information for this 304-549-2681 number  ' != ' cell #hsig               available information for this 304-549-2681 number  '
-  cell phone: 304-549-2681 available information for this 304-549-2681 number  
+  cell #hsig               available information for this 304-549-2681 number  
" type="AssertionError">
<![CDATA[Traceback (most recent call last):
  File "C:/Users/CHRIS/PycharmProjects/Requests/Requests.py", line 136, in test_csPhoneInSignatureTagger_1
    self.assertEqual(Actuval, expected)
AssertionError: ' cell phone: 304-549-2681 available information for this 304-549-2681 number  ' != ' cell #hsig               available information for this 304-549-2681 number  '
-  cell phone: 304-549-2681 available information for this 304-549-2681 number  
+  cell #hsig               available information for this 304-549-2681 number  

]]>		</error>
	</testcase>
	<testcase classname="InequalityTest" name="test_csPhoneInSignatureTagger_2" time="1.266">
		<error message="' the[48 chars]ent keywords  on a monthly basis and the phone: 800-758-7384  ' != ' the[48 chars]ent keywords  on a monthly basis and the #hsig                '
-  there are many companies in the indian market who rent keywords  on a monthly basis and the phone: 800-758-7384  
?                                                                                              ^ ^^^^^^^^^^^^^^^^^
+  there are many companies in the indian market who rent keywords  on a monthly basis and the #hsig                
?                                                                                              ^ ^^^^^^^^^^^^^^^^^
" type="AssertionError">
<![CDATA[Traceback (most recent call last):
  File "C:/Users/CHRIS/PycharmProjects/Requests/Requests.py", line 142, in test_csPhoneInSignatureTagger_2
    self.assertEqual(Actuval, expected)
AssertionError: ' the[48 chars]ent keywords  on a monthly basis and the phone: 800-758-7384  ' != ' the[48 chars]ent keywords  on a monthly basis and the #hsig                '
-  there are many companies in the indian market who rent keywords  on a monthly basis and the phone: 800-758-7384  
?                                                                                              ^ ^^^^^^^^^^^^^^^^^
+  there are many companies in the indian market who rent keywords  on a monthly basis and the #hsig                
?                                                                                              ^ ^^^^^^^^^^^^^^^^^

]]>		</error>
	</testcase>
	<testcase classname="InequalityTest" name="test_csPhoneInSignatureTagger_3" time="0.978">
		<error message="' they were four-digit in fax: (713) 544-6257 and could be of any combination  ' != ' they were four-digit in #hsig               and could be of any combination  '
-  they were four-digit in fax: (713) 544-6257 and could be of any combination  
?                          ^^^^^^^^^^^^^^^^^^^
+  they were four-digit in #hsig               and could be of any combination  
?                          ^^^^^^^^^^^^^^^^^^^
" type="AssertionError">
<![CDATA[Traceback (most recent call last):
  File "C:/Users/CHRIS/PycharmProjects/Requests/Requests.py", line 148, in test_csPhoneInSignatureTagger_3
    self.assertEqual(Actuval, expected)
AssertionError: ' they were four-digit in fax: (713) 544-6257 and could be of any combination  ' != ' they were four-digit in #hsig               and could be of any combination  '
-  they were four-digit in fax: (713) 544-6257 and could be of any combination  
?                          ^^^^^^^^^^^^^^^^^^^
+  they were four-digit in #hsig               and could be of any combination  
?                          ^^^^^^^^^^^^^^^^^^^

]]>		</error>
	</testcase>
	<testcase classname="InequalityTest" name="test_csPhoneInSignatureTagger_4" time="1.628">
		<error message="' sho[20 chars]gits fax: 713.646.9501 in length and have to s[17 chars]it  ' != ' sho[20 chars]gits #hsig             in length and have to s[17 chars]it  '
-  short codes are five digits fax: 713.646.9501 in length and have to start with the digit  
?                              ^^^^^^^^^^^^^^^^^
+  short codes are five digits #hsig             in length and have to start with the digit  
?                              ^^^^^^^^^^^^^^^^^
" type="AssertionError">
<![CDATA[Traceback (most recent call last):
  File "C:/Users/CHRIS/PycharmProjects/Requests/Requests.py", line 154, in test_csPhoneInSignatureTagger_4
    self.assertEqual(Actuval, expected)
AssertionError: ' sho[20 chars]gits fax: 713.646.9501 in length and have to s[17 chars]it  ' != ' sho[20 chars]gits #hsig             in length and have to s[17 chars]it  '
-  short codes are five digits fax: 713.646.9501 in length and have to start with the digit  
?                              ^^^^^^^^^^^^^^^^^
+  short codes are five digits #hsig             in length and have to start with the digit  
?                              ^^^^^^^^^^^^^^^^^

]]>		</error>
	</testcase>
	<testcase classname="InequalityTest" name="test_csPhoneInSignatureTagger_5" time="1.602">
		<error message="' the[53 chars]cell phone: (714) 337-9474 further representin[23 chars]rs  ' != ' the[53 chars]cell #hsig                 further representin[23 chars]rs  '
-  the current five digits can be extended by three digits cell phone: (714) 337-9474 further representing # additional characters  
?                                                               ^ ^^^^^^^^^^^^^^^^^^^                      ^
+  the current five digits can be extended by three digits cell #hsig                 further representing 3 additional characters  
?                                                               ^ ^^^^^^^^^^^^^^^^^^^                      ^
" type="AssertionError">
<![CDATA[Traceback (most recent call last):
  File "C:/Users/CHRIS/PycharmProjects/Requests/Requests.py", line 160, in test_csPhoneInSignatureTagger_5
    self.assertEqual(Actuval, expected)
AssertionError: ' the[53 chars]cell phone: (714) 337-9474 further representin[23 chars]rs  ' != ' the[53 chars]cell #hsig                 further representin[23 chars]rs  '
-  the current five digits can be extended by three digits cell phone: (714) 337-9474 further representing # additional characters  
?                                                               ^ ^^^^^^^^^^^^^^^^^^^                      ^
+  the current five digits can be extended by three digits cell #hsig                 further representing 3 additional characters  
?                                                               ^ ^^^^^^^^^^^^^^^^^^^                      ^

]]>		</error>
	</testcase>
	<testcase classname="InequalityTest" name="test_fPhoneInSignatureTagger1" time="1.747">
		<error message="'amu software phone: 617-894-2992 ' != 'amu software #hsig               '
- amu software phone: 617-894-2992 
+ amu software #hsig               
" type="AssertionError">
<![CDATA[Traceback (most recent call last):
  File "C:/Users/CHRIS/PycharmProjects/Requests/Requests.py", line 167, in test_fPhoneInSignatureTagger1
    self.assertEqual(Actuval, expected)
AssertionError: 'amu software phone: 617-894-2992 ' != 'amu software #hsig               '
- amu software phone: 617-894-2992 
+ amu software #hsig               

]]>		</error>
	</testcase>
	<testcase classname="InequalityTest" name="test_fPhoneInSignatureTagger10" time="1.889">
		<error message="' smb   market development rep direct (952) 995-8404 ' != ' smb   market development rep #hsig                 '
-  smb   market development rep direct (952) 995-8404 
+  smb   market development rep #hsig                 
" type="AssertionError">
<![CDATA[Traceback (most recent call last):
  File "C:/Users/CHRIS/PycharmProjects/Requests/Requests.py", line 221, in test_fPhoneInSignatureTagger10
    self.assertEqual(Actuval, expected)
AssertionError: ' smb   market development rep direct (952) 995-8404 ' != ' smb   market development rep #hsig                 '
-  smb   market development rep direct (952) 995-8404 
+  smb   market development rep #hsig                 

]]>		</error>
	</testcase>
	<testcase classname="InequalityTest" name="test_fPhoneInSignatureTagger11" time="0.918">
		<error message="'salem direct. 508.935.4341 ' != 'salem #hsig                '
- salem direct. 508.935.4341 
+ salem #hsig                
" type="AssertionError">
<![CDATA[Traceback (most recent call last):
  File "C:/Users/CHRIS/PycharmProjects/Requests/Requests.py", line 227, in test_fPhoneInSignatureTagger11
    self.assertEqual(Actuval, expected)
AssertionError: 'salem direct. 508.935.4341 ' != 'salem #hsig                '
- salem direct. 508.935.4341 
+ salem #hsig                

]]>		</error>
	</testcase>
	<testcase classname="InequalityTest" name="test_fPhoneInSignatureTagger12" time="0.592">
		<error message="'signature phone: 617-894-2992 ' != 'signature #hsig               '
- signature phone: 617-894-2992 
+ signature #hsig               
" type="AssertionError">
<![CDATA[Traceback (most recent call last):
  File "C:/Users/CHRIS/PycharmProjects/Requests/Requests.py", line 233, in test_fPhoneInSignatureTagger12
    self.assertEqual(Actuval, expected)
AssertionError: 'signature phone: 617-894-2992 ' != 'signature #hsig               '
- signature phone: 617-894-2992 
+ signature #hsig               

]]>		</error>
	</testcase>
	<testcase classname="InequalityTest" name="test_fPhoneInSignatureTagger13" time="0.584">
		<error message="'pradeep phone: 617-894-2992 ' != 'pradeep #hsig               '
- pradeep phone: 617-894-2992 
+ pradeep #hsig               
" type="AssertionError">
<![CDATA[Traceback (most recent call last):
  File "C:/Users/CHRIS/PycharmProjects/Requests/Requests.py", line 239, in test_fPhoneInSignatureTagger13
    self.assertEqual(Actuval, expected)
AssertionError: 'pradeep phone: 617-894-2992 ' != 'pradeep #hsig               '
- pradeep phone: 617-894-2992 
+ pradeep #hsig               

]]>		</error>
	</testcase>
	<testcase classname="InequalityTest" name="test_fPhoneInSignatureTagger14" time="0.587">
		<error message="' houston texas 77002 phone: (713) 853-1575 fax ' != ' houston texas 77002 #hsig                 fax '
-  houston texas 77002 phone: (713) 853-1575 fax 
+  houston texas 77002 #hsig                 fax 
" type="AssertionError">
<![CDATA[Traceback (most recent call last):
  File "C:/Users/CHRIS/PycharmProjects/Requests/Requests.py", line 245, in test_fPhoneInSignatureTagger14
    self.assertEqual(Actuval, expected)
AssertionError: ' houston texas 77002 phone: (713) 853-1575 fax ' != ' houston texas 77002 #hsig                 fax '
-  houston texas 77002 phone: (713) 853-1575 fax 
+  houston texas 77002 #hsig                 fax 

]]>		</error>
	</testcase>
	<testcase classname="InequalityTest" name="test_fPhoneInSignatureTagger15" time="0.588">
		<error message="' contact information is    phone (713)781-5810  fax ' != ' contact information is    #hsig                fax '
-  contact information is    phone (713)781-5810  fax 
+  contact information is    #hsig                fax 
" type="AssertionError">
<![CDATA[Traceback (most recent call last):
  File "C:/Users/CHRIS/PycharmProjects/Requests/Requests.py", line 251, in test_fPhoneInSignatureTagger15
    self.assertEqual(Actuval, expected)
AssertionError: ' contact information is    phone (713)781-5810  fax ' != ' contact information is    #hsig                fax '
-  contact information is    phone (713)781-5810  fax 
+  contact information is    #hsig                fax 

]]>		</error>
	</testcase>
	<testcase classname="InequalityTest" name="test_fPhoneInSignatureTagger16" time="0.575">
		<error message="' houston, texas 77010 office: (713) 751-3048 fax ' != ' houston  texas 77010 #hsig                  fax '
-  houston, texas 77010 office: (713) 751-3048 fax 
+  houston  texas 77010 #hsig                  fax 
" type="AssertionError">
<![CDATA[Traceback (most recent call last):
  File "C:/Users/CHRIS/PycharmProjects/Requests/Requests.py", line 257, in test_fPhoneInSignatureTagger16
    self.assertEqual(Actuval, expected)
AssertionError: ' houston, texas 77010 office: (713) 751-3048 fax ' != ' houston  texas 77010 #hsig                  fax '
-  houston, texas 77010 office: (713) 751-3048 fax 
+  houston  texas 77010 #hsig                  fax 

]]>		</error>
	</testcase>
	<testcase classname="InequalityTest" name="test_fPhoneInSignatureTagger17" time="0.550">
		<error message="' fax (713)781-6614  and email jim ' != ' #hsig              and email jim '
-  fax (713)781-6614  and email jim 
+  #hsig              and email jim 
" type="AssertionError">
<![CDATA[Traceback (most recent call last):
  File "C:/Users/CHRIS/PycharmProjects/Requests/Requests.py", line 263, in test_fPhoneInSignatureTagger17
    self.assertEqual(Actuval, expected)
AssertionError: ' fax (713)781-6614  and email jim ' != ' #hsig              and email jim '
-  fax (713)781-6614  and email jim 
+  #hsig              and email jim 

]]>		</error>
	</testcase>
	<testcase classname="InequalityTest" name="test_fPhoneInSignatureTagger18" time="0.606">
		<error message="' inc. #n    713/918-3743 fax: 713/918-7306 jeremy_aber ' != ' inc. #hsig              #hsig             jeremy_aber '
-  inc. #n    713/918-3743 fax: 713/918-7306 jeremy_aber 
+  inc. #hsig              #hsig             jeremy_aber 
" type="AssertionError">
<![CDATA[Traceback (most recent call last):
  File "C:/Users/CHRIS/PycharmProjects/Requests/Requests.py", line 269, in test_fPhoneInSignatureTagger18
    self.assertEqual(Actuval, expected)
AssertionError: ' inc. #n    713/918-3743 fax: 713/918-7306 jeremy_aber ' != ' inc. #hsig              #hsig             jeremy_aber '
-  inc. #n    713/918-3743 fax: 713/918-7306 jeremy_aber 
+  inc. #hsig              #hsig             jeremy_aber 

]]>		</error>
	</testcase>
	<testcase classname="InequalityTest" name="test_fPhoneInSignatureTagger19" time="0.581">
		<error message="' #     ph:  713-345-8815 cell: 713-444-3074 fax ' != ' 77002 #hsig             #hsig              fax '
-  #     ph:  713-345-8815 cell: 713-444-3074 fax 
+  77002 #hsig             #hsig              fax 
" type="AssertionError">
<![CDATA[Traceback (most recent call last):
  File "C:/Users/CHRIS/PycharmProjects/Requests/Requests.py", line 275, in test_fPhoneInSignatureTagger19
    self.assertEqual(Actuval, expected)
AssertionError: ' #     ph:  713-345-8815 cell: 713-444-3074 fax ' != ' 77002 #hsig             #hsig              fax '
-  #     ph:  713-345-8815 cell: 713-444-3074 fax 
+  77002 #hsig             #hsig              fax 

]]>		</error>
	</testcase>
	<testcase classname="InequalityTest" name="test_fPhoneInSignatureTagger2" time="0.553">
		<error message="'two roads software ph: 617-894-2992 ' != 'two roads software #hsig            '
- two roads software ph: 617-894-2992 
+ two roads software #hsig            
" type="AssertionError">
<![CDATA[Traceback (most recent call last):
  File "C:/Users/CHRIS/PycharmProjects/Requests/Requests.py", line 173, in test_fPhoneInSignatureTagger2
    self.assertEqual(Actuval, expected)
AssertionError: 'two roads software ph: 617-894-2992 ' != 'two roads software #hsig            '
- two roads software ph: 617-894-2992 
+ two roads software #hsig            

]]>		</error>
	</testcase>
	<testcase classname="InequalityTest" name="test_fPhoneInSignatureTagger20" time="0.567">
		<error message="' #    fax:  (713) 850-7746 phone:  (281) 467-0022  ' != ' 8399 #hsig                #hsig                   '
-  #    fax:  (713) 850-7746 phone:  (281) 467-0022  
+  8399 #hsig                #hsig                   
" type="AssertionError">
<![CDATA[Traceback (most recent call last):
  File "C:/Users/CHRIS/PycharmProjects/Requests/Requests.py", line 281, in test_fPhoneInSignatureTagger20
    self.assertEqual(Actuval, expected)
AssertionError: ' #    fax:  (713) 850-7746 phone:  (281) 467-0022  ' != ' 8399 #hsig                #hsig                   '
-  #    fax:  (713) 850-7746 phone:  (281) 467-0022  
+  8399 #hsig                #hsig                   

]]>		</error>
	</testcase>
	<testcase classname="InequalityTest" name="test_fPhoneInSignatureTagger3" time="0.561">
		<error message="'gabe p: (123) 345-1234 ' != 'gabe #hsig             '
- gabe p: (123) 345-1234 
+ gabe #hsig             
" type="AssertionError">
<![CDATA[Traceback (most recent call last):
  File "C:/Users/CHRIS/PycharmProjects/Requests/Requests.py", line 179, in test_fPhoneInSignatureTagger3
    self.assertEqual(Actuval, expected)
AssertionError: 'gabe p: (123) 345-1234 ' != 'gabe #hsig             '
- gabe p: (123) 345-1234 
+ gabe #hsig             

]]>		</error>
	</testcase>
	<testcase classname="InequalityTest" name="test_fPhoneInSignatureTagger4" time="0.556">
		<error message="'chris phone 617.894.2992 ' != 'chris #hsig              '
- chris phone 617.894.2992 
+ chris #hsig              
" type="AssertionError">
<![CDATA[Traceback (most recent call last):
  File "C:/Users/CHRIS/PycharmProjects/Requests/Requests.py", line 185, in test_fPhoneInSignatureTagger4
    self.assertEqual(Actuval, expected)
AssertionError: 'chris phone 617.894.2992 ' != 'chris #hsig              '
- chris phone 617.894.2992 
+ chris #hsig              

]]>		</error>
	</testcase>
	<testcase classname="InequalityTest" name="test_fPhoneInSignatureTagger5" time="0.552">
		<error message="'vikram ph. 617-894-2992 ' != 'vikram #hsig            '
- vikram ph. 617-894-2992 
+ vikram #hsig            
" type="AssertionError">
<![CDATA[Traceback (most recent call last):
  File "C:/Users/CHRIS/PycharmProjects/Requests/Requests.py", line 191, in test_fPhoneInSignatureTagger5
    self.assertEqual(Actuval, expected)
AssertionError: 'vikram ph. 617-894-2992 ' != 'vikram #hsig            '
- vikram ph. 617-894-2992 
+ vikram #hsig            

]]>		</error>
	</testcase>
	<testcase classname="InequalityTest" name="test_fPhoneInSignatureTagger6" time="0.571">
		<error message="'usa ph: 617-894-2992 ' != 'usa #hsig            '
- usa ph: 617-894-2992 
+ usa #hsig            
" type="AssertionError">
<![CDATA[Traceback (most recent call last):
  File "C:/Users/CHRIS/PycharmProjects/Requests/Requests.py", line 197, in test_fPhoneInSignatureTagger6
    self.assertEqual(Actuval, expected)
AssertionError: 'usa ph: 617-894-2992 ' != 'usa #hsig            '
- usa ph: 617-894-2992 
+ usa #hsig            

]]>		</error>
	</testcase>
	<testcase classname="InequalityTest" name="test_fPhoneInSignatureTagger7" time="0.629">
		<error message="'tcs phone: (352) 342-2644 ' != 'tcs #hsig                 '
- tcs phone: (352) 342-2644 
+ tcs #hsig                 
" type="AssertionError">
<![CDATA[Traceback (most recent call last):
  File "C:/Users/CHRIS/PycharmProjects/Requests/Requests.py", line 203, in test_fPhoneInSignatureTagger7
    self.assertEqual(Actuval, expected)
AssertionError: 'tcs phone: (352) 342-2644 ' != 'tcs #hsig                 '
- tcs phone: (352) 342-2644 
+ tcs #hsig                 

]]>		</error>
	</testcase>
	<testcase classname="InequalityTest" name="test_fPhoneInSignatureTagger8" time="0.598">
		<error message="'infosys mobile. 508.335.9609 ' != 'infosys #hsig                '
- infosys mobile. 508.335.9609 
+ infosys #hsig                
" type="AssertionError">
<![CDATA[Traceback (most recent call last):
  File "C:/Users/CHRIS/PycharmProjects/Requests/Requests.py", line 209, in test_fPhoneInSignatureTagger8
    self.assertEqual(Actuval, expected)
AssertionError: 'infosys mobile. 508.335.9609 ' != 'infosys #hsig                '
- infosys mobile. 508.335.9609 
+ infosys #hsig                

]]>		</error>
	</testcase>
	<testcase classname="InequalityTest" name="test_fPhoneInSignatureTagger9" time="0.597">
		<error message="'e-mail   krazzano@idc.com   fax. 508 988 7538  ' != 'e-mail   krazzano@idc.com   #hsig              '
- e-mail   krazzano@idc.com   fax. 508 988 7538  
+ e-mail   krazzano@idc.com   #hsig              
" type="AssertionError">
<![CDATA[Traceback (most recent call last):
  File "C:/Users/CHRIS/PycharmProjects/Requests/Requests.py", line 215, in test_fPhoneInSignatureTagger9
    self.assertEqual(Actuval, expected)
AssertionError: 'e-mail   krazzano@idc.com   fax. 508 988 7538  ' != 'e-mail   krazzano@idc.com   #hsig              '
- e-mail   krazzano@idc.com   fax. 508 988 7538  
+ e-mail   krazzano@idc.com   #hsig              

]]>		</error>
	</testcase>
	<testcase classname="InequalityTest" name="test_fPhoneInSignatureTagger_21" time="0.561">
		<error message="' ca #       #n   949.623.8563 525 b street, suite 1500  san diego ca ' != ' ca 92618   #hsig             525 b street  suite 1500  san diego ca '
-  ca #       #n   949.623.8563 525 b street, suite 1500  san diego ca 
+  ca 92618   #hsig             525 b street  suite 1500  san diego ca 
" type="AssertionError">
<![CDATA[Traceback (most recent call last):
  File "C:/Users/CHRIS/PycharmProjects/Requests/Requests.py", line 287, in test_fPhoneInSignatureTagger_21
    self.assertEqual(Actuval, expected)
AssertionError: ' ca #       #n   949.623.8563 525 b street, suite 1500  san diego ca ' != ' ca 92618   #hsig             525 b street  suite 1500  san diego ca '
-  ca #       #n   949.623.8563 525 b street, suite 1500  san diego ca 
+  ca 92618   #hsig             525 b street  suite 1500  san diego ca 

]]>		</error>
	</testcase>
	<testcase classname="InequalityTest" name="test_fPhoneInSignatureTagger_22" time="0.576">
		<error message="' center drive  suite #   irvine, ca 92618   cell: 949.623.8563  525 b street ' != ' center drive  suite 200 irvine  ca 92618   #hsig               525 b street '
-  center drive  suite #   irvine, ca 92618   cell: 949.623.8563  525 b street 
+  center drive  suite 200 irvine  ca 92618   #hsig               525 b street 
" type="AssertionError">
<![CDATA[Traceback (most recent call last):
  File "C:/Users/CHRIS/PycharmProjects/Requests/Requests.py", line 293, in test_fPhoneInSignatureTagger_22
    self.assertEqual(Actuval, expected)
AssertionError: ' center drive  suite #   irvine, ca 92618   cell: 949.623.8563  525 b street ' != ' center drive  suite 200 irvine  ca 92618   #hsig               525 b street '
-  center drive  suite #   irvine, ca 92618   cell: 949.623.8563  525 b street 
+  center drive  suite 200 irvine  ca 92618   #hsig               525 b street 

]]>		</error>
	</testcase>
	<testcase classname="InequalityTest" name="test_fPhoneInSignatureTagger_23" time="0.586">
		<error message="' john carpenter freeway suite #    irving, texas 75062 phone: (817) 569-8900 ' != ' john carpenter freeway suite 1500 irving  texas 75062 #hsig                 '
-  john carpenter freeway suite #    irving, texas 75062 phone: (817) 569-8900 
+  john carpenter freeway suite 1500 irving  texas 75062 #hsig                 
" type="AssertionError">
<![CDATA[Traceback (most recent call last):
  File "C:/Users/CHRIS/PycharmProjects/Requests/Requests.py", line 299, in test_fPhoneInSignatureTagger_23
    self.assertEqual(Actuval, expected)
AssertionError: ' john carpenter freeway suite #    irving, texas 75062 phone: (817) 569-8900 ' != ' john carpenter freeway suite 1500 irving  texas 75062 #hsig                 '
-  john carpenter freeway suite #    irving, texas 75062 phone: (817) 569-8900 
+  john carpenter freeway suite 1500 irving  texas 75062 #hsig                 

]]>		</error>
	</testcase>
	<testcase classname="InequalityTest" name="test_iPhoneInSignatureTagger15" time="0.562">
		<error message="'  tel. 281.788.6907  ' != '  #hsig              '
-   tel. 281.788.6907  
+   #hsig              
" type="AssertionError">
<![CDATA[Traceback (most recent call last):
  File "C:/Users/CHRIS/PycharmProjects/Requests/Requests.py", line 111, in test_iPhoneInSignatureTagger15
    self.assertEqual(Actuval, expected)
AssertionError: '  tel. 281.788.6907  ' != '  #hsig              '
-   tel. 281.788.6907  
+   #hsig              

]]>		</error>
	</testcase>
	<testcase classname="InequalityTest" name="test_iPhoneInSignatureTagger16" time="0.567">
		<error message="'  fax. 281.788.6907  ' != '  #hsig              '
-   fax. 281.788.6907  
+   #hsig              
" type="AssertionError">
<![CDATA[Traceback (most recent call last):
  File "C:/Users/CHRIS/PycharmProjects/Requests/Requests.py", line 117, in test_iPhoneInSignatureTagger16
    self.assertEqual(Actuval, expected)
AssertionError: '  fax. 281.788.6907  ' != '  #hsig              '
-   fax. 281.788.6907  
+   #hsig              

]]>		</error>
	</testcase>
	<testcase classname="InequalityTest" name="test_iPhoneInSignatureTagger_17" time="0.555">
		<error message="' phone: (817) 853-9326 ' != ' #hsig                 '
-  phone: (817) 853-9326 
+  #hsig                 
" type="AssertionError">
<![CDATA[Traceback (most recent call last):
  File "C:/Users/CHRIS/PycharmProjects/Requests/Requests.py", line 123, in test_iPhoneInSignatureTagger_17
    self.assertEqual(Actuval, expected)
AssertionError: ' phone: (817) 853-9326 ' != ' #hsig                 '
-  phone: (817) 853-9326 
+  #hsig                 

]]>		</error>
	</testcase>
	<testcase classname="InequalityTest" name="test_iPhoneInSignatureTagger_18" time="0.580">
		<error message="' #n   949.623.8563 ' != ' #hsig             '
-  #n   949.623.8563 
+  #hsig             
" type="AssertionError">
<![CDATA[Traceback (most recent call last):
  File "C:/Users/CHRIS/PycharmProjects/Requests/Requests.py", line 129, in test_iPhoneInSignatureTagger_18
    self.assertEqual(Actuval, expected)
AssertionError: ' #n   949.623.8563 ' != ' #hsig             '
-  #n   949.623.8563 
+  #hsig             

]]>		</error>
	</testcase>
	<testcase classname="InequalityTest" name="test_iPhoneInSignatureTest_1" time="0.876">
		<error message="'pradeep phone: 617-894-2992 ' != 'pradeep #hsig               '
- pradeep phone: 617-894-2992 
+ pradeep #hsig               
" type="AssertionError">
<![CDATA[Traceback (most recent call last):
  File "C:/Users/CHRIS/PycharmProjects/Requests/Requests.py", line 27, in test_iPhoneInSignatureTest_1
    self.assertEqual(Actuval, expected)
AssertionError: 'pradeep phone: 617-894-2992 ' != 'pradeep #hsig               '
- pradeep phone: 617-894-2992 
+ pradeep #hsig               

]]>		</error>
	</testcase>
	<testcase classname="InequalityTest" name="test_iPhoneInSignatureTest_10" time="0.586">
		<error message="'john mobile: (617)894-2992 ' != 'john #hsig                 '
- john mobile: (617)894-2992 
+ john #hsig                 
" type="AssertionError">
<![CDATA[Traceback (most recent call last):
  File "C:/Users/CHRIS/PycharmProjects/Requests/Requests.py", line 81, in test_iPhoneInSignatureTest_10
    self.assertEqual(Actuval, expected)
AssertionError: 'john mobile: (617)894-2992 ' != 'john #hsig                 '
- john mobile: (617)894-2992 
+ john #hsig                 

]]>		</error>
	</testcase>
	<testcase classname="InequalityTest" name="test_iPhoneInSignatureTest_11" time="0.596">
		<error message="'john office (617) 894-2992 ' != 'john #hsig                 '
- john office (617) 894-2992 
+ john #hsig                 
" type="AssertionError">
<![CDATA[Traceback (most recent call last):
  File "C:/Users/CHRIS/PycharmProjects/Requests/Requests.py", line 87, in test_iPhoneInSignatureTest_11
    self.assertEqual(Actuval, expected)
AssertionError: 'john office (617) 894-2992 ' != 'john #hsig                 '
- john office (617) 894-2992 
+ john #hsig                 

]]>		</error>
	</testcase>
	<testcase classname="InequalityTest" name="test_iPhoneInSignatureTest_12" time="0.562">
		<error message="'john office: (617)894-2992 ' != 'john #hsig                 '
- john office: (617)894-2992 
+ john #hsig                 
" type="AssertionError">
<![CDATA[Traceback (most recent call last):
  File "C:/Users/CHRIS/PycharmProjects/Requests/Requests.py", line 93, in test_iPhoneInSignatureTest_12
    self.assertEqual(Actuval, expected)
AssertionError: 'john office: (617)894-2992 ' != 'john #hsig                 '
- john office: (617)894-2992 
+ john #hsig                 

]]>		</error>
	</testcase>
	<testcase classname="InequalityTest" name="test_iPhoneInSignatureTest_13" time="0.574">
		<error message="'john fax (617) 894-2992 ' != 'john #hsig              '
- john fax (617) 894-2992 
+ john #hsig              
" type="AssertionError">
<![CDATA[Traceback (most recent call last):
  File "C:/Users/CHRIS/PycharmProjects/Requests/Requests.py", line 99, in test_iPhoneInSignatureTest_13
    self.assertEqual(Actuval, expected)
AssertionError: 'john fax (617) 894-2992 ' != 'john #hsig              '
- john fax (617) 894-2992 
+ john #hsig              

]]>		</error>
	</testcase>
	<testcase classname="InequalityTest" name="test_iPhoneInSignatureTest_14" time="0.575">
		<error message="'john m. (617)894-2992 ' != 'john #hsig            '
- john m. (617)894-2992 
+ john #hsig            
" type="AssertionError">
<![CDATA[Traceback (most recent call last):
  File "C:/Users/CHRIS/PycharmProjects/Requests/Requests.py", line 105, in test_iPhoneInSignatureTest_14
    self.assertEqual(Actuval, expected)
AssertionError: 'john m. (617)894-2992 ' != 'john #hsig            '
- john m. (617)894-2992 
+ john #hsig            

]]>		</error>
	</testcase>
	<testcase classname="InequalityTest" name="test_iPhoneInSignatureTest_2" time="0.570">
		<error message="'john m: 617-894-2992 ' != 'john #hsig           '
- john m: 617-894-2992 
+ john #hsig           
" type="AssertionError">
<![CDATA[Traceback (most recent call last):
  File "C:/Users/CHRIS/PycharmProjects/Requests/Requests.py", line 33, in test_iPhoneInSignatureTest_2
    self.assertEqual(Actuval, expected)
AssertionError: 'john m: 617-894-2992 ' != 'john #hsig           '
- john m: 617-894-2992 
+ john #hsig           

]]>		</error>
	</testcase>
	<testcase classname="InequalityTest" name="test_iPhoneInSignatureTest_3" time="0.565">
		<error message="'john mobile: 617-894-2992 ' != 'john #hsig                '
- john mobile: 617-894-2992 
+ john #hsig                
" type="AssertionError">
<![CDATA[Traceback (most recent call last):
  File "C:/Users/CHRIS/PycharmProjects/Requests/Requests.py", line 39, in test_iPhoneInSignatureTest_3
    self.assertEqual(Actuval, expected)
AssertionError: 'john mobile: 617-894-2992 ' != 'john #hsig                '
- john mobile: 617-894-2992 
+ john #hsig                

]]>		</error>
	</testcase>
	<testcase classname="InequalityTest" name="test_iPhoneInSignatureTest_4" time="0.567">
		<error message="'john office 617-894-2992 ' != 'john #hsig               '
- john office 617-894-2992 
+ john #hsig               
" type="AssertionError">
<![CDATA[Traceback (most recent call last):
  File "C:/Users/CHRIS/PycharmProjects/Requests/Requests.py", line 45, in test_iPhoneInSignatureTest_4
    self.assertEqual(Actuval, expected)
AssertionError: 'john office 617-894-2992 ' != 'john #hsig               '
- john office 617-894-2992 
+ john #hsig               

]]>		</error>
	</testcase>
	<testcase classname="InequalityTest" name="test_iPhoneInSignatureTest_5" time="0.586">
		<error message="'john office: 617-894-2992 ' != 'john #hsig                '
- john office: 617-894-2992 
+ john #hsig                
" type="AssertionError">
<![CDATA[Traceback (most recent call last):
  File "C:/Users/CHRIS/PycharmProjects/Requests/Requests.py", line 51, in test_iPhoneInSignatureTest_5
    self.assertEqual(Actuval, expected)
AssertionError: 'john office: 617-894-2992 ' != 'john #hsig                '
- john office: 617-894-2992 
+ john #hsig                

]]>		</error>
	</testcase>
	<testcase classname="InequalityTest" name="test_iPhoneInSignatureTest_6" time="0.586">
		<error message="'john fax 617-894-2992 ' != 'john #hsig            '
- john fax 617-894-2992 
+ john #hsig            
" type="AssertionError">
<![CDATA[Traceback (most recent call last):
  File "C:/Users/CHRIS/PycharmProjects/Requests/Requests.py", line 57, in test_iPhoneInSignatureTest_6
    self.assertEqual(Actuval, expected)
AssertionError: 'john fax 617-894-2992 ' != 'john #hsig            '
- john fax 617-894-2992 
+ john #hsig            

]]>		</error>
	</testcase>
	<testcase classname="InequalityTest" name="test_iPhoneInSignatureTest_7" time="0.553">
		<error message="'john m. 617-894-2992 ' != 'john #hsig           '
- john m. 617-894-2992 
+ john #hsig           
" type="AssertionError">
<![CDATA[Traceback (most recent call last):
  File "C:/Users/CHRIS/PycharmProjects/Requests/Requests.py", line 63, in test_iPhoneInSignatureTest_7
    self.assertEqual(Actuval, expected)
AssertionError: 'john m. 617-894-2992 ' != 'john #hsig           '
- john m. 617-894-2992 
+ john #hsig           

]]>		</error>
	</testcase>
	<testcase classname="InequalityTest" name="test_iPhoneInSignatureTest_8" time="0.641">
		<error message="'pradeep phone: 1-617-894-2992 ' != 'pradeep #hsig                 '
- pradeep phone: 1-617-894-2992 
+ pradeep #hsig                 
" type="AssertionError">
<![CDATA[Traceback (most recent call last):
  File "C:/Users/CHRIS/PycharmProjects/Requests/Requests.py", line 69, in test_iPhoneInSignatureTest_8
    self.assertEqual(Actuval, expected)
AssertionError: 'pradeep phone: 1-617-894-2992 ' != 'pradeep #hsig                 '
- pradeep phone: 1-617-894-2992 
+ pradeep #hsig                 

]]>		</error>
	</testcase>
	<testcase classname="InequalityTest" name="test_iPhoneInSignatureTest_9" time="0.607">
		<error message="'john m: (617) 894-2992 ' != 'john #hsig             '
- john m: (617) 894-2992 
+ john #hsig             
" type="AssertionError">
<![CDATA[Traceback (most recent call last):
  File "C:/Users/CHRIS/PycharmProjects/Requests/Requests.py", line 75, in test_iPhoneInSignatureTest_9
    self.assertEqual(Actuval, expected)
AssertionError: 'john m: (617) 894-2992 ' != 'john #hsig             '
- john m: (617) 894-2992 
+ john #hsig             

]]>		</error>
	</testcase>
	<testcase classname="InequalityTest" name="test_mcPhoneInSignatureTagger_1" time="0.593">
		<error message="' no [17 chars]d to cell: 661-645-0809 from one landline to a[25 chars]ea  ' != ' no [17 chars]d to #hsig              from one landline to a[25 chars]ea  '
-  no prefix is required to cell: 661-645-0809 from one landline to another in the same std area  
?                           ^^^^^^^^^^^^^^^^^^
+  no prefix is required to #hsig              from one landline to another in the same std area  
?                           ^^^^^^^^^^^^^^^^^^
" type="AssertionError">
<![CDATA[Traceback (most recent call last):
  File "C:/Users/CHRIS/PycharmProjects/Requests/Requests.py", line 325, in test_mcPhoneInSignatureTagger_1
    self.assertEqual(Actuval, expected)
AssertionError: ' no [17 chars]d to cell: 661-645-0809 from one landline to a[25 chars]ea  ' != ' no [17 chars]d to #hsig              from one landline to a[25 chars]ea  '
-  no prefix is required to cell: 661-645-0809 from one landline to another in the same std area  
?                           ^^^^^^^^^^^^^^^^^^
+  no prefix is required to #hsig              from one landline to another in the same std area  
?                           ^^^^^^^^^^^^^^^^^^

]]>		</error>
	</testcase>
	<testcase classname="InequalityTest" name="test_mcPhoneInSignatureTagger_2" time="0.593">
		<error message="' tra[14 chars]er location and find owner name and address fax: 415-982-1203 ' != ' tra[14 chars]er location and find owner name and address #hsig             '
-  trace mobile number location and find owner name and address fax: 415-982-1203 
?                                                               ^^^^^^^^^^^^^^^^^
+  trace mobile number location and find owner name and address #hsig             
?                                                               ^^^^^^^^^^^^^^^^^
" type="AssertionError">
<![CDATA[Traceback (most recent call last):
  File "C:/Users/CHRIS/PycharmProjects/Requests/Requests.py", line 331, in test_mcPhoneInSignatureTagger_2
    self.assertEqual(Actuval, expected)
AssertionError: ' tra[14 chars]er location and find owner name and address fax: 415-982-1203 ' != ' tra[14 chars]er location and find owner name and address #hsig             '
-  trace mobile number location and find owner name and address fax: 415-982-1203 
?                                                               ^^^^^^^^^^^^^^^^^
+  trace mobile number location and find owner name and address #hsig             
?                                                               ^^^^^^^^^^^^^^^^^

]]>		</error>
	</testcase>
	<testcase classname="InequalityTest" name="test_mcPhoneInSignatureTagger_3" time="0.591">
		<error message="' ple[38 chars]number and telephone identifcation cell phone: (714) 337-9474 ' != ' ple[38 chars]number and telephone identifcation cell #hsig                 '
-  please keep your customer identification number and telephone identifcation cell phone: (714) 337-9474 
?                                                                                   ^ ^^^^^^^^^^^^^^^^^^^
+  please keep your customer identification number and telephone identifcation cell #hsig                 
?                                                                                   ^ ^^^^^^^^^^^^^^^^^^^
" type="AssertionError">
<![CDATA[Traceback (most recent call last):
  File "C:/Users/CHRIS/PycharmProjects/Requests/Requests.py", line 337, in test_mcPhoneInSignatureTagger_3
    self.assertEqual(Actuval, expected)
AssertionError: ' ple[38 chars]number and telephone identifcation cell phone: (714) 337-9474 ' != ' ple[38 chars]number and telephone identifcation cell #hsig                 '
-  please keep your customer identification number and telephone identifcation cell phone: (714) 337-9474 
?                                                                                   ^ ^^^^^^^^^^^^^^^^^^^
+  please keep your customer identification number and telephone identifcation cell #hsig                 
?                                                                                   ^ ^^^^^^^^^^^^^^^^^^^

]]>		</error>
	</testcase>
	<testcase classname="InequalityTest" name="test_nlPhoneInSignatureTagger_1" time="0.601">
		<error message="&quot; tru[28 chars]y's  phone: 310-712-7350  to make it more inte[16 chars]ul  &quot; != &quot; tru[28 chars]y's  #hsig                to make it more inte[16 chars]ul  &quot;
-  truecaller is transforming today's  phone: 310-712-7350  to make it more intelligent and useful  
?                                      ^ ^^^^^^^^^^^^^^^^^
+  truecaller is transforming today's  #hsig                to make it more intelligent and useful  
?                                      ^ ^^^^^^^^^^^^^^^^^
" type="AssertionError">
<![CDATA[Traceback (most recent call last):
  File "C:/Users/CHRIS/PycharmProjects/Requests/Requests.py", line 363, in test_nlPhoneInSignatureTagger_1
    self.assertEqual(Actuval, expected)
AssertionError: " tru[28 chars]y's  phone: 310-712-7350  to make it more inte[16 chars]ul  " != " tru[28 chars]y's  #hsig                to make it more inte[16 chars]ul  "
-  truecaller is transforming today's  phone: 310-712-7350  to make it more intelligent and useful  
?                                      ^ ^^^^^^^^^^^^^^^^^
+  truecaller is transforming today's  #hsig                to make it more intelligent and useful  
?                                      ^ ^^^^^^^^^^^^^^^^^

]]>		</error>
	</testcase>
	<testcase classname="InequalityTest" name="test_pPhoneInSignatureTagger_1" time="0.589">
		<error message="' caller first calls from local cell: 888-310-9738  ' != ' caller first calls from local #hsig               '
-  caller first calls from local cell: 888-310-9738  
+  caller first calls from local #hsig               
" type="AssertionError">
<![CDATA[Traceback (most recent call last):
  File "C:/Users/CHRIS/PycharmProjects/Requests/Requests.py", line 306, in test_pPhoneInSignatureTagger_1
    self.assertEqual(Actuval, expected)
AssertionError: ' caller first calls from local cell: 888-310-9738  ' != ' caller first calls from local #hsig               '
-  caller first calls from local cell: 888-310-9738  
+  caller first calls from local #hsig               

]]>		</error>
	</testcase>
	<testcase classname="InequalityTest" name="test_pPhoneInSignatureTagger_2" time="0.582">
		<error message="' a p[13 chars]code is required to dial from a landline phone: 555-345-6747  ' != ' a p[13 chars]code is required to dial from a landline #hsig                '
-  a prefix of std code is required to dial from a landline phone: 555-345-6747  
?                                                           ^ ^^^^^^^^^^^^^^^^^
+  a prefix of std code is required to dial from a landline #hsig                
?                                                           ^ ^^^^^^^^^^^^^^^^^
" type="AssertionError">
<![CDATA[Traceback (most recent call last):
  File "C:/Users/CHRIS/PycharmProjects/Requests/Requests.py", line 312, in test_pPhoneInSignatureTagger_2
    self.assertEqual(Actuval, expected)
AssertionError: ' a p[13 chars]code is required to dial from a landline phone: 555-345-6747  ' != ' a p[13 chars]code is required to dial from a landline #hsig                '
-  a prefix of std code is required to dial from a landline phone: 555-345-6747  
?                                                           ^ ^^^^^^^^^^^^^^^^^
+  a prefix of std code is required to dial from a landline #hsig                
?                                                           ^ ^^^^^^^^^^^^^^^^^

]]>		</error>
	</testcase>
	<testcase classname="InequalityTest" name="test_pPhoneInSignatureTagger_3" time="0.610">
		<error message="' wit[13 chars]every telephone is like a citibank branch cell: 800-564-7884 ' != ' wit[13 chars]every telephone is like a citibank branch #hsig               '
-  with citiphone  every telephone is like a citibank branch cell: 800-564-7884 
?                                                            ^^^^^^^^^^^^^^^^^^
+  with citiphone  every telephone is like a citibank branch #hsig               
?                                                            ^^^^^^^^^^^^^^^^^^^
" type="AssertionError">
<![CDATA[Traceback (most recent call last):
  File "C:/Users/CHRIS/PycharmProjects/Requests/Requests.py", line 318, in test_pPhoneInSignatureTagger_3
    self.assertEqual(Actuval, expected)
AssertionError: ' wit[13 chars]every telephone is like a citibank branch cell: 800-564-7884 ' != ' wit[13 chars]every telephone is like a citibank branch #hsig               '
-  with citiphone  every telephone is like a citibank branch cell: 800-564-7884 
?                                                            ^^^^^^^^^^^^^^^^^^
+  with citiphone  every telephone is like a citibank branch #hsig               
?                                                            ^^^^^^^^^^^^^^^^^^^

]]>		</error>
	</testcase>
	<system-out>
<![CDATA[]]>	</system-out>
	<system-err>
<![CDATA[]]>	</system-err>
</testsuite>
