<?xml version="1.0" ?>
<testsuite errors="1" failures="0" name="InequalityTest-20160406175045" tests="1" time="0.675">
	<testcase classname="InequalityTest" name="test_IsClassify_1" time="0.675">
		<error message="'str' object has no attribute 'json'" type="AttributeError">
<![CDATA[Traceback (most recent call last):
  File "C:/Users/CHRIS/PycharmProjects/Requests/Requests.py", line 24, in test_IsClassify_1
    Actuval=self.Ontobi_API(text)
  File "C:/Users/CHRIS/PycharmProjects/Requests/Requests.py", line 18, in Ontobi_API
    print(output.json())
AttributeError: 'str' object has no attribute 'json'
]]>		</error>
	</testcase>
	<system-out>
<![CDATA[200
]]>	</system-out>
	<system-err>
<![CDATA[]]>	</system-err>
</testsuite>
