<?xml version="1.0" ?>
<testsuite errors="0" failures="0" name="InequalityTest-20160407113641" tests="22" time="15.561">
	<testcase classname="InequalityTest" name="test_IsClassify_1" time="0.726"/>
	<testcase classname="InequalityTest" name="test_IsClassify_10" time="0.730"/>
	<testcase classname="InequalityTest" name="test_IsClassify_11" time="0.779"/>
	<testcase classname="InequalityTest" name="test_IsClassify_12" time="0.704"/>
	<testcase classname="InequalityTest" name="test_IsClassify_13" time="0.754"/>
	<testcase classname="InequalityTest" name="test_IsClassify_14" time="0.773"/>
	<testcase classname="InequalityTest" name="test_IsClassify_15" time="0.720"/>
	<testcase classname="InequalityTest" name="test_IsClassify_16" time="0.648"/>
	<testcase classname="InequalityTest" name="test_IsClassify_17" time="0.700"/>
	<testcase classname="InequalityTest" name="test_IsClassify_18" time="0.651"/>
	<testcase classname="InequalityTest" name="test_IsClassify_19" time="0.664"/>
	<testcase classname="InequalityTest" name="test_IsClassify_2" time="0.754"/>
	<testcase classname="InequalityTest" name="test_IsClassify_20" time="0.656"/>
	<testcase classname="InequalityTest" name="test_IsClassify_21" time="0.652"/>
	<testcase classname="InequalityTest" name="test_IsClassify_22" time="0.685"/>
	<testcase classname="InequalityTest" name="test_IsClassify_3" time="0.669"/>
	<testcase classname="InequalityTest" name="test_IsClassify_4" time="0.663"/>
	<testcase classname="InequalityTest" name="test_IsClassify_5" time="0.737"/>
	<testcase classname="InequalityTest" name="test_IsClassify_6" time="0.683"/>
	<testcase classname="InequalityTest" name="test_IsClassify_7" time="0.732"/>
	<testcase classname="InequalityTest" name="test_IsClassify_8" time="0.707"/>
	<testcase classname="InequalityTest" name="test_IsClassify_9" time="0.773"/>
	<system-out>
<![CDATA[500
501
501
502
502
502
502
502
503
503
503
500
503
503
504
500
500
500
500
501
501
501
]]>	</system-out>
	<system-err>
<![CDATA[]]>	</system-err>
</testsuite>
