<?xml version="1.0" ?>
<testsuite errors="21" failures="0" name="InequalityTest-20160331112649" tests="66" time="45.917">
	<testcase classname="InequalityTest" name="test_IsSentence_10" time="0.727"/>
	<testcase classname="InequalityTest" name="test_IsSentence_11" time="0.720"/>
	<testcase classname="InequalityTest" name="test_IsSentence_12" time="0.734"/>
	<testcase classname="InequalityTest" name="test_IsSentence_13" time="0.725"/>
	<testcase classname="InequalityTest" name="test_IsSentence_14" time="0.757"/>
	<testcase classname="InequalityTest" name="test_IsSentence_15" time="0.677"/>
	<testcase classname="InequalityTest" name="test_IsSentence_16" time="0.730"/>
	<testcase classname="InequalityTest" name="test_IsSentence_18" time="0.708"/>
	<testcase classname="InequalityTest" name="test_IsSentence_19" time="0.699"/>
	<testcase classname="InequalityTest" name="test_IsSentence_20" time="0.671"/>
	<testcase classname="InequalityTest" name="test_IsSentence_21" time="0.721"/>
	<testcase classname="InequalityTest" name="test_IsSentence_22" time="0.684"/>
	<testcase classname="InequalityTest" name="test_IsSentence_23" time="0.654"/>
	<testcase classname="InequalityTest" name="test_IsSentence_24" time="0.733"/>
	<testcase classname="InequalityTest" name="test_IsSentence_25" time="0.719"/>
	<testcase classname="InequalityTest" name="test_IsSentence_26" time="0.761"/>
	<testcase classname="InequalityTest" name="test_IsSentence_27" time="0.671"/>
	<testcase classname="InequalityTest" name="test_IsSentence_28" time="0.645"/>
	<testcase classname="InequalityTest" name="test_IsSentence_29" time="0.694"/>
	<testcase classname="InequalityTest" name="test_IsSentence_3" time="0.760"/>
	<testcase classname="InequalityTest" name="test_IsSentence_31" time="0.689"/>
	<testcase classname="InequalityTest" name="test_IsSentence_32" time="0.695"/>
	<testcase classname="InequalityTest" name="test_IsSentence_33" time="0.652"/>
	<testcase classname="InequalityTest" name="test_IsSentence_34" time="0.643"/>
	<testcase classname="InequalityTest" name="test_IsSentence_35" time="0.701"/>
	<testcase classname="InequalityTest" name="test_IsSentence_37" time="0.662"/>
	<testcase classname="InequalityTest" name="test_IsSentence_39" time="0.693"/>
	<testcase classname="InequalityTest" name="test_IsSentence_4" time="0.671"/>
	<testcase classname="InequalityTest" name="test_IsSentence_40" time="0.733"/>
	<testcase classname="InequalityTest" name="test_IsSentence_42" time="0.621"/>
	<testcase classname="InequalityTest" name="test_IsSentence_44" time="0.690"/>
	<testcase classname="InequalityTest" name="test_IsSentence_55" time="0.675"/>
	<testcase classname="InequalityTest" name="test_IsSentence_6" time="0.667"/>
	<testcase classname="InequalityTest" name="test_iSentence_1" time="0.696"/>
	<testcase classname="InequalityTest" name="test_iSentence_2" time="0.697"/>
	<testcase classname="InequalityTest" name="test_iSentence_3" time="0.659"/>
	<testcase classname="InequalityTest" name="test_iSentence_4" time="0.661"/>
	<testcase classname="InequalityTest" name="test_iSentence_5" time="0.638"/>
	<testcase classname="InequalityTest" name="test_mcSentence_1" time="0.649"/>
	<testcase classname="InequalityTest" name="test_mcSentence_2" time="0.656"/>
	<testcase classname="InequalityTest" name="test_mcSentence_3" time="0.677"/>
	<testcase classname="InequalityTest" name="test_nlSentence_1" time="0.667"/>
	<testcase classname="InequalityTest" name="test_pSentence_1" time="0.670"/>
	<testcase classname="InequalityTest" name="test_pSentence_2" time="0.627"/>
	<testcase classname="InequalityTest" name="test_pSentence_3" time="0.634"/>
	<testcase classname="InequalityTest" name="test_IsSentence_1" time="0.715">
		<error message="'got [39 chars]t a friend just quit   these butters are going for .50 a name ' != 'got [39 chars]t a friend just quit   these butters are going for #c  a name '
- got a new list from the shop downstairs that a friend just quit   these butters are going for .50 a name 
?                                                                                               ^^^
+ got a new list from the shop downstairs that a friend just quit   these butters are going for #c  a name 
?                                                                                               ^^^
" type="AssertionError">
<![CDATA[Traceback (most recent call last):
  File "C:/Users/CHRIS/PycharmProjects/Requests/Requests.py", line 115, in test_IsSentence_1
    self.assertEqual(Actuval, expected)
AssertionError: 'got [39 chars]t a friend just quit   these butters are going for .50 a name ' != 'got [39 chars]t a friend just quit   these butters are going for #c  a name '
- got a new list from the shop downstairs that a friend just quit   these butters are going for .50 a name 
?                                                                                               ^^^
+ got a new list from the shop downstairs that a friend just quit   these butters are going for #c  a name 
?                                                                                               ^^^

]]>		</error>
	</testcase>
	<testcase classname="InequalityTest" name="test_IsSentence_2" time="0.773">
		<error message="'alth[84 chars]e of 79   i think we can get a better return t[291 chars]end ' != 'alth[84 chars]e of #    i think we can get a better return t[291 chars]end '
Diff is 1081 characters long. Set self.maxDiff to None to see it." type="AssertionError">
<![CDATA[Traceback (most recent call last):
  File "C:/Users/CHRIS/PycharmProjects/Requests/Requests.py", line 121, in test_IsSentence_2
    self.assertEqual(Actuval, expected)
AssertionError: 'alth[84 chars]e of 79   i think we can get a better return t[291 chars]end ' != 'alth[84 chars]e of #    i think we can get a better return t[291 chars]end '
Diff is 1081 characters long. Set self.maxDiff to None to see it.
]]>		</error>
	</testcase>
	<testcase classname="InequalityTest" name="test_IsSentence_30" time="0.688">
		<error message="'ther[184 chars]nder $10 each while there are some that do not[25 chars]mum ' != 'ther[184 chars]nder  y  each while there are some that do not[25 chars]mum '
Diff is 941 characters long. Set self.maxDiff to None to see it." type="AssertionError">
<![CDATA[Traceback (most recent call last):
  File "C:/Users/CHRIS/PycharmProjects/Requests/Requests.py", line 271, in test_IsSentence_30
    self.assertEqual(Actuval, expected)
AssertionError: 'ther[184 chars]nder $10 each while there are some that do not[25 chars]mum ' != 'ther[184 chars]nder  y  each while there are some that do not[25 chars]mum '
Diff is 941 characters long. Set self.maxDiff to None to see it.
]]>		</error>
	</testcase>
	<testcase classname="InequalityTest" name="test_IsSentence_38" time="0.737">
		<error message="'we c[268 chars]fer  acat  paperwork over to you right away  l[76 chars]ted ' != 'we c[268 chars]fer  ~     paperwork over to you right away  l[76 chars]ted '
Diff is 1371 characters long. Set self.maxDiff to None to see it." type="AssertionError">
<![CDATA[Traceback (most recent call last):
  File "C:/Users/CHRIS/PycharmProjects/Requests/Requests.py", line 308, in test_IsSentence_38
    self.assertEqual(Actuval, expected)
AssertionError: 'we c[268 chars]fer  acat  paperwork over to you right away  l[76 chars]ted ' != 'we c[268 chars]fer  ~     paperwork over to you right away  l[76 chars]ted '
Diff is 1371 characters long. Set self.maxDiff to None to see it.
]]>		</error>
	</testcase>
	<testcase classname="InequalityTest" name="test_IsSentence_41" time="0.720">
		<error message="'spec  10% portfolio  hhc  ioc  isle  panw  #n  [101 chars] pty' != 'spec  #p  portfolio  hhc  ioc  ~     panw  #n  [101 chars] pty'
- spec  10% portfolio  hhc  ioc  isle  panw  #n  risk  30%  arr  czr  drq  htz  agnc  fb conserv  60%  aa  bac  hd  ko  pfe  s  t closed end rcs  phk  pty
?       ^^^                      ^^^^                  ^^^       ^^^            ^^^^^^^^          ^^^
+ spec  #p  portfolio  hhc  ioc  ~     panw  #n  risk  #p   arr  ~    drq  htz  ~     ~  conserv  #p   aa  bac  hd  ko  pfe  s  t closed end rcs  phk  pty
?       ^^^                      ^^^^                  ^^^       ^^^            ^^^^^^^^          ^^^
" type="AssertionError">
<![CDATA[Traceback (most recent call last):
  File "C:/Users/CHRIS/PycharmProjects/Requests/Requests.py", line 326, in test_IsSentence_41
    self.assertEqual(Actuval, expected)
AssertionError: 'spec  10% portfolio  hhc  ioc  isle  panw  #n  [101 chars] pty' != 'spec  #p  portfolio  hhc  ioc  ~     panw  #n  [101 chars] pty'
- spec  10% portfolio  hhc  ioc  isle  panw  #n  risk  30%  arr  czr  drq  htz  agnc  fb conserv  60%  aa  bac  hd  ko  pfe  s  t closed end rcs  phk  pty
?       ^^^                      ^^^^                  ^^^       ^^^            ^^^^^^^^          ^^^
+ spec  #p  portfolio  hhc  ioc  ~     panw  #n  risk  #p   arr  ~    drq  htz  ~     ~  conserv  #p   aa  bac  hd  ko  pfe  s  t closed end rcs  phk  pty
?       ^^^                      ^^^^                  ^^^       ^^^            ^^^^^^^^          ^^^

]]>		</error>
	</testcase>
	<testcase classname="InequalityTest" name="test_IsSentence_43" time="0.724">
		<error message="'the jbl 2015 guidance is superb    1.65 to 1.95 v[235 chars]ar  ' != 'the jbl #addr1           superb    #c   to #c   v[235 chars]ar  '
- the jbl 2015 guidance is superb    1.65 to 1.95 vs. consensus of $1.63  this will be up 10% tomorrow when this gets fully digested  nobody cares about 2014 anymore  this could be one of the better performing stocks over the next 12 months after being one of the worst over the past year  
+ the jbl #addr1           superb    #c   to #c   vs. consensus of  y     this will be up #p  tomorrow when this gets fully digested  nobody cares about #    anymore  this could be one of the better performing stocks over the next #  months after being one of the worst over the past year  
" type="AssertionError">
<![CDATA[Traceback (most recent call last):
  File "C:/Users/CHRIS/PycharmProjects/Requests/Requests.py", line 338, in test_IsSentence_43
    self.assertEqual(Actuval, expected)
AssertionError: 'the jbl 2015 guidance is superb    1.65 to 1.95 v[235 chars]ar  ' != 'the jbl #addr1           superb    #c   to #c   v[235 chars]ar  '
- the jbl 2015 guidance is superb    1.65 to 1.95 vs. consensus of $1.63  this will be up 10% tomorrow when this gets fully digested  nobody cares about 2014 anymore  this could be one of the better performing stocks over the next 12 months after being one of the worst over the past year  
+ the jbl #addr1           superb    #c   to #c   vs. consensus of  y     this will be up #p  tomorrow when this gets fully digested  nobody cares about #    anymore  this could be one of the better performing stocks over the next #  months after being one of the worst over the past year  

]]>		</error>
	</testcase>
	<testcase classname="InequalityTest" name="test_IsSentence_45" time="0.682">
		<error message="&quot;my d[91 chars]e up 250%. that is some big time business for [168 chars]ase &quot; != &quot;my d[91 chars]e up #ad  1        some big time business for [168 chars]ase &quot;
Diff is 875 characters long. Set self.maxDiff to None to see it." type="AssertionError">
<![CDATA[Traceback (most recent call last):
  File "C:/Users/CHRIS/PycharmProjects/Requests/Requests.py", line 350, in test_IsSentence_45
    self.assertEqual(Actuval, expected)
AssertionError: "my d[91 chars]e up 250%. that is some big time business for [168 chars]ase " != "my d[91 chars]e up #ad  1        some big time business for [168 chars]ase "
Diff is 875 characters long. Set self.maxDiff to None to see it.
]]>		</error>
	</testcase>
	<testcase classname="InequalityTest" name="test_IsSentence_46" time="0.720">
		<error message="&quot; #n [45 chars]mmer 2016 collection on snapchat. as finishing[126 chars]rm  &quot; != &quot; #n [45 chars]mmer #    collection on snapchat. as finishing[126 chars]rm  &quot;
-  #n       first launched its womenswear spring/summer 2016 collection on snapchat. as finishing touches were being made in #n      's headquarters in london  looks from the collection were shared live on the mobile platform  
?                                                       ^^^^^^^^^^^^^^^^^^
+  #n       first launched its womenswear spring/summer #    collection on snapchat. as finishing touches were being made in #n      's headquarters in london  looks from the collection were shared live on the mobile platform  
?                                                       ^^^^^^^^^^^^^^^^^^
" type="AssertionError">
<![CDATA[Traceback (most recent call last):
  File "C:/Users/CHRIS/PycharmProjects/Requests/Requests.py", line 357, in test_IsSentence_46
    self.assertEqual(Actuval, expected)
AssertionError: " #n [45 chars]mmer 2016 collection on snapchat. as finishing[126 chars]rm  " != " #n [45 chars]mmer #    collection on snapchat. as finishing[126 chars]rm  "
-  #n       first launched its womenswear spring/summer 2016 collection on snapchat. as finishing touches were being made in #n      's headquarters in london  looks from the collection were shared live on the mobile platform  
?                                                       ^^^^^^^^^^^^^^^^^^
+  #n       first launched its womenswear spring/summer #    collection on snapchat. as finishing touches were being made in #n      's headquarters in london  looks from the collection were shared live on the mobile platform  
?                                                       ^^^^^^^^^^^^^^^^^^

]]>		</error>
	</testcase>
	<testcase classname="InequalityTest" name="test_IsSentence_47" time="0.779">
		<error message="&quot; prosecutors on tuesday raided #n  's european headquarte[323 chars]gs  &quot; != &quot; prosecutors on #dt     raided #n  's european headquarte[323 chars]gs  &quot;
Diff is 775 characters long. Set self.maxDiff to None to see it." type="AssertionError">
<![CDATA[Traceback (most recent call last):
  File "C:/Users/CHRIS/PycharmProjects/Requests/Requests.py", line 363, in test_IsSentence_47
    self.assertEqual(Actuval, expected)
AssertionError: " prosecutors on tuesday raided #n  's european headquarte[323 chars]gs  " != " prosecutors on #dt     raided #n  's european headquarte[323 chars]gs  "
Diff is 775 characters long. Set self.maxDiff to None to see it.
]]>		</error>
	</testcase>
	<testcase classname="InequalityTest" name="test_IsSentence_48" time="0.680">
		<error message="' vot[96 chars]than 1,800 locations throughout the united states and canada  ' != ' vot[96 chars]than #     locations throughout the united states and canada  '
-  voted the best spot for salad by journal times readers  panera bread is a national chain with more than 1,800 locations throughout the united states and canada  
?                                                                                                          ^^^^^
+  voted the best spot for salad by journal times readers  panera bread is a national chain with more than #     locations throughout the united states and canada  
?                                                                                                          ^^^^^
" type="AssertionError">
<![CDATA[Traceback (most recent call last):
  File "C:/Users/CHRIS/PycharmProjects/Requests/Requests.py", line 369, in test_IsSentence_48
    self.assertEqual(Actuval, expected)
AssertionError: ' vot[96 chars]than 1,800 locations throughout the united states and canada  ' != ' vot[96 chars]than #     locations throughout the united states and canada  '
-  voted the best spot for salad by journal times readers  panera bread is a national chain with more than 1,800 locations throughout the united states and canada  
?                                                                                                          ^^^^^
+  voted the best spot for salad by journal times readers  panera bread is a national chain with more than #     locations throughout the united states and canada  
?                                                                                                          ^^^^^

]]>		</error>
	</testcase>
	<testcase classname="InequalityTest" name="test_IsSentence_49" time="0.719">
		<error message="' bob evans farms inc. intends to sell and lease back[84 chars]on  ' != ' bob evans #co        intends to sell and lease back[84 chars]on  '
-  bob evans farms inc. intends to sell and lease back some of its restaurant properties  targeting proceeds of $165 million to $170 million  
?            ^^^^^^^^ ^                                                                                         ^^^^            ^^^^
+  bob evans #co        intends to sell and lease back some of its restaurant properties  targeting proceeds of  y   million to  y   million  
?            ^ ^^^^^^^^                                                                                         ^^^^            ^^^^
" type="AssertionError">
<![CDATA[Traceback (most recent call last):
  File "C:/Users/CHRIS/PycharmProjects/Requests/Requests.py", line 375, in test_IsSentence_49
    self.assertEqual(Actuval, expected)
AssertionError: ' bob evans farms inc. intends to sell and lease back[84 chars]on  ' != ' bob evans #co        intends to sell and lease back[84 chars]on  '
-  bob evans farms inc. intends to sell and lease back some of its restaurant properties  targeting proceeds of $165 million to $170 million  
?            ^^^^^^^^ ^                                                                                         ^^^^            ^^^^
+  bob evans #co        intends to sell and lease back some of its restaurant properties  targeting proceeds of  y   million to  y   million  
?            ^ ^^^^^^^^                                                                                         ^^^^            ^^^^

]]>		</error>
	</testcase>
	<testcase classname="InequalityTest" name="test_IsSentence_5" time="0.733">
		<error message="'jt f[50 chars]there   shes got all the whale and mammoth guys for .75 a head' != 'jt f[50 chars]there   shes got all the whale and mammoth guys for #c  a head'
- jt fin. just went under this morning  know sales girl there   shes got all the whale and mammoth guys for .75 a head
?                                                                                                           ^^^
+ jt fin. just went under this morning  know sales girl there   shes got all the whale and mammoth guys for #c  a head
?                                                                                                           ^^^
" type="AssertionError">
<![CDATA[Traceback (most recent call last):
  File "C:/Users/CHRIS/PycharmProjects/Requests/Requests.py", line 139, in test_IsSentence_5
    self.assertEqual(Actuval, expected)
AssertionError: 'jt f[50 chars]there   shes got all the whale and mammoth guys for .75 a head' != 'jt f[50 chars]there   shes got all the whale and mammoth guys for #c  a head'
- jt fin. just went under this morning  know sales girl there   shes got all the whale and mammoth guys for .75 a head
?                                                                                                           ^^^
+ jt fin. just went under this morning  know sales girl there   shes got all the whale and mammoth guys for #c  a head
?                                                                                                           ^^^

]]>		</error>
	</testcase>
	<testcase classname="InequalityTest" name="test_IsSentence_50" time="0.718">
		<error message="' #n [41 chars]book 2 laptop  though not so much that it woul[30 chars]k 3 ' != ' #n [41 chars]book # laptop  though not so much that it woul[30 chars]k # '
-  #n      is adding new hardware to its chromebook 2 laptop  though not so much that it would warrant calling it chromebook 3 
?                                                   ^                                                                        ^
+  #n      is adding new hardware to its chromebook # laptop  though not so much that it would warrant calling it chromebook # 
?                                                   ^                                                                        ^
" type="AssertionError">
<![CDATA[Traceback (most recent call last):
  File "C:/Users/CHRIS/PycharmProjects/Requests/Requests.py", line 381, in test_IsSentence_50
    self.assertEqual(Actuval, expected)
AssertionError: ' #n [41 chars]book 2 laptop  though not so much that it woul[30 chars]k 3 ' != ' #n [41 chars]book # laptop  though not so much that it woul[30 chars]k # '
-  #n      is adding new hardware to its chromebook 2 laptop  though not so much that it would warrant calling it chromebook 3 
?                                                   ^                                                                        ^
+  #n      is adding new hardware to its chromebook # laptop  though not so much that it would warrant calling it chromebook # 
?                                                   ^                                                                        ^

]]>		</error>
	</testcase>
	<testcase classname="InequalityTest" name="test_IsSentence_51" time="0.759">
		<error message="' dig[63 chars]d in 2011, is about to embark on a massive exp[61 chars]ng  ' != ' dig[63 chars]d in #add 1   about to embark on a massive exp[61 chars]ng  '
Diff is 665 characters long. Set self.maxDiff to None to see it." type="AssertionError">
<![CDATA[Traceback (most recent call last):
  File "C:/Users/CHRIS/PycharmProjects/Requests/Requests.py", line 387, in test_IsSentence_51
    self.assertEqual(Actuval, expected)
AssertionError: ' dig[63 chars]d in 2011, is about to embark on a massive exp[61 chars]ng  ' != ' dig[63 chars]d in #add 1   about to embark on a massive exp[61 chars]ng  '
Diff is 665 characters long. Set self.maxDiff to None to see it.
]]>		</error>
	</testcase>
	<testcase classname="InequalityTest" name="test_IsSentence_52" time="0.701">
		<error message="&quot; as [129 chars]ise  2016 collection  presented earlier this y[21 chars]rk  &quot; != &quot; as [129 chars]ise  #    collection  presented earlier this y[21 chars]rk  &quot;
Diff is 727 characters long. Set self.maxDiff to None to see it." type="AssertionError">
<![CDATA[Traceback (most recent call last):
  File "C:/Users/CHRIS/PycharmProjects/Requests/Requests.py", line 393, in test_IsSentence_52
    self.assertEqual(Actuval, expected)
AssertionError: " as [129 chars]ise  2016 collection  presented earlier this y[21 chars]rk  " != " as [129 chars]ise  #    collection  presented earlier this y[21 chars]rk  "
Diff is 727 characters long. Set self.maxDiff to None to see it.
]]>		</error>
	</testcase>
	<testcase classname="InequalityTest" name="test_IsSentence_53" time="0.715">
		<error message="' with nearly $500 billion in sales last year  wal-mart[222 chars]    ' != ' with nearly  y   billion in sales last year  wal-mart[222 chars]    '
-  with nearly $500 billion in sales last year  wal-mart is the largest customer for many packaged-goods companies  such as general mills inc.  kellogg co. and hanesbrands inc.  which get more than 20 percent of their revenue from wal-mart  according to data compiled by #n         
+  with nearly  y   billion in sales last year  wal-mart is the largest customer for many packaged-goods companies  such as #co                 kellogg co. and #co               which get more than #p         of their revenue from wal-mart  according to data compiled by #n         
" type="AssertionError">
<![CDATA[Traceback (most recent call last):
  File "C:/Users/CHRIS/PycharmProjects/Requests/Requests.py", line 399, in test_IsSentence_53
    self.assertEqual(Actuval, expected)
AssertionError: ' with nearly $500 billion in sales last year  wal-mart[222 chars]    ' != ' with nearly  y   billion in sales last year  wal-mart[222 chars]    '
-  with nearly $500 billion in sales last year  wal-mart is the largest customer for many packaged-goods companies  such as general mills inc.  kellogg co. and hanesbrands inc.  which get more than 20 percent of their revenue from wal-mart  according to data compiled by #n         
+  with nearly  y   billion in sales last year  wal-mart is the largest customer for many packaged-goods companies  such as #co                 kellogg co. and #co               which get more than #p         of their revenue from wal-mart  according to data compiled by #n         

]]>		</error>
	</testcase>
	<testcase classname="InequalityTest" name="test_IsSentence_54" time="0.698">
		<error message="&quot; the[54 chars]arly 350,000 employees  there have only been t[157 chars]ed  &quot; != &quot; the[54 chars]arly #       employees  there have only been t[157 chars]ed  &quot;
-  the union would be the first such group among target's nearly 350,000 employees  there have only been two votes to unionize at target stores since 1990  according to #n          at valley stream  n.y.  in 2011  and in the detroit area in 1990  both were rejected  
+  the union would be the first such group among target's nearly #       employees  there have only been two votes to unionize at target stores since #     according to #n          at valley stream  n.y.  in #     and in the detroit area in #     both were rejected  
" type="AssertionError">
<![CDATA[Traceback (most recent call last):
  File "C:/Users/CHRIS/PycharmProjects/Requests/Requests.py", line 405, in test_IsSentence_54
    self.assertEqual(Actuval, expected)
AssertionError: " the[54 chars]arly 350,000 employees  there have only been t[157 chars]ed  " != " the[54 chars]arly #       employees  there have only been t[157 chars]ed  "
-  the union would be the first such group among target's nearly 350,000 employees  there have only been two votes to unionize at target stores since 1990  according to #n          at valley stream  n.y.  in 2011  and in the detroit area in 1990  both were rejected  
+  the union would be the first such group among target's nearly #       employees  there have only been two votes to unionize at target stores since #     according to #n          at valley stream  n.y.  in #     and in the detroit area in #     both were rejected  

]]>		</error>
	</testcase>
	<testcase classname="InequalityTest" name="test_IsSentence_7" time="0.666">
		<error message="'locked in hun 500 share somewhere around 23.5  out of f[84 chars]buy ' != 'locked in hun #   share somewhere around #c    out of f[84 chars]buy '
- locked in hun 500 share somewhere around 23.5  out of fedex envelopes to send written confirm   send it next when i can  good move on this buy 
?               ^^^                        ^^^^
+ locked in hun #   share somewhere around #c    out of fedex envelopes to send written confirm   send it next when i can  good move on this buy 
?               ^^^                        ^^^^
" type="AssertionError">
<![CDATA[Traceback (most recent call last):
  File "C:/Users/CHRIS/PycharmProjects/Requests/Requests.py", line 151, in test_IsSentence_7
    self.assertEqual(Actuval, expected)
AssertionError: 'locked in hun 500 share somewhere around 23.5  out of f[84 chars]buy ' != 'locked in hun #   share somewhere around #c    out of f[84 chars]buy '
- locked in hun 500 share somewhere around 23.5  out of fedex envelopes to send written confirm   send it next when i can  good move on this buy 
?               ^^^                        ^^^^
+ locked in hun #   share somewhere around #c    out of fedex envelopes to send written confirm   send it next when i can  good move on this buy 
?               ^^^                        ^^^^

]]>		</error>
	</testcase>
	<testcase classname="InequalityTest" name="test_IsSentence_8" time="0.686">
		<error message="'got [37 chars]hop i worked at and theyre all accredited  thinking .30 a pop ' != 'got [37 chars]hop i worked at and theyre all accredited  thinking #c  a pop '
- got a bunch of guys on usb from the old shop i worked at and theyre all accredited  thinking .30 a pop 
?                                                                                              ^^^
+ got a bunch of guys on usb from the old shop i worked at and theyre all accredited  thinking #c  a pop 
?                                                                                              ^^^
" type="AssertionError">
<![CDATA[Traceback (most recent call last):
  File "C:/Users/CHRIS/PycharmProjects/Requests/Requests.py", line 157, in test_IsSentence_8
    self.assertEqual(Actuval, expected)
AssertionError: 'got [37 chars]hop i worked at and theyre all accredited  thinking .30 a pop ' != 'got [37 chars]hop i worked at and theyre all accredited  thinking #c  a pop '
- got a bunch of guys on usb from the old shop i worked at and theyre all accredited  thinking .30 a pop 
?                                                                                              ^^^
+ got a bunch of guys on usb from the old shop i worked at and theyre all accredited  thinking #c  a pop 
?                                                                                              ^^^

]]>		</error>
	</testcase>
	<testcase classname="InequalityTest" name="test_IsSentence_9" time="0.718">
		<error message="'i kn[143 chars]dard 2 points to just the ticket charge becaus[159 chars]age ' != 'i kn[143 chars]dard # points to just the ticket charge becaus[159 chars]age '
Diff is 1051 characters long. Set self.maxDiff to None to see it." type="AssertionError">
<![CDATA[Traceback (most recent call last):
  File "C:/Users/CHRIS/PycharmProjects/Requests/Requests.py", line 163, in test_IsSentence_9
    self.assertEqual(Actuval, expected)
AssertionError: 'i kn[143 chars]dard 2 points to just the ticket charge becaus[159 chars]age ' != 'i kn[143 chars]dard # points to just the ticket charge becaus[159 chars]age '
Diff is 1051 characters long. Set self.maxDiff to None to see it.
]]>		</error>
	</testcase>
	<testcase classname="InequalityTest" name="test_pSentence_4" time="0.670">
		<error message="'doesn t that apply to everyone  not just rebel[41 chars]ime ' != 'doesnt that apply to everyone  not just rebels[40 chars]ime '
- doesn t that apply to everyone  not just rebels backed by west  including the assad regime 
?      -
+ doesnt that apply to everyone  not just rebels backed by west  including the assad regime 
" type="AssertionError">
<![CDATA[Traceback (most recent call last):
  File "C:/Users/CHRIS/PycharmProjects/Requests/Requests.py", line 77, in test_pSentence_4
    self.assertEqual(Actuval, expected)
AssertionError: 'doesn t that apply to everyone  not just rebel[41 chars]ime ' != 'doesnt that apply to everyone  not just rebels[40 chars]ime '
- doesn t that apply to everyone  not just rebels backed by west  including the assad regime 
?      -
+ doesnt that apply to everyone  not just rebels backed by west  including the assad regime 

]]>		</error>
	</testcase>
	<system-out>
<![CDATA[]]>	</system-out>
	<system-err>
<![CDATA[]]>	</system-err>
</testsuite>
