<?xml version="1.0" ?>
<testsuite errors="26" failures="0" name="InequalityTest-20160317154038" tests="32" time="21.447">
	<testcase classname="InequalityTest" name="test_fpCityCountryTest_1" time="0.650"/>
	<testcase classname="InequalityTest" name="test_fpCityCountryTest_2" time="0.641"/>
	<testcase classname="InequalityTest" name="test_fpCityCountryTest_3" time="0.646"/>
	<testcase classname="InequalityTest" name="test_fpCityCountryTest_5" time="0.625"/>
	<testcase classname="InequalityTest" name="test_fpCityCountryTest_7" time="0.650"/>
	<testcase classname="InequalityTest" name="test_fpCityCountryTest_8" time="0.678"/>
	<testcase classname="InequalityTest" name="test_csCityCountryTest_1" time="0.679">
		<error message="' new york city, united states has been cal[88 chars]ld  ' != ' #cc                          has been cal[88 chars]ld  '
-  new york city, united states has been called both the most economically powerful city and the leading financial center of the world  
?  ^^^^^^^^^ ^^^^^^^^^^^^^^^^^^
+  #cc                          has been called both the most economically powerful city and the leading financial center of the world  
?  ^ ^^^^^^^^^^^^^^^^^^^^^^^^^^
" type="AssertionError">
<![CDATA[Traceback (most recent call last):
  File "C:/Users/CHRIS/PycharmProjects/Requests/Requests.py", line 80, in test_csCityCountryTest_1
    self.assertEqual(Actuval, expected)
AssertionError: ' new york city, united states has been cal[88 chars]ld  ' != ' #cc                          has been cal[88 chars]ld  '
-  new york city, united states has been called both the most economically powerful city and the leading financial center of the world  
?  ^^^^^^^^^ ^^^^^^^^^^^^^^^^^^
+  #cc                          has been called both the most economically powerful city and the leading financial center of the world  
?  ^ ^^^^^^^^^^^^^^^^^^^^^^^^^^

]]>		</error>
	</testcase>
	<testcase classname="InequalityTest" name="test_csCityCountryTest_2" time="0.676">
		<error message="' in the region of #n        a capital city lies surrounded [103 chars]ty  ' != ' in the region of thessaly  a capital city lies surrounded [103 chars]ty  '
-  in the region of #n        a capital city lies surrounded by lush valleys  and some of the most imposing mountains in larissa, greece with a population of the city  
?                   ^^^^^^^^^^                                                                                           ^^^^^^^^^^^^^ ^
+  in the region of thessaly  a capital city lies surrounded by lush valleys  and some of the most imposing mountains in #cc             with a population of the city  
?                   ^^^^^ +++++                                                                                          ^ ^^^^^^^^^^^^^
" type="AssertionError">
<![CDATA[Traceback (most recent call last):
  File "C:/Users/CHRIS/PycharmProjects/Requests/Requests.py", line 85, in test_csCityCountryTest_2
    self.assertEqual(Actuval, expected)
AssertionError: ' in the region of #n        a capital city lies surrounded [103 chars]ty  ' != ' in the region of thessaly  a capital city lies surrounded [103 chars]ty  '
-  in the region of #n        a capital city lies surrounded by lush valleys  and some of the most imposing mountains in larissa, greece with a population of the city  
?                   ^^^^^^^^^^                                                                                           ^^^^^^^^^^^^^ ^
+  in the region of thessaly  a capital city lies surrounded by lush valleys  and some of the most imposing mountains in #cc             with a population of the city  
?                   ^^^^^ +++++                                                                                          ^ ^^^^^^^^^^^^^

]]>		</error>
	</testcase>
	<testcase classname="InequalityTest" name="test_csCityCountryTest_3" time="0.664">
		<error message="' during this period nagoya, japan castle was constructed  bui[47 chars]le  ' != ' during this period #cc           castle was constructed  bui[47 chars]le  '
-  during this period nagoya, japan castle was constructed  built partly from materials taken from kiyosu castle  
?                     ^^^^^^^^^^^^^
+  during this period #cc           castle was constructed  built partly from materials taken from kiyosu castle  
?                     ^^^^^^^^^^^^^
" type="AssertionError">
<![CDATA[Traceback (most recent call last):
  File "C:/Users/CHRIS/PycharmProjects/Requests/Requests.py", line 90, in test_csCityCountryTest_3
    self.assertEqual(Actuval, expected)
AssertionError: ' during this period nagoya, japan castle was constructed  bui[47 chars]le  ' != ' during this period #cc           castle was constructed  bui[47 chars]le  '
-  during this period nagoya, japan castle was constructed  built partly from materials taken from kiyosu castle  
?                     ^^^^^^^^^^^^^
+  during this period #cc           castle was constructed  built partly from materials taken from kiyosu castle  
?                     ^^^^^^^^^^^^^

]]>		</error>
	</testcase>
	<testcase classname="InequalityTest" name="test_csCityCountryTest_4" time="0.677">
		<error message="' the city is located on the eger, hungary on the hills of the bukk mountains  ' != ' the city is located on the #cc           on the hills of the bukk mountains  '
-  the city is located on the eger, hungary on the hills of the bukk mountains  
?                             ^^^^^^^^^^^^^
+  the city is located on the #cc           on the hills of the bukk mountains  
?                             ^^^^^^^^^^^^^
" type="AssertionError">
<![CDATA[Traceback (most recent call last):
  File "C:/Users/CHRIS/PycharmProjects/Requests/Requests.py", line 95, in test_csCityCountryTest_4
    self.assertEqual(Actuval, expected)
AssertionError: ' the city is located on the eger, hungary on the hills of the bukk mountains  ' != ' the city is located on the #cc           on the hills of the bukk mountains  '
-  the city is located on the eger, hungary on the hills of the bukk mountains  
?                             ^^^^^^^^^^^^^
+  the city is located on the #cc           on the hills of the bukk mountains  
?                             ^^^^^^^^^^^^^

]]>		</error>
	</testcase>
	<testcase classname="InequalityTest" name="test_csCityCountryTest_5" time="0.678">
		<error message="' kerewan, gambia also have three main sect[48 chars]os. ' != ' #cc             also have three main sect[48 chars]os. '
-  kerewan, gambia also have three main sectors or segments known as or locally called kabilos. 
?  ^^^^^^^^^^^^^^^
+  #cc             also have three main sectors or segments known as or locally called kabilos. 
?  ^^^^^^^^^^^^^^^
" type="AssertionError">
<![CDATA[Traceback (most recent call last):
  File "C:/Users/CHRIS/PycharmProjects/Requests/Requests.py", line 100, in test_csCityCountryTest_5
    self.assertEqual(Actuval, expected)
AssertionError: ' kerewan, gambia also have three main sect[48 chars]os. ' != ' #cc             also have three main sect[48 chars]os. '
-  kerewan, gambia also have three main sectors or segments known as or locally called kabilos. 
?  ^^^^^^^^^^^^^^^
+  #cc             also have three main sectors or segments known as or locally called kabilos. 
?  ^^^^^^^^^^^^^^^

]]>		</error>
	</testcase>
	<testcase classname="InequalityTest" name="test_csCityCountryTest_6" time="0.711">
		<error message="' the area where akranes, iceland is located was settled i[67 chars]    ' != ' the area where #cc              is located was settled i[67 chars]42  '
-  the area where akranes, iceland is located was settled in the 9th century  but did not receive a municipal charter until #     
?                 ^^^^^^^^^^ ^^^^^                                                                                          ^^^^
+  the area where #cc              is located was settled in the 9th century  but did not receive a municipal charter until 1942  
?                 ^ ^^^^^^^^^^^^^^                                                                                          ^^^^
" type="AssertionError">
<![CDATA[Traceback (most recent call last):
  File "C:/Users/CHRIS/PycharmProjects/Requests/Requests.py", line 105, in test_csCityCountryTest_6
    self.assertEqual(Actuval, expected)
AssertionError: ' the area where akranes, iceland is located was settled i[67 chars]    ' != ' the area where #cc              is located was settled i[67 chars]42  '
-  the area where akranes, iceland is located was settled in the 9th century  but did not receive a municipal charter until #     
?                 ^^^^^^^^^^ ^^^^^                                                                                          ^^^^
+  the area where #cc              is located was settled in the 9th century  but did not receive a municipal charter until 1942  
?                 ^ ^^^^^^^^^^^^^^                                                                                          ^^^^

]]>		</error>
	</testcase>
	<testcase classname="InequalityTest" name="test_fCityCountryTest_1" time="0.656">
		<error message="' a bomb exploded outside a mosque in cape town, south africa ' != ' a bomb exploded outside a mosque in #cc                     '
-  a bomb exploded outside a mosque in cape town, south africa 
+  a bomb exploded outside a mosque in #cc                     
" type="AssertionError">
<![CDATA[Traceback (most recent call last):
  File "C:/Users/CHRIS/PycharmProjects/Requests/Requests.py", line 54, in test_fCityCountryTest_1
    self.assertEqual(Actuval, expected)
AssertionError: ' a bomb exploded outside a mosque in cape town, south africa ' != ' a bomb exploded outside a mosque in #cc                     '
-  a bomb exploded outside a mosque in cape town, south africa 
+  a bomb exploded outside a mosque in #cc                     

]]>		</error>
	</testcase>
	<testcase classname="InequalityTest" name="test_fCityCountryTest_2" time="0.640">
		<error message="' aga[16 chars]on disrupted the world economic forum in melbourne, australia ' != ' aga[16 chars]on disrupted the world economic forum in #cc                  '
-  against globalisation disrupted the world economic forum in melbourne, australia 
?                                                              ^^^^^^^^^^^^^^^^^^^^
+  against globalisation disrupted the world economic forum in #cc                  
?                                                              ^^^^^^^^^^^^^^^^^^^^
" type="AssertionError">
<![CDATA[Traceback (most recent call last):
  File "C:/Users/CHRIS/PycharmProjects/Requests/Requests.py", line 59, in test_fCityCountryTest_2
    self.assertEqual(Actuval, expected)
AssertionError: ' aga[16 chars]on disrupted the world economic forum in melbourne, australia ' != ' aga[16 chars]on disrupted the world economic forum in #cc                  '
-  against globalisation disrupted the world economic forum in melbourne, australia 
?                                                              ^^^^^^^^^^^^^^^^^^^^
+  against globalisation disrupted the world economic forum in #cc                  
?                                                              ^^^^^^^^^^^^^^^^^^^^

]]>		</error>
	</testcase>
	<testcase classname="InequalityTest" name="test_fCityCountryTest_3" time="0.627">
		<error message="' ver[21 chars] activity in bruges, belgium date from the pre-roman gaul era ' != ' ver[21 chars] activity in #cc             date from the pre-roman gaul era '
-  very few traces of human activity in bruges, belgium date from the pre-roman gaul era 
?                                       ^^^^^^^^^^^^^^^
+  very few traces of human activity in #cc             date from the pre-roman gaul era 
?                                       ^^^^^^^^^^^^^^^
" type="AssertionError">
<![CDATA[Traceback (most recent call last):
  File "C:/Users/CHRIS/PycharmProjects/Requests/Requests.py", line 64, in test_fCityCountryTest_3
    self.assertEqual(Actuval, expected)
AssertionError: ' ver[21 chars] activity in bruges, belgium date from the pre-roman gaul era ' != ' ver[21 chars] activity in #cc             date from the pre-roman gaul era '
-  very few traces of human activity in bruges, belgium date from the pre-roman gaul era 
?                                       ^^^^^^^^^^^^^^^
+  very few traces of human activity in #cc             date from the pre-roman gaul era 
?                                       ^^^^^^^^^^^^^^^

]]>		</error>
	</testcase>
	<testcase classname="InequalityTest" name="test_fCityCountryTest_4" time="0.640">
		<error message="' poc[24 chars]y traded company based in sydney, australia  said it acquired ' != ' poc[24 chars]y traded company based in #cc                said it acquired '
-  pocketmail group  a publicly traded company based in sydney, australia  said it acquired 
?                                                       ^^^^^^^^^^^^^^^^^
+  pocketmail group  a publicly traded company based in #cc                said it acquired 
?                                                       ^^^^^^^^^^^^^^^^^
" type="AssertionError">
<![CDATA[Traceback (most recent call last):
  File "C:/Users/CHRIS/PycharmProjects/Requests/Requests.py", line 69, in test_fCityCountryTest_4
    self.assertEqual(Actuval, expected)
AssertionError: ' poc[24 chars]y traded company based in sydney, australia  said it acquired ' != ' poc[24 chars]y traded company based in #cc                said it acquired '
-  pocketmail group  a publicly traded company based in sydney, australia  said it acquired 
?                                                       ^^^^^^^^^^^^^^^^^
+  pocketmail group  a publicly traded company based in #cc                said it acquired 
?                                                       ^^^^^^^^^^^^^^^^^

]]>		</error>
	</testcase>
	<testcase classname="InequalityTest" name="test_fCityCountryTest_5" time="0.680">
		<error message="' a bomb exploded outside a mosque in cape town, south africa  ' != ' a bomb exploded outside a mosque in #cc                      '
-  a bomb exploded outside a mosque in cape town, south africa  
+  a bomb exploded outside a mosque in #cc                      
" type="AssertionError">
<![CDATA[Traceback (most recent call last):
  File "C:/Users/CHRIS/PycharmProjects/Requests/Requests.py", line 74, in test_fCityCountryTest_5
    self.assertEqual(Actuval, expected)
AssertionError: ' a bomb exploded outside a mosque in cape town, south africa  ' != ' a bomb exploded outside a mosque in #cc                      '
-  a bomb exploded outside a mosque in cape town, south africa  
+  a bomb exploded outside a mosque in #cc                      

]]>		</error>
	</testcase>
	<testcase classname="InequalityTest" name="test_fpCityCountryTest_6" time="0.638">
		<error message="' evi[50 chars]at oman dates back to the 6th millennium bce in #n  al-hamra  ' != ' evi[50 chars]at oman dates back to the 6th millennium bce in ras al-hamra  '
-  evidence of communal activity in the area around muscat oman dates back to the 6th millennium bce in #n  al-hamra  
?                                                                                                       ^^^
+  evidence of communal activity in the area around muscat oman dates back to the 6th millennium bce in ras al-hamra  
?                                                                                                       ^^^
" type="AssertionError">
<![CDATA[Traceback (most recent call last):
  File "C:/Users/CHRIS/PycharmProjects/Requests/Requests.py", line 173, in test_fpCityCountryTest_6
    self.assertEqual(Actuval, expected)
AssertionError: ' evi[50 chars]at oman dates back to the 6th millennium bce in #n  al-hamra  ' != ' evi[50 chars]at oman dates back to the 6th millennium bce in ras al-hamra  '
-  evidence of communal activity in the area around muscat oman dates back to the 6th millennium bce in #n  al-hamra  
?                                                                                                       ^^^
+  evidence of communal activity in the area around muscat oman dates back to the 6th millennium bce in ras al-hamra  
?                                                                                                       ^^^

]]>		</error>
	</testcase>
	<testcase classname="InequalityTest" name="test_iCityCountryTest_1" time="0.635">
		<error message="' kyoto, japan ' != ' #cc          '
-  kyoto, japan 
+  #cc          
" type="AssertionError">
<![CDATA[Traceback (most recent call last):
  File "C:/Users/CHRIS/PycharmProjects/Requests/Requests.py", line 28, in test_iCityCountryTest_1
    self.assertEqual(Actuval, expected)
AssertionError: ' kyoto, japan ' != ' #cc          '
-  kyoto, japan 
+  #cc          

]]>		</error>
	</testcase>
	<testcase classname="InequalityTest" name="test_iCityCountryTest_2" time="0.621">
		<error message="' nice, france ' != ' #cc          '
-  nice, france 
+  #cc          
" type="AssertionError">
<![CDATA[Traceback (most recent call last):
  File "C:/Users/CHRIS/PycharmProjects/Requests/Requests.py", line 33, in test_iCityCountryTest_2
    self.assertEqual(Actuval, expected)
AssertionError: ' nice, france ' != ' #cc          '
-  nice, france 
+  #cc          

]]>		</error>
	</testcase>
	<testcase classname="InequalityTest" name="test_iCityCountryTest_3" time="0.635">
		<error message="' london, england ' != ' #cc             '
-  london, england 
+  #cc             
" type="AssertionError">
<![CDATA[Traceback (most recent call last):
  File "C:/Users/CHRIS/PycharmProjects/Requests/Requests.py", line 38, in test_iCityCountryTest_3
    self.assertEqual(Actuval, expected)
AssertionError: ' london, england ' != ' #cc             '
-  london, england 
+  #cc             

]]>		</error>
	</testcase>
	<testcase classname="InequalityTest" name="test_iCityCountryTest_4" time="0.621">
		<error message="' san francisco, us ' != ' #cc               '
-  san francisco, us 
+  #cc               
" type="AssertionError">
<![CDATA[Traceback (most recent call last):
  File "C:/Users/CHRIS/PycharmProjects/Requests/Requests.py", line 43, in test_iCityCountryTest_4
    self.assertEqual(Actuval, expected)
AssertionError: ' san francisco, us ' != ' #cc               '
-  san francisco, us 
+  #cc               

]]>		</error>
	</testcase>
	<testcase classname="InequalityTest" name="test_iCityCountryTest_5" time="0.641">
		<error message="' beijing, china ' != ' #cc            '
-  beijing, china 
+  #cc            
" type="AssertionError">
<![CDATA[Traceback (most recent call last):
  File "C:/Users/CHRIS/PycharmProjects/Requests/Requests.py", line 48, in test_iCityCountryTest_5
    self.assertEqual(Actuval, expected)
AssertionError: ' beijing, china ' != ' #cc            '
-  beijing, china 
+  #cc            

]]>		</error>
	</testcase>
	<testcase classname="InequalityTest" name="test_mcCityCountryTest_1" time="1.307">
		<error message="' lam[14 chars]ol 50% of xtreme  which will be headquartered [16 chars]nd  ' != ' lam[14 chars]ol 50  of xtreme  which will be headquartered [16 chars]    '
-  lambda each control 50% of xtreme  which will be headquartered in  kielce, poland  
?                        ^                                            ^^^^ ^^^^^^^^^
+  lambda each control 50  of xtreme  which will be headquartered in  #cc             
?                        ^                                            ^ ^^^^^^^^^^^^
" type="AssertionError">
<![CDATA[Traceback (most recent call last):
  File "C:/Users/CHRIS/PycharmProjects/Requests/Requests.py", line 137, in test_mcCityCountryTest_1
    self.assertEqual(Actuval, expected)
AssertionError: ' lam[14 chars]ol 50% of xtreme  which will be headquartered [16 chars]nd  ' != ' lam[14 chars]ol 50  of xtreme  which will be headquartered [16 chars]    '
-  lambda each control 50% of xtreme  which will be headquartered in  kielce, poland  
?                        ^                                            ^^^^ ^^^^^^^^^
+  lambda each control 50  of xtreme  which will be headquartered in  #cc             
?                        ^                                            ^ ^^^^^^^^^^^^

]]>		</error>
	</testcase>
	<testcase classname="InequalityTest" name="test_mcCityCountryTest_2" time="0.644">
		<error message="' #n         also said the company will rel[73 chars]ca  ' != ' mr. jagoda also said the company will rel[73 chars]ca  '
-  #n         also said the company will relocate its world headquarters from  gothenburg, sweden  to its north america  
?  ^^^^^^^^^^                                                                  ^^^^^^^^^^^^^^^^^^
+  mr. jagoda also said the company will relocate its world headquarters from  #cc                 to its north america  
?  ^^^^^^^^^^                                                                  ^^^^^^^^^^^^^^^^^^
" type="AssertionError">
<![CDATA[Traceback (most recent call last):
  File "C:/Users/CHRIS/PycharmProjects/Requests/Requests.py", line 142, in test_mcCityCountryTest_2
    self.assertEqual(Actuval, expected)
AssertionError: ' #n         also said the company will rel[73 chars]ca  ' != ' mr. jagoda also said the company will rel[73 chars]ca  '
-  #n         also said the company will relocate its world headquarters from  gothenburg, sweden  to its north america  
?  ^^^^^^^^^^                                                                  ^^^^^^^^^^^^^^^^^^
+  mr. jagoda also said the company will relocate its world headquarters from  #cc                 to its north america  
?  ^^^^^^^^^^                                                                  ^^^^^^^^^^^^^^^^^^

]]>		</error>
	</testcase>
	<testcase classname="InequalityTest" name="test_mcCityCountryTest_3" time="0.668">
		<error message="' bus[37 chars]stitute for management development in  lausanne, switzerland  ' != ' bus[37 chars]stitute for management development in  #cc                    '
-  business leaders by the international institute for management development in  lausanne, switzerland  
?                                                                                 ^^^^^^^^^^^^^^^^^^^^^
+  business leaders by the international institute for management development in  #cc                    
?                                                                                 ^^^^^^^^^^^^^^^^^^^^^
" type="AssertionError">
<![CDATA[Traceback (most recent call last):
  File "C:/Users/CHRIS/PycharmProjects/Requests/Requests.py", line 147, in test_mcCityCountryTest_3
    self.assertEqual(Actuval, expected)
AssertionError: ' bus[37 chars]stitute for management development in  lausanne, switzerland  ' != ' bus[37 chars]stitute for management development in  #cc                    '
-  business leaders by the international institute for management development in  lausanne, switzerland  
?                                                                                 ^^^^^^^^^^^^^^^^^^^^^
+  business leaders by the international institute for management development in  #cc                    
?                                                                                 ^^^^^^^^^^^^^^^^^^^^^

]]>		</error>
	</testcase>
	<testcase classname="InequalityTest" name="test_nlCityCountryTest_1" time="0.642">
		<error message="' the[26 chars]costs  according to a report from #n        in madrid, spain  ' != ' the[26 chars]costs  according to a report from dow jones in #cc            '
-  the move is aimed at cutting costs  according to a report from #n        in madrid, spain  
?                                                                 ^ ^^^^^^^    ^^^^^^^^^^^^^
+  the move is aimed at cutting costs  according to a report from dow jones in #cc            
?                                                                 ^^^^^^ ^^    ^^^^^^^^^^^^^
" type="AssertionError">
<![CDATA[Traceback (most recent call last):
  File "C:/Users/CHRIS/PycharmProjects/Requests/Requests.py", line 189, in test_nlCityCountryTest_1
    self.assertEqual(Actuval, expected)
AssertionError: ' the[26 chars]costs  according to a report from #n        in madrid, spain  ' != ' the[26 chars]costs  according to a report from dow jones in #cc            '
-  the move is aimed at cutting costs  according to a report from #n        in madrid, spain  
?                                                                 ^ ^^^^^^^    ^^^^^^^^^^^^^
+  the move is aimed at cutting costs  according to a report from dow jones in #cc            
?                                                                 ^^^^^^ ^^    ^^^^^^^^^^^^^

]]>		</error>
	</testcase>
	<testcase classname="InequalityTest" name="test_pCityCountryTest_1" time="0.623">
		<error message="&quot; it'[34 chars]loping markets such as maputo, mozambique  and bombay, india  &quot; != &quot; it'[34 chars]loping markets such as #cc                 and #cc            &quot;
-  it's international operations in developing markets such as maputo, mozambique  and bombay, india  
+  it's international operations in developing markets such as #cc                 and #cc            
" type="AssertionError">
<![CDATA[Traceback (most recent call last):
  File "C:/Users/CHRIS/PycharmProjects/Requests/Requests.py", line 111, in test_pCityCountryTest_1
    self.assertEqual(Actuval, expected)
AssertionError: " it'[34 chars]loping markets such as maputo, mozambique  and bombay, india  " != " it'[34 chars]loping markets such as #cc                 and #cc            "
-  it's international operations in developing markets such as maputo, mozambique  and bombay, india  
+  it's international operations in developing markets such as #cc                 and #cc            

]]>		</error>
	</testcase>
	<testcase classname="InequalityTest" name="test_pCityCountryTest_2" time="0.646">
		<error message="' the[35 chars] in the world  the petronas towers in kuala lumpur, malaysia  ' != ' the[35 chars] in the world  the petronas towers in #cc                     '
-  the one of the tallest office projects in the world  the petronas towers in kuala lumpur, malaysia  
?                                                                              ^^^^^^^^^^^^^^^^^^^^^^
+  the one of the tallest office projects in the world  the petronas towers in #cc                     
?                                                                              ^^^^^^^^^^^^^^^^^^^^^^
" type="AssertionError">
<![CDATA[Traceback (most recent call last):
  File "C:/Users/CHRIS/PycharmProjects/Requests/Requests.py", line 116, in test_pCityCountryTest_2
    self.assertEqual(Actuval, expected)
AssertionError: ' the[35 chars] in the world  the petronas towers in kuala lumpur, malaysia  ' != ' the[35 chars] in the world  the petronas towers in #cc                     '
-  the one of the tallest office projects in the world  the petronas towers in kuala lumpur, malaysia  
?                                                                              ^^^^^^^^^^^^^^^^^^^^^^
+  the one of the tallest office projects in the world  the petronas towers in #cc                     
?                                                                              ^^^^^^^^^^^^^^^^^^^^^^

]]>		</error>
	</testcase>
	<testcase classname="InequalityTest" name="test_pCityCountryTest_3" time="0.629">
		<error message="' today the company has seven factories in denmark and one in pisa, italy  ' != ' today the company has seven factories in denmark and one in #cc          '
-  today the company has seven factories in denmark and one in pisa, italy  
?                                                              ^^^^^^^^^^^
+  today the company has seven factories in denmark and one in #cc          
?                                                              ^^^^^^^^^^^
" type="AssertionError">
<![CDATA[Traceback (most recent call last):
  File "C:/Users/CHRIS/PycharmProjects/Requests/Requests.py", line 121, in test_pCityCountryTest_3
    self.assertEqual(Actuval, expected)
AssertionError: ' today the company has seven factories in denmark and one in pisa, italy  ' != ' today the company has seven factories in denmark and one in #cc          '
-  today the company has seven factories in denmark and one in pisa, italy  
?                                                              ^^^^^^^^^^^
+  today the company has seven factories in denmark and one in #cc          
?                                                              ^^^^^^^^^^^

]]>		</error>
	</testcase>
	<testcase classname="InequalityTest" name="test_pCityCountryTest_4" time="0.640">
		<error message="' ope[33 chars]ring pipelines in alberta, canada and transports coal-water  ' != ' ope[33 chars]ring pipelines in #cc              and transports coal-water  '
-  operates processing plants and gathering pipelines in alberta, canada and transports coal-water  
?                                                        ^^^^^^^^^ ^^^^^
+  operates processing plants and gathering pipelines in #cc              and transports coal-water  
?                                                        ^ ^^^^^^^^^^^^^^
" type="AssertionError">
<![CDATA[Traceback (most recent call last):
  File "C:/Users/CHRIS/PycharmProjects/Requests/Requests.py", line 126, in test_pCityCountryTest_4
    self.assertEqual(Actuval, expected)
AssertionError: ' ope[33 chars]ring pipelines in alberta, canada and transports coal-water  ' != ' ope[33 chars]ring pipelines in #cc              and transports coal-water  '
-  operates processing plants and gathering pipelines in alberta, canada and transports coal-water  
?                                                        ^^^^^^^^^ ^^^^^
+  operates processing plants and gathering pipelines in #cc              and transports coal-water  
?                                                        ^ ^^^^^^^^^^^^^^

]]>		</error>
	</testcase>
	<testcase classname="InequalityTest" name="test_pCityCountryTest_5" time="0.638">
		<error message="' the[19 chars] the country to the goddess matsu is found on magong, taiwan  ' != ' the[19 chars] the country to the goddess matsu is found on #cc             '
-  the earliest temple in the country to the goddess matsu is found on magong, taiwan  
?                                                                      ^^^^^^^^^^^^^^
+  the earliest temple in the country to the goddess matsu is found on #cc             
?                                                                      ^^^^^^^^^^^^^^
" type="AssertionError">
<![CDATA[Traceback (most recent call last):
  File "C:/Users/CHRIS/PycharmProjects/Requests/Requests.py", line 131, in test_pCityCountryTest_5
    self.assertEqual(Actuval, expected)
AssertionError: ' the[19 chars] the country to the goddess matsu is found on magong, taiwan  ' != ' the[19 chars] the country to the goddess matsu is found on #cc             '
-  the earliest temple in the country to the goddess matsu is found on magong, taiwan  
?                                                                      ^^^^^^^^^^^^^^
+  the earliest temple in the country to the goddess matsu is found on #cc             
?                                                                      ^^^^^^^^^^^^^^

]]>		</error>
	</testcase>
	<system-out>
<![CDATA[]]>	</system-out>
	<system-err>
<![CDATA[]]>	</system-err>
</testsuite>
